2026-01-05 03:29:47 - mkk_comic - app.py:863 - INFO - 运行环境：GitHub Actions（自动化模式）
2026-01-05 03:29:47 - mkk_comic - app.py:820 - INFO - ===== 开始检查更新=====
2026-01-05 03:29:47 - mkk_comic - app.py:838 - INFO - 【名侦探柯南】上次下载至第25章
2026-01-05 03:29:48 - mkk_comic - app.py:845 - INFO - 【名侦探柯南】检测到更新！最新：272章
2026-01-05 03:29:48 - mkk_comic - app.py:848 - INFO - 【名侦探柯南】最大下载限制为2章-需下载26~27章）
2026-01-05 03:29:48 - mkk_comic - app.py:494 - INFO - 正在下载第26章: 第26卷    UUID:b64f37bd-c85d-11e8-8859-024352452ce0
2026-01-05 03:29:49 - mkk_comic - app.py:502 - INFO - 创建目录: ./out/名偵探柯南/第26卷
2026-01-05 03:29:49 - mkk_comic - app.py:505 - INFO - 开始下载: 名偵探柯南 - 第26卷
2026-01-05 03:29:49 - mkk_comic - app.py:506 - INFO - 总页数: 179
2026-01-05 03:29:49 - mkk_comic - app.py:582 - INFO - 正在下载第 001/179 页...
2026-01-05 03:29:49 - mkk_comic - app.py:582 - INFO - 正在下载第 002/179 页...
2026-01-05 03:29:49 - mkk_comic - app.py:582 - INFO - 正在下载第 003/179 页...
2026-01-05 03:29:49 - mkk_comic - app.py:582 - INFO - 正在下载第 004/179 页...
2026-01-05 03:29:49 - mkk_comic - app.py:582 - INFO - 正在下载第 005/179 页...
2026-01-05 03:29:49 - mkk_comic - app.py:582 - INFO - 正在下载第 006/179 页...
2026-01-05 03:29:49 - mkk_comic - app.py:582 - INFO - 正在下载第 007/179 页...
2026-01-05 03:29:49 - mkk_comic - app.py:582 - INFO - 正在下载第 008/179 页...
2026-01-05 03:29:49 - mkk_comic - app.py:582 - INFO - 正在下载第 009/179 页...
2026-01-05 03:29:49 - mkk_comic - app.py:582 - INFO - 正在下载第 010/179 页...
2026-01-05 03:29:49 - mkk_comic - app.py:582 - INFO - 正在下载第 011/179 页...
2026-01-05 03:29:49 - mkk_comic - app.py:582 - INFO - 正在下载第 012/179 页...
2026-01-05 03:29:49 - mkk_comic - app.py:582 - INFO - 正在下载第 013/179 页...
2026-01-05 03:29:49 - mkk_comic - app.py:582 - INFO - 正在下载第 014/179 页...
2026-01-05 03:29:49 - mkk_comic - app.py:582 - INFO - 正在下载第 015/179 页...
2026-01-05 03:29:49 - mkk_comic - app.py:582 - INFO - 正在下载第 016/179 页...
2026-01-05 03:29:49 - mkk_comic - app.py:582 - INFO - 正在下载第 017/179 页...
2026-01-05 03:29:49 - mkk_comic - app.py:582 - INFO - 正在下载第 018/179 页...
2026-01-05 03:29:49 - mkk_comic - app.py:582 - INFO - 正在下载第 019/179 页...
2026-01-05 03:29:49 - mkk_comic - app.py:582 - INFO - 正在下载第 020/179 页...
2026-01-05 03:29:49 - mkk_comic - app.py:582 - INFO - 正在下载第 021/179 页...
2026-01-05 03:29:49 - mkk_comic - app.py:582 - INFO - 正在下载第 022/179 页...
2026-01-05 03:29:50 - mkk_comic - app.py:582 - INFO - 正在下载第 023/179 页...
2026-01-05 03:29:50 - mkk_comic - app.py:582 - INFO - 正在下载第 024/179 页...
2026-01-05 03:29:50 - mkk_comic - app.py:582 - INFO - 正在下载第 025/179 页...
2026-01-05 03:29:50 - mkk_comic - app.py:582 - INFO - 正在下载第 026/179 页...
2026-01-05 03:29:50 - mkk_comic - app.py:582 - INFO - 正在下载第 027/179 页...
2026-01-05 03:29:50 - mkk_comic - app.py:582 - INFO - 正在下载第 028/179 页...
2026-01-05 03:29:50 - mkk_comic - app.py:582 - INFO - 正在下载第 029/179 页...
2026-01-05 03:29:50 - mkk_comic - app.py:582 - INFO - 正在下载第 030/179 页...
2026-01-05 03:29:50 - mkk_comic - app.py:582 - INFO - 正在下载第 031/179 页...
2026-01-05 03:29:50 - mkk_comic - app.py:582 - INFO - 正在下载第 032/179 页...
2026-01-05 03:29:50 - mkk_comic - app.py:582 - INFO - 正在下载第 033/179 页...
2026-01-05 03:29:50 - mkk_comic - app.py:582 - INFO - 正在下载第 034/179 页...
2026-01-05 03:29:50 - mkk_comic - app.py:582 - INFO - 正在下载第 035/179 页...
2026-01-05 03:29:50 - mkk_comic - app.py:582 - INFO - 正在下载第 036/179 页...
2026-01-05 03:29:50 - mkk_comic - app.py:582 - INFO - 正在下载第 037/179 页...
2026-01-05 03:29:50 - mkk_comic - app.py:582 - INFO - 正在下载第 038/179 页...
2026-01-05 03:29:50 - mkk_comic - app.py:582 - INFO - 正在下载第 039/179 页...
2026-01-05 03:29:50 - mkk_comic - app.py:582 - INFO - 正在下载第 040/179 页...
2026-01-05 03:29:50 - mkk_comic - app.py:582 - INFO - 正在下载第 041/179 页...
2026-01-05 03:29:50 - mkk_comic - app.py:582 - INFO - 正在下载第 042/179 页...
2026-01-05 03:29:50 - mkk_comic - app.py:582 - INFO - 正在下载第 043/179 页...
2026-01-05 03:29:50 - mkk_comic - app.py:582 - INFO - 正在下载第 044/179 页...
2026-01-05 03:29:50 - mkk_comic - app.py:582 - INFO - 正在下载第 045/179 页...
2026-01-05 03:29:50 - mkk_comic - app.py:582 - INFO - 正在下载第 046/179 页...
2026-01-05 03:29:50 - mkk_comic - app.py:582 - INFO - 正在下载第 047/179 页...
2026-01-05 03:29:50 - mkk_comic - app.py:582 - INFO - 正在下载第 048/179 页...
2026-01-05 03:29:50 - mkk_comic - app.py:582 - INFO - 正在下载第 049/179 页...
2026-01-05 03:29:50 - mkk_comic - app.py:582 - INFO - 正在下载第 050/179 页...
2026-01-05 03:29:50 - mkk_comic - app.py:582 - INFO - 正在下载第 051/179 页...
2026-01-05 03:29:50 - mkk_comic - app.py:582 - INFO - 正在下载第 052/179 页...
2026-01-05 03:29:50 - mkk_comic - app.py:582 - INFO - 正在下载第 053/179 页...
2026-01-05 03:29:50 - mkk_comic - app.py:582 - INFO - 正在下载第 054/179 页...
2026-01-05 03:29:50 - mkk_comic - app.py:582 - INFO - 正在下载第 055/179 页...
2026-01-05 03:29:50 - mkk_comic - app.py:582 - INFO - 正在下载第 056/179 页...
2026-01-05 03:29:50 - mkk_comic - app.py:582 - INFO - 正在下载第 057/179 页...
2026-01-05 03:29:50 - mkk_comic - app.py:582 - INFO - 正在下载第 058/179 页...
2026-01-05 03:29:50 - mkk_comic - app.py:582 - INFO - 正在下载第 059/179 页...
2026-01-05 03:29:50 - mkk_comic - app.py:582 - INFO - 正在下载第 060/179 页...
2026-01-05 03:29:50 - mkk_comic - app.py:582 - INFO - 正在下载第 061/179 页...
2026-01-05 03:29:51 - mkk_comic - app.py:582 - INFO - 正在下载第 062/179 页...
2026-01-05 03:29:51 - mkk_comic - app.py:582 - INFO - 正在下载第 063/179 页...
2026-01-05 03:29:51 - mkk_comic - app.py:582 - INFO - 正在下载第 064/179 页...
2026-01-05 03:29:51 - mkk_comic - app.py:582 - INFO - 正在下载第 065/179 页...
2026-01-05 03:29:51 - mkk_comic - app.py:582 - INFO - 正在下载第 066/179 页...
2026-01-05 03:29:51 - mkk_comic - app.py:582 - INFO - 正在下载第 067/179 页...
2026-01-05 03:29:51 - mkk_comic - app.py:582 - INFO - 正在下载第 068/179 页...
2026-01-05 03:29:51 - mkk_comic - app.py:582 - INFO - 正在下载第 069/179 页...
2026-01-05 03:29:51 - mkk_comic - app.py:582 - INFO - 正在下载第 070/179 页...
2026-01-05 03:29:51 - mkk_comic - app.py:582 - INFO - 正在下载第 071/179 页...
2026-01-05 03:29:51 - mkk_comic - app.py:582 - INFO - 正在下载第 072/179 页...
2026-01-05 03:29:51 - mkk_comic - app.py:582 - INFO - 正在下载第 073/179 页...
2026-01-05 03:29:51 - mkk_comic - app.py:582 - INFO - 正在下载第 074/179 页...
2026-01-05 03:29:51 - mkk_comic - app.py:582 - INFO - 正在下载第 075/179 页...
2026-01-05 03:29:51 - mkk_comic - app.py:582 - INFO - 正在下载第 076/179 页...
2026-01-05 03:29:51 - mkk_comic - app.py:582 - INFO - 正在下载第 077/179 页...
2026-01-05 03:29:51 - mkk_comic - app.py:582 - INFO - 正在下载第 078/179 页...
2026-01-05 03:29:51 - mkk_comic - app.py:582 - INFO - 正在下载第 079/179 页...
2026-01-05 03:29:51 - mkk_comic - app.py:582 - INFO - 正在下载第 080/179 页...
2026-01-05 03:29:51 - mkk_comic - app.py:582 - INFO - 正在下载第 081/179 页...
2026-01-05 03:29:51 - mkk_comic - app.py:582 - INFO - 正在下载第 082/179 页...
2026-01-05 03:29:51 - mkk_comic - app.py:582 - INFO - 正在下载第 083/179 页...
2026-01-05 03:29:51 - mkk_comic - app.py:582 - INFO - 正在下载第 084/179 页...
2026-01-05 03:29:51 - mkk_comic - app.py:582 - INFO - 正在下载第 085/179 页...
2026-01-05 03:29:51 - mkk_comic - app.py:582 - INFO - 正在下载第 086/179 页...
2026-01-05 03:29:51 - mkk_comic - app.py:582 - INFO - 正在下载第 087/179 页...
2026-01-05 03:29:51 - mkk_comic - app.py:582 - INFO - 正在下载第 088/179 页...
2026-01-05 03:29:51 - mkk_comic - app.py:582 - INFO - 正在下载第 089/179 页...
2026-01-05 03:29:51 - mkk_comic - app.py:582 - INFO - 正在下载第 090/179 页...
2026-01-05 03:29:51 - mkk_comic - app.py:582 - INFO - 正在下载第 091/179 页...
2026-01-05 03:29:51 - mkk_comic - app.py:582 - INFO - 正在下载第 092/179 页...
2026-01-05 03:29:51 - mkk_comic - app.py:582 - INFO - 正在下载第 093/179 页...
2026-01-05 03:29:51 - mkk_comic - app.py:582 - INFO - 正在下载第 094/179 页...
2026-01-05 03:29:51 - mkk_comic - app.py:582 - INFO - 正在下载第 095/179 页...
2026-01-05 03:29:51 - mkk_comic - app.py:582 - INFO - 正在下载第 096/179 页...
2026-01-05 03:29:51 - mkk_comic - app.py:582 - INFO - 正在下载第 097/179 页...
2026-01-05 03:29:51 - mkk_comic - app.py:582 - INFO - 正在下载第 098/179 页...
2026-01-05 03:29:51 - mkk_comic - app.py:582 - INFO - 正在下载第 099/179 页...
2026-01-05 03:29:51 - mkk_comic - app.py:582 - INFO - 正在下载第 100/179 页...
2026-01-05 03:29:51 - mkk_comic - app.py:582 - INFO - 正在下载第 101/179 页...
2026-01-05 03:29:51 - mkk_comic - app.py:582 - INFO - 正在下载第 102/179 页...
2026-01-05 03:29:51 - mkk_comic - app.py:582 - INFO - 正在下载第 103/179 页...
2026-01-05 03:29:52 - mkk_comic - app.py:582 - INFO - 正在下载第 104/179 页...
2026-01-05 03:29:52 - mkk_comic - app.py:582 - INFO - 正在下载第 105/179 页...
2026-01-05 03:29:52 - mkk_comic - app.py:582 - INFO - 正在下载第 106/179 页...
2026-01-05 03:29:52 - mkk_comic - app.py:582 - INFO - 正在下载第 107/179 页...
2026-01-05 03:29:52 - mkk_comic - app.py:582 - INFO - 正在下载第 108/179 页...
2026-01-05 03:29:52 - mkk_comic - app.py:582 - INFO - 正在下载第 109/179 页...
2026-01-05 03:29:52 - mkk_comic - app.py:582 - INFO - 正在下载第 110/179 页...
2026-01-05 03:29:52 - mkk_comic - app.py:582 - INFO - 正在下载第 111/179 页...
2026-01-05 03:29:52 - mkk_comic - app.py:582 - INFO - 正在下载第 112/179 页...
2026-01-05 03:29:52 - mkk_comic - app.py:582 - INFO - 正在下载第 113/179 页...
2026-01-05 03:29:52 - mkk_comic - app.py:582 - INFO - 正在下载第 114/179 页...
2026-01-05 03:29:52 - mkk_comic - app.py:582 - INFO - 正在下载第 115/179 页...
2026-01-05 03:29:52 - mkk_comic - app.py:582 - INFO - 正在下载第 116/179 页...
2026-01-05 03:29:52 - mkk_comic - app.py:582 - INFO - 正在下载第 117/179 页...
2026-01-05 03:29:52 - mkk_comic - app.py:582 - INFO - 正在下载第 118/179 页...
2026-01-05 03:29:52 - mkk_comic - app.py:582 - INFO - 正在下载第 119/179 页...
2026-01-05 03:29:52 - mkk_comic - app.py:582 - INFO - 正在下载第 120/179 页...
2026-01-05 03:29:52 - mkk_comic - app.py:582 - INFO - 正在下载第 121/179 页...
2026-01-05 03:29:52 - mkk_comic - app.py:582 - INFO - 正在下载第 122/179 页...
2026-01-05 03:29:52 - mkk_comic - app.py:582 - INFO - 正在下载第 123/179 页...
2026-01-05 03:29:52 - mkk_comic - app.py:582 - INFO - 正在下载第 124/179 页...
2026-01-05 03:29:52 - mkk_comic - app.py:582 - INFO - 正在下载第 125/179 页...
2026-01-05 03:29:52 - mkk_comic - app.py:582 - INFO - 正在下载第 126/179 页...
2026-01-05 03:29:52 - mkk_comic - app.py:582 - INFO - 正在下载第 127/179 页...
2026-01-05 03:29:52 - mkk_comic - app.py:582 - INFO - 正在下载第 128/179 页...
2026-01-05 03:29:52 - mkk_comic - app.py:582 - INFO - 正在下载第 129/179 页...
2026-01-05 03:29:52 - mkk_comic - app.py:582 - INFO - 正在下载第 130/179 页...
2026-01-05 03:29:52 - mkk_comic - app.py:582 - INFO - 正在下载第 131/179 页...
2026-01-05 03:29:52 - mkk_comic - app.py:582 - INFO - 正在下载第 132/179 页...
2026-01-05 03:29:52 - mkk_comic - app.py:582 - INFO - 正在下载第 133/179 页...
2026-01-05 03:29:52 - mkk_comic - app.py:582 - INFO - 正在下载第 134/179 页...
2026-01-05 03:29:52 - mkk_comic - app.py:582 - INFO - 正在下载第 135/179 页...
2026-01-05 03:29:53 - mkk_comic - app.py:582 - INFO - 正在下载第 136/179 页...
2026-01-05 03:29:53 - mkk_comic - app.py:582 - INFO - 正在下载第 137/179 页...
2026-01-05 03:29:53 - mkk_comic - app.py:582 - INFO - 正在下载第 138/179 页...
2026-01-05 03:29:53 - mkk_comic - app.py:582 - INFO - 正在下载第 139/179 页...
2026-01-05 03:29:53 - mkk_comic - app.py:582 - INFO - 正在下载第 140/179 页...
2026-01-05 03:29:53 - mkk_comic - app.py:582 - INFO - 正在下载第 141/179 页...
2026-01-05 03:29:53 - mkk_comic - app.py:582 - INFO - 正在下载第 142/179 页...
2026-01-05 03:29:53 - mkk_comic - app.py:582 - INFO - 正在下载第 143/179 页...
2026-01-05 03:29:53 - mkk_comic - app.py:582 - INFO - 正在下载第 144/179 页...
2026-01-05 03:29:53 - mkk_comic - app.py:582 - INFO - 正在下载第 145/179 页...
2026-01-05 03:29:53 - mkk_comic - app.py:582 - INFO - 正在下载第 146/179 页...
2026-01-05 03:29:53 - mkk_comic - app.py:582 - INFO - 正在下载第 147/179 页...
2026-01-05 03:29:53 - mkk_comic - app.py:582 - INFO - 正在下载第 148/179 页...
2026-01-05 03:29:53 - mkk_comic - app.py:582 - INFO - 正在下载第 149/179 页...
2026-01-05 03:29:53 - mkk_comic - app.py:582 - INFO - 正在下载第 150/179 页...
2026-01-05 03:29:53 - mkk_comic - app.py:582 - INFO - 正在下载第 151/179 页...
2026-01-05 03:29:53 - mkk_comic - app.py:582 - INFO - 正在下载第 152/179 页...
2026-01-05 03:29:53 - mkk_comic - app.py:582 - INFO - 正在下载第 153/179 页...
2026-01-05 03:29:53 - mkk_comic - app.py:582 - INFO - 正在下载第 154/179 页...
2026-01-05 03:29:53 - mkk_comic - app.py:582 - INFO - 正在下载第 155/179 页...
2026-01-05 03:29:53 - mkk_comic - app.py:582 - INFO - 正在下载第 156/179 页...
2026-01-05 03:29:53 - mkk_comic - app.py:582 - INFO - 正在下载第 157/179 页...
2026-01-05 03:29:53 - mkk_comic - app.py:582 - INFO - 正在下载第 158/179 页...
2026-01-05 03:29:53 - mkk_comic - app.py:582 - INFO - 正在下载第 159/179 页...
2026-01-05 03:29:53 - mkk_comic - app.py:582 - INFO - 正在下载第 160/179 页...
2026-01-05 03:29:53 - mkk_comic - app.py:582 - INFO - 正在下载第 161/179 页...
2026-01-05 03:29:53 - mkk_comic - app.py:582 - INFO - 正在下载第 162/179 页...
2026-01-05 03:29:53 - mkk_comic - app.py:582 - INFO - 正在下载第 163/179 页...
2026-01-05 03:29:53 - mkk_comic - app.py:582 - INFO - 正在下载第 164/179 页...
2026-01-05 03:29:53 - mkk_comic - app.py:582 - INFO - 正在下载第 165/179 页...
2026-01-05 03:29:53 - mkk_comic - app.py:582 - INFO - 正在下载第 166/179 页...
2026-01-05 03:29:53 - mkk_comic - app.py:582 - INFO - 正在下载第 167/179 页...
2026-01-05 03:29:53 - mkk_comic - app.py:582 - INFO - 正在下载第 168/179 页...
2026-01-05 03:29:53 - mkk_comic - app.py:582 - INFO - 正在下载第 169/179 页...
2026-01-05 03:29:53 - mkk_comic - app.py:582 - INFO - 正在下载第 170/179 页...
2026-01-05 03:29:53 - mkk_comic - app.py:582 - INFO - 正在下载第 171/179 页...
2026-01-05 03:29:53 - mkk_comic - app.py:582 - INFO - 正在下载第 172/179 页...
2026-01-05 03:29:53 - mkk_comic - app.py:582 - INFO - 正在下载第 173/179 页...
2026-01-05 03:29:53 - mkk_comic - app.py:582 - INFO - 正在下载第 174/179 页...
2026-01-05 03:29:54 - mkk_comic - app.py:582 - INFO - 正在下载第 175/179 页...
2026-01-05 03:29:54 - mkk_comic - app.py:582 - INFO - 正在下载第 176/179 页...
2026-01-05 03:29:54 - mkk_comic - app.py:582 - INFO - 正在下载第 177/179 页...
2026-01-05 03:29:54 - mkk_comic - app.py:582 - INFO - 正在下载第 178/179 页...
2026-01-05 03:29:54 - mkk_comic - app.py:582 - INFO - 正在下载第 179/179 页...
2026-01-05 03:29:54 - mkk_comic - app.py:511 - INFO - 下载完成!
2026-01-05 03:29:54 - mkk_comic - app.py:512 - INFO - 成功下载: 179/179 页
2026-01-05 03:29:54 - mkk_comic - app.py:494 - INFO - 正在下载第27章: 第27卷    UUID:fc253d90-c85d-11e8-8859-024352452ce0
2026-01-05 03:29:55 - mkk_comic - app.py:502 - INFO - 创建目录: ./out/名偵探柯南/第27卷
2026-01-05 03:29:55 - mkk_comic - app.py:505 - INFO - 开始下载: 名偵探柯南 - 第27卷
2026-01-05 03:29:55 - mkk_comic - app.py:506 - INFO - 总页数: 179
2026-01-05 03:29:55 - mkk_comic - app.py:582 - INFO - 正在下载第 001/179 页...
2026-01-05 03:29:55 - mkk_comic - app.py:582 - INFO - 正在下载第 002/179 页...
2026-01-05 03:29:55 - mkk_comic - app.py:582 - INFO - 正在下载第 003/179 页...
2026-01-05 03:29:55 - mkk_comic - app.py:582 - INFO - 正在下载第 004/179 页...
2026-01-05 03:29:55 - mkk_comic - app.py:582 - INFO - 正在下载第 005/179 页...
2026-01-05 03:29:55 - mkk_comic - app.py:582 - INFO - 正在下载第 006/179 页...
2026-01-05 03:29:55 - mkk_comic - app.py:582 - INFO - 正在下载第 007/179 页...
2026-01-05 03:29:55 - mkk_comic - app.py:582 - INFO - 正在下载第 008/179 页...
2026-01-05 03:29:55 - mkk_comic - app.py:582 - INFO - 正在下载第 009/179 页...
2026-01-05 03:29:55 - mkk_comic - app.py:582 - INFO - 正在下载第 010/179 页...
2026-01-05 03:29:55 - mkk_comic - app.py:582 - INFO - 正在下载第 011/179 页...
2026-01-05 03:29:55 - mkk_comic - app.py:582 - INFO - 正在下载第 012/179 页...
2026-01-05 03:29:55 - mkk_comic - app.py:582 - INFO - 正在下载第 013/179 页...
2026-01-05 03:29:55 - mkk_comic - app.py:582 - INFO - 正在下载第 014/179 页...
2026-01-05 03:29:55 - mkk_comic - app.py:582 - INFO - 正在下载第 015/179 页...
2026-01-05 03:29:55 - mkk_comic - app.py:582 - INFO - 正在下载第 016/179 页...
2026-01-05 03:29:56 - mkk_comic - app.py:582 - INFO - 正在下载第 017/179 页...
2026-01-05 03:29:56 - mkk_comic - app.py:582 - INFO - 正在下载第 018/179 页...
2026-01-05 03:29:56 - mkk_comic - app.py:582 - INFO - 正在下载第 019/179 页...
2026-01-05 03:29:56 - mkk_comic - app.py:582 - INFO - 正在下载第 020/179 页...
2026-01-05 03:29:56 - mkk_comic - app.py:582 - INFO - 正在下载第 021/179 页...
2026-01-05 03:29:56 - mkk_comic - app.py:582 - INFO - 正在下载第 022/179 页...
2026-01-05 03:29:56 - mkk_comic - app.py:582 - INFO - 正在下载第 023/179 页...
2026-01-05 03:29:56 - mkk_comic - app.py:582 - INFO - 正在下载第 024/179 页...
2026-01-05 03:29:56 - mkk_comic - app.py:582 - INFO - 正在下载第 025/179 页...
2026-01-05 03:29:56 - mkk_comic - app.py:582 - INFO - 正在下载第 026/179 页...
2026-01-05 03:29:56 - mkk_comic - app.py:582 - INFO - 正在下载第 027/179 页...
2026-01-05 03:29:56 - mkk_comic - app.py:582 - INFO - 正在下载第 028/179 页...
2026-01-05 03:29:56 - mkk_comic - app.py:582 - INFO - 正在下载第 029/179 页...
2026-01-05 03:29:56 - mkk_comic - app.py:582 - INFO - 正在下载第 030/179 页...
2026-01-05 03:29:56 - mkk_comic - app.py:582 - INFO - 正在下载第 031/179 页...
2026-01-05 03:29:56 - mkk_comic - app.py:582 - INFO - 正在下载第 032/179 页...
2026-01-05 03:29:56 - mkk_comic - app.py:582 - INFO - 正在下载第 033/179 页...
2026-01-05 03:29:56 - mkk_comic - app.py:582 - INFO - 正在下载第 034/179 页...
2026-01-05 03:29:56 - mkk_comic - app.py:582 - INFO - 正在下载第 035/179 页...
2026-01-05 03:29:56 - mkk_comic - app.py:582 - INFO - 正在下载第 036/179 页...
2026-01-05 03:29:56 - mkk_comic - app.py:582 - INFO - 正在下载第 037/179 页...
2026-01-05 03:29:56 - mkk_comic - app.py:582 - INFO - 正在下载第 038/179 页...
2026-01-05 03:29:56 - mkk_comic - app.py:582 - INFO - 正在下载第 039/179 页...
2026-01-05 03:29:56 - mkk_comic - app.py:582 - INFO - 正在下载第 040/179 页...
2026-01-05 03:29:56 - mkk_comic - app.py:582 - INFO - 正在下载第 041/179 页...
2026-01-05 03:29:56 - mkk_comic - app.py:582 - INFO - 正在下载第 042/179 页...
2026-01-05 03:29:56 - mkk_comic - app.py:582 - INFO - 正在下载第 043/179 页...
2026-01-05 03:29:56 - mkk_comic - app.py:582 - INFO - 正在下载第 044/179 页...
2026-01-05 03:29:56 - mkk_comic - app.py:582 - INFO - 正在下载第 045/179 页...
2026-01-05 03:29:56 - mkk_comic - app.py:582 - INFO - 正在下载第 046/179 页...
2026-01-05 03:29:56 - mkk_comic - app.py:582 - INFO - 正在下载第 047/179 页...
2026-01-05 03:29:57 - mkk_comic - app.py:582 - INFO - 正在下载第 048/179 页...
2026-01-05 03:29:57 - mkk_comic - app.py:582 - INFO - 正在下载第 049/179 页...
2026-01-05 03:29:57 - mkk_comic - app.py:582 - INFO - 正在下载第 050/179 页...
2026-01-05 03:29:57 - mkk_comic - app.py:582 - INFO - 正在下载第 051/179 页...
2026-01-05 03:29:57 - mkk_comic - app.py:582 - INFO - 正在下载第 052/179 页...
2026-01-05 03:29:57 - mkk_comic - app.py:582 - INFO - 正在下载第 053/179 页...
2026-01-05 03:29:57 - mkk_comic - app.py:582 - INFO - 正在下载第 054/179 页...
2026-01-05 03:29:57 - mkk_comic - app.py:582 - INFO - 正在下载第 055/179 页...
2026-01-05 03:29:57 - mkk_comic - app.py:582 - INFO - 正在下载第 056/179 页...
2026-01-05 03:29:57 - mkk_comic - app.py:582 - INFO - 正在下载第 057/179 页...
2026-01-05 03:29:57 - mkk_comic - app.py:582 - INFO - 正在下载第 058/179 页...
2026-01-05 03:29:57 - mkk_comic - app.py:582 - INFO - 正在下载第 059/179 页...
2026-01-05 03:29:57 - mkk_comic - app.py:582 - INFO - 正在下载第 060/179 页...
2026-01-05 03:29:57 - mkk_comic - app.py:582 - INFO - 正在下载第 061/179 页...
2026-01-05 03:29:57 - mkk_comic - app.py:582 - INFO - 正在下载第 062/179 页...
2026-01-05 03:29:57 - mkk_comic - app.py:582 - INFO - 正在下载第 063/179 页...
2026-01-05 03:29:57 - mkk_comic - app.py:582 - INFO - 正在下载第 064/179 页...
2026-01-05 03:29:57 - mkk_comic - app.py:582 - INFO - 正在下载第 065/179 页...
2026-01-05 03:29:57 - mkk_comic - app.py:582 - INFO - 正在下载第 066/179 页...
2026-01-05 03:29:57 - mkk_comic - app.py:582 - INFO - 正在下载第 067/179 页...
2026-01-05 03:29:57 - mkk_comic - app.py:582 - INFO - 正在下载第 068/179 页...
2026-01-05 03:29:57 - mkk_comic - app.py:582 - INFO - 正在下载第 069/179 页...
2026-01-05 03:29:57 - mkk_comic - app.py:582 - INFO - 正在下载第 070/179 页...
2026-01-05 03:29:57 - mkk_comic - app.py:582 - INFO - 正在下载第 071/179 页...
2026-01-05 03:29:57 - mkk_comic - app.py:582 - INFO - 正在下载第 072/179 页...
2026-01-05 03:29:57 - mkk_comic - app.py:582 - INFO - 正在下载第 073/179 页...
2026-01-05 03:29:57 - mkk_comic - app.py:582 - INFO - 正在下载第 074/179 页...
2026-01-05 03:29:58 - mkk_comic - app.py:582 - INFO - 正在下载第 075/179 页...
2026-01-05 03:29:58 - mkk_comic - app.py:582 - INFO - 正在下载第 076/179 页...
2026-01-05 03:29:58 - mkk_comic - app.py:582 - INFO - 正在下载第 077/179 页...
2026-01-05 03:29:58 - mkk_comic - app.py:582 - INFO - 正在下载第 078/179 页...
2026-01-05 03:29:58 - mkk_comic - app.py:582 - INFO - 正在下载第 079/179 页...
2026-01-05 03:29:58 - mkk_comic - app.py:582 - INFO - 正在下载第 080/179 页...
2026-01-05 03:29:58 - mkk_comic - app.py:582 - INFO - 正在下载第 081/179 页...
2026-01-05 03:29:58 - mkk_comic - app.py:582 - INFO - 正在下载第 082/179 页...
2026-01-05 03:29:58 - mkk_comic - app.py:582 - INFO - 正在下载第 083/179 页...
2026-01-05 03:29:58 - mkk_comic - app.py:582 - INFO - 正在下载第 084/179 页...
2026-01-05 03:29:58 - mkk_comic - app.py:582 - INFO - 正在下载第 085/179 页...
2026-01-05 03:29:58 - mkk_comic - app.py:582 - INFO - 正在下载第 086/179 页...
2026-01-05 03:29:58 - mkk_comic - app.py:582 - INFO - 正在下载第 087/179 页...
2026-01-05 03:29:58 - mkk_comic - app.py:582 - INFO - 正在下载第 088/179 页...
2026-01-05 03:29:58 - mkk_comic - app.py:582 - INFO - 正在下载第 089/179 页...
2026-01-05 03:29:58 - mkk_comic - app.py:582 - INFO - 正在下载第 090/179 页...
2026-01-05 03:29:58 - mkk_comic - app.py:582 - INFO - 正在下载第 091/179 页...
2026-01-05 03:29:58 - mkk_comic - app.py:582 - INFO - 正在下载第 092/179 页...
2026-01-05 03:29:58 - mkk_comic - app.py:582 - INFO - 正在下载第 093/179 页...
2026-01-05 03:29:58 - mkk_comic - app.py:582 - INFO - 正在下载第 094/179 页...
2026-01-05 03:29:58 - mkk_comic - app.py:582 - INFO - 正在下载第 095/179 页...
2026-01-05 03:29:58 - mkk_comic - app.py:582 - INFO - 正在下载第 096/179 页...
2026-01-05 03:29:58 - mkk_comic - app.py:582 - INFO - 正在下载第 097/179 页...
2026-01-05 03:29:58 - mkk_comic - app.py:582 - INFO - 正在下载第 098/179 页...
2026-01-05 03:29:58 - mkk_comic - app.py:582 - INFO - 正在下载第 099/179 页...
2026-01-05 03:29:58 - mkk_comic - app.py:582 - INFO - 正在下载第 100/179 页...
2026-01-05 03:29:58 - mkk_comic - app.py:582 - INFO - 正在下载第 101/179 页...
2026-01-05 03:29:58 - mkk_comic - app.py:582 - INFO - 正在下载第 102/179 页...
2026-01-05 03:29:58 - mkk_comic - app.py:582 - INFO - 正在下载第 103/179 页...
2026-01-05 03:29:58 - mkk_comic - app.py:582 - INFO - 正在下载第 104/179 页...
2026-01-05 03:29:58 - mkk_comic - app.py:582 - INFO - 正在下载第 105/179 页...
2026-01-05 03:29:59 - mkk_comic - app.py:582 - INFO - 正在下载第 106/179 页...
2026-01-05 03:29:59 - mkk_comic - app.py:582 - INFO - 正在下载第 107/179 页...
2026-01-05 03:29:59 - mkk_comic - app.py:582 - INFO - 正在下载第 108/179 页...
2026-01-05 03:29:59 - mkk_comic - app.py:582 - INFO - 正在下载第 109/179 页...
2026-01-05 03:29:59 - mkk_comic - app.py:582 - INFO - 正在下载第 110/179 页...
2026-01-05 03:29:59 - mkk_comic - app.py:582 - INFO - 正在下载第 111/179 页...
2026-01-05 03:29:59 - mkk_comic - app.py:582 - INFO - 正在下载第 112/179 页...
2026-01-05 03:29:59 - mkk_comic - app.py:582 - INFO - 正在下载第 113/179 页...
2026-01-05 03:29:59 - mkk_comic - app.py:582 - INFO - 正在下载第 114/179 页...
2026-01-05 03:29:59 - mkk_comic - app.py:582 - INFO - 正在下载第 115/179 页...
2026-01-05 03:29:59 - mkk_comic - app.py:582 - INFO - 正在下载第 116/179 页...
2026-01-05 03:29:59 - mkk_comic - app.py:582 - INFO - 正在下载第 117/179 页...
2026-01-05 03:29:59 - mkk_comic - app.py:582 - INFO - 正在下载第 118/179 页...
2026-01-05 03:29:59 - mkk_comic - app.py:582 - INFO - 正在下载第 119/179 页...
2026-01-05 03:29:59 - mkk_comic - app.py:582 - INFO - 正在下载第 120/179 页...
2026-01-05 03:29:59 - mkk_comic - app.py:582 - INFO - 正在下载第 121/179 页...
2026-01-05 03:29:59 - mkk_comic - app.py:582 - INFO - 正在下载第 122/179 页...
2026-01-05 03:29:59 - mkk_comic - app.py:582 - INFO - 正在下载第 123/179 页...
2026-01-05 03:29:59 - mkk_comic - app.py:582 - INFO - 正在下载第 124/179 页...
2026-01-05 03:29:59 - mkk_comic - app.py:582 - INFO - 正在下载第 125/179 页...
2026-01-05 03:29:59 - mkk_comic - app.py:582 - INFO - 正在下载第 126/179 页...
2026-01-05 03:29:59 - mkk_comic - app.py:582 - INFO - 正在下载第 127/179 页...
2026-01-05 03:29:59 - mkk_comic - app.py:582 - INFO - 正在下载第 128/179 页...
2026-01-05 03:29:59 - mkk_comic - app.py:582 - INFO - 正在下载第 129/179 页...
2026-01-05 03:29:59 - mkk_comic - app.py:582 - INFO - 正在下载第 130/179 页...
2026-01-05 03:29:59 - mkk_comic - app.py:582 - INFO - 正在下载第 131/179 页...
2026-01-05 03:29:59 - mkk_comic - app.py:582 - INFO - 正在下载第 132/179 页...
2026-01-05 03:29:59 - mkk_comic - app.py:582 - INFO - 正在下载第 133/179 页...
2026-01-05 03:29:59 - mkk_comic - app.py:582 - INFO - 正在下载第 134/179 页...
2026-01-05 03:29:59 - mkk_comic - app.py:582 - INFO - 正在下载第 135/179 页...
2026-01-05 03:29:59 - mkk_comic - app.py:582 - INFO - 正在下载第 136/179 页...
2026-01-05 03:29:59 - mkk_comic - app.py:582 - INFO - 正在下载第 137/179 页...
2026-01-05 03:30:00 - mkk_comic - app.py:582 - INFO - 正在下载第 138/179 页...
2026-01-05 03:30:00 - mkk_comic - app.py:582 - INFO - 正在下载第 139/179 页...
2026-01-05 03:30:00 - mkk_comic - app.py:582 - INFO - 正在下载第 140/179 页...
2026-01-05 03:30:00 - mkk_comic - app.py:582 - INFO - 正在下载第 141/179 页...
2026-01-05 03:30:00 - mkk_comic - app.py:582 - INFO - 正在下载第 142/179 页...
2026-01-05 03:30:00 - mkk_comic - app.py:582 - INFO - 正在下载第 143/179 页...
2026-01-05 03:30:00 - mkk_comic - app.py:582 - INFO - 正在下载第 144/179 页...
2026-01-05 03:30:00 - mkk_comic - app.py:582 - INFO - 正在下载第 145/179 页...
2026-01-05 03:30:00 - mkk_comic - app.py:582 - INFO - 正在下载第 146/179 页...
2026-01-05 03:30:00 - mkk_comic - app.py:582 - INFO - 正在下载第 147/179 页...
2026-01-05 03:30:00 - mkk_comic - app.py:582 - INFO - 正在下载第 148/179 页...
2026-01-05 03:30:00 - mkk_comic - app.py:582 - INFO - 正在下载第 149/179 页...
2026-01-05 03:30:00 - mkk_comic - app.py:582 - INFO - 正在下载第 150/179 页...
2026-01-05 03:30:00 - mkk_comic - app.py:582 - INFO - 正在下载第 151/179 页...
2026-01-05 03:30:00 - mkk_comic - app.py:582 - INFO - 正在下载第 152/179 页...
2026-01-05 03:30:00 - mkk_comic - app.py:582 - INFO - 正在下载第 153/179 页...
2026-01-05 03:30:00 - mkk_comic - app.py:582 - INFO - 正在下载第 154/179 页...
2026-01-05 03:30:00 - mkk_comic - app.py:582 - INFO - 正在下载第 155/179 页...
2026-01-05 03:30:00 - mkk_comic - app.py:582 - INFO - 正在下载第 156/179 页...
2026-01-05 03:30:00 - mkk_comic - app.py:582 - INFO - 正在下载第 157/179 页...
2026-01-05 03:30:00 - mkk_comic - app.py:582 - INFO - 正在下载第 158/179 页...
2026-01-05 03:30:00 - mkk_comic - app.py:582 - INFO - 正在下载第 159/179 页...
2026-01-05 03:30:00 - mkk_comic - app.py:582 - INFO - 正在下载第 160/179 页...
2026-01-05 03:30:00 - mkk_comic - app.py:582 - INFO - 正在下载第 161/179 页...
2026-01-05 03:30:00 - mkk_comic - app.py:582 - INFO - 正在下载第 162/179 页...
2026-01-05 03:30:00 - mkk_comic - app.py:582 - INFO - 正在下载第 163/179 页...
2026-01-05 03:30:00 - mkk_comic - app.py:582 - INFO - 正在下载第 164/179 页...
2026-01-05 03:30:00 - mkk_comic - app.py:582 - INFO - 正在下载第 165/179 页...
2026-01-05 03:30:00 - mkk_comic - app.py:582 - INFO - 正在下载第 166/179 页...
2026-01-05 03:30:00 - mkk_comic - app.py:582 - INFO - 正在下载第 167/179 页...
2026-01-05 03:30:00 - mkk_comic - app.py:582 - INFO - 正在下载第 168/179 页...
2026-01-05 03:30:00 - mkk_comic - app.py:582 - INFO - 正在下载第 169/179 页...
2026-01-05 03:30:00 - mkk_comic - app.py:582 - INFO - 正在下载第 170/179 页...
2026-01-05 03:30:00 - mkk_comic - app.py:582 - INFO - 正在下载第 171/179 页...
2026-01-05 03:30:00 - mkk_comic - app.py:582 - INFO - 正在下载第 172/179 页...
2026-01-05 03:30:00 - mkk_comic - app.py:582 - INFO - 正在下载第 173/179 页...
2026-01-05 03:30:00 - mkk_comic - app.py:582 - INFO - 正在下载第 174/179 页...
2026-01-05 03:30:01 - mkk_comic - app.py:582 - INFO - 正在下载第 175/179 页...
2026-01-05 03:30:01 - mkk_comic - app.py:582 - INFO - 正在下载第 176/179 页...
2026-01-05 03:30:01 - mkk_comic - app.py:582 - INFO - 正在下载第 177/179 页...
2026-01-05 03:30:01 - mkk_comic - app.py:582 - INFO - 正在下载第 178/179 页...
2026-01-05 03:30:01 - mkk_comic - app.py:582 - INFO - 正在下载第 179/179 页...
2026-01-05 03:30:01 - mkk_comic - app.py:511 - INFO - 下载完成!
2026-01-05 03:30:01 - mkk_comic - app.py:512 - INFO - 成功下载: 179/179 页
2026-01-05 03:30:01 - mkk_comic - app.py:858 - INFO - ===== 检查更新完成 =====

