2025-12-31 03:13:42 - mkk_comic - app.py:863 - INFO - 运行环境：GitHub Actions（自动化模式）
2025-12-31 03:13:42 - mkk_comic - app.py:820 - INFO - ===== 开始检查更新=====
2025-12-31 03:13:42 - mkk_comic - app.py:838 - INFO - 【名侦探柯南】上次下载至第15章
2025-12-31 03:13:43 - mkk_comic - app.py:845 - INFO - 【名侦探柯南】检测到更新！最新：272章
2025-12-31 03:13:43 - mkk_comic - app.py:848 - INFO - 【名侦探柯南】最大下载限制为2章-需下载16~17章）
2025-12-31 03:13:43 - mkk_comic - app.py:494 - INFO - 正在下载第16章: 第16卷    UUID:169559d3-c85d-11e8-8859-024352452ce0
2025-12-31 03:13:44 - mkk_comic - app.py:502 - INFO - 创建目录: ./out/名偵探柯南/第16卷
2025-12-31 03:13:44 - mkk_comic - app.py:505 - INFO - 开始下载: 名偵探柯南 - 第16卷
2025-12-31 03:13:44 - mkk_comic - app.py:506 - INFO - 总页数: 184
2025-12-31 03:13:44 - mkk_comic - app.py:582 - INFO - 正在下载第 001/184 页...
2025-12-31 03:13:44 - mkk_comic - app.py:582 - INFO - 正在下载第 002/184 页...
2025-12-31 03:13:44 - mkk_comic - app.py:582 - INFO - 正在下载第 003/184 页...
2025-12-31 03:13:44 - mkk_comic - app.py:582 - INFO - 正在下载第 004/184 页...
2025-12-31 03:13:44 - mkk_comic - app.py:582 - INFO - 正在下载第 005/184 页...
2025-12-31 03:13:44 - mkk_comic - app.py:582 - INFO - 正在下载第 006/184 页...
2025-12-31 03:13:44 - mkk_comic - app.py:582 - INFO - 正在下载第 007/184 页...
2025-12-31 03:13:44 - mkk_comic - app.py:582 - INFO - 正在下载第 008/184 页...
2025-12-31 03:13:45 - mkk_comic - app.py:582 - INFO - 正在下载第 009/184 页...
2025-12-31 03:13:45 - mkk_comic - app.py:582 - INFO - 正在下载第 010/184 页...
2025-12-31 03:13:45 - mkk_comic - app.py:582 - INFO - 正在下载第 011/184 页...
2025-12-31 03:13:45 - mkk_comic - app.py:582 - INFO - 正在下载第 012/184 页...
2025-12-31 03:13:45 - mkk_comic - app.py:582 - INFO - 正在下载第 013/184 页...
2025-12-31 03:13:45 - mkk_comic - app.py:582 - INFO - 正在下载第 014/184 页...
2025-12-31 03:13:45 - mkk_comic - app.py:582 - INFO - 正在下载第 015/184 页...
2025-12-31 03:13:45 - mkk_comic - app.py:582 - INFO - 正在下载第 016/184 页...
2025-12-31 03:13:45 - mkk_comic - app.py:582 - INFO - 正在下载第 017/184 页...
2025-12-31 03:13:45 - mkk_comic - app.py:582 - INFO - 正在下载第 018/184 页...
2025-12-31 03:13:45 - mkk_comic - app.py:582 - INFO - 正在下载第 019/184 页...
2025-12-31 03:13:45 - mkk_comic - app.py:582 - INFO - 正在下载第 020/184 页...
2025-12-31 03:13:45 - mkk_comic - app.py:582 - INFO - 正在下载第 021/184 页...
2025-12-31 03:13:45 - mkk_comic - app.py:582 - INFO - 正在下载第 022/184 页...
2025-12-31 03:13:45 - mkk_comic - app.py:582 - INFO - 正在下载第 023/184 页...
2025-12-31 03:13:45 - mkk_comic - app.py:582 - INFO - 正在下载第 024/184 页...
2025-12-31 03:13:45 - mkk_comic - app.py:582 - INFO - 正在下载第 025/184 页...
2025-12-31 03:13:45 - mkk_comic - app.py:582 - INFO - 正在下载第 026/184 页...
2025-12-31 03:13:45 - mkk_comic - app.py:582 - INFO - 正在下载第 027/184 页...
2025-12-31 03:13:45 - mkk_comic - app.py:582 - INFO - 正在下载第 028/184 页...
2025-12-31 03:13:45 - mkk_comic - app.py:582 - INFO - 正在下载第 029/184 页...
2025-12-31 03:13:45 - mkk_comic - app.py:582 - INFO - 正在下载第 030/184 页...
2025-12-31 03:13:46 - mkk_comic - app.py:582 - INFO - 正在下载第 031/184 页...
2025-12-31 03:13:46 - mkk_comic - app.py:582 - INFO - 正在下载第 032/184 页...
2025-12-31 03:13:46 - mkk_comic - app.py:582 - INFO - 正在下载第 033/184 页...
2025-12-31 03:13:46 - mkk_comic - app.py:582 - INFO - 正在下载第 034/184 页...
2025-12-31 03:13:46 - mkk_comic - app.py:582 - INFO - 正在下载第 035/184 页...
2025-12-31 03:13:46 - mkk_comic - app.py:582 - INFO - 正在下载第 036/184 页...
2025-12-31 03:13:46 - mkk_comic - app.py:582 - INFO - 正在下载第 037/184 页...
2025-12-31 03:13:46 - mkk_comic - app.py:582 - INFO - 正在下载第 038/184 页...
2025-12-31 03:13:46 - mkk_comic - app.py:582 - INFO - 正在下载第 039/184 页...
2025-12-31 03:13:46 - mkk_comic - app.py:582 - INFO - 正在下载第 040/184 页...
2025-12-31 03:13:46 - mkk_comic - app.py:582 - INFO - 正在下载第 041/184 页...
2025-12-31 03:13:46 - mkk_comic - app.py:582 - INFO - 正在下载第 042/184 页...
2025-12-31 03:13:46 - mkk_comic - app.py:582 - INFO - 正在下载第 043/184 页...
2025-12-31 03:13:46 - mkk_comic - app.py:582 - INFO - 正在下载第 044/184 页...
2025-12-31 03:13:46 - mkk_comic - app.py:582 - INFO - 正在下载第 045/184 页...
2025-12-31 03:13:46 - mkk_comic - app.py:582 - INFO - 正在下载第 046/184 页...
2025-12-31 03:13:46 - mkk_comic - app.py:582 - INFO - 正在下载第 047/184 页...
2025-12-31 03:13:46 - mkk_comic - app.py:582 - INFO - 正在下载第 048/184 页...
2025-12-31 03:13:46 - mkk_comic - app.py:582 - INFO - 正在下载第 049/184 页...
2025-12-31 03:13:47 - mkk_comic - app.py:582 - INFO - 正在下载第 050/184 页...
2025-12-31 03:13:47 - mkk_comic - app.py:582 - INFO - 正在下载第 051/184 页...
2025-12-31 03:13:47 - mkk_comic - app.py:582 - INFO - 正在下载第 052/184 页...
2025-12-31 03:13:47 - mkk_comic - app.py:582 - INFO - 正在下载第 053/184 页...
2025-12-31 03:13:47 - mkk_comic - app.py:582 - INFO - 正在下载第 054/184 页...
2025-12-31 03:13:47 - mkk_comic - app.py:582 - INFO - 正在下载第 055/184 页...
2025-12-31 03:13:47 - mkk_comic - app.py:582 - INFO - 正在下载第 056/184 页...
2025-12-31 03:13:47 - mkk_comic - app.py:582 - INFO - 正在下载第 057/184 页...
2025-12-31 03:13:47 - mkk_comic - app.py:582 - INFO - 正在下载第 058/184 页...
2025-12-31 03:13:47 - mkk_comic - app.py:582 - INFO - 正在下载第 059/184 页...
2025-12-31 03:13:47 - mkk_comic - app.py:582 - INFO - 正在下载第 060/184 页...
2025-12-31 03:13:47 - mkk_comic - app.py:582 - INFO - 正在下载第 061/184 页...
2025-12-31 03:13:47 - mkk_comic - app.py:582 - INFO - 正在下载第 062/184 页...
2025-12-31 03:13:47 - mkk_comic - app.py:582 - INFO - 正在下载第 063/184 页...
2025-12-31 03:13:47 - mkk_comic - app.py:582 - INFO - 正在下载第 064/184 页...
2025-12-31 03:13:47 - mkk_comic - app.py:582 - INFO - 正在下载第 065/184 页...
2025-12-31 03:13:47 - mkk_comic - app.py:582 - INFO - 正在下载第 066/184 页...
2025-12-31 03:13:47 - mkk_comic - app.py:582 - INFO - 正在下载第 067/184 页...
2025-12-31 03:13:47 - mkk_comic - app.py:582 - INFO - 正在下载第 068/184 页...
2025-12-31 03:13:47 - mkk_comic - app.py:582 - INFO - 正在下载第 069/184 页...
2025-12-31 03:13:48 - mkk_comic - app.py:582 - INFO - 正在下载第 070/184 页...
2025-12-31 03:13:48 - mkk_comic - app.py:582 - INFO - 正在下载第 071/184 页...
2025-12-31 03:13:48 - mkk_comic - app.py:582 - INFO - 正在下载第 072/184 页...
2025-12-31 03:13:48 - mkk_comic - app.py:582 - INFO - 正在下载第 073/184 页...
2025-12-31 03:13:48 - mkk_comic - app.py:582 - INFO - 正在下载第 074/184 页...
2025-12-31 03:13:48 - mkk_comic - app.py:582 - INFO - 正在下载第 075/184 页...
2025-12-31 03:13:48 - mkk_comic - app.py:582 - INFO - 正在下载第 076/184 页...
2025-12-31 03:13:48 - mkk_comic - app.py:582 - INFO - 正在下载第 077/184 页...
2025-12-31 03:13:48 - mkk_comic - app.py:582 - INFO - 正在下载第 078/184 页...
2025-12-31 03:13:48 - mkk_comic - app.py:582 - INFO - 正在下载第 079/184 页...
2025-12-31 03:13:48 - mkk_comic - app.py:582 - INFO - 正在下载第 080/184 页...
2025-12-31 03:13:48 - mkk_comic - app.py:582 - INFO - 正在下载第 081/184 页...
2025-12-31 03:13:48 - mkk_comic - app.py:582 - INFO - 正在下载第 082/184 页...
2025-12-31 03:13:48 - mkk_comic - app.py:582 - INFO - 正在下载第 083/184 页...
2025-12-31 03:13:48 - mkk_comic - app.py:582 - INFO - 正在下载第 084/184 页...
2025-12-31 03:13:48 - mkk_comic - app.py:582 - INFO - 正在下载第 085/184 页...
2025-12-31 03:13:48 - mkk_comic - app.py:582 - INFO - 正在下载第 086/184 页...
2025-12-31 03:13:48 - mkk_comic - app.py:582 - INFO - 正在下载第 087/184 页...
2025-12-31 03:13:48 - mkk_comic - app.py:582 - INFO - 正在下载第 088/184 页...
2025-12-31 03:13:48 - mkk_comic - app.py:582 - INFO - 正在下载第 089/184 页...
2025-12-31 03:13:48 - mkk_comic - app.py:582 - INFO - 正在下载第 090/184 页...
2025-12-31 03:13:48 - mkk_comic - app.py:582 - INFO - 正在下载第 091/184 页...
2025-12-31 03:13:49 - mkk_comic - app.py:582 - INFO - 正在下载第 092/184 页...
2025-12-31 03:13:49 - mkk_comic - app.py:582 - INFO - 正在下载第 093/184 页...
2025-12-31 03:13:49 - mkk_comic - app.py:582 - INFO - 正在下载第 094/184 页...
2025-12-31 03:13:49 - mkk_comic - app.py:582 - INFO - 正在下载第 095/184 页...
2025-12-31 03:13:49 - mkk_comic - app.py:582 - INFO - 正在下载第 096/184 页...
2025-12-31 03:13:49 - mkk_comic - app.py:582 - INFO - 正在下载第 097/184 页...
2025-12-31 03:13:49 - mkk_comic - app.py:582 - INFO - 正在下载第 098/184 页...
2025-12-31 03:13:49 - mkk_comic - app.py:582 - INFO - 正在下载第 099/184 页...
2025-12-31 03:13:49 - mkk_comic - app.py:582 - INFO - 正在下载第 100/184 页...
2025-12-31 03:13:49 - mkk_comic - app.py:582 - INFO - 正在下载第 101/184 页...
2025-12-31 03:13:49 - mkk_comic - app.py:582 - INFO - 正在下载第 102/184 页...
2025-12-31 03:13:49 - mkk_comic - app.py:582 - INFO - 正在下载第 103/184 页...
2025-12-31 03:13:49 - mkk_comic - app.py:582 - INFO - 正在下载第 104/184 页...
2025-12-31 03:13:49 - mkk_comic - app.py:582 - INFO - 正在下载第 105/184 页...
2025-12-31 03:13:49 - mkk_comic - app.py:582 - INFO - 正在下载第 106/184 页...
2025-12-31 03:13:49 - mkk_comic - app.py:582 - INFO - 正在下载第 107/184 页...
2025-12-31 03:13:49 - mkk_comic - app.py:582 - INFO - 正在下载第 108/184 页...
2025-12-31 03:13:49 - mkk_comic - app.py:582 - INFO - 正在下载第 109/184 页...
2025-12-31 03:13:49 - mkk_comic - app.py:582 - INFO - 正在下载第 110/184 页...
2025-12-31 03:13:49 - mkk_comic - app.py:582 - INFO - 正在下载第 111/184 页...
2025-12-31 03:13:50 - mkk_comic - app.py:582 - INFO - 正在下载第 112/184 页...
2025-12-31 03:13:50 - mkk_comic - app.py:582 - INFO - 正在下载第 113/184 页...
2025-12-31 03:13:50 - mkk_comic - app.py:582 - INFO - 正在下载第 114/184 页...
2025-12-31 03:13:50 - mkk_comic - app.py:582 - INFO - 正在下载第 115/184 页...
2025-12-31 03:13:50 - mkk_comic - app.py:582 - INFO - 正在下载第 116/184 页...
2025-12-31 03:13:50 - mkk_comic - app.py:582 - INFO - 正在下载第 117/184 页...
2025-12-31 03:13:50 - mkk_comic - app.py:582 - INFO - 正在下载第 118/184 页...
2025-12-31 03:13:50 - mkk_comic - app.py:582 - INFO - 正在下载第 119/184 页...
2025-12-31 03:13:50 - mkk_comic - app.py:582 - INFO - 正在下载第 120/184 页...
2025-12-31 03:13:50 - mkk_comic - app.py:582 - INFO - 正在下载第 121/184 页...
2025-12-31 03:13:50 - mkk_comic - app.py:582 - INFO - 正在下载第 122/184 页...
2025-12-31 03:13:50 - mkk_comic - app.py:582 - INFO - 正在下载第 123/184 页...
2025-12-31 03:13:50 - mkk_comic - app.py:582 - INFO - 正在下载第 124/184 页...
2025-12-31 03:13:50 - mkk_comic - app.py:582 - INFO - 正在下载第 125/184 页...
2025-12-31 03:13:50 - mkk_comic - app.py:582 - INFO - 正在下载第 126/184 页...
2025-12-31 03:13:50 - mkk_comic - app.py:582 - INFO - 正在下载第 127/184 页...
2025-12-31 03:13:50 - mkk_comic - app.py:582 - INFO - 正在下载第 128/184 页...
2025-12-31 03:13:50 - mkk_comic - app.py:582 - INFO - 正在下载第 129/184 页...
2025-12-31 03:13:50 - mkk_comic - app.py:582 - INFO - 正在下载第 130/184 页...
2025-12-31 03:13:50 - mkk_comic - app.py:582 - INFO - 正在下载第 131/184 页...
2025-12-31 03:13:50 - mkk_comic - app.py:582 - INFO - 正在下载第 132/184 页...
2025-12-31 03:13:50 - mkk_comic - app.py:582 - INFO - 正在下载第 133/184 页...
2025-12-31 03:13:51 - mkk_comic - app.py:582 - INFO - 正在下载第 134/184 页...
2025-12-31 03:13:51 - mkk_comic - app.py:582 - INFO - 正在下载第 135/184 页...
2025-12-31 03:13:51 - mkk_comic - app.py:582 - INFO - 正在下载第 136/184 页...
2025-12-31 03:13:51 - mkk_comic - app.py:582 - INFO - 正在下载第 137/184 页...
2025-12-31 03:13:51 - mkk_comic - app.py:582 - INFO - 正在下载第 138/184 页...
2025-12-31 03:13:51 - mkk_comic - app.py:582 - INFO - 正在下载第 139/184 页...
2025-12-31 03:13:51 - mkk_comic - app.py:582 - INFO - 正在下载第 140/184 页...
2025-12-31 03:13:51 - mkk_comic - app.py:582 - INFO - 正在下载第 141/184 页...
2025-12-31 03:13:51 - mkk_comic - app.py:582 - INFO - 正在下载第 142/184 页...
2025-12-31 03:13:51 - mkk_comic - app.py:582 - INFO - 正在下载第 143/184 页...
2025-12-31 03:13:51 - mkk_comic - app.py:582 - INFO - 正在下载第 144/184 页...
2025-12-31 03:13:51 - mkk_comic - app.py:582 - INFO - 正在下载第 145/184 页...
2025-12-31 03:13:51 - mkk_comic - app.py:582 - INFO - 正在下载第 146/184 页...
2025-12-31 03:13:51 - mkk_comic - app.py:582 - INFO - 正在下载第 147/184 页...
2025-12-31 03:13:51 - mkk_comic - app.py:582 - INFO - 正在下载第 148/184 页...
2025-12-31 03:13:51 - mkk_comic - app.py:582 - INFO - 正在下载第 149/184 页...
2025-12-31 03:13:51 - mkk_comic - app.py:582 - INFO - 正在下载第 150/184 页...
2025-12-31 03:13:51 - mkk_comic - app.py:582 - INFO - 正在下载第 151/184 页...
2025-12-31 03:13:51 - mkk_comic - app.py:582 - INFO - 正在下载第 152/184 页...
2025-12-31 03:13:51 - mkk_comic - app.py:582 - INFO - 正在下载第 153/184 页...
2025-12-31 03:13:51 - mkk_comic - app.py:582 - INFO - 正在下载第 154/184 页...
2025-12-31 03:13:51 - mkk_comic - app.py:582 - INFO - 正在下载第 155/184 页...
2025-12-31 03:13:51 - mkk_comic - app.py:582 - INFO - 正在下载第 156/184 页...
2025-12-31 03:13:52 - mkk_comic - app.py:582 - INFO - 正在下载第 157/184 页...
2025-12-31 03:13:52 - mkk_comic - app.py:582 - INFO - 正在下载第 158/184 页...
2025-12-31 03:13:52 - mkk_comic - app.py:582 - INFO - 正在下载第 159/184 页...
2025-12-31 03:13:52 - mkk_comic - app.py:582 - INFO - 正在下载第 160/184 页...
2025-12-31 03:13:52 - mkk_comic - app.py:582 - INFO - 正在下载第 161/184 页...
2025-12-31 03:13:52 - mkk_comic - app.py:582 - INFO - 正在下载第 162/184 页...
2025-12-31 03:13:52 - mkk_comic - app.py:582 - INFO - 正在下载第 163/184 页...
2025-12-31 03:13:52 - mkk_comic - app.py:582 - INFO - 正在下载第 164/184 页...
2025-12-31 03:13:52 - mkk_comic - app.py:582 - INFO - 正在下载第 165/184 页...
2025-12-31 03:13:52 - mkk_comic - app.py:582 - INFO - 正在下载第 166/184 页...
2025-12-31 03:13:52 - mkk_comic - app.py:582 - INFO - 正在下载第 167/184 页...
2025-12-31 03:13:52 - mkk_comic - app.py:582 - INFO - 正在下载第 168/184 页...
2025-12-31 03:13:52 - mkk_comic - app.py:582 - INFO - 正在下载第 169/184 页...
2025-12-31 03:13:52 - mkk_comic - app.py:582 - INFO - 正在下载第 170/184 页...
2025-12-31 03:13:52 - mkk_comic - app.py:582 - INFO - 正在下载第 171/184 页...
2025-12-31 03:13:52 - mkk_comic - app.py:582 - INFO - 正在下载第 172/184 页...
2025-12-31 03:13:52 - mkk_comic - app.py:582 - INFO - 正在下载第 173/184 页...
2025-12-31 03:13:52 - mkk_comic - app.py:582 - INFO - 正在下载第 174/184 页...
2025-12-31 03:13:52 - mkk_comic - app.py:582 - INFO - 正在下载第 175/184 页...
2025-12-31 03:13:52 - mkk_comic - app.py:582 - INFO - 正在下载第 176/184 页...
2025-12-31 03:13:52 - mkk_comic - app.py:582 - INFO - 正在下载第 177/184 页...
2025-12-31 03:13:52 - mkk_comic - app.py:582 - INFO - 正在下载第 178/184 页...
2025-12-31 03:13:52 - mkk_comic - app.py:582 - INFO - 正在下载第 179/184 页...
2025-12-31 03:13:52 - mkk_comic - app.py:582 - INFO - 正在下载第 180/184 页...
2025-12-31 03:13:52 - mkk_comic - app.py:582 - INFO - 正在下载第 181/184 页...
2025-12-31 03:13:53 - mkk_comic - app.py:582 - INFO - 正在下载第 182/184 页...
2025-12-31 03:13:53 - mkk_comic - app.py:582 - INFO - 正在下载第 183/184 页...
2025-12-31 03:13:53 - mkk_comic - app.py:582 - INFO - 正在下载第 184/184 页...
2025-12-31 03:13:53 - mkk_comic - app.py:511 - INFO - 下载完成!
2025-12-31 03:13:53 - mkk_comic - app.py:512 - INFO - 成功下载: 184/184 页
2025-12-31 03:13:54 - mkk_comic - app.py:494 - INFO - 正在下载第17章: 第17卷    UUID:1bef510f-c85d-11e8-8859-024352452ce0
2025-12-31 03:13:55 - mkk_comic - app.py:502 - INFO - 创建目录: ./out/名偵探柯南/第17卷
2025-12-31 03:13:55 - mkk_comic - app.py:505 - INFO - 开始下载: 名偵探柯南 - 第17卷
2025-12-31 03:13:55 - mkk_comic - app.py:506 - INFO - 总页数: 184
2025-12-31 03:13:55 - mkk_comic - app.py:582 - INFO - 正在下载第 001/184 页...
2025-12-31 03:13:55 - mkk_comic - app.py:582 - INFO - 正在下载第 002/184 页...
2025-12-31 03:13:55 - mkk_comic - app.py:582 - INFO - 正在下载第 003/184 页...
2025-12-31 03:13:55 - mkk_comic - app.py:582 - INFO - 正在下载第 004/184 页...
2025-12-31 03:13:55 - mkk_comic - app.py:582 - INFO - 正在下载第 005/184 页...
2025-12-31 03:13:55 - mkk_comic - app.py:582 - INFO - 正在下载第 006/184 页...
2025-12-31 03:13:55 - mkk_comic - app.py:582 - INFO - 正在下载第 007/184 页...
2025-12-31 03:13:55 - mkk_comic - app.py:582 - INFO - 正在下载第 008/184 页...
2025-12-31 03:13:55 - mkk_comic - app.py:582 - INFO - 正在下载第 009/184 页...
2025-12-31 03:13:55 - mkk_comic - app.py:582 - INFO - 正在下载第 010/184 页...
2025-12-31 03:13:55 - mkk_comic - app.py:582 - INFO - 正在下载第 011/184 页...
2025-12-31 03:13:55 - mkk_comic - app.py:582 - INFO - 正在下载第 012/184 页...
2025-12-31 03:13:55 - mkk_comic - app.py:582 - INFO - 正在下载第 013/184 页...
2025-12-31 03:13:55 - mkk_comic - app.py:582 - INFO - 正在下载第 014/184 页...
2025-12-31 03:13:55 - mkk_comic - app.py:582 - INFO - 正在下载第 015/184 页...
2025-12-31 03:13:55 - mkk_comic - app.py:582 - INFO - 正在下载第 016/184 页...
2025-12-31 03:13:55 - mkk_comic - app.py:582 - INFO - 正在下载第 017/184 页...
2025-12-31 03:13:55 - mkk_comic - app.py:582 - INFO - 正在下载第 018/184 页...
2025-12-31 03:13:55 - mkk_comic - app.py:582 - INFO - 正在下载第 019/184 页...
2025-12-31 03:13:56 - mkk_comic - app.py:582 - INFO - 正在下载第 020/184 页...
2025-12-31 03:13:56 - mkk_comic - app.py:582 - INFO - 正在下载第 021/184 页...
2025-12-31 03:13:56 - mkk_comic - app.py:582 - INFO - 正在下载第 022/184 页...
2025-12-31 03:13:56 - mkk_comic - app.py:582 - INFO - 正在下载第 023/184 页...
2025-12-31 03:13:56 - mkk_comic - app.py:582 - INFO - 正在下载第 024/184 页...
2025-12-31 03:13:56 - mkk_comic - app.py:582 - INFO - 正在下载第 025/184 页...
2025-12-31 03:13:56 - mkk_comic - app.py:582 - INFO - 正在下载第 026/184 页...
2025-12-31 03:13:56 - mkk_comic - app.py:582 - INFO - 正在下载第 027/184 页...
2025-12-31 03:13:56 - mkk_comic - app.py:582 - INFO - 正在下载第 028/184 页...
2025-12-31 03:13:56 - mkk_comic - app.py:582 - INFO - 正在下载第 029/184 页...
2025-12-31 03:13:56 - mkk_comic - app.py:582 - INFO - 正在下载第 030/184 页...
2025-12-31 03:13:56 - mkk_comic - app.py:582 - INFO - 正在下载第 031/184 页...
2025-12-31 03:13:56 - mkk_comic - app.py:582 - INFO - 正在下载第 032/184 页...
2025-12-31 03:13:56 - mkk_comic - app.py:582 - INFO - 正在下载第 033/184 页...
2025-12-31 03:13:56 - mkk_comic - app.py:582 - INFO - 正在下载第 034/184 页...
2025-12-31 03:13:56 - mkk_comic - app.py:582 - INFO - 正在下载第 035/184 页...
2025-12-31 03:13:56 - mkk_comic - app.py:582 - INFO - 正在下载第 036/184 页...
2025-12-31 03:13:56 - mkk_comic - app.py:582 - INFO - 正在下载第 037/184 页...
2025-12-31 03:13:56 - mkk_comic - app.py:582 - INFO - 正在下载第 038/184 页...
2025-12-31 03:13:56 - mkk_comic - app.py:582 - INFO - 正在下载第 039/184 页...
2025-12-31 03:13:56 - mkk_comic - app.py:582 - INFO - 正在下载第 040/184 页...
2025-12-31 03:13:56 - mkk_comic - app.py:582 - INFO - 正在下载第 041/184 页...
2025-12-31 03:13:56 - mkk_comic - app.py:582 - INFO - 正在下载第 042/184 页...
2025-12-31 03:13:56 - mkk_comic - app.py:582 - INFO - 正在下载第 043/184 页...
2025-12-31 03:13:57 - mkk_comic - app.py:582 - INFO - 正在下载第 044/184 页...
2025-12-31 03:13:57 - mkk_comic - app.py:582 - INFO - 正在下载第 045/184 页...
2025-12-31 03:13:57 - mkk_comic - app.py:582 - INFO - 正在下载第 046/184 页...
2025-12-31 03:13:57 - mkk_comic - app.py:582 - INFO - 正在下载第 047/184 页...
2025-12-31 03:13:57 - mkk_comic - app.py:582 - INFO - 正在下载第 048/184 页...
2025-12-31 03:13:57 - mkk_comic - app.py:582 - INFO - 正在下载第 049/184 页...
2025-12-31 03:13:57 - mkk_comic - app.py:582 - INFO - 正在下载第 050/184 页...
2025-12-31 03:13:57 - mkk_comic - app.py:582 - INFO - 正在下载第 051/184 页...
2025-12-31 03:13:57 - mkk_comic - app.py:582 - INFO - 正在下载第 052/184 页...
2025-12-31 03:13:57 - mkk_comic - app.py:582 - INFO - 正在下载第 053/184 页...
2025-12-31 03:13:57 - mkk_comic - app.py:582 - INFO - 正在下载第 054/184 页...
2025-12-31 03:13:57 - mkk_comic - app.py:582 - INFO - 正在下载第 055/184 页...
2025-12-31 03:13:57 - mkk_comic - app.py:582 - INFO - 正在下载第 056/184 页...
2025-12-31 03:13:57 - mkk_comic - app.py:582 - INFO - 正在下载第 057/184 页...
2025-12-31 03:13:57 - mkk_comic - app.py:582 - INFO - 正在下载第 058/184 页...
2025-12-31 03:13:57 - mkk_comic - app.py:582 - INFO - 正在下载第 059/184 页...
2025-12-31 03:13:57 - mkk_comic - app.py:582 - INFO - 正在下载第 060/184 页...
2025-12-31 03:13:57 - mkk_comic - app.py:582 - INFO - 正在下载第 061/184 页...
2025-12-31 03:13:57 - mkk_comic - app.py:582 - INFO - 正在下载第 062/184 页...
2025-12-31 03:13:57 - mkk_comic - app.py:582 - INFO - 正在下载第 063/184 页...
2025-12-31 03:13:57 - mkk_comic - app.py:582 - INFO - 正在下载第 064/184 页...
2025-12-31 03:13:57 - mkk_comic - app.py:582 - INFO - 正在下载第 065/184 页...
2025-12-31 03:13:57 - mkk_comic - app.py:582 - INFO - 正在下载第 066/184 页...
2025-12-31 03:13:57 - mkk_comic - app.py:582 - INFO - 正在下载第 067/184 页...
2025-12-31 03:13:57 - mkk_comic - app.py:582 - INFO - 正在下载第 068/184 页...
2025-12-31 03:13:57 - mkk_comic - app.py:582 - INFO - 正在下载第 069/184 页...
2025-12-31 03:13:58 - mkk_comic - app.py:582 - INFO - 正在下载第 070/184 页...
2025-12-31 03:13:58 - mkk_comic - app.py:582 - INFO - 正在下载第 071/184 页...
2025-12-31 03:13:58 - mkk_comic - app.py:582 - INFO - 正在下载第 072/184 页...
2025-12-31 03:13:58 - mkk_comic - app.py:582 - INFO - 正在下载第 073/184 页...
2025-12-31 03:13:58 - mkk_comic - app.py:582 - INFO - 正在下载第 074/184 页...
2025-12-31 03:13:58 - mkk_comic - app.py:582 - INFO - 正在下载第 075/184 页...
2025-12-31 03:13:58 - mkk_comic - app.py:582 - INFO - 正在下载第 076/184 页...
2025-12-31 03:13:58 - mkk_comic - app.py:582 - INFO - 正在下载第 077/184 页...
2025-12-31 03:13:58 - mkk_comic - app.py:582 - INFO - 正在下载第 078/184 页...
2025-12-31 03:13:58 - mkk_comic - app.py:582 - INFO - 正在下载第 079/184 页...
2025-12-31 03:13:58 - mkk_comic - app.py:582 - INFO - 正在下载第 080/184 页...
2025-12-31 03:13:58 - mkk_comic - app.py:582 - INFO - 正在下载第 081/184 页...
2025-12-31 03:13:58 - mkk_comic - app.py:582 - INFO - 正在下载第 082/184 页...
2025-12-31 03:13:58 - mkk_comic - app.py:582 - INFO - 正在下载第 083/184 页...
2025-12-31 03:13:58 - mkk_comic - app.py:582 - INFO - 正在下载第 084/184 页...
2025-12-31 03:13:58 - mkk_comic - app.py:582 - INFO - 正在下载第 085/184 页...
2025-12-31 03:13:58 - mkk_comic - app.py:582 - INFO - 正在下载第 086/184 页...
2025-12-31 03:13:58 - mkk_comic - app.py:582 - INFO - 正在下载第 087/184 页...
2025-12-31 03:13:58 - mkk_comic - app.py:582 - INFO - 正在下载第 088/184 页...
2025-12-31 03:13:58 - mkk_comic - app.py:582 - INFO - 正在下载第 089/184 页...
2025-12-31 03:13:58 - mkk_comic - app.py:582 - INFO - 正在下载第 090/184 页...
2025-12-31 03:13:58 - mkk_comic - app.py:582 - INFO - 正在下载第 091/184 页...
2025-12-31 03:13:58 - mkk_comic - app.py:582 - INFO - 正在下载第 092/184 页...
2025-12-31 03:13:58 - mkk_comic - app.py:582 - INFO - 正在下载第 093/184 页...
2025-12-31 03:13:58 - mkk_comic - app.py:582 - INFO - 正在下载第 094/184 页...
2025-12-31 03:13:59 - mkk_comic - app.py:582 - INFO - 正在下载第 095/184 页...
2025-12-31 03:13:59 - mkk_comic - app.py:582 - INFO - 正在下载第 096/184 页...
2025-12-31 03:13:59 - mkk_comic - app.py:582 - INFO - 正在下载第 097/184 页...
2025-12-31 03:13:59 - mkk_comic - app.py:582 - INFO - 正在下载第 098/184 页...
2025-12-31 03:13:59 - mkk_comic - app.py:582 - INFO - 正在下载第 099/184 页...
2025-12-31 03:13:59 - mkk_comic - app.py:582 - INFO - 正在下载第 100/184 页...
2025-12-31 03:13:59 - mkk_comic - app.py:582 - INFO - 正在下载第 101/184 页...
2025-12-31 03:13:59 - mkk_comic - app.py:582 - INFO - 正在下载第 102/184 页...
2025-12-31 03:13:59 - mkk_comic - app.py:582 - INFO - 正在下载第 103/184 页...
2025-12-31 03:13:59 - mkk_comic - app.py:582 - INFO - 正在下载第 104/184 页...
2025-12-31 03:13:59 - mkk_comic - app.py:582 - INFO - 正在下载第 105/184 页...
2025-12-31 03:13:59 - mkk_comic - app.py:582 - INFO - 正在下载第 106/184 页...
2025-12-31 03:13:59 - mkk_comic - app.py:582 - INFO - 正在下载第 107/184 页...
2025-12-31 03:13:59 - mkk_comic - app.py:582 - INFO - 正在下载第 108/184 页...
2025-12-31 03:13:59 - mkk_comic - app.py:582 - INFO - 正在下载第 109/184 页...
2025-12-31 03:13:59 - mkk_comic - app.py:582 - INFO - 正在下载第 110/184 页...
2025-12-31 03:13:59 - mkk_comic - app.py:582 - INFO - 正在下载第 111/184 页...
2025-12-31 03:13:59 - mkk_comic - app.py:582 - INFO - 正在下载第 112/184 页...
2025-12-31 03:13:59 - mkk_comic - app.py:582 - INFO - 正在下载第 113/184 页...
2025-12-31 03:13:59 - mkk_comic - app.py:582 - INFO - 正在下载第 114/184 页...
2025-12-31 03:13:59 - mkk_comic - app.py:582 - INFO - 正在下载第 115/184 页...
2025-12-31 03:14:00 - mkk_comic - app.py:582 - INFO - 正在下载第 116/184 页...
2025-12-31 03:14:00 - mkk_comic - app.py:582 - INFO - 正在下载第 117/184 页...
2025-12-31 03:14:00 - mkk_comic - app.py:582 - INFO - 正在下载第 118/184 页...
2025-12-31 03:14:00 - mkk_comic - app.py:582 - INFO - 正在下载第 119/184 页...
2025-12-31 03:14:00 - mkk_comic - app.py:582 - INFO - 正在下载第 120/184 页...
2025-12-31 03:14:00 - mkk_comic - app.py:582 - INFO - 正在下载第 121/184 页...
2025-12-31 03:14:00 - mkk_comic - app.py:582 - INFO - 正在下载第 122/184 页...
2025-12-31 03:14:00 - mkk_comic - app.py:582 - INFO - 正在下载第 123/184 页...
2025-12-31 03:14:00 - mkk_comic - app.py:582 - INFO - 正在下载第 124/184 页...
2025-12-31 03:14:00 - mkk_comic - app.py:582 - INFO - 正在下载第 125/184 页...
2025-12-31 03:14:00 - mkk_comic - app.py:582 - INFO - 正在下载第 126/184 页...
2025-12-31 03:14:00 - mkk_comic - app.py:582 - INFO - 正在下载第 127/184 页...
2025-12-31 03:14:00 - mkk_comic - app.py:582 - INFO - 正在下载第 128/184 页...
2025-12-31 03:14:00 - mkk_comic - app.py:582 - INFO - 正在下载第 129/184 页...
2025-12-31 03:14:00 - mkk_comic - app.py:582 - INFO - 正在下载第 130/184 页...
2025-12-31 03:14:00 - mkk_comic - app.py:582 - INFO - 正在下载第 131/184 页...
2025-12-31 03:14:00 - mkk_comic - app.py:582 - INFO - 正在下载第 132/184 页...
2025-12-31 03:14:00 - mkk_comic - app.py:582 - INFO - 正在下载第 133/184 页...
2025-12-31 03:14:00 - mkk_comic - app.py:582 - INFO - 正在下载第 134/184 页...
2025-12-31 03:14:00 - mkk_comic - app.py:582 - INFO - 正在下载第 135/184 页...
2025-12-31 03:14:00 - mkk_comic - app.py:582 - INFO - 正在下载第 136/184 页...
2025-12-31 03:14:00 - mkk_comic - app.py:582 - INFO - 正在下载第 137/184 页...
2025-12-31 03:14:00 - mkk_comic - app.py:582 - INFO - 正在下载第 138/184 页...
2025-12-31 03:14:01 - mkk_comic - app.py:582 - INFO - 正在下载第 139/184 页...
2025-12-31 03:14:01 - mkk_comic - app.py:582 - INFO - 正在下载第 140/184 页...
2025-12-31 03:14:01 - mkk_comic - app.py:582 - INFO - 正在下载第 141/184 页...
2025-12-31 03:14:01 - mkk_comic - app.py:582 - INFO - 正在下载第 142/184 页...
2025-12-31 03:14:01 - mkk_comic - app.py:582 - INFO - 正在下载第 143/184 页...
2025-12-31 03:14:01 - mkk_comic - app.py:582 - INFO - 正在下载第 144/184 页...
2025-12-31 03:14:01 - mkk_comic - app.py:582 - INFO - 正在下载第 145/184 页...
2025-12-31 03:14:01 - mkk_comic - app.py:582 - INFO - 正在下载第 146/184 页...
2025-12-31 03:14:01 - mkk_comic - app.py:582 - INFO - 正在下载第 147/184 页...
2025-12-31 03:14:01 - mkk_comic - app.py:582 - INFO - 正在下载第 148/184 页...
2025-12-31 03:14:01 - mkk_comic - app.py:582 - INFO - 正在下载第 149/184 页...
2025-12-31 03:14:01 - mkk_comic - app.py:582 - INFO - 正在下载第 150/184 页...
2025-12-31 03:14:01 - mkk_comic - app.py:582 - INFO - 正在下载第 151/184 页...
2025-12-31 03:14:01 - mkk_comic - app.py:582 - INFO - 正在下载第 152/184 页...
2025-12-31 03:14:01 - mkk_comic - app.py:582 - INFO - 正在下载第 153/184 页...
2025-12-31 03:14:01 - mkk_comic - app.py:582 - INFO - 正在下载第 154/184 页...
2025-12-31 03:14:01 - mkk_comic - app.py:582 - INFO - 正在下载第 155/184 页...
2025-12-31 03:14:01 - mkk_comic - app.py:582 - INFO - 正在下载第 156/184 页...
2025-12-31 03:14:01 - mkk_comic - app.py:582 - INFO - 正在下载第 157/184 页...
2025-12-31 03:14:01 - mkk_comic - app.py:582 - INFO - 正在下载第 158/184 页...
2025-12-31 03:14:01 - mkk_comic - app.py:582 - INFO - 正在下载第 159/184 页...
2025-12-31 03:14:01 - mkk_comic - app.py:582 - INFO - 正在下载第 160/184 页...
2025-12-31 03:14:02 - mkk_comic - app.py:582 - INFO - 正在下载第 161/184 页...
2025-12-31 03:14:02 - mkk_comic - app.py:582 - INFO - 正在下载第 162/184 页...
2025-12-31 03:14:02 - mkk_comic - app.py:582 - INFO - 正在下载第 163/184 页...
2025-12-31 03:14:02 - mkk_comic - app.py:582 - INFO - 正在下载第 164/184 页...
2025-12-31 03:14:02 - mkk_comic - app.py:582 - INFO - 正在下载第 165/184 页...
2025-12-31 03:14:02 - mkk_comic - app.py:582 - INFO - 正在下载第 166/184 页...
2025-12-31 03:14:02 - mkk_comic - app.py:582 - INFO - 正在下载第 167/184 页...
2025-12-31 03:14:02 - mkk_comic - app.py:582 - INFO - 正在下载第 168/184 页...
2025-12-31 03:14:02 - mkk_comic - app.py:582 - INFO - 正在下载第 169/184 页...
2025-12-31 03:14:02 - mkk_comic - app.py:582 - INFO - 正在下载第 170/184 页...
2025-12-31 03:14:02 - mkk_comic - app.py:582 - INFO - 正在下载第 171/184 页...
2025-12-31 03:14:02 - mkk_comic - app.py:582 - INFO - 正在下载第 172/184 页...
2025-12-31 03:14:02 - mkk_comic - app.py:582 - INFO - 正在下载第 173/184 页...
2025-12-31 03:14:02 - mkk_comic - app.py:582 - INFO - 正在下载第 174/184 页...
2025-12-31 03:14:02 - mkk_comic - app.py:582 - INFO - 正在下载第 175/184 页...
2025-12-31 03:14:02 - mkk_comic - app.py:582 - INFO - 正在下载第 176/184 页...
2025-12-31 03:14:02 - mkk_comic - app.py:582 - INFO - 正在下载第 177/184 页...
2025-12-31 03:14:02 - mkk_comic - app.py:582 - INFO - 正在下载第 178/184 页...
2025-12-31 03:14:02 - mkk_comic - app.py:582 - INFO - 正在下载第 179/184 页...
2025-12-31 03:14:02 - mkk_comic - app.py:582 - INFO - 正在下载第 180/184 页...
2025-12-31 03:14:02 - mkk_comic - app.py:582 - INFO - 正在下载第 181/184 页...
2025-12-31 03:14:02 - mkk_comic - app.py:582 - INFO - 正在下载第 182/184 页...
2025-12-31 03:14:02 - mkk_comic - app.py:582 - INFO - 正在下载第 183/184 页...
2025-12-31 03:14:02 - mkk_comic - app.py:582 - INFO - 正在下载第 184/184 页...
2025-12-31 03:14:03 - mkk_comic - app.py:511 - INFO - 下载完成!
2025-12-31 03:14:03 - mkk_comic - app.py:512 - INFO - 成功下载: 184/184 页
2025-12-31 03:14:03 - mkk_comic - app.py:858 - INFO - ===== 检查更新完成 =====

