2026-01-04 03:27:09 - mkk_comic - app.py:863 - INFO - 运行环境：GitHub Actions（自动化模式）
2026-01-04 03:27:09 - mkk_comic - app.py:820 - INFO - ===== 开始检查更新=====
2026-01-04 03:27:09 - mkk_comic - app.py:838 - INFO - 【名侦探柯南】上次下载至第23章
2026-01-04 03:27:10 - mkk_comic - app.py:845 - INFO - 【名侦探柯南】检测到更新！最新：272章
2026-01-04 03:27:10 - mkk_comic - app.py:848 - INFO - 【名侦探柯南】最大下载限制为2章-需下载24~25章）
2026-01-04 03:27:11 - mkk_comic - app.py:494 - INFO - 正在下载第24章: 第24卷    UUID:95a3774a-c85d-11e8-8859-024352452ce0
2026-01-04 03:27:11 - mkk_comic - app.py:502 - INFO - 创建目录: ./out/名偵探柯南/第24卷
2026-01-04 03:27:11 - mkk_comic - app.py:505 - INFO - 开始下载: 名偵探柯南 - 第24卷
2026-01-04 03:27:11 - mkk_comic - app.py:506 - INFO - 总页数: 193
2026-01-04 03:27:11 - mkk_comic - app.py:582 - INFO - 正在下载第 001/193 页...
2026-01-04 03:27:11 - mkk_comic - app.py:582 - INFO - 正在下载第 002/193 页...
2026-01-04 03:27:11 - mkk_comic - app.py:582 - INFO - 正在下载第 003/193 页...
2026-01-04 03:27:11 - mkk_comic - app.py:582 - INFO - 正在下载第 004/193 页...
2026-01-04 03:27:11 - mkk_comic - app.py:582 - INFO - 正在下载第 005/193 页...
2026-01-04 03:27:12 - mkk_comic - app.py:582 - INFO - 正在下载第 006/193 页...
2026-01-04 03:27:12 - mkk_comic - app.py:582 - INFO - 正在下载第 007/193 页...
2026-01-04 03:27:12 - mkk_comic - app.py:582 - INFO - 正在下载第 008/193 页...
2026-01-04 03:27:12 - mkk_comic - app.py:582 - INFO - 正在下载第 009/193 页...
2026-01-04 03:27:12 - mkk_comic - app.py:582 - INFO - 正在下载第 010/193 页...
2026-01-04 03:27:12 - mkk_comic - app.py:582 - INFO - 正在下载第 011/193 页...
2026-01-04 03:27:12 - mkk_comic - app.py:582 - INFO - 正在下载第 012/193 页...
2026-01-04 03:27:12 - mkk_comic - app.py:582 - INFO - 正在下载第 013/193 页...
2026-01-04 03:27:12 - mkk_comic - app.py:582 - INFO - 正在下载第 014/193 页...
2026-01-04 03:27:12 - mkk_comic - app.py:582 - INFO - 正在下载第 015/193 页...
2026-01-04 03:27:12 - mkk_comic - app.py:582 - INFO - 正在下载第 016/193 页...
2026-01-04 03:27:12 - mkk_comic - app.py:582 - INFO - 正在下载第 017/193 页...
2026-01-04 03:27:12 - mkk_comic - app.py:582 - INFO - 正在下载第 018/193 页...
2026-01-04 03:27:12 - mkk_comic - app.py:582 - INFO - 正在下载第 019/193 页...
2026-01-04 03:27:12 - mkk_comic - app.py:582 - INFO - 正在下载第 020/193 页...
2026-01-04 03:27:12 - mkk_comic - app.py:582 - INFO - 正在下载第 021/193 页...
2026-01-04 03:27:12 - mkk_comic - app.py:582 - INFO - 正在下载第 022/193 页...
2026-01-04 03:27:12 - mkk_comic - app.py:582 - INFO - 正在下载第 023/193 页...
2026-01-04 03:27:12 - mkk_comic - app.py:582 - INFO - 正在下载第 024/193 页...
2026-01-04 03:27:12 - mkk_comic - app.py:582 - INFO - 正在下载第 025/193 页...
2026-01-04 03:27:12 - mkk_comic - app.py:582 - INFO - 正在下载第 026/193 页...
2026-01-04 03:27:12 - mkk_comic - app.py:582 - INFO - 正在下载第 027/193 页...
2026-01-04 03:27:12 - mkk_comic - app.py:582 - INFO - 正在下载第 028/193 页...
2026-01-04 03:27:12 - mkk_comic - app.py:582 - INFO - 正在下载第 029/193 页...
2026-01-04 03:27:12 - mkk_comic - app.py:582 - INFO - 正在下载第 030/193 页...
2026-01-04 03:27:13 - mkk_comic - app.py:582 - INFO - 正在下载第 031/193 页...
2026-01-04 03:27:13 - mkk_comic - app.py:582 - INFO - 正在下载第 032/193 页...
2026-01-04 03:27:13 - mkk_comic - app.py:582 - INFO - 正在下载第 033/193 页...
2026-01-04 03:27:13 - mkk_comic - app.py:582 - INFO - 正在下载第 034/193 页...
2026-01-04 03:27:13 - mkk_comic - app.py:582 - INFO - 正在下载第 035/193 页...
2026-01-04 03:27:13 - mkk_comic - app.py:582 - INFO - 正在下载第 036/193 页...
2026-01-04 03:27:13 - mkk_comic - app.py:582 - INFO - 正在下载第 037/193 页...
2026-01-04 03:27:13 - mkk_comic - app.py:582 - INFO - 正在下载第 038/193 页...
2026-01-04 03:27:13 - mkk_comic - app.py:582 - INFO - 正在下载第 039/193 页...
2026-01-04 03:27:13 - mkk_comic - app.py:582 - INFO - 正在下载第 040/193 页...
2026-01-04 03:27:13 - mkk_comic - app.py:582 - INFO - 正在下载第 041/193 页...
2026-01-04 03:27:13 - mkk_comic - app.py:582 - INFO - 正在下载第 042/193 页...
2026-01-04 03:27:13 - mkk_comic - app.py:582 - INFO - 正在下载第 043/193 页...
2026-01-04 03:27:13 - mkk_comic - app.py:582 - INFO - 正在下载第 044/193 页...
2026-01-04 03:27:13 - mkk_comic - app.py:582 - INFO - 正在下载第 045/193 页...
2026-01-04 03:27:13 - mkk_comic - app.py:582 - INFO - 正在下载第 046/193 页...
2026-01-04 03:27:13 - mkk_comic - app.py:582 - INFO - 正在下载第 047/193 页...
2026-01-04 03:27:13 - mkk_comic - app.py:582 - INFO - 正在下载第 048/193 页...
2026-01-04 03:27:13 - mkk_comic - app.py:582 - INFO - 正在下载第 049/193 页...
2026-01-04 03:27:13 - mkk_comic - app.py:582 - INFO - 正在下载第 050/193 页...
2026-01-04 03:27:13 - mkk_comic - app.py:582 - INFO - 正在下载第 051/193 页...
2026-01-04 03:27:14 - mkk_comic - app.py:582 - INFO - 正在下载第 052/193 页...
2026-01-04 03:27:14 - mkk_comic - app.py:582 - INFO - 正在下载第 053/193 页...
2026-01-04 03:27:14 - mkk_comic - app.py:582 - INFO - 正在下载第 054/193 页...
2026-01-04 03:27:14 - mkk_comic - app.py:582 - INFO - 正在下载第 055/193 页...
2026-01-04 03:27:14 - mkk_comic - app.py:582 - INFO - 正在下载第 056/193 页...
2026-01-04 03:27:14 - mkk_comic - app.py:582 - INFO - 正在下载第 057/193 页...
2026-01-04 03:27:14 - mkk_comic - app.py:582 - INFO - 正在下载第 058/193 页...
2026-01-04 03:27:14 - mkk_comic - app.py:582 - INFO - 正在下载第 059/193 页...
2026-01-04 03:27:14 - mkk_comic - app.py:582 - INFO - 正在下载第 060/193 页...
2026-01-04 03:27:14 - mkk_comic - app.py:582 - INFO - 正在下载第 061/193 页...
2026-01-04 03:27:14 - mkk_comic - app.py:582 - INFO - 正在下载第 062/193 页...
2026-01-04 03:27:14 - mkk_comic - app.py:582 - INFO - 正在下载第 063/193 页...
2026-01-04 03:27:14 - mkk_comic - app.py:582 - INFO - 正在下载第 064/193 页...
2026-01-04 03:27:14 - mkk_comic - app.py:582 - INFO - 正在下载第 065/193 页...
2026-01-04 03:27:14 - mkk_comic - app.py:582 - INFO - 正在下载第 066/193 页...
2026-01-04 03:27:14 - mkk_comic - app.py:582 - INFO - 正在下载第 067/193 页...
2026-01-04 03:27:14 - mkk_comic - app.py:582 - INFO - 正在下载第 068/193 页...
2026-01-04 03:27:14 - mkk_comic - app.py:582 - INFO - 正在下载第 069/193 页...
2026-01-04 03:27:14 - mkk_comic - app.py:582 - INFO - 正在下载第 070/193 页...
2026-01-04 03:27:14 - mkk_comic - app.py:582 - INFO - 正在下载第 071/193 页...
2026-01-04 03:27:14 - mkk_comic - app.py:582 - INFO - 正在下载第 072/193 页...
2026-01-04 03:27:14 - mkk_comic - app.py:582 - INFO - 正在下载第 073/193 页...
2026-01-04 03:27:14 - mkk_comic - app.py:582 - INFO - 正在下载第 074/193 页...
2026-01-04 03:27:14 - mkk_comic - app.py:582 - INFO - 正在下载第 075/193 页...
2026-01-04 03:27:15 - mkk_comic - app.py:582 - INFO - 正在下载第 076/193 页...
2026-01-04 03:27:15 - mkk_comic - app.py:582 - INFO - 正在下载第 077/193 页...
2026-01-04 03:27:15 - mkk_comic - app.py:582 - INFO - 正在下载第 078/193 页...
2026-01-04 03:27:15 - mkk_comic - app.py:582 - INFO - 正在下载第 079/193 页...
2026-01-04 03:27:15 - mkk_comic - app.py:582 - INFO - 正在下载第 080/193 页...
2026-01-04 03:27:15 - mkk_comic - app.py:582 - INFO - 正在下载第 081/193 页...
2026-01-04 03:27:15 - mkk_comic - app.py:582 - INFO - 正在下载第 082/193 页...
2026-01-04 03:27:15 - mkk_comic - app.py:582 - INFO - 正在下载第 083/193 页...
2026-01-04 03:27:15 - mkk_comic - app.py:582 - INFO - 正在下载第 084/193 页...
2026-01-04 03:27:15 - mkk_comic - app.py:582 - INFO - 正在下载第 085/193 页...
2026-01-04 03:27:15 - mkk_comic - app.py:582 - INFO - 正在下载第 086/193 页...
2026-01-04 03:27:15 - mkk_comic - app.py:582 - INFO - 正在下载第 087/193 页...
2026-01-04 03:27:15 - mkk_comic - app.py:582 - INFO - 正在下载第 088/193 页...
2026-01-04 03:27:15 - mkk_comic - app.py:582 - INFO - 正在下载第 089/193 页...
2026-01-04 03:27:15 - mkk_comic - app.py:582 - INFO - 正在下载第 090/193 页...
2026-01-04 03:27:15 - mkk_comic - app.py:582 - INFO - 正在下载第 091/193 页...
2026-01-04 03:27:15 - mkk_comic - app.py:582 - INFO - 正在下载第 092/193 页...
2026-01-04 03:27:15 - mkk_comic - app.py:582 - INFO - 正在下载第 093/193 页...
2026-01-04 03:27:16 - mkk_comic - app.py:582 - INFO - 正在下载第 094/193 页...
2026-01-04 03:27:16 - mkk_comic - app.py:582 - INFO - 正在下载第 095/193 页...
2026-01-04 03:27:16 - mkk_comic - app.py:582 - INFO - 正在下载第 096/193 页...
2026-01-04 03:27:16 - mkk_comic - app.py:582 - INFO - 正在下载第 097/193 页...
2026-01-04 03:27:16 - mkk_comic - app.py:582 - INFO - 正在下载第 098/193 页...
2026-01-04 03:27:16 - mkk_comic - app.py:582 - INFO - 正在下载第 099/193 页...
2026-01-04 03:27:16 - mkk_comic - app.py:582 - INFO - 正在下载第 100/193 页...
2026-01-04 03:27:16 - mkk_comic - app.py:582 - INFO - 正在下载第 101/193 页...
2026-01-04 03:27:16 - mkk_comic - app.py:582 - INFO - 正在下载第 102/193 页...
2026-01-04 03:27:16 - mkk_comic - app.py:582 - INFO - 正在下载第 103/193 页...
2026-01-04 03:27:16 - mkk_comic - app.py:582 - INFO - 正在下载第 104/193 页...
2026-01-04 03:27:16 - mkk_comic - app.py:582 - INFO - 正在下载第 105/193 页...
2026-01-04 03:27:16 - mkk_comic - app.py:582 - INFO - 正在下载第 106/193 页...
2026-01-04 03:27:16 - mkk_comic - app.py:582 - INFO - 正在下载第 107/193 页...
2026-01-04 03:27:16 - mkk_comic - app.py:582 - INFO - 正在下载第 108/193 页...
2026-01-04 03:27:16 - mkk_comic - app.py:582 - INFO - 正在下载第 109/193 页...
2026-01-04 03:27:16 - mkk_comic - app.py:582 - INFO - 正在下载第 110/193 页...
2026-01-04 03:27:17 - mkk_comic - app.py:582 - INFO - 正在下载第 111/193 页...
2026-01-04 03:27:17 - mkk_comic - app.py:582 - INFO - 正在下载第 112/193 页...
2026-01-04 03:27:17 - mkk_comic - app.py:582 - INFO - 正在下载第 113/193 页...
2026-01-04 03:27:17 - mkk_comic - app.py:582 - INFO - 正在下载第 114/193 页...
2026-01-04 03:27:17 - mkk_comic - app.py:582 - INFO - 正在下载第 115/193 页...
2026-01-04 03:27:17 - mkk_comic - app.py:582 - INFO - 正在下载第 116/193 页...
2026-01-04 03:27:17 - mkk_comic - app.py:582 - INFO - 正在下载第 117/193 页...
2026-01-04 03:27:17 - mkk_comic - app.py:582 - INFO - 正在下载第 118/193 页...
2026-01-04 03:27:17 - mkk_comic - app.py:582 - INFO - 正在下载第 119/193 页...
2026-01-04 03:27:17 - mkk_comic - app.py:582 - INFO - 正在下载第 120/193 页...
2026-01-04 03:27:17 - mkk_comic - app.py:582 - INFO - 正在下载第 121/193 页...
2026-01-04 03:27:18 - mkk_comic - app.py:582 - INFO - 正在下载第 122/193 页...
2026-01-04 03:27:18 - mkk_comic - app.py:582 - INFO - 正在下载第 123/193 页...
2026-01-04 03:27:18 - mkk_comic - app.py:582 - INFO - 正在下载第 124/193 页...
2026-01-04 03:27:18 - mkk_comic - app.py:582 - INFO - 正在下载第 125/193 页...
2026-01-04 03:27:18 - mkk_comic - app.py:582 - INFO - 正在下载第 126/193 页...
2026-01-04 03:27:18 - mkk_comic - app.py:582 - INFO - 正在下载第 127/193 页...
2026-01-04 03:27:18 - mkk_comic - app.py:582 - INFO - 正在下载第 128/193 页...
2026-01-04 03:27:18 - mkk_comic - app.py:582 - INFO - 正在下载第 129/193 页...
2026-01-04 03:27:18 - mkk_comic - app.py:582 - INFO - 正在下载第 130/193 页...
2026-01-04 03:27:18 - mkk_comic - app.py:582 - INFO - 正在下载第 131/193 页...
2026-01-04 03:27:18 - mkk_comic - app.py:582 - INFO - 正在下载第 132/193 页...
2026-01-04 03:27:18 - mkk_comic - app.py:582 - INFO - 正在下载第 133/193 页...
2026-01-04 03:27:18 - mkk_comic - app.py:582 - INFO - 正在下载第 134/193 页...
2026-01-04 03:27:18 - mkk_comic - app.py:582 - INFO - 正在下载第 135/193 页...
2026-01-04 03:27:18 - mkk_comic - app.py:582 - INFO - 正在下载第 136/193 页...
2026-01-04 03:27:18 - mkk_comic - app.py:582 - INFO - 正在下载第 137/193 页...
2026-01-04 03:27:18 - mkk_comic - app.py:582 - INFO - 正在下载第 138/193 页...
2026-01-04 03:27:18 - mkk_comic - app.py:582 - INFO - 正在下载第 139/193 页...
2026-01-04 03:27:18 - mkk_comic - app.py:582 - INFO - 正在下载第 140/193 页...
2026-01-04 03:27:18 - mkk_comic - app.py:582 - INFO - 正在下载第 141/193 页...
2026-01-04 03:27:18 - mkk_comic - app.py:582 - INFO - 正在下载第 142/193 页...
2026-01-04 03:27:18 - mkk_comic - app.py:582 - INFO - 正在下载第 143/193 页...
2026-01-04 03:27:19 - mkk_comic - app.py:582 - INFO - 正在下载第 144/193 页...
2026-01-04 03:27:19 - mkk_comic - app.py:582 - INFO - 正在下载第 145/193 页...
2026-01-04 03:27:19 - mkk_comic - app.py:582 - INFO - 正在下载第 146/193 页...
2026-01-04 03:27:19 - mkk_comic - app.py:582 - INFO - 正在下载第 147/193 页...
2026-01-04 03:27:19 - mkk_comic - app.py:582 - INFO - 正在下载第 148/193 页...
2026-01-04 03:27:19 - mkk_comic - app.py:582 - INFO - 正在下载第 149/193 页...
2026-01-04 03:27:19 - mkk_comic - app.py:582 - INFO - 正在下载第 150/193 页...
2026-01-04 03:27:19 - mkk_comic - app.py:582 - INFO - 正在下载第 151/193 页...
2026-01-04 03:27:19 - mkk_comic - app.py:582 - INFO - 正在下载第 152/193 页...
2026-01-04 03:27:19 - mkk_comic - app.py:582 - INFO - 正在下载第 153/193 页...
2026-01-04 03:27:19 - mkk_comic - app.py:582 - INFO - 正在下载第 154/193 页...
2026-01-04 03:27:19 - mkk_comic - app.py:582 - INFO - 正在下载第 155/193 页...
2026-01-04 03:27:19 - mkk_comic - app.py:582 - INFO - 正在下载第 156/193 页...
2026-01-04 03:27:19 - mkk_comic - app.py:582 - INFO - 正在下载第 157/193 页...
2026-01-04 03:27:19 - mkk_comic - app.py:582 - INFO - 正在下载第 158/193 页...
2026-01-04 03:27:19 - mkk_comic - app.py:582 - INFO - 正在下载第 159/193 页...
2026-01-04 03:27:19 - mkk_comic - app.py:582 - INFO - 正在下载第 160/193 页...
2026-01-04 03:27:19 - mkk_comic - app.py:582 - INFO - 正在下载第 161/193 页...
2026-01-04 03:27:19 - mkk_comic - app.py:582 - INFO - 正在下载第 162/193 页...
2026-01-04 03:27:19 - mkk_comic - app.py:582 - INFO - 正在下载第 163/193 页...
2026-01-04 03:27:19 - mkk_comic - app.py:582 - INFO - 正在下载第 164/193 页...
2026-01-04 03:27:20 - mkk_comic - app.py:582 - INFO - 正在下载第 165/193 页...
2026-01-04 03:27:20 - mkk_comic - app.py:582 - INFO - 正在下载第 166/193 页...
2026-01-04 03:27:20 - mkk_comic - app.py:582 - INFO - 正在下载第 167/193 页...
2026-01-04 03:27:20 - mkk_comic - app.py:582 - INFO - 正在下载第 168/193 页...
2026-01-04 03:27:20 - mkk_comic - app.py:582 - INFO - 正在下载第 169/193 页...
2026-01-04 03:27:20 - mkk_comic - app.py:582 - INFO - 正在下载第 170/193 页...
2026-01-04 03:27:20 - mkk_comic - app.py:582 - INFO - 正在下载第 171/193 页...
2026-01-04 03:27:20 - mkk_comic - app.py:582 - INFO - 正在下载第 172/193 页...
2026-01-04 03:27:20 - mkk_comic - app.py:582 - INFO - 正在下载第 173/193 页...
2026-01-04 03:27:20 - mkk_comic - app.py:582 - INFO - 正在下载第 174/193 页...
2026-01-04 03:27:20 - mkk_comic - app.py:582 - INFO - 正在下载第 175/193 页...
2026-01-04 03:27:20 - mkk_comic - app.py:582 - INFO - 正在下载第 176/193 页...
2026-01-04 03:27:20 - mkk_comic - app.py:582 - INFO - 正在下载第 177/193 页...
2026-01-04 03:27:20 - mkk_comic - app.py:582 - INFO - 正在下载第 178/193 页...
2026-01-04 03:27:20 - mkk_comic - app.py:582 - INFO - 正在下载第 179/193 页...
2026-01-04 03:27:20 - mkk_comic - app.py:582 - INFO - 正在下载第 180/193 页...
2026-01-04 03:27:20 - mkk_comic - app.py:582 - INFO - 正在下载第 181/193 页...
2026-01-04 03:27:20 - mkk_comic - app.py:582 - INFO - 正在下载第 182/193 页...
2026-01-04 03:27:20 - mkk_comic - app.py:582 - INFO - 正在下载第 183/193 页...
2026-01-04 03:27:20 - mkk_comic - app.py:582 - INFO - 正在下载第 184/193 页...
2026-01-04 03:27:20 - mkk_comic - app.py:582 - INFO - 正在下载第 185/193 页...
2026-01-04 03:27:20 - mkk_comic - app.py:582 - INFO - 正在下载第 186/193 页...
2026-01-04 03:27:20 - mkk_comic - app.py:582 - INFO - 正在下载第 187/193 页...
2026-01-04 03:27:21 - mkk_comic - app.py:582 - INFO - 正在下载第 188/193 页...
2026-01-04 03:27:21 - mkk_comic - app.py:582 - INFO - 正在下载第 189/193 页...
2026-01-04 03:27:21 - mkk_comic - app.py:582 - INFO - 正在下载第 190/193 页...
2026-01-04 03:27:21 - mkk_comic - app.py:582 - INFO - 正在下载第 191/193 页...
2026-01-04 03:27:21 - mkk_comic - app.py:582 - INFO - 正在下载第 192/193 页...
2026-01-04 03:27:21 - mkk_comic - app.py:582 - INFO - 正在下载第 193/193 页...
2026-01-04 03:27:22 - mkk_comic - app.py:511 - INFO - 下载完成!
2026-01-04 03:27:22 - mkk_comic - app.py:512 - INFO - 成功下载: 193/193 页
2026-01-04 03:27:22 - mkk_comic - app.py:494 - INFO - 正在下载第25章: 第25卷    UUID:af284839-c85d-11e8-8859-024352452ce0
2026-01-04 03:27:23 - mkk_comic - app.py:502 - INFO - 创建目录: ./out/名偵探柯南/第25卷
2026-01-04 03:27:23 - mkk_comic - app.py:505 - INFO - 开始下载: 名偵探柯南 - 第25卷
2026-01-04 03:27:23 - mkk_comic - app.py:506 - INFO - 总页数: 196
2026-01-04 03:27:23 - mkk_comic - app.py:582 - INFO - 正在下载第 001/196 页...
2026-01-04 03:27:23 - mkk_comic - app.py:582 - INFO - 正在下载第 002/196 页...
2026-01-04 03:27:23 - mkk_comic - app.py:582 - INFO - 正在下载第 003/196 页...
2026-01-04 03:27:23 - mkk_comic - app.py:582 - INFO - 正在下载第 004/196 页...
2026-01-04 03:27:23 - mkk_comic - app.py:582 - INFO - 正在下载第 005/196 页...
2026-01-04 03:27:23 - mkk_comic - app.py:582 - INFO - 正在下载第 006/196 页...
2026-01-04 03:27:23 - mkk_comic - app.py:582 - INFO - 正在下载第 007/196 页...
2026-01-04 03:27:23 - mkk_comic - app.py:582 - INFO - 正在下载第 008/196 页...
2026-01-04 03:27:23 - mkk_comic - app.py:582 - INFO - 正在下载第 009/196 页...
2026-01-04 03:27:24 - mkk_comic - app.py:582 - INFO - 正在下载第 010/196 页...
2026-01-04 03:27:24 - mkk_comic - app.py:582 - INFO - 正在下载第 011/196 页...
2026-01-04 03:27:24 - mkk_comic - app.py:582 - INFO - 正在下载第 012/196 页...
2026-01-04 03:27:24 - mkk_comic - app.py:582 - INFO - 正在下载第 013/196 页...
2026-01-04 03:27:24 - mkk_comic - app.py:582 - INFO - 正在下载第 014/196 页...
2026-01-04 03:27:24 - mkk_comic - app.py:582 - INFO - 正在下载第 015/196 页...
2026-01-04 03:27:24 - mkk_comic - app.py:582 - INFO - 正在下载第 016/196 页...
2026-01-04 03:27:24 - mkk_comic - app.py:582 - INFO - 正在下载第 017/196 页...
2026-01-04 03:27:24 - mkk_comic - app.py:582 - INFO - 正在下载第 018/196 页...
2026-01-04 03:27:24 - mkk_comic - app.py:582 - INFO - 正在下载第 019/196 页...
2026-01-04 03:27:24 - mkk_comic - app.py:582 - INFO - 正在下载第 020/196 页...
2026-01-04 03:27:24 - mkk_comic - app.py:582 - INFO - 正在下载第 021/196 页...
2026-01-04 03:27:24 - mkk_comic - app.py:582 - INFO - 正在下载第 022/196 页...
2026-01-04 03:27:24 - mkk_comic - app.py:582 - INFO - 正在下载第 023/196 页...
2026-01-04 03:27:24 - mkk_comic - app.py:582 - INFO - 正在下载第 024/196 页...
2026-01-04 03:27:24 - mkk_comic - app.py:582 - INFO - 正在下载第 025/196 页...
2026-01-04 03:27:24 - mkk_comic - app.py:582 - INFO - 正在下载第 026/196 页...
2026-01-04 03:27:24 - mkk_comic - app.py:582 - INFO - 正在下载第 027/196 页...
2026-01-04 03:27:24 - mkk_comic - app.py:582 - INFO - 正在下载第 028/196 页...
2026-01-04 03:27:24 - mkk_comic - app.py:582 - INFO - 正在下载第 029/196 页...
2026-01-04 03:27:24 - mkk_comic - app.py:582 - INFO - 正在下载第 030/196 页...
2026-01-04 03:27:24 - mkk_comic - app.py:582 - INFO - 正在下载第 031/196 页...
2026-01-04 03:27:24 - mkk_comic - app.py:582 - INFO - 正在下载第 032/196 页...
2026-01-04 03:27:24 - mkk_comic - app.py:582 - INFO - 正在下载第 033/196 页...
2026-01-04 03:27:24 - mkk_comic - app.py:582 - INFO - 正在下载第 034/196 页...
2026-01-04 03:27:24 - mkk_comic - app.py:582 - INFO - 正在下载第 035/196 页...
2026-01-04 03:27:25 - mkk_comic - app.py:582 - INFO - 正在下载第 036/196 页...
2026-01-04 03:27:25 - mkk_comic - app.py:582 - INFO - 正在下载第 037/196 页...
2026-01-04 03:27:25 - mkk_comic - app.py:582 - INFO - 正在下载第 038/196 页...
2026-01-04 03:27:25 - mkk_comic - app.py:582 - INFO - 正在下载第 039/196 页...
2026-01-04 03:27:25 - mkk_comic - app.py:582 - INFO - 正在下载第 040/196 页...
2026-01-04 03:27:25 - mkk_comic - app.py:582 - INFO - 正在下载第 041/196 页...
2026-01-04 03:27:25 - mkk_comic - app.py:582 - INFO - 正在下载第 042/196 页...
2026-01-04 03:27:25 - mkk_comic - app.py:582 - INFO - 正在下载第 043/196 页...
2026-01-04 03:27:25 - mkk_comic - app.py:582 - INFO - 正在下载第 044/196 页...
2026-01-04 03:27:25 - mkk_comic - app.py:582 - INFO - 正在下载第 045/196 页...
2026-01-04 03:27:25 - mkk_comic - app.py:582 - INFO - 正在下载第 046/196 页...
2026-01-04 03:27:25 - mkk_comic - app.py:582 - INFO - 正在下载第 047/196 页...
2026-01-04 03:27:25 - mkk_comic - app.py:582 - INFO - 正在下载第 048/196 页...
2026-01-04 03:27:25 - mkk_comic - app.py:582 - INFO - 正在下载第 049/196 页...
2026-01-04 03:27:25 - mkk_comic - app.py:582 - INFO - 正在下载第 050/196 页...
2026-01-04 03:27:25 - mkk_comic - app.py:582 - INFO - 正在下载第 051/196 页...
2026-01-04 03:27:25 - mkk_comic - app.py:582 - INFO - 正在下载第 052/196 页...
2026-01-04 03:27:25 - mkk_comic - app.py:582 - INFO - 正在下载第 053/196 页...
2026-01-04 03:27:25 - mkk_comic - app.py:582 - INFO - 正在下载第 054/196 页...
2026-01-04 03:27:25 - mkk_comic - app.py:582 - INFO - 正在下载第 055/196 页...
2026-01-04 03:27:25 - mkk_comic - app.py:582 - INFO - 正在下载第 056/196 页...
2026-01-04 03:27:25 - mkk_comic - app.py:582 - INFO - 正在下载第 057/196 页...
2026-01-04 03:27:25 - mkk_comic - app.py:582 - INFO - 正在下载第 058/196 页...
2026-01-04 03:27:25 - mkk_comic - app.py:582 - INFO - 正在下载第 059/196 页...
2026-01-04 03:27:25 - mkk_comic - app.py:582 - INFO - 正在下载第 060/196 页...
2026-01-04 03:27:26 - mkk_comic - app.py:582 - INFO - 正在下载第 061/196 页...
2026-01-04 03:27:26 - mkk_comic - app.py:582 - INFO - 正在下载第 062/196 页...
2026-01-04 03:27:26 - mkk_comic - app.py:582 - INFO - 正在下载第 063/196 页...
2026-01-04 03:27:26 - mkk_comic - app.py:582 - INFO - 正在下载第 064/196 页...
2026-01-04 03:27:26 - mkk_comic - app.py:582 - INFO - 正在下载第 065/196 页...
2026-01-04 03:27:26 - mkk_comic - app.py:582 - INFO - 正在下载第 066/196 页...
2026-01-04 03:27:26 - mkk_comic - app.py:582 - INFO - 正在下载第 067/196 页...
2026-01-04 03:27:26 - mkk_comic - app.py:582 - INFO - 正在下载第 068/196 页...
2026-01-04 03:27:26 - mkk_comic - app.py:582 - INFO - 正在下载第 069/196 页...
2026-01-04 03:27:26 - mkk_comic - app.py:582 - INFO - 正在下载第 070/196 页...
2026-01-04 03:27:26 - mkk_comic - app.py:582 - INFO - 正在下载第 071/196 页...
2026-01-04 03:27:26 - mkk_comic - app.py:582 - INFO - 正在下载第 072/196 页...
2026-01-04 03:27:26 - mkk_comic - app.py:582 - INFO - 正在下载第 073/196 页...
2026-01-04 03:27:26 - mkk_comic - app.py:582 - INFO - 正在下载第 074/196 页...
2026-01-04 03:27:26 - mkk_comic - app.py:582 - INFO - 正在下载第 075/196 页...
2026-01-04 03:27:26 - mkk_comic - app.py:582 - INFO - 正在下载第 076/196 页...
2026-01-04 03:27:26 - mkk_comic - app.py:582 - INFO - 正在下载第 077/196 页...
2026-01-04 03:27:26 - mkk_comic - app.py:582 - INFO - 正在下载第 078/196 页...
2026-01-04 03:27:26 - mkk_comic - app.py:582 - INFO - 正在下载第 079/196 页...
2026-01-04 03:27:26 - mkk_comic - app.py:582 - INFO - 正在下载第 080/196 页...
2026-01-04 03:27:26 - mkk_comic - app.py:582 - INFO - 正在下载第 081/196 页...
2026-01-04 03:27:26 - mkk_comic - app.py:582 - INFO - 正在下载第 082/196 页...
2026-01-04 03:27:26 - mkk_comic - app.py:582 - INFO - 正在下载第 083/196 页...
2026-01-04 03:27:26 - mkk_comic - app.py:582 - INFO - 正在下载第 084/196 页...
2026-01-04 03:27:26 - mkk_comic - app.py:582 - INFO - 正在下载第 085/196 页...
2026-01-04 03:27:26 - mkk_comic - app.py:582 - INFO - 正在下载第 086/196 页...
2026-01-04 03:27:27 - mkk_comic - app.py:582 - INFO - 正在下载第 087/196 页...
2026-01-04 03:27:27 - mkk_comic - app.py:582 - INFO - 正在下载第 088/196 页...
2026-01-04 03:27:27 - mkk_comic - app.py:582 - INFO - 正在下载第 089/196 页...
2026-01-04 03:27:27 - mkk_comic - app.py:582 - INFO - 正在下载第 090/196 页...
2026-01-04 03:27:27 - mkk_comic - app.py:582 - INFO - 正在下载第 091/196 页...
2026-01-04 03:27:27 - mkk_comic - app.py:582 - INFO - 正在下载第 092/196 页...
2026-01-04 03:27:27 - mkk_comic - app.py:582 - INFO - 正在下载第 093/196 页...
2026-01-04 03:27:27 - mkk_comic - app.py:582 - INFO - 正在下载第 094/196 页...
2026-01-04 03:27:27 - mkk_comic - app.py:582 - INFO - 正在下载第 095/196 页...
2026-01-04 03:27:27 - mkk_comic - app.py:582 - INFO - 正在下载第 096/196 页...
2026-01-04 03:27:27 - mkk_comic - app.py:582 - INFO - 正在下载第 097/196 页...
2026-01-04 03:27:27 - mkk_comic - app.py:582 - INFO - 正在下载第 098/196 页...
2026-01-04 03:27:27 - mkk_comic - app.py:582 - INFO - 正在下载第 099/196 页...
2026-01-04 03:27:27 - mkk_comic - app.py:582 - INFO - 正在下载第 100/196 页...
2026-01-04 03:27:27 - mkk_comic - app.py:582 - INFO - 正在下载第 101/196 页...
2026-01-04 03:27:27 - mkk_comic - app.py:582 - INFO - 正在下载第 102/196 页...
2026-01-04 03:27:27 - mkk_comic - app.py:582 - INFO - 正在下载第 103/196 页...
2026-01-04 03:27:27 - mkk_comic - app.py:582 - INFO - 正在下载第 104/196 页...
2026-01-04 03:27:27 - mkk_comic - app.py:582 - INFO - 正在下载第 105/196 页...
2026-01-04 03:27:27 - mkk_comic - app.py:582 - INFO - 正在下载第 106/196 页...
2026-01-04 03:27:27 - mkk_comic - app.py:582 - INFO - 正在下载第 107/196 页...
2026-01-04 03:27:27 - mkk_comic - app.py:582 - INFO - 正在下载第 108/196 页...
2026-01-04 03:27:27 - mkk_comic - app.py:582 - INFO - 正在下载第 109/196 页...
2026-01-04 03:27:27 - mkk_comic - app.py:582 - INFO - 正在下载第 110/196 页...
2026-01-04 03:27:27 - mkk_comic - app.py:582 - INFO - 正在下载第 111/196 页...
2026-01-04 03:27:27 - mkk_comic - app.py:582 - INFO - 正在下载第 112/196 页...
2026-01-04 03:27:28 - mkk_comic - app.py:582 - INFO - 正在下载第 113/196 页...
2026-01-04 03:27:28 - mkk_comic - app.py:582 - INFO - 正在下载第 114/196 页...
2026-01-04 03:27:28 - mkk_comic - app.py:582 - INFO - 正在下载第 115/196 页...
2026-01-04 03:27:28 - mkk_comic - app.py:582 - INFO - 正在下载第 116/196 页...
2026-01-04 03:27:28 - mkk_comic - app.py:582 - INFO - 正在下载第 117/196 页...
2026-01-04 03:27:28 - mkk_comic - app.py:582 - INFO - 正在下载第 118/196 页...
2026-01-04 03:27:28 - mkk_comic - app.py:582 - INFO - 正在下载第 119/196 页...
2026-01-04 03:27:28 - mkk_comic - app.py:582 - INFO - 正在下载第 120/196 页...
2026-01-04 03:27:28 - mkk_comic - app.py:582 - INFO - 正在下载第 121/196 页...
2026-01-04 03:27:28 - mkk_comic - app.py:582 - INFO - 正在下载第 122/196 页...
2026-01-04 03:27:28 - mkk_comic - app.py:582 - INFO - 正在下载第 123/196 页...
2026-01-04 03:27:28 - mkk_comic - app.py:582 - INFO - 正在下载第 124/196 页...
2026-01-04 03:27:28 - mkk_comic - app.py:582 - INFO - 正在下载第 125/196 页...
2026-01-04 03:27:28 - mkk_comic - app.py:582 - INFO - 正在下载第 126/196 页...
2026-01-04 03:27:28 - mkk_comic - app.py:582 - INFO - 正在下载第 127/196 页...
2026-01-04 03:27:28 - mkk_comic - app.py:582 - INFO - 正在下载第 128/196 页...
2026-01-04 03:27:28 - mkk_comic - app.py:582 - INFO - 正在下载第 129/196 页...
2026-01-04 03:27:28 - mkk_comic - app.py:582 - INFO - 正在下载第 130/196 页...
2026-01-04 03:27:28 - mkk_comic - app.py:582 - INFO - 正在下载第 131/196 页...
2026-01-04 03:27:28 - mkk_comic - app.py:582 - INFO - 正在下载第 132/196 页...
2026-01-04 03:27:29 - mkk_comic - app.py:582 - INFO - 正在下载第 133/196 页...
2026-01-04 03:27:29 - mkk_comic - app.py:582 - INFO - 正在下载第 134/196 页...
2026-01-04 03:27:29 - mkk_comic - app.py:582 - INFO - 正在下载第 135/196 页...
2026-01-04 03:27:29 - mkk_comic - app.py:582 - INFO - 正在下载第 136/196 页...
2026-01-04 03:27:29 - mkk_comic - app.py:582 - INFO - 正在下载第 137/196 页...
2026-01-04 03:27:29 - mkk_comic - app.py:582 - INFO - 正在下载第 138/196 页...
2026-01-04 03:27:29 - mkk_comic - app.py:582 - INFO - 正在下载第 139/196 页...
2026-01-04 03:27:29 - mkk_comic - app.py:582 - INFO - 正在下载第 140/196 页...
2026-01-04 03:27:29 - mkk_comic - app.py:582 - INFO - 正在下载第 141/196 页...
2026-01-04 03:27:29 - mkk_comic - app.py:582 - INFO - 正在下载第 142/196 页...
2026-01-04 03:27:29 - mkk_comic - app.py:582 - INFO - 正在下载第 143/196 页...
2026-01-04 03:27:29 - mkk_comic - app.py:582 - INFO - 正在下载第 144/196 页...
2026-01-04 03:27:29 - mkk_comic - app.py:582 - INFO - 正在下载第 145/196 页...
2026-01-04 03:27:29 - mkk_comic - app.py:582 - INFO - 正在下载第 146/196 页...
2026-01-04 03:27:29 - mkk_comic - app.py:582 - INFO - 正在下载第 147/196 页...
2026-01-04 03:27:29 - mkk_comic - app.py:582 - INFO - 正在下载第 148/196 页...
2026-01-04 03:27:30 - mkk_comic - app.py:582 - INFO - 正在下载第 149/196 页...
2026-01-04 03:27:30 - mkk_comic - app.py:582 - INFO - 正在下载第 150/196 页...
2026-01-04 03:27:30 - mkk_comic - app.py:582 - INFO - 正在下载第 151/196 页...
2026-01-04 03:27:30 - mkk_comic - app.py:582 - INFO - 正在下载第 152/196 页...
2026-01-04 03:27:30 - mkk_comic - app.py:582 - INFO - 正在下载第 153/196 页...
2026-01-04 03:27:30 - mkk_comic - app.py:582 - INFO - 正在下载第 154/196 页...
2026-01-04 03:27:30 - mkk_comic - app.py:582 - INFO - 正在下载第 155/196 页...
2026-01-04 03:27:30 - mkk_comic - app.py:582 - INFO - 正在下载第 156/196 页...
2026-01-04 03:27:30 - mkk_comic - app.py:582 - INFO - 正在下载第 157/196 页...
2026-01-04 03:27:30 - mkk_comic - app.py:582 - INFO - 正在下载第 158/196 页...
2026-01-04 03:27:30 - mkk_comic - app.py:582 - INFO - 正在下载第 159/196 页...
2026-01-04 03:27:30 - mkk_comic - app.py:582 - INFO - 正在下载第 160/196 页...
2026-01-04 03:27:30 - mkk_comic - app.py:582 - INFO - 正在下载第 161/196 页...
2026-01-04 03:27:30 - mkk_comic - app.py:582 - INFO - 正在下载第 162/196 页...
2026-01-04 03:27:30 - mkk_comic - app.py:582 - INFO - 正在下载第 163/196 页...
2026-01-04 03:27:30 - mkk_comic - app.py:582 - INFO - 正在下载第 164/196 页...
2026-01-04 03:27:30 - mkk_comic - app.py:582 - INFO - 正在下载第 165/196 页...
2026-01-04 03:27:30 - mkk_comic - app.py:582 - INFO - 正在下载第 166/196 页...
2026-01-04 03:27:30 - mkk_comic - app.py:582 - INFO - 正在下载第 167/196 页...
2026-01-04 03:27:30 - mkk_comic - app.py:582 - INFO - 正在下载第 168/196 页...
2026-01-04 03:27:30 - mkk_comic - app.py:582 - INFO - 正在下载第 169/196 页...
2026-01-04 03:27:30 - mkk_comic - app.py:582 - INFO - 正在下载第 170/196 页...
2026-01-04 03:27:30 - mkk_comic - app.py:582 - INFO - 正在下载第 171/196 页...
2026-01-04 03:27:30 - mkk_comic - app.py:582 - INFO - 正在下载第 172/196 页...
2026-01-04 03:27:30 - mkk_comic - app.py:582 - INFO - 正在下载第 173/196 页...
2026-01-04 03:27:30 - mkk_comic - app.py:582 - INFO - 正在下载第 174/196 页...
2026-01-04 03:27:30 - mkk_comic - app.py:582 - INFO - 正在下载第 175/196 页...
2026-01-04 03:27:30 - mkk_comic - app.py:582 - INFO - 正在下载第 176/196 页...
2026-01-04 03:27:30 - mkk_comic - app.py:582 - INFO - 正在下载第 177/196 页...
2026-01-04 03:27:30 - mkk_comic - app.py:582 - INFO - 正在下载第 178/196 页...
2026-01-04 03:27:30 - mkk_comic - app.py:582 - INFO - 正在下载第 179/196 页...
2026-01-04 03:27:31 - mkk_comic - app.py:582 - INFO - 正在下载第 180/196 页...
2026-01-04 03:27:31 - mkk_comic - app.py:582 - INFO - 正在下载第 181/196 页...
2026-01-04 03:27:31 - mkk_comic - app.py:582 - INFO - 正在下载第 182/196 页...
2026-01-04 03:27:31 - mkk_comic - app.py:582 - INFO - 正在下载第 183/196 页...
2026-01-04 03:27:31 - mkk_comic - app.py:582 - INFO - 正在下载第 184/196 页...
2026-01-04 03:27:31 - mkk_comic - app.py:582 - INFO - 正在下载第 185/196 页...
2026-01-04 03:27:31 - mkk_comic - app.py:582 - INFO - 正在下载第 186/196 页...
2026-01-04 03:27:31 - mkk_comic - app.py:582 - INFO - 正在下载第 187/196 页...
2026-01-04 03:27:31 - mkk_comic - app.py:582 - INFO - 正在下载第 188/196 页...
2026-01-04 03:27:31 - mkk_comic - app.py:582 - INFO - 正在下载第 189/196 页...
2026-01-04 03:27:31 - mkk_comic - app.py:582 - INFO - 正在下载第 190/196 页...
2026-01-04 03:27:31 - mkk_comic - app.py:582 - INFO - 正在下载第 191/196 页...
2026-01-04 03:27:31 - mkk_comic - app.py:582 - INFO - 正在下载第 192/196 页...
2026-01-04 03:27:31 - mkk_comic - app.py:582 - INFO - 正在下载第 193/196 页...
2026-01-04 03:27:31 - mkk_comic - app.py:582 - INFO - 正在下载第 194/196 页...
2026-01-04 03:27:31 - mkk_comic - app.py:582 - INFO - 正在下载第 195/196 页...
2026-01-04 03:27:31 - mkk_comic - app.py:582 - INFO - 正在下载第 196/196 页...
2026-01-04 03:27:32 - mkk_comic - app.py:511 - INFO - 下载完成!
2026-01-04 03:27:32 - mkk_comic - app.py:512 - INFO - 成功下载: 196/196 页
2026-01-04 03:27:32 - mkk_comic - app.py:858 - INFO - ===== 检查更新完成 =====

