2025-12-29 03:24:43 - mkk_comic - app.py:863 - INFO - 运行环境：GitHub Actions（自动化模式）
2025-12-29 03:24:43 - mkk_comic - app.py:820 - INFO - ===== 开始检查更新=====
2025-12-29 03:24:43 - mkk_comic - app.py:838 - INFO - 【名侦探柯南】上次下载至第11章
2025-12-29 03:24:44 - mkk_comic - app.py:845 - INFO - 【名侦探柯南】检测到更新！最新：271章
2025-12-29 03:24:44 - mkk_comic - app.py:848 - INFO - 【名侦探柯南】最大下载限制为2章-需下载12~13章）
2025-12-29 03:24:45 - mkk_comic - app.py:494 - INFO - 正在下载第12章: 第12卷    UUID:e0f6afea-c85c-11e8-8859-024352452ce0
2025-12-29 03:24:46 - mkk_comic - app.py:502 - INFO - 创建目录: ./out/名偵探柯南/第12卷
2025-12-29 03:24:46 - mkk_comic - app.py:505 - INFO - 开始下载: 名偵探柯南 - 第12卷
2025-12-29 03:24:46 - mkk_comic - app.py:506 - INFO - 总页数: 182
2025-12-29 03:24:46 - mkk_comic - app.py:582 - INFO - 正在下载第 001/182 页...
2025-12-29 03:24:46 - mkk_comic - app.py:582 - INFO - 正在下载第 002/182 页...
2025-12-29 03:24:46 - mkk_comic - app.py:582 - INFO - 正在下载第 003/182 页...
2025-12-29 03:24:46 - mkk_comic - app.py:582 - INFO - 正在下载第 004/182 页...
2025-12-29 03:24:46 - mkk_comic - app.py:582 - INFO - 正在下载第 005/182 页...
2025-12-29 03:24:46 - mkk_comic - app.py:582 - INFO - 正在下载第 006/182 页...
2025-12-29 03:24:46 - mkk_comic - app.py:582 - INFO - 正在下载第 007/182 页...
2025-12-29 03:24:46 - mkk_comic - app.py:582 - INFO - 正在下载第 008/182 页...
2025-12-29 03:24:46 - mkk_comic - app.py:582 - INFO - 正在下载第 009/182 页...
2025-12-29 03:24:46 - mkk_comic - app.py:582 - INFO - 正在下载第 010/182 页...
2025-12-29 03:24:46 - mkk_comic - app.py:582 - INFO - 正在下载第 011/182 页...
2025-12-29 03:24:46 - mkk_comic - app.py:582 - INFO - 正在下载第 012/182 页...
2025-12-29 03:24:46 - mkk_comic - app.py:582 - INFO - 正在下载第 013/182 页...
2025-12-29 03:24:46 - mkk_comic - app.py:582 - INFO - 正在下载第 014/182 页...
2025-12-29 03:24:46 - mkk_comic - app.py:582 - INFO - 正在下载第 015/182 页...
2025-12-29 03:24:46 - mkk_comic - app.py:582 - INFO - 正在下载第 016/182 页...
2025-12-29 03:24:46 - mkk_comic - app.py:582 - INFO - 正在下载第 017/182 页...
2025-12-29 03:24:46 - mkk_comic - app.py:582 - INFO - 正在下载第 018/182 页...
2025-12-29 03:24:47 - mkk_comic - app.py:582 - INFO - 正在下载第 019/182 页...
2025-12-29 03:24:47 - mkk_comic - app.py:582 - INFO - 正在下载第 020/182 页...
2025-12-29 03:24:47 - mkk_comic - app.py:582 - INFO - 正在下载第 021/182 页...
2025-12-29 03:24:47 - mkk_comic - app.py:582 - INFO - 正在下载第 022/182 页...
2025-12-29 03:24:47 - mkk_comic - app.py:582 - INFO - 正在下载第 023/182 页...
2025-12-29 03:24:47 - mkk_comic - app.py:582 - INFO - 正在下载第 024/182 页...
2025-12-29 03:24:47 - mkk_comic - app.py:582 - INFO - 正在下载第 025/182 页...
2025-12-29 03:24:47 - mkk_comic - app.py:582 - INFO - 正在下载第 026/182 页...
2025-12-29 03:24:47 - mkk_comic - app.py:582 - INFO - 正在下载第 027/182 页...
2025-12-29 03:24:47 - mkk_comic - app.py:582 - INFO - 正在下载第 028/182 页...
2025-12-29 03:24:47 - mkk_comic - app.py:582 - INFO - 正在下载第 029/182 页...
2025-12-29 03:24:47 - mkk_comic - app.py:582 - INFO - 正在下载第 030/182 页...
2025-12-29 03:24:47 - mkk_comic - app.py:582 - INFO - 正在下载第 031/182 页...
2025-12-29 03:24:47 - mkk_comic - app.py:582 - INFO - 正在下载第 032/182 页...
2025-12-29 03:24:47 - mkk_comic - app.py:582 - INFO - 正在下载第 033/182 页...
2025-12-29 03:24:47 - mkk_comic - app.py:582 - INFO - 正在下载第 034/182 页...
2025-12-29 03:24:47 - mkk_comic - app.py:582 - INFO - 正在下载第 035/182 页...
2025-12-29 03:24:47 - mkk_comic - app.py:582 - INFO - 正在下载第 036/182 页...
2025-12-29 03:24:47 - mkk_comic - app.py:582 - INFO - 正在下载第 037/182 页...
2025-12-29 03:24:47 - mkk_comic - app.py:582 - INFO - 正在下载第 038/182 页...
2025-12-29 03:24:47 - mkk_comic - app.py:582 - INFO - 正在下载第 039/182 页...
2025-12-29 03:24:47 - mkk_comic - app.py:582 - INFO - 正在下载第 040/182 页...
2025-12-29 03:24:47 - mkk_comic - app.py:582 - INFO - 正在下载第 041/182 页...
2025-12-29 03:24:47 - mkk_comic - app.py:582 - INFO - 正在下载第 042/182 页...
2025-12-29 03:24:47 - mkk_comic - app.py:582 - INFO - 正在下载第 043/182 页...
2025-12-29 03:24:47 - mkk_comic - app.py:582 - INFO - 正在下载第 044/182 页...
2025-12-29 03:24:47 - mkk_comic - app.py:582 - INFO - 正在下载第 045/182 页...
2025-12-29 03:24:48 - mkk_comic - app.py:582 - INFO - 正在下载第 046/182 页...
2025-12-29 03:24:48 - mkk_comic - app.py:582 - INFO - 正在下载第 047/182 页...
2025-12-29 03:24:48 - mkk_comic - app.py:582 - INFO - 正在下载第 048/182 页...
2025-12-29 03:24:48 - mkk_comic - app.py:582 - INFO - 正在下载第 049/182 页...
2025-12-29 03:24:48 - mkk_comic - app.py:582 - INFO - 正在下载第 050/182 页...
2025-12-29 03:24:48 - mkk_comic - app.py:582 - INFO - 正在下载第 051/182 页...
2025-12-29 03:24:48 - mkk_comic - app.py:582 - INFO - 正在下载第 052/182 页...
2025-12-29 03:24:48 - mkk_comic - app.py:582 - INFO - 正在下载第 053/182 页...
2025-12-29 03:24:48 - mkk_comic - app.py:582 - INFO - 正在下载第 054/182 页...
2025-12-29 03:24:48 - mkk_comic - app.py:582 - INFO - 正在下载第 055/182 页...
2025-12-29 03:24:48 - mkk_comic - app.py:582 - INFO - 正在下载第 056/182 页...
2025-12-29 03:24:48 - mkk_comic - app.py:582 - INFO - 正在下载第 057/182 页...
2025-12-29 03:24:48 - mkk_comic - app.py:582 - INFO - 正在下载第 058/182 页...
2025-12-29 03:24:48 - mkk_comic - app.py:582 - INFO - 正在下载第 059/182 页...
2025-12-29 03:24:48 - mkk_comic - app.py:582 - INFO - 正在下载第 060/182 页...
2025-12-29 03:24:48 - mkk_comic - app.py:582 - INFO - 正在下载第 061/182 页...
2025-12-29 03:24:48 - mkk_comic - app.py:582 - INFO - 正在下载第 062/182 页...
2025-12-29 03:24:48 - mkk_comic - app.py:582 - INFO - 正在下载第 063/182 页...
2025-12-29 03:24:48 - mkk_comic - app.py:582 - INFO - 正在下载第 064/182 页...
2025-12-29 03:24:48 - mkk_comic - app.py:582 - INFO - 正在下载第 065/182 页...
2025-12-29 03:24:48 - mkk_comic - app.py:582 - INFO - 正在下载第 066/182 页...
2025-12-29 03:24:48 - mkk_comic - app.py:582 - INFO - 正在下载第 067/182 页...
2025-12-29 03:24:48 - mkk_comic - app.py:582 - INFO - 正在下载第 068/182 页...
2025-12-29 03:24:48 - mkk_comic - app.py:582 - INFO - 正在下载第 069/182 页...
2025-12-29 03:24:48 - mkk_comic - app.py:582 - INFO - 正在下载第 070/182 页...
2025-12-29 03:24:48 - mkk_comic - app.py:582 - INFO - 正在下载第 071/182 页...
2025-12-29 03:24:48 - mkk_comic - app.py:582 - INFO - 正在下载第 072/182 页...
2025-12-29 03:24:49 - mkk_comic - app.py:582 - INFO - 正在下载第 073/182 页...
2025-12-29 03:24:49 - mkk_comic - app.py:582 - INFO - 正在下载第 074/182 页...
2025-12-29 03:24:49 - mkk_comic - app.py:582 - INFO - 正在下载第 075/182 页...
2025-12-29 03:24:49 - mkk_comic - app.py:582 - INFO - 正在下载第 076/182 页...
2025-12-29 03:24:49 - mkk_comic - app.py:582 - INFO - 正在下载第 077/182 页...
2025-12-29 03:24:49 - mkk_comic - app.py:582 - INFO - 正在下载第 078/182 页...
2025-12-29 03:24:49 - mkk_comic - app.py:582 - INFO - 正在下载第 079/182 页...
2025-12-29 03:24:49 - mkk_comic - app.py:582 - INFO - 正在下载第 080/182 页...
2025-12-29 03:24:49 - mkk_comic - app.py:582 - INFO - 正在下载第 081/182 页...
2025-12-29 03:24:49 - mkk_comic - app.py:582 - INFO - 正在下载第 082/182 页...
2025-12-29 03:24:49 - mkk_comic - app.py:582 - INFO - 正在下载第 083/182 页...
2025-12-29 03:24:49 - mkk_comic - app.py:582 - INFO - 正在下载第 084/182 页...
2025-12-29 03:24:49 - mkk_comic - app.py:582 - INFO - 正在下载第 085/182 页...
2025-12-29 03:24:49 - mkk_comic - app.py:582 - INFO - 正在下载第 086/182 页...
2025-12-29 03:24:49 - mkk_comic - app.py:582 - INFO - 正在下载第 087/182 页...
2025-12-29 03:24:49 - mkk_comic - app.py:582 - INFO - 正在下载第 088/182 页...
2025-12-29 03:24:49 - mkk_comic - app.py:582 - INFO - 正在下载第 089/182 页...
2025-12-29 03:24:49 - mkk_comic - app.py:582 - INFO - 正在下载第 090/182 页...
2025-12-29 03:24:49 - mkk_comic - app.py:582 - INFO - 正在下载第 091/182 页...
2025-12-29 03:24:49 - mkk_comic - app.py:582 - INFO - 正在下载第 092/182 页...
2025-12-29 03:24:49 - mkk_comic - app.py:582 - INFO - 正在下载第 093/182 页...
2025-12-29 03:24:49 - mkk_comic - app.py:582 - INFO - 正在下载第 094/182 页...
2025-12-29 03:24:49 - mkk_comic - app.py:582 - INFO - 正在下载第 095/182 页...
2025-12-29 03:24:49 - mkk_comic - app.py:582 - INFO - 正在下载第 096/182 页...
2025-12-29 03:24:49 - mkk_comic - app.py:582 - INFO - 正在下载第 097/182 页...
2025-12-29 03:24:49 - mkk_comic - app.py:582 - INFO - 正在下载第 098/182 页...
2025-12-29 03:24:49 - mkk_comic - app.py:582 - INFO - 正在下载第 099/182 页...
2025-12-29 03:24:49 - mkk_comic - app.py:582 - INFO - 正在下载第 100/182 页...
2025-12-29 03:24:50 - mkk_comic - app.py:582 - INFO - 正在下载第 101/182 页...
2025-12-29 03:24:50 - mkk_comic - app.py:582 - INFO - 正在下载第 102/182 页...
2025-12-29 03:24:50 - mkk_comic - app.py:582 - INFO - 正在下载第 103/182 页...
2025-12-29 03:24:50 - mkk_comic - app.py:582 - INFO - 正在下载第 104/182 页...
2025-12-29 03:24:50 - mkk_comic - app.py:582 - INFO - 正在下载第 105/182 页...
2025-12-29 03:24:50 - mkk_comic - app.py:582 - INFO - 正在下载第 106/182 页...
2025-12-29 03:24:50 - mkk_comic - app.py:582 - INFO - 正在下载第 107/182 页...
2025-12-29 03:24:50 - mkk_comic - app.py:582 - INFO - 正在下载第 108/182 页...
2025-12-29 03:24:50 - mkk_comic - app.py:582 - INFO - 正在下载第 109/182 页...
2025-12-29 03:24:50 - mkk_comic - app.py:582 - INFO - 正在下载第 110/182 页...
2025-12-29 03:24:50 - mkk_comic - app.py:582 - INFO - 正在下载第 111/182 页...
2025-12-29 03:24:50 - mkk_comic - app.py:582 - INFO - 正在下载第 112/182 页...
2025-12-29 03:24:50 - mkk_comic - app.py:582 - INFO - 正在下载第 113/182 页...
2025-12-29 03:24:50 - mkk_comic - app.py:582 - INFO - 正在下载第 114/182 页...
2025-12-29 03:24:50 - mkk_comic - app.py:582 - INFO - 正在下载第 115/182 页...
2025-12-29 03:24:50 - mkk_comic - app.py:582 - INFO - 正在下载第 116/182 页...
2025-12-29 03:24:50 - mkk_comic - app.py:582 - INFO - 正在下载第 117/182 页...
2025-12-29 03:24:50 - mkk_comic - app.py:582 - INFO - 正在下载第 118/182 页...
2025-12-29 03:24:50 - mkk_comic - app.py:582 - INFO - 正在下载第 119/182 页...
2025-12-29 03:24:50 - mkk_comic - app.py:582 - INFO - 正在下载第 120/182 页...
2025-12-29 03:24:50 - mkk_comic - app.py:582 - INFO - 正在下载第 121/182 页...
2025-12-29 03:24:50 - mkk_comic - app.py:582 - INFO - 正在下载第 122/182 页...
2025-12-29 03:24:50 - mkk_comic - app.py:582 - INFO - 正在下载第 123/182 页...
2025-12-29 03:24:50 - mkk_comic - app.py:582 - INFO - 正在下载第 124/182 页...
2025-12-29 03:24:50 - mkk_comic - app.py:582 - INFO - 正在下载第 125/182 页...
2025-12-29 03:24:50 - mkk_comic - app.py:582 - INFO - 正在下载第 126/182 页...
2025-12-29 03:24:50 - mkk_comic - app.py:582 - INFO - 正在下载第 127/182 页...
2025-12-29 03:24:50 - mkk_comic - app.py:582 - INFO - 正在下载第 128/182 页...
2025-12-29 03:24:50 - mkk_comic - app.py:582 - INFO - 正在下载第 129/182 页...
2025-12-29 03:24:50 - mkk_comic - app.py:582 - INFO - 正在下载第 130/182 页...
2025-12-29 03:24:51 - mkk_comic - app.py:582 - INFO - 正在下载第 131/182 页...
2025-12-29 03:24:51 - mkk_comic - app.py:582 - INFO - 正在下载第 132/182 页...
2025-12-29 03:24:51 - mkk_comic - app.py:582 - INFO - 正在下载第 133/182 页...
2025-12-29 03:24:51 - mkk_comic - app.py:582 - INFO - 正在下载第 134/182 页...
2025-12-29 03:24:51 - mkk_comic - app.py:582 - INFO - 正在下载第 135/182 页...
2025-12-29 03:24:51 - mkk_comic - app.py:582 - INFO - 正在下载第 136/182 页...
2025-12-29 03:24:51 - mkk_comic - app.py:582 - INFO - 正在下载第 137/182 页...
2025-12-29 03:24:51 - mkk_comic - app.py:582 - INFO - 正在下载第 138/182 页...
2025-12-29 03:24:51 - mkk_comic - app.py:582 - INFO - 正在下载第 139/182 页...
2025-12-29 03:24:51 - mkk_comic - app.py:582 - INFO - 正在下载第 140/182 页...
2025-12-29 03:24:51 - mkk_comic - app.py:582 - INFO - 正在下载第 141/182 页...
2025-12-29 03:24:51 - mkk_comic - app.py:582 - INFO - 正在下载第 142/182 页...
2025-12-29 03:24:51 - mkk_comic - app.py:582 - INFO - 正在下载第 143/182 页...
2025-12-29 03:24:51 - mkk_comic - app.py:582 - INFO - 正在下载第 144/182 页...
2025-12-29 03:24:51 - mkk_comic - app.py:582 - INFO - 正在下载第 145/182 页...
2025-12-29 03:24:51 - mkk_comic - app.py:582 - INFO - 正在下载第 146/182 页...
2025-12-29 03:24:51 - mkk_comic - app.py:582 - INFO - 正在下载第 147/182 页...
2025-12-29 03:24:51 - mkk_comic - app.py:582 - INFO - 正在下载第 148/182 页...
2025-12-29 03:24:51 - mkk_comic - app.py:582 - INFO - 正在下载第 149/182 页...
2025-12-29 03:24:51 - mkk_comic - app.py:582 - INFO - 正在下载第 150/182 页...
2025-12-29 03:24:51 - mkk_comic - app.py:582 - INFO - 正在下载第 151/182 页...
2025-12-29 03:24:51 - mkk_comic - app.py:582 - INFO - 正在下载第 152/182 页...
2025-12-29 03:24:51 - mkk_comic - app.py:582 - INFO - 正在下载第 153/182 页...
2025-12-29 03:24:51 - mkk_comic - app.py:582 - INFO - 正在下载第 154/182 页...
2025-12-29 03:24:51 - mkk_comic - app.py:582 - INFO - 正在下载第 155/182 页...
2025-12-29 03:24:51 - mkk_comic - app.py:582 - INFO - 正在下载第 156/182 页...
2025-12-29 03:24:51 - mkk_comic - app.py:582 - INFO - 正在下载第 157/182 页...
2025-12-29 03:24:51 - mkk_comic - app.py:582 - INFO - 正在下载第 158/182 页...
2025-12-29 03:24:51 - mkk_comic - app.py:582 - INFO - 正在下载第 159/182 页...
2025-12-29 03:24:52 - mkk_comic - app.py:582 - INFO - 正在下载第 160/182 页...
2025-12-29 03:24:52 - mkk_comic - app.py:582 - INFO - 正在下载第 161/182 页...
2025-12-29 03:24:52 - mkk_comic - app.py:582 - INFO - 正在下载第 162/182 页...
2025-12-29 03:24:52 - mkk_comic - app.py:582 - INFO - 正在下载第 163/182 页...
2025-12-29 03:24:52 - mkk_comic - app.py:582 - INFO - 正在下载第 164/182 页...
2025-12-29 03:24:52 - mkk_comic - app.py:582 - INFO - 正在下载第 165/182 页...
2025-12-29 03:24:52 - mkk_comic - app.py:582 - INFO - 正在下载第 166/182 页...
2025-12-29 03:24:52 - mkk_comic - app.py:582 - INFO - 正在下载第 167/182 页...
2025-12-29 03:24:52 - mkk_comic - app.py:582 - INFO - 正在下载第 168/182 页...
2025-12-29 03:24:52 - mkk_comic - app.py:582 - INFO - 正在下载第 169/182 页...
2025-12-29 03:24:52 - mkk_comic - app.py:582 - INFO - 正在下载第 170/182 页...
2025-12-29 03:24:52 - mkk_comic - app.py:582 - INFO - 正在下载第 171/182 页...
2025-12-29 03:24:52 - mkk_comic - app.py:582 - INFO - 正在下载第 172/182 页...
2025-12-29 03:24:52 - mkk_comic - app.py:582 - INFO - 正在下载第 173/182 页...
2025-12-29 03:24:52 - mkk_comic - app.py:582 - INFO - 正在下载第 174/182 页...
2025-12-29 03:24:52 - mkk_comic - app.py:582 - INFO - 正在下载第 175/182 页...
2025-12-29 03:24:52 - mkk_comic - app.py:582 - INFO - 正在下载第 176/182 页...
2025-12-29 03:24:52 - mkk_comic - app.py:582 - INFO - 正在下载第 177/182 页...
2025-12-29 03:24:52 - mkk_comic - app.py:582 - INFO - 正在下载第 178/182 页...
2025-12-29 03:24:52 - mkk_comic - app.py:582 - INFO - 正在下载第 179/182 页...
2025-12-29 03:24:52 - mkk_comic - app.py:582 - INFO - 正在下载第 180/182 页...
2025-12-29 03:24:52 - mkk_comic - app.py:582 - INFO - 正在下载第 181/182 页...
2025-12-29 03:24:52 - mkk_comic - app.py:582 - INFO - 正在下载第 182/182 页...
2025-12-29 03:24:53 - mkk_comic - app.py:511 - INFO - 下载完成!
2025-12-29 03:24:53 - mkk_comic - app.py:512 - INFO - 成功下载: 182/182 页
2025-12-29 03:24:54 - mkk_comic - app.py:494 - INFO - 正在下载第13章: 第13卷    UUID:e77a593d-c85c-11e8-8859-024352452ce0
2025-12-29 03:24:54 - mkk_comic - app.py:502 - INFO - 创建目录: ./out/名偵探柯南/第13卷
2025-12-29 03:24:54 - mkk_comic - app.py:505 - INFO - 开始下载: 名偵探柯南 - 第13卷
2025-12-29 03:24:54 - mkk_comic - app.py:506 - INFO - 总页数: 183
2025-12-29 03:24:54 - mkk_comic - app.py:582 - INFO - 正在下载第 001/183 页...
2025-12-29 03:24:54 - mkk_comic - app.py:582 - INFO - 正在下载第 002/183 页...
2025-12-29 03:24:54 - mkk_comic - app.py:582 - INFO - 正在下载第 003/183 页...
2025-12-29 03:24:54 - mkk_comic - app.py:582 - INFO - 正在下载第 004/183 页...
2025-12-29 03:24:54 - mkk_comic - app.py:582 - INFO - 正在下载第 005/183 页...
2025-12-29 03:24:55 - mkk_comic - app.py:582 - INFO - 正在下载第 006/183 页...
2025-12-29 03:24:55 - mkk_comic - app.py:582 - INFO - 正在下载第 007/183 页...
2025-12-29 03:24:55 - mkk_comic - app.py:582 - INFO - 正在下载第 008/183 页...
2025-12-29 03:24:55 - mkk_comic - app.py:582 - INFO - 正在下载第 009/183 页...
2025-12-29 03:24:55 - mkk_comic - app.py:582 - INFO - 正在下载第 010/183 页...
2025-12-29 03:24:55 - mkk_comic - app.py:582 - INFO - 正在下载第 011/183 页...
2025-12-29 03:24:55 - mkk_comic - app.py:582 - INFO - 正在下载第 012/183 页...
2025-12-29 03:24:55 - mkk_comic - app.py:582 - INFO - 正在下载第 013/183 页...
2025-12-29 03:24:55 - mkk_comic - app.py:582 - INFO - 正在下载第 014/183 页...
2025-12-29 03:24:55 - mkk_comic - app.py:582 - INFO - 正在下载第 015/183 页...
2025-12-29 03:24:55 - mkk_comic - app.py:582 - INFO - 正在下载第 016/183 页...
2025-12-29 03:24:55 - mkk_comic - app.py:582 - INFO - 正在下载第 017/183 页...
2025-12-29 03:24:55 - mkk_comic - app.py:582 - INFO - 正在下载第 018/183 页...
2025-12-29 03:24:55 - mkk_comic - app.py:582 - INFO - 正在下载第 019/183 页...
2025-12-29 03:24:55 - mkk_comic - app.py:582 - INFO - 正在下载第 020/183 页...
2025-12-29 03:24:55 - mkk_comic - app.py:582 - INFO - 正在下载第 021/183 页...
2025-12-29 03:24:55 - mkk_comic - app.py:582 - INFO - 正在下载第 022/183 页...
2025-12-29 03:24:55 - mkk_comic - app.py:582 - INFO - 正在下载第 023/183 页...
2025-12-29 03:24:55 - mkk_comic - app.py:582 - INFO - 正在下载第 024/183 页...
2025-12-29 03:24:55 - mkk_comic - app.py:582 - INFO - 正在下载第 025/183 页...
2025-12-29 03:24:55 - mkk_comic - app.py:582 - INFO - 正在下载第 026/183 页...
2025-12-29 03:24:55 - mkk_comic - app.py:582 - INFO - 正在下载第 027/183 页...
2025-12-29 03:24:55 - mkk_comic - app.py:582 - INFO - 正在下载第 028/183 页...
2025-12-29 03:24:55 - mkk_comic - app.py:582 - INFO - 正在下载第 029/183 页...
2025-12-29 03:24:55 - mkk_comic - app.py:582 - INFO - 正在下载第 030/183 页...
2025-12-29 03:24:55 - mkk_comic - app.py:582 - INFO - 正在下载第 031/183 页...
2025-12-29 03:24:55 - mkk_comic - app.py:582 - INFO - 正在下载第 032/183 页...
2025-12-29 03:24:55 - mkk_comic - app.py:582 - INFO - 正在下载第 033/183 页...
2025-12-29 03:24:56 - mkk_comic - app.py:582 - INFO - 正在下载第 034/183 页...
2025-12-29 03:24:56 - mkk_comic - app.py:582 - INFO - 正在下载第 035/183 页...
2025-12-29 03:24:56 - mkk_comic - app.py:582 - INFO - 正在下载第 036/183 页...
2025-12-29 03:24:56 - mkk_comic - app.py:582 - INFO - 正在下载第 037/183 页...
2025-12-29 03:24:56 - mkk_comic - app.py:582 - INFO - 正在下载第 038/183 页...
2025-12-29 03:24:56 - mkk_comic - app.py:582 - INFO - 正在下载第 039/183 页...
2025-12-29 03:24:56 - mkk_comic - app.py:582 - INFO - 正在下载第 040/183 页...
2025-12-29 03:24:56 - mkk_comic - app.py:582 - INFO - 正在下载第 041/183 页...
2025-12-29 03:24:56 - mkk_comic - app.py:582 - INFO - 正在下载第 042/183 页...
2025-12-29 03:24:56 - mkk_comic - app.py:582 - INFO - 正在下载第 043/183 页...
2025-12-29 03:24:56 - mkk_comic - app.py:582 - INFO - 正在下载第 044/183 页...
2025-12-29 03:24:56 - mkk_comic - app.py:582 - INFO - 正在下载第 045/183 页...
2025-12-29 03:24:56 - mkk_comic - app.py:582 - INFO - 正在下载第 046/183 页...
2025-12-29 03:24:56 - mkk_comic - app.py:582 - INFO - 正在下载第 047/183 页...
2025-12-29 03:24:56 - mkk_comic - app.py:582 - INFO - 正在下载第 048/183 页...
2025-12-29 03:24:56 - mkk_comic - app.py:582 - INFO - 正在下载第 049/183 页...
2025-12-29 03:24:56 - mkk_comic - app.py:582 - INFO - 正在下载第 050/183 页...
2025-12-29 03:24:56 - mkk_comic - app.py:582 - INFO - 正在下载第 051/183 页...
2025-12-29 03:24:56 - mkk_comic - app.py:582 - INFO - 正在下载第 052/183 页...
2025-12-29 03:24:56 - mkk_comic - app.py:582 - INFO - 正在下载第 053/183 页...
2025-12-29 03:24:56 - mkk_comic - app.py:582 - INFO - 正在下载第 054/183 页...
2025-12-29 03:24:56 - mkk_comic - app.py:582 - INFO - 正在下载第 055/183 页...
2025-12-29 03:24:56 - mkk_comic - app.py:582 - INFO - 正在下载第 056/183 页...
2025-12-29 03:24:56 - mkk_comic - app.py:582 - INFO - 正在下载第 057/183 页...
2025-12-29 03:24:56 - mkk_comic - app.py:582 - INFO - 正在下载第 058/183 页...
2025-12-29 03:24:56 - mkk_comic - app.py:582 - INFO - 正在下载第 059/183 页...
2025-12-29 03:24:56 - mkk_comic - app.py:582 - INFO - 正在下载第 060/183 页...
2025-12-29 03:24:56 - mkk_comic - app.py:582 - INFO - 正在下载第 061/183 页...
2025-12-29 03:24:56 - mkk_comic - app.py:582 - INFO - 正在下载第 062/183 页...
2025-12-29 03:24:56 - mkk_comic - app.py:582 - INFO - 正在下载第 063/183 页...
2025-12-29 03:24:57 - mkk_comic - app.py:582 - INFO - 正在下载第 064/183 页...
2025-12-29 03:24:57 - mkk_comic - app.py:582 - INFO - 正在下载第 065/183 页...
2025-12-29 03:24:57 - mkk_comic - app.py:582 - INFO - 正在下载第 066/183 页...
2025-12-29 03:24:57 - mkk_comic - app.py:582 - INFO - 正在下载第 067/183 页...
2025-12-29 03:24:57 - mkk_comic - app.py:582 - INFO - 正在下载第 068/183 页...
2025-12-29 03:24:57 - mkk_comic - app.py:582 - INFO - 正在下载第 069/183 页...
2025-12-29 03:24:57 - mkk_comic - app.py:582 - INFO - 正在下载第 070/183 页...
2025-12-29 03:24:57 - mkk_comic - app.py:582 - INFO - 正在下载第 071/183 页...
2025-12-29 03:24:57 - mkk_comic - app.py:582 - INFO - 正在下载第 072/183 页...
2025-12-29 03:24:57 - mkk_comic - app.py:582 - INFO - 正在下载第 073/183 页...
2025-12-29 03:24:57 - mkk_comic - app.py:582 - INFO - 正在下载第 074/183 页...
2025-12-29 03:24:57 - mkk_comic - app.py:582 - INFO - 正在下载第 075/183 页...
2025-12-29 03:24:57 - mkk_comic - app.py:582 - INFO - 正在下载第 076/183 页...
2025-12-29 03:24:57 - mkk_comic - app.py:582 - INFO - 正在下载第 077/183 页...
2025-12-29 03:24:57 - mkk_comic - app.py:582 - INFO - 正在下载第 078/183 页...
2025-12-29 03:24:57 - mkk_comic - app.py:582 - INFO - 正在下载第 079/183 页...
2025-12-29 03:24:57 - mkk_comic - app.py:582 - INFO - 正在下载第 080/183 页...
2025-12-29 03:24:57 - mkk_comic - app.py:582 - INFO - 正在下载第 081/183 页...
2025-12-29 03:24:57 - mkk_comic - app.py:582 - INFO - 正在下载第 082/183 页...
2025-12-29 03:24:57 - mkk_comic - app.py:582 - INFO - 正在下载第 083/183 页...
2025-12-29 03:24:57 - mkk_comic - app.py:582 - INFO - 正在下载第 084/183 页...
2025-12-29 03:24:57 - mkk_comic - app.py:582 - INFO - 正在下载第 085/183 页...
2025-12-29 03:24:57 - mkk_comic - app.py:582 - INFO - 正在下载第 086/183 页...
2025-12-29 03:24:57 - mkk_comic - app.py:582 - INFO - 正在下载第 087/183 页...
2025-12-29 03:24:57 - mkk_comic - app.py:582 - INFO - 正在下载第 088/183 页...
2025-12-29 03:24:57 - mkk_comic - app.py:582 - INFO - 正在下载第 089/183 页...
2025-12-29 03:24:57 - mkk_comic - app.py:582 - INFO - 正在下载第 090/183 页...
2025-12-29 03:24:57 - mkk_comic - app.py:582 - INFO - 正在下载第 091/183 页...
2025-12-29 03:24:57 - mkk_comic - app.py:582 - INFO - 正在下载第 092/183 页...
2025-12-29 03:24:58 - mkk_comic - app.py:582 - INFO - 正在下载第 093/183 页...
2025-12-29 03:24:58 - mkk_comic - app.py:582 - INFO - 正在下载第 094/183 页...
2025-12-29 03:24:58 - mkk_comic - app.py:582 - INFO - 正在下载第 095/183 页...
2025-12-29 03:24:58 - mkk_comic - app.py:582 - INFO - 正在下载第 096/183 页...
2025-12-29 03:24:58 - mkk_comic - app.py:582 - INFO - 正在下载第 097/183 页...
2025-12-29 03:24:58 - mkk_comic - app.py:582 - INFO - 正在下载第 098/183 页...
2025-12-29 03:24:58 - mkk_comic - app.py:582 - INFO - 正在下载第 099/183 页...
2025-12-29 03:24:58 - mkk_comic - app.py:582 - INFO - 正在下载第 100/183 页...
2025-12-29 03:24:58 - mkk_comic - app.py:582 - INFO - 正在下载第 101/183 页...
2025-12-29 03:24:58 - mkk_comic - app.py:582 - INFO - 正在下载第 102/183 页...
2025-12-29 03:24:58 - mkk_comic - app.py:582 - INFO - 正在下载第 103/183 页...
2025-12-29 03:24:58 - mkk_comic - app.py:582 - INFO - 正在下载第 104/183 页...
2025-12-29 03:24:58 - mkk_comic - app.py:582 - INFO - 正在下载第 105/183 页...
2025-12-29 03:24:58 - mkk_comic - app.py:582 - INFO - 正在下载第 106/183 页...
2025-12-29 03:24:58 - mkk_comic - app.py:582 - INFO - 正在下载第 107/183 页...
2025-12-29 03:24:58 - mkk_comic - app.py:582 - INFO - 正在下载第 108/183 页...
2025-12-29 03:24:58 - mkk_comic - app.py:582 - INFO - 正在下载第 109/183 页...
2025-12-29 03:24:58 - mkk_comic - app.py:582 - INFO - 正在下载第 110/183 页...
2025-12-29 03:24:58 - mkk_comic - app.py:582 - INFO - 正在下载第 111/183 页...
2025-12-29 03:24:58 - mkk_comic - app.py:582 - INFO - 正在下载第 112/183 页...
2025-12-29 03:24:58 - mkk_comic - app.py:582 - INFO - 正在下载第 113/183 页...
2025-12-29 03:24:58 - mkk_comic - app.py:582 - INFO - 正在下载第 114/183 页...
2025-12-29 03:24:58 - mkk_comic - app.py:582 - INFO - 正在下载第 115/183 页...
2025-12-29 03:24:58 - mkk_comic - app.py:582 - INFO - 正在下载第 116/183 页...
2025-12-29 03:24:58 - mkk_comic - app.py:582 - INFO - 正在下载第 117/183 页...
2025-12-29 03:24:58 - mkk_comic - app.py:582 - INFO - 正在下载第 118/183 页...
2025-12-29 03:24:58 - mkk_comic - app.py:582 - INFO - 正在下载第 119/183 页...
2025-12-29 03:24:58 - mkk_comic - app.py:582 - INFO - 正在下载第 120/183 页...
2025-12-29 03:24:58 - mkk_comic - app.py:582 - INFO - 正在下载第 121/183 页...
2025-12-29 03:24:58 - mkk_comic - app.py:582 - INFO - 正在下载第 122/183 页...
2025-12-29 03:24:58 - mkk_comic - app.py:582 - INFO - 正在下载第 123/183 页...
2025-12-29 03:24:59 - mkk_comic - app.py:582 - INFO - 正在下载第 124/183 页...
2025-12-29 03:24:59 - mkk_comic - app.py:582 - INFO - 正在下载第 125/183 页...
2025-12-29 03:24:59 - mkk_comic - app.py:582 - INFO - 正在下载第 126/183 页...
2025-12-29 03:24:59 - mkk_comic - app.py:582 - INFO - 正在下载第 127/183 页...
2025-12-29 03:24:59 - mkk_comic - app.py:582 - INFO - 正在下载第 128/183 页...
2025-12-29 03:24:59 - mkk_comic - app.py:582 - INFO - 正在下载第 129/183 页...
2025-12-29 03:24:59 - mkk_comic - app.py:582 - INFO - 正在下载第 130/183 页...
2025-12-29 03:24:59 - mkk_comic - app.py:582 - INFO - 正在下载第 131/183 页...
2025-12-29 03:24:59 - mkk_comic - app.py:582 - INFO - 正在下载第 132/183 页...
2025-12-29 03:24:59 - mkk_comic - app.py:582 - INFO - 正在下载第 133/183 页...
2025-12-29 03:24:59 - mkk_comic - app.py:582 - INFO - 正在下载第 134/183 页...
2025-12-29 03:24:59 - mkk_comic - app.py:582 - INFO - 正在下载第 135/183 页...
2025-12-29 03:24:59 - mkk_comic - app.py:582 - INFO - 正在下载第 136/183 页...
2025-12-29 03:24:59 - mkk_comic - app.py:582 - INFO - 正在下载第 137/183 页...
2025-12-29 03:24:59 - mkk_comic - app.py:582 - INFO - 正在下载第 138/183 页...
2025-12-29 03:24:59 - mkk_comic - app.py:582 - INFO - 正在下载第 139/183 页...
2025-12-29 03:24:59 - mkk_comic - app.py:582 - INFO - 正在下载第 140/183 页...
2025-12-29 03:24:59 - mkk_comic - app.py:582 - INFO - 正在下载第 141/183 页...
2025-12-29 03:24:59 - mkk_comic - app.py:582 - INFO - 正在下载第 142/183 页...
2025-12-29 03:24:59 - mkk_comic - app.py:582 - INFO - 正在下载第 143/183 页...
2025-12-29 03:24:59 - mkk_comic - app.py:582 - INFO - 正在下载第 144/183 页...
2025-12-29 03:24:59 - mkk_comic - app.py:582 - INFO - 正在下载第 145/183 页...
2025-12-29 03:24:59 - mkk_comic - app.py:582 - INFO - 正在下载第 146/183 页...
2025-12-29 03:24:59 - mkk_comic - app.py:582 - INFO - 正在下载第 147/183 页...
2025-12-29 03:24:59 - mkk_comic - app.py:582 - INFO - 正在下载第 148/183 页...
2025-12-29 03:24:59 - mkk_comic - app.py:582 - INFO - 正在下载第 149/183 页...
2025-12-29 03:24:59 - mkk_comic - app.py:582 - INFO - 正在下载第 150/183 页...
2025-12-29 03:24:59 - mkk_comic - app.py:582 - INFO - 正在下载第 151/183 页...
2025-12-29 03:24:59 - mkk_comic - app.py:582 - INFO - 正在下载第 152/183 页...
2025-12-29 03:24:59 - mkk_comic - app.py:582 - INFO - 正在下载第 153/183 页...
2025-12-29 03:24:59 - mkk_comic - app.py:582 - INFO - 正在下载第 154/183 页...
2025-12-29 03:24:59 - mkk_comic - app.py:582 - INFO - 正在下载第 155/183 页...
2025-12-29 03:25:00 - mkk_comic - app.py:582 - INFO - 正在下载第 156/183 页...
2025-12-29 03:25:00 - mkk_comic - app.py:582 - INFO - 正在下载第 157/183 页...
2025-12-29 03:25:00 - mkk_comic - app.py:582 - INFO - 正在下载第 158/183 页...
2025-12-29 03:25:00 - mkk_comic - app.py:582 - INFO - 正在下载第 159/183 页...
2025-12-29 03:25:00 - mkk_comic - app.py:582 - INFO - 正在下载第 160/183 页...
2025-12-29 03:25:00 - mkk_comic - app.py:582 - INFO - 正在下载第 161/183 页...
2025-12-29 03:25:00 - mkk_comic - app.py:582 - INFO - 正在下载第 162/183 页...
2025-12-29 03:25:00 - mkk_comic - app.py:582 - INFO - 正在下载第 163/183 页...
2025-12-29 03:25:00 - mkk_comic - app.py:582 - INFO - 正在下载第 164/183 页...
2025-12-29 03:25:00 - mkk_comic - app.py:582 - INFO - 正在下载第 165/183 页...
2025-12-29 03:25:00 - mkk_comic - app.py:582 - INFO - 正在下载第 166/183 页...
2025-12-29 03:25:00 - mkk_comic - app.py:582 - INFO - 正在下载第 167/183 页...
2025-12-29 03:25:00 - mkk_comic - app.py:582 - INFO - 正在下载第 168/183 页...
2025-12-29 03:25:00 - mkk_comic - app.py:582 - INFO - 正在下载第 169/183 页...
2025-12-29 03:25:00 - mkk_comic - app.py:582 - INFO - 正在下载第 170/183 页...
2025-12-29 03:25:00 - mkk_comic - app.py:582 - INFO - 正在下载第 171/183 页...
2025-12-29 03:25:00 - mkk_comic - app.py:582 - INFO - 正在下载第 172/183 页...
2025-12-29 03:25:00 - mkk_comic - app.py:582 - INFO - 正在下载第 173/183 页...
2025-12-29 03:25:00 - mkk_comic - app.py:582 - INFO - 正在下载第 174/183 页...
2025-12-29 03:25:00 - mkk_comic - app.py:582 - INFO - 正在下载第 175/183 页...
2025-12-29 03:25:00 - mkk_comic - app.py:582 - INFO - 正在下载第 176/183 页...
2025-12-29 03:25:00 - mkk_comic - app.py:582 - INFO - 正在下载第 177/183 页...
2025-12-29 03:25:00 - mkk_comic - app.py:582 - INFO - 正在下载第 178/183 页...
2025-12-29 03:25:00 - mkk_comic - app.py:582 - INFO - 正在下载第 179/183 页...
2025-12-29 03:25:01 - mkk_comic - app.py:582 - INFO - 正在下载第 180/183 页...
2025-12-29 03:25:01 - mkk_comic - app.py:582 - INFO - 正在下载第 181/183 页...
2025-12-29 03:25:01 - mkk_comic - app.py:582 - INFO - 正在下载第 182/183 页...
2025-12-29 03:25:01 - mkk_comic - app.py:582 - INFO - 正在下载第 183/183 页...
2025-12-29 03:25:01 - mkk_comic - app.py:511 - INFO - 下载完成!
2025-12-29 03:25:01 - mkk_comic - app.py:512 - INFO - 成功下载: 183/183 页
2025-12-29 03:25:01 - mkk_comic - app.py:858 - INFO - ===== 检查更新完成 =====

