2026-01-15 03:17:47 - mkk_comic - app.py:863 - INFO - 运行环境：GitHub Actions（自动化模式）
2026-01-15 03:17:47 - mkk_comic - app.py:820 - INFO - ===== 开始检查更新=====
2026-01-15 03:17:47 - mkk_comic - app.py:838 - INFO - 【名侦探柯南】上次下载至第45章
2026-01-15 03:17:48 - mkk_comic - app.py:845 - INFO - 【名侦探柯南】检测到更新！最新：272章
2026-01-15 03:17:48 - mkk_comic - app.py:848 - INFO - 【名侦探柯南】最大下载限制为2章-需下载46~47章）
2026-01-15 03:17:49 - mkk_comic - app.py:494 - INFO - 正在下载第46章: 第46卷    UUID:200e8f63-c85f-11e8-8859-024352452ce0
2026-01-15 03:17:50 - mkk_comic - app.py:502 - INFO - 创建目录: ./out/名偵探柯南/第46卷
2026-01-15 03:17:50 - mkk_comic - app.py:505 - INFO - 开始下载: 名偵探柯南 - 第46卷
2026-01-15 03:17:50 - mkk_comic - app.py:506 - INFO - 总页数: 194
2026-01-15 03:17:50 - mkk_comic - app.py:582 - INFO - 正在下载第 001/194 页...
2026-01-15 03:17:50 - mkk_comic - app.py:582 - INFO - 正在下载第 002/194 页...
2026-01-15 03:17:50 - mkk_comic - app.py:582 - INFO - 正在下载第 003/194 页...
2026-01-15 03:17:50 - mkk_comic - app.py:582 - INFO - 正在下载第 004/194 页...
2026-01-15 03:17:50 - mkk_comic - app.py:582 - INFO - 正在下载第 005/194 页...
2026-01-15 03:17:50 - mkk_comic - app.py:582 - INFO - 正在下载第 006/194 页...
2026-01-15 03:17:50 - mkk_comic - app.py:582 - INFO - 正在下载第 007/194 页...
2026-01-15 03:17:50 - mkk_comic - app.py:582 - INFO - 正在下载第 008/194 页...
2026-01-15 03:17:50 - mkk_comic - app.py:582 - INFO - 正在下载第 009/194 页...
2026-01-15 03:17:50 - mkk_comic - app.py:582 - INFO - 正在下载第 010/194 页...
2026-01-15 03:17:50 - mkk_comic - app.py:582 - INFO - 正在下载第 011/194 页...
2026-01-15 03:17:50 - mkk_comic - app.py:582 - INFO - 正在下载第 012/194 页...
2026-01-15 03:17:50 - mkk_comic - app.py:582 - INFO - 正在下载第 013/194 页...
2026-01-15 03:17:50 - mkk_comic - app.py:582 - INFO - 正在下载第 014/194 页...
2026-01-15 03:17:50 - mkk_comic - app.py:582 - INFO - 正在下载第 015/194 页...
2026-01-15 03:17:50 - mkk_comic - app.py:582 - INFO - 正在下载第 016/194 页...
2026-01-15 03:17:50 - mkk_comic - app.py:582 - INFO - 正在下载第 017/194 页...
2026-01-15 03:17:50 - mkk_comic - app.py:582 - INFO - 正在下载第 018/194 页...
2026-01-15 03:17:50 - mkk_comic - app.py:582 - INFO - 正在下载第 019/194 页...
2026-01-15 03:17:50 - mkk_comic - app.py:582 - INFO - 正在下载第 020/194 页...
2026-01-15 03:17:50 - mkk_comic - app.py:582 - INFO - 正在下载第 021/194 页...
2026-01-15 03:17:50 - mkk_comic - app.py:582 - INFO - 正在下载第 022/194 页...
2026-01-15 03:17:50 - mkk_comic - app.py:582 - INFO - 正在下载第 023/194 页...
2026-01-15 03:17:50 - mkk_comic - app.py:582 - INFO - 正在下载第 024/194 页...
2026-01-15 03:17:50 - mkk_comic - app.py:582 - INFO - 正在下载第 025/194 页...
2026-01-15 03:17:50 - mkk_comic - app.py:582 - INFO - 正在下载第 026/194 页...
2026-01-15 03:17:51 - mkk_comic - app.py:582 - INFO - 正在下载第 027/194 页...
2026-01-15 03:17:51 - mkk_comic - app.py:582 - INFO - 正在下载第 028/194 页...
2026-01-15 03:17:51 - mkk_comic - app.py:582 - INFO - 正在下载第 029/194 页...
2026-01-15 03:17:51 - mkk_comic - app.py:582 - INFO - 正在下载第 030/194 页...
2026-01-15 03:17:51 - mkk_comic - app.py:582 - INFO - 正在下载第 031/194 页...
2026-01-15 03:17:51 - mkk_comic - app.py:582 - INFO - 正在下载第 032/194 页...
2026-01-15 03:17:51 - mkk_comic - app.py:582 - INFO - 正在下载第 033/194 页...
2026-01-15 03:17:51 - mkk_comic - app.py:582 - INFO - 正在下载第 034/194 页...
2026-01-15 03:17:51 - mkk_comic - app.py:582 - INFO - 正在下载第 035/194 页...
2026-01-15 03:17:51 - mkk_comic - app.py:582 - INFO - 正在下载第 036/194 页...
2026-01-15 03:17:51 - mkk_comic - app.py:582 - INFO - 正在下载第 037/194 页...
2026-01-15 03:17:51 - mkk_comic - app.py:582 - INFO - 正在下载第 038/194 页...
2026-01-15 03:17:51 - mkk_comic - app.py:582 - INFO - 正在下载第 039/194 页...
2026-01-15 03:17:51 - mkk_comic - app.py:582 - INFO - 正在下载第 040/194 页...
2026-01-15 03:17:51 - mkk_comic - app.py:582 - INFO - 正在下载第 041/194 页...
2026-01-15 03:17:51 - mkk_comic - app.py:582 - INFO - 正在下载第 042/194 页...
2026-01-15 03:17:51 - mkk_comic - app.py:582 - INFO - 正在下载第 043/194 页...
2026-01-15 03:17:51 - mkk_comic - app.py:582 - INFO - 正在下载第 044/194 页...
2026-01-15 03:17:51 - mkk_comic - app.py:582 - INFO - 正在下载第 045/194 页...
2026-01-15 03:17:51 - mkk_comic - app.py:582 - INFO - 正在下载第 046/194 页...
2026-01-15 03:17:51 - mkk_comic - app.py:582 - INFO - 正在下载第 047/194 页...
2026-01-15 03:17:51 - mkk_comic - app.py:582 - INFO - 正在下载第 048/194 页...
2026-01-15 03:17:51 - mkk_comic - app.py:582 - INFO - 正在下载第 049/194 页...
2026-01-15 03:17:51 - mkk_comic - app.py:582 - INFO - 正在下载第 050/194 页...
2026-01-15 03:17:51 - mkk_comic - app.py:582 - INFO - 正在下载第 051/194 页...
2026-01-15 03:17:51 - mkk_comic - app.py:582 - INFO - 正在下载第 052/194 页...
2026-01-15 03:17:52 - mkk_comic - app.py:582 - INFO - 正在下载第 053/194 页...
2026-01-15 03:17:52 - mkk_comic - app.py:582 - INFO - 正在下载第 054/194 页...
2026-01-15 03:17:52 - mkk_comic - app.py:582 - INFO - 正在下载第 055/194 页...
2026-01-15 03:17:52 - mkk_comic - app.py:582 - INFO - 正在下载第 056/194 页...
2026-01-15 03:17:52 - mkk_comic - app.py:582 - INFO - 正在下载第 057/194 页...
2026-01-15 03:17:52 - mkk_comic - app.py:582 - INFO - 正在下载第 058/194 页...
2026-01-15 03:17:52 - mkk_comic - app.py:582 - INFO - 正在下载第 059/194 页...
2026-01-15 03:17:52 - mkk_comic - app.py:582 - INFO - 正在下载第 060/194 页...
2026-01-15 03:17:52 - mkk_comic - app.py:582 - INFO - 正在下载第 061/194 页...
2026-01-15 03:17:52 - mkk_comic - app.py:582 - INFO - 正在下载第 062/194 页...
2026-01-15 03:17:52 - mkk_comic - app.py:582 - INFO - 正在下载第 063/194 页...
2026-01-15 03:17:52 - mkk_comic - app.py:582 - INFO - 正在下载第 064/194 页...
2026-01-15 03:17:52 - mkk_comic - app.py:582 - INFO - 正在下载第 065/194 页...
2026-01-15 03:17:52 - mkk_comic - app.py:582 - INFO - 正在下载第 066/194 页...
2026-01-15 03:17:52 - mkk_comic - app.py:582 - INFO - 正在下载第 067/194 页...
2026-01-15 03:17:52 - mkk_comic - app.py:582 - INFO - 正在下载第 068/194 页...
2026-01-15 03:17:52 - mkk_comic - app.py:582 - INFO - 正在下载第 069/194 页...
2026-01-15 03:17:52 - mkk_comic - app.py:582 - INFO - 正在下载第 070/194 页...
2026-01-15 03:17:52 - mkk_comic - app.py:582 - INFO - 正在下载第 071/194 页...
2026-01-15 03:17:52 - mkk_comic - app.py:582 - INFO - 正在下载第 072/194 页...
2026-01-15 03:17:52 - mkk_comic - app.py:582 - INFO - 正在下载第 073/194 页...
2026-01-15 03:17:52 - mkk_comic - app.py:582 - INFO - 正在下载第 074/194 页...
2026-01-15 03:17:52 - mkk_comic - app.py:582 - INFO - 正在下载第 075/194 页...
2026-01-15 03:17:52 - mkk_comic - app.py:582 - INFO - 正在下载第 076/194 页...
2026-01-15 03:17:52 - mkk_comic - app.py:582 - INFO - 正在下载第 077/194 页...
2026-01-15 03:17:52 - mkk_comic - app.py:582 - INFO - 正在下载第 078/194 页...
2026-01-15 03:17:53 - mkk_comic - app.py:582 - INFO - 正在下载第 079/194 页...
2026-01-15 03:17:53 - mkk_comic - app.py:582 - INFO - 正在下载第 080/194 页...
2026-01-15 03:17:53 - mkk_comic - app.py:582 - INFO - 正在下载第 081/194 页...
2026-01-15 03:17:53 - mkk_comic - app.py:582 - INFO - 正在下载第 082/194 页...
2026-01-15 03:17:53 - mkk_comic - app.py:582 - INFO - 正在下载第 083/194 页...
2026-01-15 03:17:53 - mkk_comic - app.py:582 - INFO - 正在下载第 084/194 页...
2026-01-15 03:17:53 - mkk_comic - app.py:582 - INFO - 正在下载第 085/194 页...
2026-01-15 03:17:53 - mkk_comic - app.py:582 - INFO - 正在下载第 086/194 页...
2026-01-15 03:17:53 - mkk_comic - app.py:582 - INFO - 正在下载第 087/194 页...
2026-01-15 03:17:53 - mkk_comic - app.py:582 - INFO - 正在下载第 088/194 页...
2026-01-15 03:17:53 - mkk_comic - app.py:582 - INFO - 正在下载第 089/194 页...
2026-01-15 03:17:53 - mkk_comic - app.py:582 - INFO - 正在下载第 090/194 页...
2026-01-15 03:17:53 - mkk_comic - app.py:582 - INFO - 正在下载第 091/194 页...
2026-01-15 03:17:53 - mkk_comic - app.py:582 - INFO - 正在下载第 092/194 页...
2026-01-15 03:17:53 - mkk_comic - app.py:582 - INFO - 正在下载第 093/194 页...
2026-01-15 03:17:53 - mkk_comic - app.py:582 - INFO - 正在下载第 094/194 页...
2026-01-15 03:17:53 - mkk_comic - app.py:582 - INFO - 正在下载第 095/194 页...
2026-01-15 03:17:53 - mkk_comic - app.py:582 - INFO - 正在下载第 096/194 页...
2026-01-15 03:17:53 - mkk_comic - app.py:582 - INFO - 正在下载第 097/194 页...
2026-01-15 03:17:53 - mkk_comic - app.py:582 - INFO - 正在下载第 098/194 页...
2026-01-15 03:17:53 - mkk_comic - app.py:582 - INFO - 正在下载第 099/194 页...
2026-01-15 03:17:53 - mkk_comic - app.py:582 - INFO - 正在下载第 100/194 页...
2026-01-15 03:17:53 - mkk_comic - app.py:582 - INFO - 正在下载第 101/194 页...
2026-01-15 03:17:53 - mkk_comic - app.py:582 - INFO - 正在下载第 102/194 页...
2026-01-15 03:17:53 - mkk_comic - app.py:582 - INFO - 正在下载第 103/194 页...
2026-01-15 03:17:53 - mkk_comic - app.py:582 - INFO - 正在下载第 104/194 页...
2026-01-15 03:17:54 - mkk_comic - app.py:582 - INFO - 正在下载第 105/194 页...
2026-01-15 03:17:54 - mkk_comic - app.py:582 - INFO - 正在下载第 106/194 页...
2026-01-15 03:17:54 - mkk_comic - app.py:582 - INFO - 正在下载第 107/194 页...
2026-01-15 03:17:54 - mkk_comic - app.py:582 - INFO - 正在下载第 108/194 页...
2026-01-15 03:17:54 - mkk_comic - app.py:582 - INFO - 正在下载第 109/194 页...
2026-01-15 03:17:54 - mkk_comic - app.py:582 - INFO - 正在下载第 110/194 页...
2026-01-15 03:17:54 - mkk_comic - app.py:582 - INFO - 正在下载第 111/194 页...
2026-01-15 03:17:54 - mkk_comic - app.py:582 - INFO - 正在下载第 112/194 页...
2026-01-15 03:17:54 - mkk_comic - app.py:582 - INFO - 正在下载第 113/194 页...
2026-01-15 03:17:54 - mkk_comic - app.py:582 - INFO - 正在下载第 114/194 页...
2026-01-15 03:17:54 - mkk_comic - app.py:582 - INFO - 正在下载第 115/194 页...
2026-01-15 03:17:54 - mkk_comic - app.py:582 - INFO - 正在下载第 116/194 页...
2026-01-15 03:17:54 - mkk_comic - app.py:582 - INFO - 正在下载第 117/194 页...
2026-01-15 03:17:54 - mkk_comic - app.py:582 - INFO - 正在下载第 118/194 页...
2026-01-15 03:17:54 - mkk_comic - app.py:582 - INFO - 正在下载第 119/194 页...
2026-01-15 03:17:54 - mkk_comic - app.py:582 - INFO - 正在下载第 120/194 页...
2026-01-15 03:17:54 - mkk_comic - app.py:582 - INFO - 正在下载第 121/194 页...
2026-01-15 03:17:54 - mkk_comic - app.py:582 - INFO - 正在下载第 122/194 页...
2026-01-15 03:17:54 - mkk_comic - app.py:582 - INFO - 正在下载第 123/194 页...
2026-01-15 03:17:54 - mkk_comic - app.py:582 - INFO - 正在下载第 124/194 页...
2026-01-15 03:17:54 - mkk_comic - app.py:582 - INFO - 正在下载第 125/194 页...
2026-01-15 03:17:54 - mkk_comic - app.py:582 - INFO - 正在下载第 126/194 页...
2026-01-15 03:17:54 - mkk_comic - app.py:582 - INFO - 正在下载第 127/194 页...
2026-01-15 03:17:54 - mkk_comic - app.py:582 - INFO - 正在下载第 128/194 页...
2026-01-15 03:17:54 - mkk_comic - app.py:582 - INFO - 正在下载第 129/194 页...
2026-01-15 03:17:54 - mkk_comic - app.py:582 - INFO - 正在下载第 130/194 页...
2026-01-15 03:17:54 - mkk_comic - app.py:582 - INFO - 正在下载第 131/194 页...
2026-01-15 03:17:54 - mkk_comic - app.py:582 - INFO - 正在下载第 132/194 页...
2026-01-15 03:17:54 - mkk_comic - app.py:582 - INFO - 正在下载第 133/194 页...
2026-01-15 03:17:54 - mkk_comic - app.py:582 - INFO - 正在下载第 134/194 页...
2026-01-15 03:17:54 - mkk_comic - app.py:582 - INFO - 正在下载第 135/194 页...
2026-01-15 03:17:54 - mkk_comic - app.py:582 - INFO - 正在下载第 136/194 页...
2026-01-15 03:17:54 - mkk_comic - app.py:582 - INFO - 正在下载第 137/194 页...
2026-01-15 03:17:54 - mkk_comic - app.py:582 - INFO - 正在下载第 138/194 页...
2026-01-15 03:17:55 - mkk_comic - app.py:582 - INFO - 正在下载第 139/194 页...
2026-01-15 03:17:55 - mkk_comic - app.py:582 - INFO - 正在下载第 140/194 页...
2026-01-15 03:17:55 - mkk_comic - app.py:582 - INFO - 正在下载第 141/194 页...
2026-01-15 03:17:55 - mkk_comic - app.py:582 - INFO - 正在下载第 142/194 页...
2026-01-15 03:17:55 - mkk_comic - app.py:582 - INFO - 正在下载第 143/194 页...
2026-01-15 03:17:55 - mkk_comic - app.py:582 - INFO - 正在下载第 144/194 页...
2026-01-15 03:17:55 - mkk_comic - app.py:582 - INFO - 正在下载第 145/194 页...
2026-01-15 03:17:55 - mkk_comic - app.py:582 - INFO - 正在下载第 146/194 页...
2026-01-15 03:17:55 - mkk_comic - app.py:582 - INFO - 正在下载第 147/194 页...
2026-01-15 03:17:55 - mkk_comic - app.py:582 - INFO - 正在下载第 148/194 页...
2026-01-15 03:17:55 - mkk_comic - app.py:582 - INFO - 正在下载第 149/194 页...
2026-01-15 03:17:55 - mkk_comic - app.py:582 - INFO - 正在下载第 150/194 页...
2026-01-15 03:17:55 - mkk_comic - app.py:582 - INFO - 正在下载第 151/194 页...
2026-01-15 03:17:55 - mkk_comic - app.py:582 - INFO - 正在下载第 152/194 页...
2026-01-15 03:17:55 - mkk_comic - app.py:582 - INFO - 正在下载第 153/194 页...
2026-01-15 03:17:55 - mkk_comic - app.py:582 - INFO - 正在下载第 154/194 页...
2026-01-15 03:17:55 - mkk_comic - app.py:582 - INFO - 正在下载第 155/194 页...
2026-01-15 03:17:55 - mkk_comic - app.py:582 - INFO - 正在下载第 156/194 页...
2026-01-15 03:17:55 - mkk_comic - app.py:582 - INFO - 正在下载第 157/194 页...
2026-01-15 03:17:55 - mkk_comic - app.py:582 - INFO - 正在下载第 158/194 页...
2026-01-15 03:17:55 - mkk_comic - app.py:582 - INFO - 正在下载第 159/194 页...
2026-01-15 03:17:55 - mkk_comic - app.py:582 - INFO - 正在下载第 160/194 页...
2026-01-15 03:17:55 - mkk_comic - app.py:582 - INFO - 正在下载第 161/194 页...
2026-01-15 03:17:55 - mkk_comic - app.py:582 - INFO - 正在下载第 162/194 页...
2026-01-15 03:17:55 - mkk_comic - app.py:582 - INFO - 正在下载第 163/194 页...
2026-01-15 03:17:55 - mkk_comic - app.py:582 - INFO - 正在下载第 164/194 页...
2026-01-15 03:17:55 - mkk_comic - app.py:582 - INFO - 正在下载第 165/194 页...
2026-01-15 03:17:55 - mkk_comic - app.py:582 - INFO - 正在下载第 166/194 页...
2026-01-15 03:17:55 - mkk_comic - app.py:582 - INFO - 正在下载第 167/194 页...
2026-01-15 03:17:55 - mkk_comic - app.py:582 - INFO - 正在下载第 168/194 页...
2026-01-15 03:17:55 - mkk_comic - app.py:582 - INFO - 正在下载第 169/194 页...
2026-01-15 03:17:55 - mkk_comic - app.py:582 - INFO - 正在下载第 170/194 页...
2026-01-15 03:17:55 - mkk_comic - app.py:582 - INFO - 正在下载第 171/194 页...
2026-01-15 03:17:56 - mkk_comic - app.py:582 - INFO - 正在下载第 172/194 页...
2026-01-15 03:17:56 - mkk_comic - app.py:582 - INFO - 正在下载第 173/194 页...
2026-01-15 03:17:56 - mkk_comic - app.py:582 - INFO - 正在下载第 174/194 页...
2026-01-15 03:17:56 - mkk_comic - app.py:582 - INFO - 正在下载第 175/194 页...
2026-01-15 03:17:56 - mkk_comic - app.py:582 - INFO - 正在下载第 176/194 页...
2026-01-15 03:17:56 - mkk_comic - app.py:582 - INFO - 正在下载第 177/194 页...
2026-01-15 03:17:56 - mkk_comic - app.py:582 - INFO - 正在下载第 178/194 页...
2026-01-15 03:17:56 - mkk_comic - app.py:582 - INFO - 正在下载第 179/194 页...
2026-01-15 03:17:56 - mkk_comic - app.py:582 - INFO - 正在下载第 180/194 页...
2026-01-15 03:17:56 - mkk_comic - app.py:582 - INFO - 正在下载第 181/194 页...
2026-01-15 03:17:56 - mkk_comic - app.py:582 - INFO - 正在下载第 182/194 页...
2026-01-15 03:17:56 - mkk_comic - app.py:582 - INFO - 正在下载第 183/194 页...
2026-01-15 03:17:56 - mkk_comic - app.py:582 - INFO - 正在下载第 184/194 页...
2026-01-15 03:17:56 - mkk_comic - app.py:582 - INFO - 正在下载第 185/194 页...
2026-01-15 03:17:56 - mkk_comic - app.py:582 - INFO - 正在下载第 186/194 页...
2026-01-15 03:17:56 - mkk_comic - app.py:582 - INFO - 正在下载第 187/194 页...
2026-01-15 03:17:56 - mkk_comic - app.py:582 - INFO - 正在下载第 188/194 页...
2026-01-15 03:17:56 - mkk_comic - app.py:582 - INFO - 正在下载第 189/194 页...
2026-01-15 03:17:56 - mkk_comic - app.py:582 - INFO - 正在下载第 190/194 页...
2026-01-15 03:17:56 - mkk_comic - app.py:582 - INFO - 正在下载第 191/194 页...
2026-01-15 03:17:56 - mkk_comic - app.py:582 - INFO - 正在下载第 192/194 页...
2026-01-15 03:17:56 - mkk_comic - app.py:582 - INFO - 正在下载第 193/194 页...
2026-01-15 03:17:56 - mkk_comic - app.py:582 - INFO - 正在下载第 194/194 页...
2026-01-15 03:17:56 - mkk_comic - app.py:511 - INFO - 下载完成!
2026-01-15 03:17:56 - mkk_comic - app.py:512 - INFO - 成功下载: 194/194 页
2026-01-15 03:17:57 - mkk_comic - app.py:494 - INFO - 正在下载第47章: 第47卷    UUID:4ba540f5-c85f-11e8-8859-024352452ce0
2026-01-15 03:17:58 - mkk_comic - app.py:502 - INFO - 创建目录: ./out/名偵探柯南/第47卷
2026-01-15 03:17:58 - mkk_comic - app.py:505 - INFO - 开始下载: 名偵探柯南 - 第47卷
2026-01-15 03:17:58 - mkk_comic - app.py:506 - INFO - 总页数: 190
2026-01-15 03:17:58 - mkk_comic - app.py:582 - INFO - 正在下载第 001/190 页...
2026-01-15 03:17:58 - mkk_comic - app.py:582 - INFO - 正在下载第 002/190 页...
2026-01-15 03:17:58 - mkk_comic - app.py:582 - INFO - 正在下载第 003/190 页...
2026-01-15 03:17:58 - mkk_comic - app.py:582 - INFO - 正在下载第 004/190 页...
2026-01-15 03:17:58 - mkk_comic - app.py:582 - INFO - 正在下载第 005/190 页...
2026-01-15 03:17:58 - mkk_comic - app.py:582 - INFO - 正在下载第 006/190 页...
2026-01-15 03:17:58 - mkk_comic - app.py:582 - INFO - 正在下载第 007/190 页...
2026-01-15 03:17:58 - mkk_comic - app.py:582 - INFO - 正在下载第 008/190 页...
2026-01-15 03:17:58 - mkk_comic - app.py:582 - INFO - 正在下载第 009/190 页...
2026-01-15 03:17:58 - mkk_comic - app.py:582 - INFO - 正在下载第 010/190 页...
2026-01-15 03:17:58 - mkk_comic - app.py:582 - INFO - 正在下载第 011/190 页...
2026-01-15 03:17:58 - mkk_comic - app.py:582 - INFO - 正在下载第 012/190 页...
2026-01-15 03:17:58 - mkk_comic - app.py:582 - INFO - 正在下载第 013/190 页...
2026-01-15 03:17:58 - mkk_comic - app.py:582 - INFO - 正在下载第 014/190 页...
2026-01-15 03:17:58 - mkk_comic - app.py:582 - INFO - 正在下载第 015/190 页...
2026-01-15 03:17:58 - mkk_comic - app.py:582 - INFO - 正在下载第 016/190 页...
2026-01-15 03:17:58 - mkk_comic - app.py:582 - INFO - 正在下载第 017/190 页...
2026-01-15 03:17:58 - mkk_comic - app.py:582 - INFO - 正在下载第 018/190 页...
2026-01-15 03:17:58 - mkk_comic - app.py:582 - INFO - 正在下载第 019/190 页...
2026-01-15 03:17:58 - mkk_comic - app.py:582 - INFO - 正在下载第 020/190 页...
2026-01-15 03:17:58 - mkk_comic - app.py:582 - INFO - 正在下载第 021/190 页...
2026-01-15 03:17:59 - mkk_comic - app.py:582 - INFO - 正在下载第 022/190 页...
2026-01-15 03:17:59 - mkk_comic - app.py:582 - INFO - 正在下载第 023/190 页...
2026-01-15 03:17:59 - mkk_comic - app.py:582 - INFO - 正在下载第 024/190 页...
2026-01-15 03:17:59 - mkk_comic - app.py:582 - INFO - 正在下载第 025/190 页...
2026-01-15 03:17:59 - mkk_comic - app.py:582 - INFO - 正在下载第 026/190 页...
2026-01-15 03:17:59 - mkk_comic - app.py:582 - INFO - 正在下载第 027/190 页...
2026-01-15 03:17:59 - mkk_comic - app.py:582 - INFO - 正在下载第 028/190 页...
2026-01-15 03:17:59 - mkk_comic - app.py:582 - INFO - 正在下载第 029/190 页...
2026-01-15 03:17:59 - mkk_comic - app.py:582 - INFO - 正在下载第 030/190 页...
2026-01-15 03:17:59 - mkk_comic - app.py:582 - INFO - 正在下载第 031/190 页...
2026-01-15 03:17:59 - mkk_comic - app.py:582 - INFO - 正在下载第 032/190 页...
2026-01-15 03:17:59 - mkk_comic - app.py:582 - INFO - 正在下载第 033/190 页...
2026-01-15 03:17:59 - mkk_comic - app.py:582 - INFO - 正在下载第 034/190 页...
2026-01-15 03:17:59 - mkk_comic - app.py:582 - INFO - 正在下载第 035/190 页...
2026-01-15 03:17:59 - mkk_comic - app.py:582 - INFO - 正在下载第 036/190 页...
2026-01-15 03:17:59 - mkk_comic - app.py:582 - INFO - 正在下载第 037/190 页...
2026-01-15 03:17:59 - mkk_comic - app.py:582 - INFO - 正在下载第 038/190 页...
2026-01-15 03:17:59 - mkk_comic - app.py:582 - INFO - 正在下载第 039/190 页...
2026-01-15 03:17:59 - mkk_comic - app.py:582 - INFO - 正在下载第 040/190 页...
2026-01-15 03:17:59 - mkk_comic - app.py:582 - INFO - 正在下载第 041/190 页...
2026-01-15 03:17:59 - mkk_comic - app.py:582 - INFO - 正在下载第 042/190 页...
2026-01-15 03:17:59 - mkk_comic - app.py:582 - INFO - 正在下载第 043/190 页...
2026-01-15 03:17:59 - mkk_comic - app.py:582 - INFO - 正在下载第 044/190 页...
2026-01-15 03:17:59 - mkk_comic - app.py:582 - INFO - 正在下载第 045/190 页...
2026-01-15 03:17:59 - mkk_comic - app.py:582 - INFO - 正在下载第 046/190 页...
2026-01-15 03:18:00 - mkk_comic - app.py:582 - INFO - 正在下载第 047/190 页...
2026-01-15 03:18:00 - mkk_comic - app.py:582 - INFO - 正在下载第 048/190 页...
2026-01-15 03:18:00 - mkk_comic - app.py:582 - INFO - 正在下载第 049/190 页...
2026-01-15 03:18:00 - mkk_comic - app.py:582 - INFO - 正在下载第 050/190 页...
2026-01-15 03:18:00 - mkk_comic - app.py:582 - INFO - 正在下载第 051/190 页...
2026-01-15 03:18:00 - mkk_comic - app.py:582 - INFO - 正在下载第 052/190 页...
2026-01-15 03:18:00 - mkk_comic - app.py:582 - INFO - 正在下载第 053/190 页...
2026-01-15 03:18:00 - mkk_comic - app.py:582 - INFO - 正在下载第 054/190 页...
2026-01-15 03:18:00 - mkk_comic - app.py:582 - INFO - 正在下载第 055/190 页...
2026-01-15 03:18:00 - mkk_comic - app.py:582 - INFO - 正在下载第 056/190 页...
2026-01-15 03:18:00 - mkk_comic - app.py:582 - INFO - 正在下载第 057/190 页...
2026-01-15 03:18:00 - mkk_comic - app.py:582 - INFO - 正在下载第 058/190 页...
2026-01-15 03:18:00 - mkk_comic - app.py:582 - INFO - 正在下载第 059/190 页...
2026-01-15 03:18:00 - mkk_comic - app.py:582 - INFO - 正在下载第 060/190 页...
2026-01-15 03:18:00 - mkk_comic - app.py:582 - INFO - 正在下载第 061/190 页...
2026-01-15 03:18:00 - mkk_comic - app.py:582 - INFO - 正在下载第 062/190 页...
2026-01-15 03:18:00 - mkk_comic - app.py:582 - INFO - 正在下载第 063/190 页...
2026-01-15 03:18:00 - mkk_comic - app.py:582 - INFO - 正在下载第 064/190 页...
2026-01-15 03:18:00 - mkk_comic - app.py:582 - INFO - 正在下载第 065/190 页...
2026-01-15 03:18:00 - mkk_comic - app.py:582 - INFO - 正在下载第 066/190 页...
2026-01-15 03:18:00 - mkk_comic - app.py:582 - INFO - 正在下载第 067/190 页...
2026-01-15 03:18:00 - mkk_comic - app.py:582 - INFO - 正在下载第 068/190 页...
2026-01-15 03:18:00 - mkk_comic - app.py:582 - INFO - 正在下载第 069/190 页...
2026-01-15 03:18:00 - mkk_comic - app.py:582 - INFO - 正在下载第 070/190 页...
2026-01-15 03:18:00 - mkk_comic - app.py:582 - INFO - 正在下载第 071/190 页...
2026-01-15 03:18:00 - mkk_comic - app.py:582 - INFO - 正在下载第 072/190 页...
2026-01-15 03:18:00 - mkk_comic - app.py:582 - INFO - 正在下载第 073/190 页...
2026-01-15 03:18:00 - mkk_comic - app.py:582 - INFO - 正在下载第 074/190 页...
2026-01-15 03:18:00 - mkk_comic - app.py:582 - INFO - 正在下载第 075/190 页...
2026-01-15 03:18:00 - mkk_comic - app.py:582 - INFO - 正在下载第 076/190 页...
2026-01-15 03:18:00 - mkk_comic - app.py:582 - INFO - 正在下载第 077/190 页...
2026-01-15 03:18:00 - mkk_comic - app.py:582 - INFO - 正在下载第 078/190 页...
2026-01-15 03:18:01 - mkk_comic - app.py:582 - INFO - 正在下载第 079/190 页...
2026-01-15 03:18:01 - mkk_comic - app.py:582 - INFO - 正在下载第 080/190 页...
2026-01-15 03:18:01 - mkk_comic - app.py:582 - INFO - 正在下载第 081/190 页...
2026-01-15 03:18:01 - mkk_comic - app.py:582 - INFO - 正在下载第 082/190 页...
2026-01-15 03:18:01 - mkk_comic - app.py:582 - INFO - 正在下载第 083/190 页...
2026-01-15 03:18:01 - mkk_comic - app.py:582 - INFO - 正在下载第 084/190 页...
2026-01-15 03:18:01 - mkk_comic - app.py:582 - INFO - 正在下载第 085/190 页...
2026-01-15 03:18:01 - mkk_comic - app.py:582 - INFO - 正在下载第 086/190 页...
2026-01-15 03:18:01 - mkk_comic - app.py:582 - INFO - 正在下载第 087/190 页...
2026-01-15 03:18:01 - mkk_comic - app.py:582 - INFO - 正在下载第 088/190 页...
2026-01-15 03:18:01 - mkk_comic - app.py:582 - INFO - 正在下载第 089/190 页...
2026-01-15 03:18:01 - mkk_comic - app.py:582 - INFO - 正在下载第 090/190 页...
2026-01-15 03:18:01 - mkk_comic - app.py:582 - INFO - 正在下载第 091/190 页...
2026-01-15 03:18:01 - mkk_comic - app.py:582 - INFO - 正在下载第 092/190 页...
2026-01-15 03:18:01 - mkk_comic - app.py:582 - INFO - 正在下载第 093/190 页...
2026-01-15 03:18:01 - mkk_comic - app.py:582 - INFO - 正在下载第 094/190 页...
2026-01-15 03:18:01 - mkk_comic - app.py:582 - INFO - 正在下载第 095/190 页...
2026-01-15 03:18:01 - mkk_comic - app.py:582 - INFO - 正在下载第 096/190 页...
2026-01-15 03:18:01 - mkk_comic - app.py:582 - INFO - 正在下载第 097/190 页...
2026-01-15 03:18:01 - mkk_comic - app.py:582 - INFO - 正在下载第 098/190 页...
2026-01-15 03:18:01 - mkk_comic - app.py:582 - INFO - 正在下载第 099/190 页...
2026-01-15 03:18:01 - mkk_comic - app.py:582 - INFO - 正在下载第 100/190 页...
2026-01-15 03:18:01 - mkk_comic - app.py:582 - INFO - 正在下载第 101/190 页...
2026-01-15 03:18:01 - mkk_comic - app.py:582 - INFO - 正在下载第 102/190 页...
2026-01-15 03:18:01 - mkk_comic - app.py:582 - INFO - 正在下载第 103/190 页...
2026-01-15 03:18:01 - mkk_comic - app.py:582 - INFO - 正在下载第 104/190 页...
2026-01-15 03:18:01 - mkk_comic - app.py:582 - INFO - 正在下载第 105/190 页...
2026-01-15 03:18:01 - mkk_comic - app.py:582 - INFO - 正在下载第 106/190 页...
2026-01-15 03:18:01 - mkk_comic - app.py:582 - INFO - 正在下载第 107/190 页...
2026-01-15 03:18:02 - mkk_comic - app.py:582 - INFO - 正在下载第 108/190 页...
2026-01-15 03:18:02 - mkk_comic - app.py:582 - INFO - 正在下载第 109/190 页...
2026-01-15 03:18:02 - mkk_comic - app.py:582 - INFO - 正在下载第 110/190 页...
2026-01-15 03:18:02 - mkk_comic - app.py:582 - INFO - 正在下载第 111/190 页...
2026-01-15 03:18:02 - mkk_comic - app.py:582 - INFO - 正在下载第 112/190 页...
2026-01-15 03:18:02 - mkk_comic - app.py:582 - INFO - 正在下载第 113/190 页...
2026-01-15 03:18:02 - mkk_comic - app.py:582 - INFO - 正在下载第 114/190 页...
2026-01-15 03:18:02 - mkk_comic - app.py:582 - INFO - 正在下载第 115/190 页...
2026-01-15 03:18:02 - mkk_comic - app.py:582 - INFO - 正在下载第 116/190 页...
2026-01-15 03:18:02 - mkk_comic - app.py:582 - INFO - 正在下载第 117/190 页...
2026-01-15 03:18:02 - mkk_comic - app.py:582 - INFO - 正在下载第 118/190 页...
2026-01-15 03:18:02 - mkk_comic - app.py:582 - INFO - 正在下载第 119/190 页...
2026-01-15 03:18:02 - mkk_comic - app.py:582 - INFO - 正在下载第 120/190 页...
2026-01-15 03:18:02 - mkk_comic - app.py:582 - INFO - 正在下载第 121/190 页...
2026-01-15 03:18:02 - mkk_comic - app.py:582 - INFO - 正在下载第 122/190 页...
2026-01-15 03:18:02 - mkk_comic - app.py:582 - INFO - 正在下载第 123/190 页...
2026-01-15 03:18:02 - mkk_comic - app.py:582 - INFO - 正在下载第 124/190 页...
2026-01-15 03:18:02 - mkk_comic - app.py:582 - INFO - 正在下载第 125/190 页...
2026-01-15 03:18:02 - mkk_comic - app.py:582 - INFO - 正在下载第 126/190 页...
2026-01-15 03:18:02 - mkk_comic - app.py:582 - INFO - 正在下载第 127/190 页...
2026-01-15 03:18:02 - mkk_comic - app.py:582 - INFO - 正在下载第 128/190 页...
2026-01-15 03:18:03 - mkk_comic - app.py:582 - INFO - 正在下载第 129/190 页...
2026-01-15 03:18:03 - mkk_comic - app.py:582 - INFO - 正在下载第 130/190 页...
2026-01-15 03:18:03 - mkk_comic - app.py:582 - INFO - 正在下载第 131/190 页...
2026-01-15 03:18:03 - mkk_comic - app.py:582 - INFO - 正在下载第 132/190 页...
2026-01-15 03:18:03 - mkk_comic - app.py:582 - INFO - 正在下载第 133/190 页...
2026-01-15 03:18:03 - mkk_comic - app.py:582 - INFO - 正在下载第 134/190 页...
2026-01-15 03:18:03 - mkk_comic - app.py:582 - INFO - 正在下载第 135/190 页...
2026-01-15 03:18:03 - mkk_comic - app.py:582 - INFO - 正在下载第 136/190 页...
2026-01-15 03:18:03 - mkk_comic - app.py:582 - INFO - 正在下载第 137/190 页...
2026-01-15 03:18:03 - mkk_comic - app.py:582 - INFO - 正在下载第 138/190 页...
2026-01-15 03:18:03 - mkk_comic - app.py:582 - INFO - 正在下载第 139/190 页...
2026-01-15 03:18:03 - mkk_comic - app.py:582 - INFO - 正在下载第 140/190 页...
2026-01-15 03:18:03 - mkk_comic - app.py:582 - INFO - 正在下载第 141/190 页...
2026-01-15 03:18:03 - mkk_comic - app.py:582 - INFO - 正在下载第 142/190 页...
2026-01-15 03:18:03 - mkk_comic - app.py:582 - INFO - 正在下载第 143/190 页...
2026-01-15 03:18:03 - mkk_comic - app.py:582 - INFO - 正在下载第 144/190 页...
2026-01-15 03:18:03 - mkk_comic - app.py:582 - INFO - 正在下载第 145/190 页...
2026-01-15 03:18:03 - mkk_comic - app.py:582 - INFO - 正在下载第 146/190 页...
2026-01-15 03:18:03 - mkk_comic - app.py:582 - INFO - 正在下载第 147/190 页...
2026-01-15 03:18:03 - mkk_comic - app.py:582 - INFO - 正在下载第 148/190 页...
2026-01-15 03:18:03 - mkk_comic - app.py:582 - INFO - 正在下载第 149/190 页...
2026-01-15 03:18:03 - mkk_comic - app.py:582 - INFO - 正在下载第 150/190 页...
2026-01-15 03:18:03 - mkk_comic - app.py:582 - INFO - 正在下载第 151/190 页...
2026-01-15 03:18:03 - mkk_comic - app.py:582 - INFO - 正在下载第 152/190 页...
2026-01-15 03:18:03 - mkk_comic - app.py:582 - INFO - 正在下载第 153/190 页...
2026-01-15 03:18:03 - mkk_comic - app.py:582 - INFO - 正在下载第 154/190 页...
2026-01-15 03:18:03 - mkk_comic - app.py:582 - INFO - 正在下载第 155/190 页...
2026-01-15 03:18:04 - mkk_comic - app.py:582 - INFO - 正在下载第 156/190 页...
2026-01-15 03:18:04 - mkk_comic - app.py:582 - INFO - 正在下载第 157/190 页...
2026-01-15 03:18:04 - mkk_comic - app.py:582 - INFO - 正在下载第 158/190 页...
2026-01-15 03:18:04 - mkk_comic - app.py:582 - INFO - 正在下载第 159/190 页...
2026-01-15 03:18:04 - mkk_comic - app.py:582 - INFO - 正在下载第 160/190 页...
2026-01-15 03:18:04 - mkk_comic - app.py:582 - INFO - 正在下载第 161/190 页...
2026-01-15 03:18:04 - mkk_comic - app.py:582 - INFO - 正在下载第 162/190 页...
2026-01-15 03:18:04 - mkk_comic - app.py:582 - INFO - 正在下载第 163/190 页...
2026-01-15 03:18:04 - mkk_comic - app.py:582 - INFO - 正在下载第 164/190 页...
2026-01-15 03:18:04 - mkk_comic - app.py:582 - INFO - 正在下载第 165/190 页...
2026-01-15 03:18:04 - mkk_comic - app.py:582 - INFO - 正在下载第 166/190 页...
2026-01-15 03:18:04 - mkk_comic - app.py:582 - INFO - 正在下载第 167/190 页...
2026-01-15 03:18:04 - mkk_comic - app.py:582 - INFO - 正在下载第 168/190 页...
2026-01-15 03:18:04 - mkk_comic - app.py:582 - INFO - 正在下载第 169/190 页...
2026-01-15 03:18:04 - mkk_comic - app.py:582 - INFO - 正在下载第 170/190 页...
2026-01-15 03:18:04 - mkk_comic - app.py:582 - INFO - 正在下载第 171/190 页...
2026-01-15 03:18:04 - mkk_comic - app.py:582 - INFO - 正在下载第 172/190 页...
2026-01-15 03:18:04 - mkk_comic - app.py:582 - INFO - 正在下载第 173/190 页...
2026-01-15 03:18:04 - mkk_comic - app.py:582 - INFO - 正在下载第 174/190 页...
2026-01-15 03:18:04 - mkk_comic - app.py:582 - INFO - 正在下载第 175/190 页...
2026-01-15 03:18:04 - mkk_comic - app.py:582 - INFO - 正在下载第 176/190 页...
2026-01-15 03:18:04 - mkk_comic - app.py:582 - INFO - 正在下载第 177/190 页...
2026-01-15 03:18:04 - mkk_comic - app.py:582 - INFO - 正在下载第 178/190 页...
2026-01-15 03:18:04 - mkk_comic - app.py:582 - INFO - 正在下载第 179/190 页...
2026-01-15 03:18:04 - mkk_comic - app.py:582 - INFO - 正在下载第 180/190 页...
2026-01-15 03:18:04 - mkk_comic - app.py:582 - INFO - 正在下载第 181/190 页...
2026-01-15 03:18:05 - mkk_comic - app.py:582 - INFO - 正在下载第 182/190 页...
2026-01-15 03:18:05 - mkk_comic - app.py:582 - INFO - 正在下载第 183/190 页...
2026-01-15 03:18:05 - mkk_comic - app.py:582 - INFO - 正在下载第 184/190 页...
2026-01-15 03:18:05 - mkk_comic - app.py:582 - INFO - 正在下载第 185/190 页...
2026-01-15 03:18:05 - mkk_comic - app.py:582 - INFO - 正在下载第 186/190 页...
2026-01-15 03:18:05 - mkk_comic - app.py:582 - INFO - 正在下载第 187/190 页...
2026-01-15 03:18:05 - mkk_comic - app.py:582 - INFO - 正在下载第 188/190 页...
2026-01-15 03:18:05 - mkk_comic - app.py:582 - INFO - 正在下载第 189/190 页...
2026-01-15 03:18:05 - mkk_comic - app.py:582 - INFO - 正在下载第 190/190 页...
2026-01-15 03:18:05 - mkk_comic - app.py:511 - INFO - 下载完成!
2026-01-15 03:18:05 - mkk_comic - app.py:512 - INFO - 成功下载: 190/190 页
2026-01-15 03:18:05 - mkk_comic - app.py:858 - INFO - ===== 检查更新完成 =====

