2026-01-14 03:23:07 - mkk_comic - app.py:863 - INFO - 运行环境：GitHub Actions（自动化模式）
2026-01-14 03:23:07 - mkk_comic - app.py:820 - INFO - ===== 开始检查更新=====
2026-01-14 03:23:07 - mkk_comic - app.py:838 - INFO - 【名侦探柯南】上次下载至第43章
2026-01-14 03:23:08 - mkk_comic - app.py:845 - INFO - 【名侦探柯南】检测到更新！最新：272章
2026-01-14 03:23:08 - mkk_comic - app.py:848 - INFO - 【名侦探柯南】最大下载限制为2章-需下载44~45章）
2026-01-14 03:23:09 - mkk_comic - app.py:494 - INFO - 正在下载第44章: 第44卷    UUID:105c13a0-c85f-11e8-8859-024352452ce0
2026-01-14 03:23:10 - mkk_comic - app.py:502 - INFO - 创建目录: ./out/名偵探柯南/第44卷
2026-01-14 03:23:10 - mkk_comic - app.py:505 - INFO - 开始下载: 名偵探柯南 - 第44卷
2026-01-14 03:23:10 - mkk_comic - app.py:506 - INFO - 总页数: 193
2026-01-14 03:23:10 - mkk_comic - app.py:582 - INFO - 正在下载第 001/193 页...
2026-01-14 03:23:10 - mkk_comic - app.py:582 - INFO - 正在下载第 002/193 页...
2026-01-14 03:23:10 - mkk_comic - app.py:582 - INFO - 正在下载第 003/193 页...
2026-01-14 03:23:10 - mkk_comic - app.py:582 - INFO - 正在下载第 004/193 页...
2026-01-14 03:23:10 - mkk_comic - app.py:582 - INFO - 正在下载第 005/193 页...
2026-01-14 03:23:10 - mkk_comic - app.py:582 - INFO - 正在下载第 006/193 页...
2026-01-14 03:23:10 - mkk_comic - app.py:582 - INFO - 正在下载第 007/193 页...
2026-01-14 03:23:10 - mkk_comic - app.py:582 - INFO - 正在下载第 008/193 页...
2026-01-14 03:23:10 - mkk_comic - app.py:582 - INFO - 正在下载第 009/193 页...
2026-01-14 03:23:10 - mkk_comic - app.py:582 - INFO - 正在下载第 010/193 页...
2026-01-14 03:23:10 - mkk_comic - app.py:582 - INFO - 正在下载第 011/193 页...
2026-01-14 03:23:10 - mkk_comic - app.py:582 - INFO - 正在下载第 012/193 页...
2026-01-14 03:23:10 - mkk_comic - app.py:582 - INFO - 正在下载第 013/193 页...
2026-01-14 03:23:10 - mkk_comic - app.py:582 - INFO - 正在下载第 014/193 页...
2026-01-14 03:23:10 - mkk_comic - app.py:582 - INFO - 正在下载第 015/193 页...
2026-01-14 03:23:10 - mkk_comic - app.py:582 - INFO - 正在下载第 016/193 页...
2026-01-14 03:23:10 - mkk_comic - app.py:582 - INFO - 正在下载第 017/193 页...
2026-01-14 03:23:10 - mkk_comic - app.py:582 - INFO - 正在下载第 018/193 页...
2026-01-14 03:23:10 - mkk_comic - app.py:582 - INFO - 正在下载第 019/193 页...
2026-01-14 03:23:10 - mkk_comic - app.py:582 - INFO - 正在下载第 020/193 页...
2026-01-14 03:23:10 - mkk_comic - app.py:582 - INFO - 正在下载第 021/193 页...
2026-01-14 03:23:10 - mkk_comic - app.py:582 - INFO - 正在下载第 022/193 页...
2026-01-14 03:23:10 - mkk_comic - app.py:582 - INFO - 正在下载第 023/193 页...
2026-01-14 03:23:10 - mkk_comic - app.py:582 - INFO - 正在下载第 024/193 页...
2026-01-14 03:23:10 - mkk_comic - app.py:582 - INFO - 正在下载第 025/193 页...
2026-01-14 03:23:10 - mkk_comic - app.py:582 - INFO - 正在下载第 026/193 页...
2026-01-14 03:23:10 - mkk_comic - app.py:582 - INFO - 正在下载第 027/193 页...
2026-01-14 03:23:10 - mkk_comic - app.py:582 - INFO - 正在下载第 028/193 页...
2026-01-14 03:23:10 - mkk_comic - app.py:582 - INFO - 正在下载第 029/193 页...
2026-01-14 03:23:10 - mkk_comic - app.py:582 - INFO - 正在下载第 030/193 页...
2026-01-14 03:23:11 - mkk_comic - app.py:582 - INFO - 正在下载第 031/193 页...
2026-01-14 03:23:11 - mkk_comic - app.py:582 - INFO - 正在下载第 032/193 页...
2026-01-14 03:23:11 - mkk_comic - app.py:582 - INFO - 正在下载第 033/193 页...
2026-01-14 03:23:11 - mkk_comic - app.py:582 - INFO - 正在下载第 034/193 页...
2026-01-14 03:23:11 - mkk_comic - app.py:582 - INFO - 正在下载第 035/193 页...
2026-01-14 03:23:11 - mkk_comic - app.py:582 - INFO - 正在下载第 036/193 页...
2026-01-14 03:23:11 - mkk_comic - app.py:582 - INFO - 正在下载第 037/193 页...
2026-01-14 03:23:11 - mkk_comic - app.py:582 - INFO - 正在下载第 038/193 页...
2026-01-14 03:23:11 - mkk_comic - app.py:582 - INFO - 正在下载第 039/193 页...
2026-01-14 03:23:11 - mkk_comic - app.py:582 - INFO - 正在下载第 040/193 页...
2026-01-14 03:23:11 - mkk_comic - app.py:582 - INFO - 正在下载第 041/193 页...
2026-01-14 03:23:11 - mkk_comic - app.py:582 - INFO - 正在下载第 042/193 页...
2026-01-14 03:23:11 - mkk_comic - app.py:582 - INFO - 正在下载第 043/193 页...
2026-01-14 03:23:11 - mkk_comic - app.py:582 - INFO - 正在下载第 044/193 页...
2026-01-14 03:23:11 - mkk_comic - app.py:582 - INFO - 正在下载第 045/193 页...
2026-01-14 03:23:11 - mkk_comic - app.py:582 - INFO - 正在下载第 046/193 页...
2026-01-14 03:23:11 - mkk_comic - app.py:582 - INFO - 正在下载第 047/193 页...
2026-01-14 03:23:11 - mkk_comic - app.py:582 - INFO - 正在下载第 048/193 页...
2026-01-14 03:23:11 - mkk_comic - app.py:582 - INFO - 正在下载第 049/193 页...
2026-01-14 03:23:11 - mkk_comic - app.py:582 - INFO - 正在下载第 050/193 页...
2026-01-14 03:23:11 - mkk_comic - app.py:582 - INFO - 正在下载第 051/193 页...
2026-01-14 03:23:11 - mkk_comic - app.py:582 - INFO - 正在下载第 052/193 页...
2026-01-14 03:23:11 - mkk_comic - app.py:582 - INFO - 正在下载第 053/193 页...
2026-01-14 03:23:11 - mkk_comic - app.py:582 - INFO - 正在下载第 054/193 页...
2026-01-14 03:23:11 - mkk_comic - app.py:582 - INFO - 正在下载第 055/193 页...
2026-01-14 03:23:11 - mkk_comic - app.py:582 - INFO - 正在下载第 056/193 页...
2026-01-14 03:23:11 - mkk_comic - app.py:582 - INFO - 正在下载第 057/193 页...
2026-01-14 03:23:11 - mkk_comic - app.py:582 - INFO - 正在下载第 058/193 页...
2026-01-14 03:23:11 - mkk_comic - app.py:582 - INFO - 正在下载第 059/193 页...
2026-01-14 03:23:11 - mkk_comic - app.py:582 - INFO - 正在下载第 060/193 页...
2026-01-14 03:23:11 - mkk_comic - app.py:582 - INFO - 正在下载第 061/193 页...
2026-01-14 03:23:12 - mkk_comic - app.py:582 - INFO - 正在下载第 062/193 页...
2026-01-14 03:23:12 - mkk_comic - app.py:582 - INFO - 正在下载第 063/193 页...
2026-01-14 03:23:12 - mkk_comic - app.py:582 - INFO - 正在下载第 064/193 页...
2026-01-14 03:23:12 - mkk_comic - app.py:582 - INFO - 正在下载第 065/193 页...
2026-01-14 03:23:12 - mkk_comic - app.py:582 - INFO - 正在下载第 066/193 页...
2026-01-14 03:23:12 - mkk_comic - app.py:582 - INFO - 正在下载第 067/193 页...
2026-01-14 03:23:12 - mkk_comic - app.py:582 - INFO - 正在下载第 068/193 页...
2026-01-14 03:23:12 - mkk_comic - app.py:582 - INFO - 正在下载第 069/193 页...
2026-01-14 03:23:12 - mkk_comic - app.py:582 - INFO - 正在下载第 070/193 页...
2026-01-14 03:23:12 - mkk_comic - app.py:582 - INFO - 正在下载第 071/193 页...
2026-01-14 03:23:12 - mkk_comic - app.py:582 - INFO - 正在下载第 072/193 页...
2026-01-14 03:23:12 - mkk_comic - app.py:582 - INFO - 正在下载第 073/193 页...
2026-01-14 03:23:12 - mkk_comic - app.py:582 - INFO - 正在下载第 074/193 页...
2026-01-14 03:23:12 - mkk_comic - app.py:582 - INFO - 正在下载第 075/193 页...
2026-01-14 03:23:12 - mkk_comic - app.py:582 - INFO - 正在下载第 076/193 页...
2026-01-14 03:23:12 - mkk_comic - app.py:582 - INFO - 正在下载第 077/193 页...
2026-01-14 03:23:12 - mkk_comic - app.py:582 - INFO - 正在下载第 078/193 页...
2026-01-14 03:23:12 - mkk_comic - app.py:582 - INFO - 正在下载第 079/193 页...
2026-01-14 03:23:12 - mkk_comic - app.py:582 - INFO - 正在下载第 080/193 页...
2026-01-14 03:23:12 - mkk_comic - app.py:582 - INFO - 正在下载第 081/193 页...
2026-01-14 03:23:12 - mkk_comic - app.py:582 - INFO - 正在下载第 082/193 页...
2026-01-14 03:23:12 - mkk_comic - app.py:582 - INFO - 正在下载第 083/193 页...
2026-01-14 03:23:12 - mkk_comic - app.py:582 - INFO - 正在下载第 084/193 页...
2026-01-14 03:23:12 - mkk_comic - app.py:582 - INFO - 正在下载第 085/193 页...
2026-01-14 03:23:12 - mkk_comic - app.py:582 - INFO - 正在下载第 086/193 页...
2026-01-14 03:23:12 - mkk_comic - app.py:582 - INFO - 正在下载第 087/193 页...
2026-01-14 03:23:12 - mkk_comic - app.py:582 - INFO - 正在下载第 088/193 页...
2026-01-14 03:23:12 - mkk_comic - app.py:582 - INFO - 正在下载第 089/193 页...
2026-01-14 03:23:12 - mkk_comic - app.py:582 - INFO - 正在下载第 090/193 页...
2026-01-14 03:23:12 - mkk_comic - app.py:582 - INFO - 正在下载第 091/193 页...
2026-01-14 03:23:12 - mkk_comic - app.py:582 - INFO - 正在下载第 092/193 页...
2026-01-14 03:23:12 - mkk_comic - app.py:582 - INFO - 正在下载第 093/193 页...
2026-01-14 03:23:12 - mkk_comic - app.py:582 - INFO - 正在下载第 094/193 页...
2026-01-14 03:23:12 - mkk_comic - app.py:582 - INFO - 正在下载第 095/193 页...
2026-01-14 03:23:13 - mkk_comic - app.py:582 - INFO - 正在下载第 096/193 页...
2026-01-14 03:23:13 - mkk_comic - app.py:582 - INFO - 正在下载第 097/193 页...
2026-01-14 03:23:13 - mkk_comic - app.py:582 - INFO - 正在下载第 098/193 页...
2026-01-14 03:23:13 - mkk_comic - app.py:582 - INFO - 正在下载第 099/193 页...
2026-01-14 03:23:13 - mkk_comic - app.py:582 - INFO - 正在下载第 100/193 页...
2026-01-14 03:23:13 - mkk_comic - app.py:582 - INFO - 正在下载第 101/193 页...
2026-01-14 03:23:13 - mkk_comic - app.py:582 - INFO - 正在下载第 102/193 页...
2026-01-14 03:23:13 - mkk_comic - app.py:582 - INFO - 正在下载第 103/193 页...
2026-01-14 03:23:13 - mkk_comic - app.py:582 - INFO - 正在下载第 104/193 页...
2026-01-14 03:23:13 - mkk_comic - app.py:582 - INFO - 正在下载第 105/193 页...
2026-01-14 03:23:13 - mkk_comic - app.py:582 - INFO - 正在下载第 106/193 页...
2026-01-14 03:23:13 - mkk_comic - app.py:582 - INFO - 正在下载第 107/193 页...
2026-01-14 03:23:13 - mkk_comic - app.py:582 - INFO - 正在下载第 108/193 页...
2026-01-14 03:23:13 - mkk_comic - app.py:582 - INFO - 正在下载第 109/193 页...
2026-01-14 03:23:13 - mkk_comic - app.py:582 - INFO - 正在下载第 110/193 页...
2026-01-14 03:23:13 - mkk_comic - app.py:582 - INFO - 正在下载第 111/193 页...
2026-01-14 03:23:13 - mkk_comic - app.py:582 - INFO - 正在下载第 112/193 页...
2026-01-14 03:23:13 - mkk_comic - app.py:582 - INFO - 正在下载第 113/193 页...
2026-01-14 03:23:13 - mkk_comic - app.py:582 - INFO - 正在下载第 114/193 页...
2026-01-14 03:23:13 - mkk_comic - app.py:582 - INFO - 正在下载第 115/193 页...
2026-01-14 03:23:13 - mkk_comic - app.py:582 - INFO - 正在下载第 116/193 页...
2026-01-14 03:23:13 - mkk_comic - app.py:582 - INFO - 正在下载第 117/193 页...
2026-01-14 03:23:13 - mkk_comic - app.py:582 - INFO - 正在下载第 118/193 页...
2026-01-14 03:23:13 - mkk_comic - app.py:582 - INFO - 正在下载第 119/193 页...
2026-01-14 03:23:13 - mkk_comic - app.py:582 - INFO - 正在下载第 120/193 页...
2026-01-14 03:23:13 - mkk_comic - app.py:582 - INFO - 正在下载第 121/193 页...
2026-01-14 03:23:13 - mkk_comic - app.py:582 - INFO - 正在下载第 122/193 页...
2026-01-14 03:23:13 - mkk_comic - app.py:582 - INFO - 正在下载第 123/193 页...
2026-01-14 03:23:13 - mkk_comic - app.py:582 - INFO - 正在下载第 124/193 页...
2026-01-14 03:23:13 - mkk_comic - app.py:582 - INFO - 正在下载第 125/193 页...
2026-01-14 03:23:13 - mkk_comic - app.py:582 - INFO - 正在下载第 126/193 页...
2026-01-14 03:23:13 - mkk_comic - app.py:582 - INFO - 正在下载第 127/193 页...
2026-01-14 03:23:13 - mkk_comic - app.py:582 - INFO - 正在下载第 128/193 页...
2026-01-14 03:23:13 - mkk_comic - app.py:582 - INFO - 正在下载第 129/193 页...
2026-01-14 03:23:13 - mkk_comic - app.py:582 - INFO - 正在下载第 130/193 页...
2026-01-14 03:23:13 - mkk_comic - app.py:582 - INFO - 正在下载第 131/193 页...
2026-01-14 03:23:13 - mkk_comic - app.py:582 - INFO - 正在下载第 132/193 页...
2026-01-14 03:23:13 - mkk_comic - app.py:582 - INFO - 正在下载第 133/193 页...
2026-01-14 03:23:14 - mkk_comic - app.py:582 - INFO - 正在下载第 134/193 页...
2026-01-14 03:23:14 - mkk_comic - app.py:582 - INFO - 正在下载第 135/193 页...
2026-01-14 03:23:14 - mkk_comic - app.py:582 - INFO - 正在下载第 136/193 页...
2026-01-14 03:23:14 - mkk_comic - app.py:582 - INFO - 正在下载第 137/193 页...
2026-01-14 03:23:14 - mkk_comic - app.py:582 - INFO - 正在下载第 138/193 页...
2026-01-14 03:23:14 - mkk_comic - app.py:582 - INFO - 正在下载第 139/193 页...
2026-01-14 03:23:14 - mkk_comic - app.py:582 - INFO - 正在下载第 140/193 页...
2026-01-14 03:23:14 - mkk_comic - app.py:582 - INFO - 正在下载第 141/193 页...
2026-01-14 03:23:14 - mkk_comic - app.py:582 - INFO - 正在下载第 142/193 页...
2026-01-14 03:23:14 - mkk_comic - app.py:582 - INFO - 正在下载第 143/193 页...
2026-01-14 03:23:14 - mkk_comic - app.py:582 - INFO - 正在下载第 144/193 页...
2026-01-14 03:23:14 - mkk_comic - app.py:582 - INFO - 正在下载第 145/193 页...
2026-01-14 03:23:14 - mkk_comic - app.py:582 - INFO - 正在下载第 146/193 页...
2026-01-14 03:23:14 - mkk_comic - app.py:582 - INFO - 正在下载第 147/193 页...
2026-01-14 03:23:14 - mkk_comic - app.py:582 - INFO - 正在下载第 148/193 页...
2026-01-14 03:23:14 - mkk_comic - app.py:582 - INFO - 正在下载第 149/193 页...
2026-01-14 03:23:14 - mkk_comic - app.py:582 - INFO - 正在下载第 150/193 页...
2026-01-14 03:23:15 - mkk_comic - app.py:582 - INFO - 正在下载第 151/193 页...
2026-01-14 03:23:15 - mkk_comic - app.py:582 - INFO - 正在下载第 152/193 页...
2026-01-14 03:23:15 - mkk_comic - app.py:582 - INFO - 正在下载第 153/193 页...
2026-01-14 03:23:15 - mkk_comic - app.py:582 - INFO - 正在下载第 154/193 页...
2026-01-14 03:23:15 - mkk_comic - app.py:582 - INFO - 正在下载第 155/193 页...
2026-01-14 03:23:15 - mkk_comic - app.py:582 - INFO - 正在下载第 156/193 页...
2026-01-14 03:23:15 - mkk_comic - app.py:582 - INFO - 正在下载第 157/193 页...
2026-01-14 03:23:15 - mkk_comic - app.py:582 - INFO - 正在下载第 158/193 页...
2026-01-14 03:23:15 - mkk_comic - app.py:582 - INFO - 正在下载第 159/193 页...
2026-01-14 03:23:15 - mkk_comic - app.py:582 - INFO - 正在下载第 160/193 页...
2026-01-14 03:23:15 - mkk_comic - app.py:582 - INFO - 正在下载第 161/193 页...
2026-01-14 03:23:15 - mkk_comic - app.py:582 - INFO - 正在下载第 162/193 页...
2026-01-14 03:23:15 - mkk_comic - app.py:582 - INFO - 正在下载第 163/193 页...
2026-01-14 03:23:15 - mkk_comic - app.py:582 - INFO - 正在下载第 164/193 页...
2026-01-14 03:23:15 - mkk_comic - app.py:582 - INFO - 正在下载第 165/193 页...
2026-01-14 03:23:15 - mkk_comic - app.py:582 - INFO - 正在下载第 166/193 页...
2026-01-14 03:23:15 - mkk_comic - app.py:582 - INFO - 正在下载第 167/193 页...
2026-01-14 03:23:15 - mkk_comic - app.py:582 - INFO - 正在下载第 168/193 页...
2026-01-14 03:23:15 - mkk_comic - app.py:582 - INFO - 正在下载第 169/193 页...
2026-01-14 03:23:15 - mkk_comic - app.py:582 - INFO - 正在下载第 170/193 页...
2026-01-14 03:23:15 - mkk_comic - app.py:582 - INFO - 正在下载第 171/193 页...
2026-01-14 03:23:15 - mkk_comic - app.py:582 - INFO - 正在下载第 172/193 页...
2026-01-14 03:23:15 - mkk_comic - app.py:582 - INFO - 正在下载第 173/193 页...
2026-01-14 03:23:15 - mkk_comic - app.py:582 - INFO - 正在下载第 174/193 页...
2026-01-14 03:23:15 - mkk_comic - app.py:582 - INFO - 正在下载第 175/193 页...
2026-01-14 03:23:15 - mkk_comic - app.py:582 - INFO - 正在下载第 176/193 页...
2026-01-14 03:23:15 - mkk_comic - app.py:582 - INFO - 正在下载第 177/193 页...
2026-01-14 03:23:15 - mkk_comic - app.py:582 - INFO - 正在下载第 178/193 页...
2026-01-14 03:23:15 - mkk_comic - app.py:582 - INFO - 正在下载第 179/193 页...
2026-01-14 03:23:15 - mkk_comic - app.py:582 - INFO - 正在下载第 180/193 页...
2026-01-14 03:23:16 - mkk_comic - app.py:582 - INFO - 正在下载第 181/193 页...
2026-01-14 03:23:16 - mkk_comic - app.py:582 - INFO - 正在下载第 182/193 页...
2026-01-14 03:23:16 - mkk_comic - app.py:582 - INFO - 正在下载第 183/193 页...
2026-01-14 03:23:16 - mkk_comic - app.py:582 - INFO - 正在下载第 184/193 页...
2026-01-14 03:23:16 - mkk_comic - app.py:582 - INFO - 正在下载第 185/193 页...
2026-01-14 03:23:16 - mkk_comic - app.py:582 - INFO - 正在下载第 186/193 页...
2026-01-14 03:23:16 - mkk_comic - app.py:582 - INFO - 正在下载第 187/193 页...
2026-01-14 03:23:16 - mkk_comic - app.py:582 - INFO - 正在下载第 188/193 页...
2026-01-14 03:23:16 - mkk_comic - app.py:582 - INFO - 正在下载第 189/193 页...
2026-01-14 03:23:16 - mkk_comic - app.py:582 - INFO - 正在下载第 190/193 页...
2026-01-14 03:23:16 - mkk_comic - app.py:582 - INFO - 正在下载第 191/193 页...
2026-01-14 03:23:16 - mkk_comic - app.py:582 - INFO - 正在下载第 192/193 页...
2026-01-14 03:23:16 - mkk_comic - app.py:582 - INFO - 正在下载第 193/193 页...
2026-01-14 03:23:16 - mkk_comic - app.py:511 - INFO - 下载完成!
2026-01-14 03:23:16 - mkk_comic - app.py:512 - INFO - 成功下载: 193/193 页
2026-01-14 03:23:17 - mkk_comic - app.py:494 - INFO - 正在下载第45章: 第45卷    UUID:15fe7fb6-c85f-11e8-8859-024352452ce0
2026-01-14 03:23:18 - mkk_comic - app.py:502 - INFO - 创建目录: ./out/名偵探柯南/第45卷
2026-01-14 03:23:18 - mkk_comic - app.py:505 - INFO - 开始下载: 名偵探柯南 - 第45卷
2026-01-14 03:23:18 - mkk_comic - app.py:506 - INFO - 总页数: 190
2026-01-14 03:23:18 - mkk_comic - app.py:582 - INFO - 正在下载第 001/190 页...
2026-01-14 03:23:18 - mkk_comic - app.py:582 - INFO - 正在下载第 002/190 页...
2026-01-14 03:23:18 - mkk_comic - app.py:582 - INFO - 正在下载第 003/190 页...
2026-01-14 03:23:18 - mkk_comic - app.py:582 - INFO - 正在下载第 004/190 页...
2026-01-14 03:23:18 - mkk_comic - app.py:582 - INFO - 正在下载第 005/190 页...
2026-01-14 03:23:18 - mkk_comic - app.py:582 - INFO - 正在下载第 006/190 页...
2026-01-14 03:23:18 - mkk_comic - app.py:582 - INFO - 正在下载第 007/190 页...
2026-01-14 03:23:18 - mkk_comic - app.py:582 - INFO - 正在下载第 008/190 页...
2026-01-14 03:23:18 - mkk_comic - app.py:582 - INFO - 正在下载第 009/190 页...
2026-01-14 03:23:18 - mkk_comic - app.py:582 - INFO - 正在下载第 010/190 页...
2026-01-14 03:23:18 - mkk_comic - app.py:582 - INFO - 正在下载第 011/190 页...
2026-01-14 03:23:18 - mkk_comic - app.py:582 - INFO - 正在下载第 012/190 页...
2026-01-14 03:23:18 - mkk_comic - app.py:582 - INFO - 正在下载第 013/190 页...
2026-01-14 03:23:18 - mkk_comic - app.py:582 - INFO - 正在下载第 014/190 页...
2026-01-14 03:23:18 - mkk_comic - app.py:582 - INFO - 正在下载第 015/190 页...
2026-01-14 03:23:18 - mkk_comic - app.py:582 - INFO - 正在下载第 016/190 页...
2026-01-14 03:23:18 - mkk_comic - app.py:582 - INFO - 正在下载第 017/190 页...
2026-01-14 03:23:18 - mkk_comic - app.py:582 - INFO - 正在下载第 018/190 页...
2026-01-14 03:23:18 - mkk_comic - app.py:582 - INFO - 正在下载第 019/190 页...
2026-01-14 03:23:18 - mkk_comic - app.py:582 - INFO - 正在下载第 020/190 页...
2026-01-14 03:23:18 - mkk_comic - app.py:582 - INFO - 正在下载第 021/190 页...
2026-01-14 03:23:18 - mkk_comic - app.py:582 - INFO - 正在下载第 022/190 页...
2026-01-14 03:23:18 - mkk_comic - app.py:582 - INFO - 正在下载第 023/190 页...
2026-01-14 03:23:18 - mkk_comic - app.py:582 - INFO - 正在下载第 024/190 页...
2026-01-14 03:23:18 - mkk_comic - app.py:582 - INFO - 正在下载第 025/190 页...
2026-01-14 03:23:18 - mkk_comic - app.py:582 - INFO - 正在下载第 026/190 页...
2026-01-14 03:23:18 - mkk_comic - app.py:582 - INFO - 正在下载第 027/190 页...
2026-01-14 03:23:18 - mkk_comic - app.py:582 - INFO - 正在下载第 028/190 页...
2026-01-14 03:23:18 - mkk_comic - app.py:582 - INFO - 正在下载第 029/190 页...
2026-01-14 03:23:19 - mkk_comic - app.py:582 - INFO - 正在下载第 030/190 页...
2026-01-14 03:23:19 - mkk_comic - app.py:582 - INFO - 正在下载第 031/190 页...
2026-01-14 03:23:19 - mkk_comic - app.py:582 - INFO - 正在下载第 032/190 页...
2026-01-14 03:23:19 - mkk_comic - app.py:582 - INFO - 正在下载第 033/190 页...
2026-01-14 03:23:19 - mkk_comic - app.py:582 - INFO - 正在下载第 034/190 页...
2026-01-14 03:23:19 - mkk_comic - app.py:582 - INFO - 正在下载第 035/190 页...
2026-01-14 03:23:19 - mkk_comic - app.py:582 - INFO - 正在下载第 036/190 页...
2026-01-14 03:23:19 - mkk_comic - app.py:582 - INFO - 正在下载第 037/190 页...
2026-01-14 03:23:19 - mkk_comic - app.py:582 - INFO - 正在下载第 038/190 页...
2026-01-14 03:23:19 - mkk_comic - app.py:582 - INFO - 正在下载第 039/190 页...
2026-01-14 03:23:19 - mkk_comic - app.py:582 - INFO - 正在下载第 040/190 页...
2026-01-14 03:23:19 - mkk_comic - app.py:582 - INFO - 正在下载第 041/190 页...
2026-01-14 03:23:19 - mkk_comic - app.py:582 - INFO - 正在下载第 042/190 页...
2026-01-14 03:23:19 - mkk_comic - app.py:582 - INFO - 正在下载第 043/190 页...
2026-01-14 03:23:19 - mkk_comic - app.py:582 - INFO - 正在下载第 044/190 页...
2026-01-14 03:23:19 - mkk_comic - app.py:582 - INFO - 正在下载第 045/190 页...
2026-01-14 03:23:19 - mkk_comic - app.py:582 - INFO - 正在下载第 046/190 页...
2026-01-14 03:23:19 - mkk_comic - app.py:582 - INFO - 正在下载第 047/190 页...
2026-01-14 03:23:19 - mkk_comic - app.py:582 - INFO - 正在下载第 048/190 页...
2026-01-14 03:23:19 - mkk_comic - app.py:582 - INFO - 正在下载第 049/190 页...
2026-01-14 03:23:19 - mkk_comic - app.py:582 - INFO - 正在下载第 050/190 页...
2026-01-14 03:23:19 - mkk_comic - app.py:582 - INFO - 正在下载第 051/190 页...
2026-01-14 03:23:19 - mkk_comic - app.py:582 - INFO - 正在下载第 052/190 页...
2026-01-14 03:23:19 - mkk_comic - app.py:582 - INFO - 正在下载第 053/190 页...
2026-01-14 03:23:19 - mkk_comic - app.py:582 - INFO - 正在下载第 054/190 页...
2026-01-14 03:23:19 - mkk_comic - app.py:582 - INFO - 正在下载第 055/190 页...
2026-01-14 03:23:19 - mkk_comic - app.py:582 - INFO - 正在下载第 056/190 页...
2026-01-14 03:23:19 - mkk_comic - app.py:582 - INFO - 正在下载第 057/190 页...
2026-01-14 03:23:19 - mkk_comic - app.py:582 - INFO - 正在下载第 058/190 页...
2026-01-14 03:23:19 - mkk_comic - app.py:582 - INFO - 正在下载第 059/190 页...
2026-01-14 03:23:19 - mkk_comic - app.py:582 - INFO - 正在下载第 060/190 页...
2026-01-14 03:23:20 - mkk_comic - app.py:582 - INFO - 正在下载第 061/190 页...
2026-01-14 03:23:20 - mkk_comic - app.py:582 - INFO - 正在下载第 062/190 页...
2026-01-14 03:23:20 - mkk_comic - app.py:582 - INFO - 正在下载第 063/190 页...
2026-01-14 03:23:20 - mkk_comic - app.py:582 - INFO - 正在下载第 064/190 页...
2026-01-14 03:23:20 - mkk_comic - app.py:582 - INFO - 正在下载第 065/190 页...
2026-01-14 03:23:20 - mkk_comic - app.py:582 - INFO - 正在下载第 066/190 页...
2026-01-14 03:23:20 - mkk_comic - app.py:582 - INFO - 正在下载第 067/190 页...
2026-01-14 03:23:20 - mkk_comic - app.py:582 - INFO - 正在下载第 068/190 页...
2026-01-14 03:23:20 - mkk_comic - app.py:582 - INFO - 正在下载第 069/190 页...
2026-01-14 03:23:20 - mkk_comic - app.py:582 - INFO - 正在下载第 070/190 页...
2026-01-14 03:23:20 - mkk_comic - app.py:582 - INFO - 正在下载第 071/190 页...
2026-01-14 03:23:20 - mkk_comic - app.py:582 - INFO - 正在下载第 072/190 页...
2026-01-14 03:23:20 - mkk_comic - app.py:582 - INFO - 正在下载第 073/190 页...
2026-01-14 03:23:20 - mkk_comic - app.py:582 - INFO - 正在下载第 074/190 页...
2026-01-14 03:23:20 - mkk_comic - app.py:582 - INFO - 正在下载第 075/190 页...
2026-01-14 03:23:20 - mkk_comic - app.py:582 - INFO - 正在下载第 076/190 页...
2026-01-14 03:23:20 - mkk_comic - app.py:582 - INFO - 正在下载第 077/190 页...
2026-01-14 03:23:20 - mkk_comic - app.py:582 - INFO - 正在下载第 078/190 页...
2026-01-14 03:23:20 - mkk_comic - app.py:582 - INFO - 正在下载第 079/190 页...
2026-01-14 03:23:20 - mkk_comic - app.py:582 - INFO - 正在下载第 080/190 页...
2026-01-14 03:23:20 - mkk_comic - app.py:582 - INFO - 正在下载第 081/190 页...
2026-01-14 03:23:20 - mkk_comic - app.py:582 - INFO - 正在下载第 082/190 页...
2026-01-14 03:23:20 - mkk_comic - app.py:582 - INFO - 正在下载第 083/190 页...
2026-01-14 03:23:20 - mkk_comic - app.py:582 - INFO - 正在下载第 084/190 页...
2026-01-14 03:23:20 - mkk_comic - app.py:582 - INFO - 正在下载第 085/190 页...
2026-01-14 03:23:20 - mkk_comic - app.py:582 - INFO - 正在下载第 086/190 页...
2026-01-14 03:23:20 - mkk_comic - app.py:582 - INFO - 正在下载第 087/190 页...
2026-01-14 03:23:20 - mkk_comic - app.py:582 - INFO - 正在下载第 088/190 页...
2026-01-14 03:23:20 - mkk_comic - app.py:582 - INFO - 正在下载第 089/190 页...
2026-01-14 03:23:20 - mkk_comic - app.py:582 - INFO - 正在下载第 090/190 页...
2026-01-14 03:23:20 - mkk_comic - app.py:582 - INFO - 正在下载第 091/190 页...
2026-01-14 03:23:20 - mkk_comic - app.py:582 - INFO - 正在下载第 092/190 页...
2026-01-14 03:23:20 - mkk_comic - app.py:582 - INFO - 正在下载第 093/190 页...
2026-01-14 03:23:20 - mkk_comic - app.py:582 - INFO - 正在下载第 094/190 页...
2026-01-14 03:23:20 - mkk_comic - app.py:582 - INFO - 正在下载第 095/190 页...
2026-01-14 03:23:21 - mkk_comic - app.py:582 - INFO - 正在下载第 096/190 页...
2026-01-14 03:23:21 - mkk_comic - app.py:582 - INFO - 正在下载第 097/190 页...
2026-01-14 03:23:21 - mkk_comic - app.py:582 - INFO - 正在下载第 098/190 页...
2026-01-14 03:23:21 - mkk_comic - app.py:582 - INFO - 正在下载第 099/190 页...
2026-01-14 03:23:21 - mkk_comic - app.py:582 - INFO - 正在下载第 100/190 页...
2026-01-14 03:23:21 - mkk_comic - app.py:582 - INFO - 正在下载第 101/190 页...
2026-01-14 03:23:21 - mkk_comic - app.py:582 - INFO - 正在下载第 102/190 页...
2026-01-14 03:23:21 - mkk_comic - app.py:582 - INFO - 正在下载第 103/190 页...
2026-01-14 03:23:21 - mkk_comic - app.py:582 - INFO - 正在下载第 104/190 页...
2026-01-14 03:23:21 - mkk_comic - app.py:582 - INFO - 正在下载第 105/190 页...
2026-01-14 03:23:21 - mkk_comic - app.py:582 - INFO - 正在下载第 106/190 页...
2026-01-14 03:23:21 - mkk_comic - app.py:582 - INFO - 正在下载第 107/190 页...
2026-01-14 03:23:21 - mkk_comic - app.py:582 - INFO - 正在下载第 108/190 页...
2026-01-14 03:23:21 - mkk_comic - app.py:582 - INFO - 正在下载第 109/190 页...
2026-01-14 03:23:21 - mkk_comic - app.py:582 - INFO - 正在下载第 110/190 页...
2026-01-14 03:23:21 - mkk_comic - app.py:582 - INFO - 正在下载第 111/190 页...
2026-01-14 03:23:21 - mkk_comic - app.py:582 - INFO - 正在下载第 112/190 页...
2026-01-14 03:23:21 - mkk_comic - app.py:582 - INFO - 正在下载第 113/190 页...
2026-01-14 03:23:21 - mkk_comic - app.py:582 - INFO - 正在下载第 114/190 页...
2026-01-14 03:23:21 - mkk_comic - app.py:582 - INFO - 正在下载第 115/190 页...
2026-01-14 03:23:21 - mkk_comic - app.py:582 - INFO - 正在下载第 116/190 页...
2026-01-14 03:23:21 - mkk_comic - app.py:582 - INFO - 正在下载第 117/190 页...
2026-01-14 03:23:21 - mkk_comic - app.py:582 - INFO - 正在下载第 118/190 页...
2026-01-14 03:23:21 - mkk_comic - app.py:582 - INFO - 正在下载第 119/190 页...
2026-01-14 03:23:21 - mkk_comic - app.py:582 - INFO - 正在下载第 120/190 页...
2026-01-14 03:23:21 - mkk_comic - app.py:582 - INFO - 正在下载第 121/190 页...
2026-01-14 03:23:21 - mkk_comic - app.py:582 - INFO - 正在下载第 122/190 页...
2026-01-14 03:23:21 - mkk_comic - app.py:582 - INFO - 正在下载第 123/190 页...
2026-01-14 03:23:21 - mkk_comic - app.py:582 - INFO - 正在下载第 124/190 页...
2026-01-14 03:23:21 - mkk_comic - app.py:582 - INFO - 正在下载第 125/190 页...
2026-01-14 03:23:21 - mkk_comic - app.py:582 - INFO - 正在下载第 126/190 页...
2026-01-14 03:23:21 - mkk_comic - app.py:582 - INFO - 正在下载第 127/190 页...
2026-01-14 03:23:21 - mkk_comic - app.py:582 - INFO - 正在下载第 128/190 页...
2026-01-14 03:23:21 - mkk_comic - app.py:582 - INFO - 正在下载第 129/190 页...
2026-01-14 03:23:21 - mkk_comic - app.py:582 - INFO - 正在下载第 130/190 页...
2026-01-14 03:23:21 - mkk_comic - app.py:582 - INFO - 正在下载第 131/190 页...
2026-01-14 03:23:21 - mkk_comic - app.py:582 - INFO - 正在下载第 132/190 页...
2026-01-14 03:23:22 - mkk_comic - app.py:582 - INFO - 正在下载第 133/190 页...
2026-01-14 03:23:22 - mkk_comic - app.py:582 - INFO - 正在下载第 134/190 页...
2026-01-14 03:23:22 - mkk_comic - app.py:582 - INFO - 正在下载第 135/190 页...
2026-01-14 03:23:22 - mkk_comic - app.py:582 - INFO - 正在下载第 136/190 页...
2026-01-14 03:23:22 - mkk_comic - app.py:582 - INFO - 正在下载第 137/190 页...
2026-01-14 03:23:22 - mkk_comic - app.py:582 - INFO - 正在下载第 138/190 页...
2026-01-14 03:23:22 - mkk_comic - app.py:582 - INFO - 正在下载第 139/190 页...
2026-01-14 03:23:22 - mkk_comic - app.py:582 - INFO - 正在下载第 140/190 页...
2026-01-14 03:23:22 - mkk_comic - app.py:582 - INFO - 正在下载第 141/190 页...
2026-01-14 03:23:22 - mkk_comic - app.py:582 - INFO - 正在下载第 142/190 页...
2026-01-14 03:23:22 - mkk_comic - app.py:582 - INFO - 正在下载第 143/190 页...
2026-01-14 03:23:22 - mkk_comic - app.py:582 - INFO - 正在下载第 144/190 页...
2026-01-14 03:23:22 - mkk_comic - app.py:582 - INFO - 正在下载第 145/190 页...
2026-01-14 03:23:22 - mkk_comic - app.py:582 - INFO - 正在下载第 146/190 页...
2026-01-14 03:23:22 - mkk_comic - app.py:582 - INFO - 正在下载第 147/190 页...
2026-01-14 03:23:22 - mkk_comic - app.py:582 - INFO - 正在下载第 148/190 页...
2026-01-14 03:23:22 - mkk_comic - app.py:582 - INFO - 正在下载第 149/190 页...
2026-01-14 03:23:22 - mkk_comic - app.py:582 - INFO - 正在下载第 150/190 页...
2026-01-14 03:23:22 - mkk_comic - app.py:582 - INFO - 正在下载第 151/190 页...
2026-01-14 03:23:22 - mkk_comic - app.py:582 - INFO - 正在下载第 152/190 页...
2026-01-14 03:23:22 - mkk_comic - app.py:582 - INFO - 正在下载第 153/190 页...
2026-01-14 03:23:22 - mkk_comic - app.py:582 - INFO - 正在下载第 154/190 页...
2026-01-14 03:23:22 - mkk_comic - app.py:582 - INFO - 正在下载第 155/190 页...
2026-01-14 03:23:22 - mkk_comic - app.py:582 - INFO - 正在下载第 156/190 页...
2026-01-14 03:23:22 - mkk_comic - app.py:582 - INFO - 正在下载第 157/190 页...
2026-01-14 03:23:22 - mkk_comic - app.py:582 - INFO - 正在下载第 158/190 页...
2026-01-14 03:23:22 - mkk_comic - app.py:582 - INFO - 正在下载第 159/190 页...
2026-01-14 03:23:22 - mkk_comic - app.py:582 - INFO - 正在下载第 160/190 页...
2026-01-14 03:23:22 - mkk_comic - app.py:582 - INFO - 正在下载第 161/190 页...
2026-01-14 03:23:22 - mkk_comic - app.py:582 - INFO - 正在下载第 162/190 页...
2026-01-14 03:23:22 - mkk_comic - app.py:582 - INFO - 正在下载第 163/190 页...
2026-01-14 03:23:22 - mkk_comic - app.py:582 - INFO - 正在下载第 164/190 页...
2026-01-14 03:23:22 - mkk_comic - app.py:582 - INFO - 正在下载第 165/190 页...
2026-01-14 03:23:23 - mkk_comic - app.py:582 - INFO - 正在下载第 166/190 页...
2026-01-14 03:23:23 - mkk_comic - app.py:582 - INFO - 正在下载第 167/190 页...
2026-01-14 03:23:23 - mkk_comic - app.py:582 - INFO - 正在下载第 168/190 页...
2026-01-14 03:23:23 - mkk_comic - app.py:582 - INFO - 正在下载第 169/190 页...
2026-01-14 03:23:23 - mkk_comic - app.py:582 - INFO - 正在下载第 170/190 页...
2026-01-14 03:23:23 - mkk_comic - app.py:582 - INFO - 正在下载第 171/190 页...
2026-01-14 03:23:23 - mkk_comic - app.py:582 - INFO - 正在下载第 172/190 页...
2026-01-14 03:23:23 - mkk_comic - app.py:582 - INFO - 正在下载第 173/190 页...
2026-01-14 03:23:23 - mkk_comic - app.py:582 - INFO - 正在下载第 174/190 页...
2026-01-14 03:23:23 - mkk_comic - app.py:582 - INFO - 正在下载第 175/190 页...
2026-01-14 03:23:23 - mkk_comic - app.py:582 - INFO - 正在下载第 176/190 页...
2026-01-14 03:23:23 - mkk_comic - app.py:582 - INFO - 正在下载第 177/190 页...
2026-01-14 03:23:23 - mkk_comic - app.py:582 - INFO - 正在下载第 178/190 页...
2026-01-14 03:23:23 - mkk_comic - app.py:582 - INFO - 正在下载第 179/190 页...
2026-01-14 03:23:23 - mkk_comic - app.py:582 - INFO - 正在下载第 180/190 页...
2026-01-14 03:23:23 - mkk_comic - app.py:582 - INFO - 正在下载第 181/190 页...
2026-01-14 03:23:23 - mkk_comic - app.py:582 - INFO - 正在下载第 182/190 页...
2026-01-14 03:23:23 - mkk_comic - app.py:582 - INFO - 正在下载第 183/190 页...
2026-01-14 03:23:23 - mkk_comic - app.py:582 - INFO - 正在下载第 184/190 页...
2026-01-14 03:23:23 - mkk_comic - app.py:582 - INFO - 正在下载第 185/190 页...
2026-01-14 03:23:23 - mkk_comic - app.py:582 - INFO - 正在下载第 186/190 页...
2026-01-14 03:23:23 - mkk_comic - app.py:582 - INFO - 正在下载第 187/190 页...
2026-01-14 03:23:23 - mkk_comic - app.py:582 - INFO - 正在下载第 188/190 页...
2026-01-14 03:23:23 - mkk_comic - app.py:582 - INFO - 正在下载第 189/190 页...
2026-01-14 03:23:23 - mkk_comic - app.py:582 - INFO - 正在下载第 190/190 页...
2026-01-14 03:23:23 - mkk_comic - app.py:511 - INFO - 下载完成!
2026-01-14 03:23:23 - mkk_comic - app.py:512 - INFO - 成功下载: 190/190 页
2026-01-14 03:23:23 - mkk_comic - app.py:858 - INFO - ===== 检查更新完成 =====

