2026-01-09 03:17:00 - mkk_comic - app.py:863 - INFO - 运行环境：GitHub Actions（自动化模式）
2026-01-09 03:17:00 - mkk_comic - app.py:820 - INFO - ===== 开始检查更新=====
2026-01-09 03:17:00 - mkk_comic - app.py:838 - INFO - 【名侦探柯南】上次下载至第33章
2026-01-09 03:17:01 - mkk_comic - app.py:845 - INFO - 【名侦探柯南】检测到更新！最新：272章
2026-01-09 03:17:01 - mkk_comic - app.py:848 - INFO - 【名侦探柯南】最大下载限制为2章-需下载34~35章）
2026-01-09 03:17:02 - mkk_comic - app.py:494 - INFO - 正在下载第34章: 第34卷    UUID:59c0d65f-c85e-11e8-8859-024352452ce0
2026-01-09 03:17:03 - mkk_comic - app.py:502 - INFO - 创建目录: ./out/名偵探柯南/第34卷
2026-01-09 03:17:03 - mkk_comic - app.py:505 - INFO - 开始下载: 名偵探柯南 - 第34卷
2026-01-09 03:17:03 - mkk_comic - app.py:506 - INFO - 总页数: 198
2026-01-09 03:17:03 - mkk_comic - app.py:582 - INFO - 正在下载第 001/198 页...
2026-01-09 03:17:03 - mkk_comic - app.py:582 - INFO - 正在下载第 002/198 页...
2026-01-09 03:17:03 - mkk_comic - app.py:582 - INFO - 正在下载第 003/198 页...
2026-01-09 03:17:03 - mkk_comic - app.py:582 - INFO - 正在下载第 004/198 页...
2026-01-09 03:17:03 - mkk_comic - app.py:582 - INFO - 正在下载第 005/198 页...
2026-01-09 03:17:03 - mkk_comic - app.py:582 - INFO - 正在下载第 006/198 页...
2026-01-09 03:17:03 - mkk_comic - app.py:582 - INFO - 正在下载第 007/198 页...
2026-01-09 03:17:03 - mkk_comic - app.py:582 - INFO - 正在下载第 008/198 页...
2026-01-09 03:17:03 - mkk_comic - app.py:582 - INFO - 正在下载第 009/198 页...
2026-01-09 03:17:03 - mkk_comic - app.py:582 - INFO - 正在下载第 010/198 页...
2026-01-09 03:17:03 - mkk_comic - app.py:582 - INFO - 正在下载第 011/198 页...
2026-01-09 03:17:03 - mkk_comic - app.py:582 - INFO - 正在下载第 012/198 页...
2026-01-09 03:17:03 - mkk_comic - app.py:582 - INFO - 正在下载第 013/198 页...
2026-01-09 03:17:03 - mkk_comic - app.py:582 - INFO - 正在下载第 014/198 页...
2026-01-09 03:17:03 - mkk_comic - app.py:582 - INFO - 正在下载第 015/198 页...
2026-01-09 03:17:03 - mkk_comic - app.py:582 - INFO - 正在下载第 016/198 页...
2026-01-09 03:17:03 - mkk_comic - app.py:582 - INFO - 正在下载第 017/198 页...
2026-01-09 03:17:03 - mkk_comic - app.py:582 - INFO - 正在下载第 018/198 页...
2026-01-09 03:17:03 - mkk_comic - app.py:582 - INFO - 正在下载第 019/198 页...
2026-01-09 03:17:03 - mkk_comic - app.py:582 - INFO - 正在下载第 020/198 页...
2026-01-09 03:17:03 - mkk_comic - app.py:582 - INFO - 正在下载第 021/198 页...
2026-01-09 03:17:03 - mkk_comic - app.py:582 - INFO - 正在下载第 022/198 页...
2026-01-09 03:17:03 - mkk_comic - app.py:582 - INFO - 正在下载第 023/198 页...
2026-01-09 03:17:03 - mkk_comic - app.py:582 - INFO - 正在下载第 024/198 页...
2026-01-09 03:17:03 - mkk_comic - app.py:582 - INFO - 正在下载第 025/198 页...
2026-01-09 03:17:04 - mkk_comic - app.py:582 - INFO - 正在下载第 026/198 页...
2026-01-09 03:17:04 - mkk_comic - app.py:582 - INFO - 正在下载第 027/198 页...
2026-01-09 03:17:04 - mkk_comic - app.py:582 - INFO - 正在下载第 028/198 页...
2026-01-09 03:17:04 - mkk_comic - app.py:582 - INFO - 正在下载第 029/198 页...
2026-01-09 03:17:04 - mkk_comic - app.py:582 - INFO - 正在下载第 030/198 页...
2026-01-09 03:17:04 - mkk_comic - app.py:582 - INFO - 正在下载第 031/198 页...
2026-01-09 03:17:04 - mkk_comic - app.py:582 - INFO - 正在下载第 032/198 页...
2026-01-09 03:17:04 - mkk_comic - app.py:582 - INFO - 正在下载第 033/198 页...
2026-01-09 03:17:04 - mkk_comic - app.py:582 - INFO - 正在下载第 034/198 页...
2026-01-09 03:17:04 - mkk_comic - app.py:582 - INFO - 正在下载第 035/198 页...
2026-01-09 03:17:04 - mkk_comic - app.py:582 - INFO - 正在下载第 036/198 页...
2026-01-09 03:17:04 - mkk_comic - app.py:582 - INFO - 正在下载第 037/198 页...
2026-01-09 03:17:04 - mkk_comic - app.py:582 - INFO - 正在下载第 038/198 页...
2026-01-09 03:17:04 - mkk_comic - app.py:582 - INFO - 正在下载第 039/198 页...
2026-01-09 03:17:04 - mkk_comic - app.py:582 - INFO - 正在下载第 040/198 页...
2026-01-09 03:17:04 - mkk_comic - app.py:582 - INFO - 正在下载第 041/198 页...
2026-01-09 03:17:04 - mkk_comic - app.py:582 - INFO - 正在下载第 042/198 页...
2026-01-09 03:17:04 - mkk_comic - app.py:582 - INFO - 正在下载第 043/198 页...
2026-01-09 03:17:04 - mkk_comic - app.py:582 - INFO - 正在下载第 044/198 页...
2026-01-09 03:17:04 - mkk_comic - app.py:582 - INFO - 正在下载第 045/198 页...
2026-01-09 03:17:04 - mkk_comic - app.py:582 - INFO - 正在下载第 046/198 页...
2026-01-09 03:17:04 - mkk_comic - app.py:582 - INFO - 正在下载第 047/198 页...
2026-01-09 03:17:04 - mkk_comic - app.py:582 - INFO - 正在下载第 048/198 页...
2026-01-09 03:17:04 - mkk_comic - app.py:582 - INFO - 正在下载第 049/198 页...
2026-01-09 03:17:04 - mkk_comic - app.py:582 - INFO - 正在下载第 050/198 页...
2026-01-09 03:17:04 - mkk_comic - app.py:582 - INFO - 正在下载第 051/198 页...
2026-01-09 03:17:04 - mkk_comic - app.py:582 - INFO - 正在下载第 052/198 页...
2026-01-09 03:17:04 - mkk_comic - app.py:582 - INFO - 正在下载第 053/198 页...
2026-01-09 03:17:04 - mkk_comic - app.py:582 - INFO - 正在下载第 054/198 页...
2026-01-09 03:17:04 - mkk_comic - app.py:582 - INFO - 正在下载第 055/198 页...
2026-01-09 03:17:05 - mkk_comic - app.py:582 - INFO - 正在下载第 056/198 页...
2026-01-09 03:17:05 - mkk_comic - app.py:582 - INFO - 正在下载第 057/198 页...
2026-01-09 03:17:05 - mkk_comic - app.py:582 - INFO - 正在下载第 058/198 页...
2026-01-09 03:17:05 - mkk_comic - app.py:582 - INFO - 正在下载第 059/198 页...
2026-01-09 03:17:05 - mkk_comic - app.py:582 - INFO - 正在下载第 060/198 页...
2026-01-09 03:17:05 - mkk_comic - app.py:582 - INFO - 正在下载第 061/198 页...
2026-01-09 03:17:05 - mkk_comic - app.py:582 - INFO - 正在下载第 062/198 页...
2026-01-09 03:17:05 - mkk_comic - app.py:582 - INFO - 正在下载第 063/198 页...
2026-01-09 03:17:05 - mkk_comic - app.py:582 - INFO - 正在下载第 064/198 页...
2026-01-09 03:17:05 - mkk_comic - app.py:582 - INFO - 正在下载第 065/198 页...
2026-01-09 03:17:05 - mkk_comic - app.py:582 - INFO - 正在下载第 066/198 页...
2026-01-09 03:17:05 - mkk_comic - app.py:582 - INFO - 正在下载第 067/198 页...
2026-01-09 03:17:05 - mkk_comic - app.py:582 - INFO - 正在下载第 068/198 页...
2026-01-09 03:17:05 - mkk_comic - app.py:582 - INFO - 正在下载第 069/198 页...
2026-01-09 03:17:05 - mkk_comic - app.py:582 - INFO - 正在下载第 070/198 页...
2026-01-09 03:17:05 - mkk_comic - app.py:582 - INFO - 正在下载第 071/198 页...
2026-01-09 03:17:05 - mkk_comic - app.py:582 - INFO - 正在下载第 072/198 页...
2026-01-09 03:17:05 - mkk_comic - app.py:582 - INFO - 正在下载第 073/198 页...
2026-01-09 03:17:05 - mkk_comic - app.py:582 - INFO - 正在下载第 074/198 页...
2026-01-09 03:17:05 - mkk_comic - app.py:582 - INFO - 正在下载第 075/198 页...
2026-01-09 03:17:05 - mkk_comic - app.py:582 - INFO - 正在下载第 076/198 页...
2026-01-09 03:17:05 - mkk_comic - app.py:582 - INFO - 正在下载第 077/198 页...
2026-01-09 03:17:05 - mkk_comic - app.py:582 - INFO - 正在下载第 078/198 页...
2026-01-09 03:17:05 - mkk_comic - app.py:582 - INFO - 正在下载第 079/198 页...
2026-01-09 03:17:05 - mkk_comic - app.py:582 - INFO - 正在下载第 080/198 页...
2026-01-09 03:17:05 - mkk_comic - app.py:582 - INFO - 正在下载第 081/198 页...
2026-01-09 03:17:05 - mkk_comic - app.py:582 - INFO - 正在下载第 082/198 页...
2026-01-09 03:17:05 - mkk_comic - app.py:582 - INFO - 正在下载第 083/198 页...
2026-01-09 03:17:05 - mkk_comic - app.py:582 - INFO - 正在下载第 084/198 页...
2026-01-09 03:17:06 - mkk_comic - app.py:582 - INFO - 正在下载第 085/198 页...
2026-01-09 03:17:06 - mkk_comic - app.py:582 - INFO - 正在下载第 086/198 页...
2026-01-09 03:17:06 - mkk_comic - app.py:582 - INFO - 正在下载第 087/198 页...
2026-01-09 03:17:06 - mkk_comic - app.py:582 - INFO - 正在下载第 088/198 页...
2026-01-09 03:17:06 - mkk_comic - app.py:582 - INFO - 正在下载第 089/198 页...
2026-01-09 03:17:06 - mkk_comic - app.py:582 - INFO - 正在下载第 090/198 页...
2026-01-09 03:17:06 - mkk_comic - app.py:582 - INFO - 正在下载第 091/198 页...
2026-01-09 03:17:06 - mkk_comic - app.py:582 - INFO - 正在下载第 092/198 页...
2026-01-09 03:17:06 - mkk_comic - app.py:582 - INFO - 正在下载第 093/198 页...
2026-01-09 03:17:06 - mkk_comic - app.py:582 - INFO - 正在下载第 094/198 页...
2026-01-09 03:17:06 - mkk_comic - app.py:582 - INFO - 正在下载第 095/198 页...
2026-01-09 03:17:06 - mkk_comic - app.py:582 - INFO - 正在下载第 096/198 页...
2026-01-09 03:17:06 - mkk_comic - app.py:582 - INFO - 正在下载第 097/198 页...
2026-01-09 03:17:06 - mkk_comic - app.py:582 - INFO - 正在下载第 098/198 页...
2026-01-09 03:17:06 - mkk_comic - app.py:582 - INFO - 正在下载第 099/198 页...
2026-01-09 03:17:06 - mkk_comic - app.py:582 - INFO - 正在下载第 100/198 页...
2026-01-09 03:17:06 - mkk_comic - app.py:582 - INFO - 正在下载第 101/198 页...
2026-01-09 03:17:06 - mkk_comic - app.py:582 - INFO - 正在下载第 102/198 页...
2026-01-09 03:17:06 - mkk_comic - app.py:582 - INFO - 正在下载第 103/198 页...
2026-01-09 03:17:06 - mkk_comic - app.py:582 - INFO - 正在下载第 104/198 页...
2026-01-09 03:17:06 - mkk_comic - app.py:582 - INFO - 正在下载第 105/198 页...
2026-01-09 03:17:06 - mkk_comic - app.py:582 - INFO - 正在下载第 106/198 页...
2026-01-09 03:17:06 - mkk_comic - app.py:582 - INFO - 正在下载第 107/198 页...
2026-01-09 03:17:06 - mkk_comic - app.py:582 - INFO - 正在下载第 108/198 页...
2026-01-09 03:17:06 - mkk_comic - app.py:582 - INFO - 正在下载第 109/198 页...
2026-01-09 03:17:06 - mkk_comic - app.py:582 - INFO - 正在下载第 110/198 页...
2026-01-09 03:17:06 - mkk_comic - app.py:582 - INFO - 正在下载第 111/198 页...
2026-01-09 03:17:06 - mkk_comic - app.py:582 - INFO - 正在下载第 112/198 页...
2026-01-09 03:17:06 - mkk_comic - app.py:582 - INFO - 正在下载第 113/198 页...
2026-01-09 03:17:06 - mkk_comic - app.py:582 - INFO - 正在下载第 114/198 页...
2026-01-09 03:17:06 - mkk_comic - app.py:582 - INFO - 正在下载第 115/198 页...
2026-01-09 03:17:06 - mkk_comic - app.py:582 - INFO - 正在下载第 116/198 页...
2026-01-09 03:17:06 - mkk_comic - app.py:582 - INFO - 正在下载第 117/198 页...
2026-01-09 03:17:07 - mkk_comic - app.py:582 - INFO - 正在下载第 118/198 页...
2026-01-09 03:17:07 - mkk_comic - app.py:582 - INFO - 正在下载第 119/198 页...
2026-01-09 03:17:07 - mkk_comic - app.py:582 - INFO - 正在下载第 120/198 页...
2026-01-09 03:17:07 - mkk_comic - app.py:582 - INFO - 正在下载第 121/198 页...
2026-01-09 03:17:07 - mkk_comic - app.py:582 - INFO - 正在下载第 122/198 页...
2026-01-09 03:17:07 - mkk_comic - app.py:582 - INFO - 正在下载第 123/198 页...
2026-01-09 03:17:07 - mkk_comic - app.py:582 - INFO - 正在下载第 124/198 页...
2026-01-09 03:17:07 - mkk_comic - app.py:582 - INFO - 正在下载第 125/198 页...
2026-01-09 03:17:07 - mkk_comic - app.py:582 - INFO - 正在下载第 126/198 页...
2026-01-09 03:17:07 - mkk_comic - app.py:582 - INFO - 正在下载第 127/198 页...
2026-01-09 03:17:07 - mkk_comic - app.py:582 - INFO - 正在下载第 128/198 页...
2026-01-09 03:17:07 - mkk_comic - app.py:582 - INFO - 正在下载第 129/198 页...
2026-01-09 03:17:07 - mkk_comic - app.py:582 - INFO - 正在下载第 130/198 页...
2026-01-09 03:17:07 - mkk_comic - app.py:582 - INFO - 正在下载第 131/198 页...
2026-01-09 03:17:07 - mkk_comic - app.py:582 - INFO - 正在下载第 132/198 页...
2026-01-09 03:17:07 - mkk_comic - app.py:582 - INFO - 正在下载第 133/198 页...
2026-01-09 03:17:07 - mkk_comic - app.py:582 - INFO - 正在下载第 134/198 页...
2026-01-09 03:17:07 - mkk_comic - app.py:582 - INFO - 正在下载第 135/198 页...
2026-01-09 03:17:07 - mkk_comic - app.py:582 - INFO - 正在下载第 136/198 页...
2026-01-09 03:17:07 - mkk_comic - app.py:582 - INFO - 正在下载第 137/198 页...
2026-01-09 03:17:07 - mkk_comic - app.py:582 - INFO - 正在下载第 138/198 页...
2026-01-09 03:17:07 - mkk_comic - app.py:582 - INFO - 正在下载第 139/198 页...
2026-01-09 03:17:07 - mkk_comic - app.py:582 - INFO - 正在下载第 140/198 页...
2026-01-09 03:17:07 - mkk_comic - app.py:582 - INFO - 正在下载第 141/198 页...
2026-01-09 03:17:07 - mkk_comic - app.py:582 - INFO - 正在下载第 142/198 页...
2026-01-09 03:17:07 - mkk_comic - app.py:582 - INFO - 正在下载第 143/198 页...
2026-01-09 03:17:07 - mkk_comic - app.py:582 - INFO - 正在下载第 144/198 页...
2026-01-09 03:17:07 - mkk_comic - app.py:582 - INFO - 正在下载第 145/198 页...
2026-01-09 03:17:07 - mkk_comic - app.py:582 - INFO - 正在下载第 146/198 页...
2026-01-09 03:17:07 - mkk_comic - app.py:582 - INFO - 正在下载第 147/198 页...
2026-01-09 03:17:07 - mkk_comic - app.py:582 - INFO - 正在下载第 148/198 页...
2026-01-09 03:17:08 - mkk_comic - app.py:582 - INFO - 正在下载第 149/198 页...
2026-01-09 03:17:08 - mkk_comic - app.py:582 - INFO - 正在下载第 150/198 页...
2026-01-09 03:17:08 - mkk_comic - app.py:582 - INFO - 正在下载第 151/198 页...
2026-01-09 03:17:08 - mkk_comic - app.py:582 - INFO - 正在下载第 152/198 页...
2026-01-09 03:17:08 - mkk_comic - app.py:582 - INFO - 正在下载第 153/198 页...
2026-01-09 03:17:08 - mkk_comic - app.py:582 - INFO - 正在下载第 154/198 页...
2026-01-09 03:17:08 - mkk_comic - app.py:582 - INFO - 正在下载第 155/198 页...
2026-01-09 03:17:08 - mkk_comic - app.py:582 - INFO - 正在下载第 156/198 页...
2026-01-09 03:17:08 - mkk_comic - app.py:582 - INFO - 正在下载第 157/198 页...
2026-01-09 03:17:08 - mkk_comic - app.py:582 - INFO - 正在下载第 158/198 页...
2026-01-09 03:17:08 - mkk_comic - app.py:582 - INFO - 正在下载第 159/198 页...
2026-01-09 03:17:08 - mkk_comic - app.py:582 - INFO - 正在下载第 160/198 页...
2026-01-09 03:17:08 - mkk_comic - app.py:582 - INFO - 正在下载第 161/198 页...
2026-01-09 03:17:08 - mkk_comic - app.py:582 - INFO - 正在下载第 162/198 页...
2026-01-09 03:17:08 - mkk_comic - app.py:582 - INFO - 正在下载第 163/198 页...
2026-01-09 03:17:08 - mkk_comic - app.py:582 - INFO - 正在下载第 164/198 页...
2026-01-09 03:17:08 - mkk_comic - app.py:582 - INFO - 正在下载第 165/198 页...
2026-01-09 03:17:08 - mkk_comic - app.py:582 - INFO - 正在下载第 166/198 页...
2026-01-09 03:17:08 - mkk_comic - app.py:582 - INFO - 正在下载第 167/198 页...
2026-01-09 03:17:08 - mkk_comic - app.py:582 - INFO - 正在下载第 168/198 页...
2026-01-09 03:17:08 - mkk_comic - app.py:582 - INFO - 正在下载第 169/198 页...
2026-01-09 03:17:08 - mkk_comic - app.py:582 - INFO - 正在下载第 170/198 页...
2026-01-09 03:17:08 - mkk_comic - app.py:582 - INFO - 正在下载第 171/198 页...
2026-01-09 03:17:08 - mkk_comic - app.py:582 - INFO - 正在下载第 172/198 页...
2026-01-09 03:17:08 - mkk_comic - app.py:582 - INFO - 正在下载第 173/198 页...
2026-01-09 03:17:08 - mkk_comic - app.py:582 - INFO - 正在下载第 174/198 页...
2026-01-09 03:17:08 - mkk_comic - app.py:582 - INFO - 正在下载第 175/198 页...
2026-01-09 03:17:08 - mkk_comic - app.py:582 - INFO - 正在下载第 176/198 页...
2026-01-09 03:17:08 - mkk_comic - app.py:582 - INFO - 正在下载第 177/198 页...
2026-01-09 03:17:08 - mkk_comic - app.py:582 - INFO - 正在下载第 178/198 页...
2026-01-09 03:17:08 - mkk_comic - app.py:582 - INFO - 正在下载第 179/198 页...
2026-01-09 03:17:09 - mkk_comic - app.py:582 - INFO - 正在下载第 180/198 页...
2026-01-09 03:17:09 - mkk_comic - app.py:582 - INFO - 正在下载第 181/198 页...
2026-01-09 03:17:09 - mkk_comic - app.py:582 - INFO - 正在下载第 182/198 页...
2026-01-09 03:17:09 - mkk_comic - app.py:582 - INFO - 正在下载第 183/198 页...
2026-01-09 03:17:09 - mkk_comic - app.py:582 - INFO - 正在下载第 184/198 页...
2026-01-09 03:17:09 - mkk_comic - app.py:582 - INFO - 正在下载第 185/198 页...
2026-01-09 03:17:09 - mkk_comic - app.py:582 - INFO - 正在下载第 186/198 页...
2026-01-09 03:17:09 - mkk_comic - app.py:582 - INFO - 正在下载第 187/198 页...
2026-01-09 03:17:09 - mkk_comic - app.py:582 - INFO - 正在下载第 188/198 页...
2026-01-09 03:17:09 - mkk_comic - app.py:582 - INFO - 正在下载第 189/198 页...
2026-01-09 03:17:09 - mkk_comic - app.py:582 - INFO - 正在下载第 190/198 页...
2026-01-09 03:17:09 - mkk_comic - app.py:582 - INFO - 正在下载第 191/198 页...
2026-01-09 03:17:09 - mkk_comic - app.py:582 - INFO - 正在下载第 192/198 页...
2026-01-09 03:17:09 - mkk_comic - app.py:582 - INFO - 正在下载第 193/198 页...
2026-01-09 03:17:09 - mkk_comic - app.py:582 - INFO - 正在下载第 194/198 页...
2026-01-09 03:17:09 - mkk_comic - app.py:582 - INFO - 正在下载第 195/198 页...
2026-01-09 03:17:09 - mkk_comic - app.py:582 - INFO - 正在下载第 196/198 页...
2026-01-09 03:17:09 - mkk_comic - app.py:582 - INFO - 正在下载第 197/198 页...
2026-01-09 03:17:09 - mkk_comic - app.py:582 - INFO - 正在下载第 198/198 页...
2026-01-09 03:17:09 - mkk_comic - app.py:511 - INFO - 下载完成!
2026-01-09 03:17:09 - mkk_comic - app.py:512 - INFO - 成功下载: 198/198 页
2026-01-09 03:17:10 - mkk_comic - app.py:494 - INFO - 正在下载第35章: 第35卷    UUID:8651f67f-c85e-11e8-8859-024352452ce0
2026-01-09 03:17:11 - mkk_comic - app.py:502 - INFO - 创建目录: ./out/名偵探柯南/第35卷
2026-01-09 03:17:11 - mkk_comic - app.py:505 - INFO - 开始下载: 名偵探柯南 - 第35卷
2026-01-09 03:17:11 - mkk_comic - app.py:506 - INFO - 总页数: 194
2026-01-09 03:17:11 - mkk_comic - app.py:582 - INFO - 正在下载第 001/194 页...
2026-01-09 03:17:11 - mkk_comic - app.py:582 - INFO - 正在下载第 002/194 页...
2026-01-09 03:17:11 - mkk_comic - app.py:582 - INFO - 正在下载第 003/194 页...
2026-01-09 03:17:11 - mkk_comic - app.py:582 - INFO - 正在下载第 004/194 页...
2026-01-09 03:17:11 - mkk_comic - app.py:582 - INFO - 正在下载第 005/194 页...
2026-01-09 03:17:11 - mkk_comic - app.py:582 - INFO - 正在下载第 006/194 页...
2026-01-09 03:17:11 - mkk_comic - app.py:582 - INFO - 正在下载第 007/194 页...
2026-01-09 03:17:11 - mkk_comic - app.py:582 - INFO - 正在下载第 008/194 页...
2026-01-09 03:17:11 - mkk_comic - app.py:582 - INFO - 正在下载第 009/194 页...
2026-01-09 03:17:11 - mkk_comic - app.py:582 - INFO - 正在下载第 010/194 页...
2026-01-09 03:17:11 - mkk_comic - app.py:582 - INFO - 正在下载第 011/194 页...
2026-01-09 03:17:11 - mkk_comic - app.py:582 - INFO - 正在下载第 012/194 页...
2026-01-09 03:17:11 - mkk_comic - app.py:582 - INFO - 正在下载第 013/194 页...
2026-01-09 03:17:11 - mkk_comic - app.py:582 - INFO - 正在下载第 014/194 页...
2026-01-09 03:17:11 - mkk_comic - app.py:582 - INFO - 正在下载第 015/194 页...
2026-01-09 03:17:11 - mkk_comic - app.py:582 - INFO - 正在下载第 016/194 页...
2026-01-09 03:17:11 - mkk_comic - app.py:582 - INFO - 正在下载第 017/194 页...
2026-01-09 03:17:11 - mkk_comic - app.py:582 - INFO - 正在下载第 018/194 页...
2026-01-09 03:17:11 - mkk_comic - app.py:582 - INFO - 正在下载第 019/194 页...
2026-01-09 03:17:11 - mkk_comic - app.py:582 - INFO - 正在下载第 020/194 页...
2026-01-09 03:17:12 - mkk_comic - app.py:582 - INFO - 正在下载第 021/194 页...
2026-01-09 03:17:12 - mkk_comic - app.py:582 - INFO - 正在下载第 022/194 页...
2026-01-09 03:17:12 - mkk_comic - app.py:582 - INFO - 正在下载第 023/194 页...
2026-01-09 03:17:12 - mkk_comic - app.py:582 - INFO - 正在下载第 024/194 页...
2026-01-09 03:17:12 - mkk_comic - app.py:582 - INFO - 正在下载第 025/194 页...
2026-01-09 03:17:12 - mkk_comic - app.py:582 - INFO - 正在下载第 026/194 页...
2026-01-09 03:17:12 - mkk_comic - app.py:582 - INFO - 正在下载第 027/194 页...
2026-01-09 03:17:12 - mkk_comic - app.py:582 - INFO - 正在下载第 028/194 页...
2026-01-09 03:17:12 - mkk_comic - app.py:582 - INFO - 正在下载第 029/194 页...
2026-01-09 03:17:12 - mkk_comic - app.py:582 - INFO - 正在下载第 030/194 页...
2026-01-09 03:17:12 - mkk_comic - app.py:582 - INFO - 正在下载第 031/194 页...
2026-01-09 03:17:12 - mkk_comic - app.py:582 - INFO - 正在下载第 032/194 页...
2026-01-09 03:17:12 - mkk_comic - app.py:582 - INFO - 正在下载第 033/194 页...
2026-01-09 03:17:12 - mkk_comic - app.py:582 - INFO - 正在下载第 034/194 页...
2026-01-09 03:17:12 - mkk_comic - app.py:582 - INFO - 正在下载第 035/194 页...
2026-01-09 03:17:12 - mkk_comic - app.py:582 - INFO - 正在下载第 036/194 页...
2026-01-09 03:17:12 - mkk_comic - app.py:582 - INFO - 正在下载第 037/194 页...
2026-01-09 03:17:12 - mkk_comic - app.py:582 - INFO - 正在下载第 038/194 页...
2026-01-09 03:17:12 - mkk_comic - app.py:582 - INFO - 正在下载第 039/194 页...
2026-01-09 03:17:12 - mkk_comic - app.py:582 - INFO - 正在下载第 040/194 页...
2026-01-09 03:17:12 - mkk_comic - app.py:582 - INFO - 正在下载第 041/194 页...
2026-01-09 03:17:12 - mkk_comic - app.py:582 - INFO - 正在下载第 042/194 页...
2026-01-09 03:17:12 - mkk_comic - app.py:582 - INFO - 正在下载第 043/194 页...
2026-01-09 03:17:12 - mkk_comic - app.py:582 - INFO - 正在下载第 044/194 页...
2026-01-09 03:17:12 - mkk_comic - app.py:582 - INFO - 正在下载第 045/194 页...
2026-01-09 03:17:12 - mkk_comic - app.py:582 - INFO - 正在下载第 046/194 页...
2026-01-09 03:17:12 - mkk_comic - app.py:582 - INFO - 正在下载第 047/194 页...
2026-01-09 03:17:12 - mkk_comic - app.py:582 - INFO - 正在下载第 048/194 页...
2026-01-09 03:17:12 - mkk_comic - app.py:582 - INFO - 正在下载第 049/194 页...
2026-01-09 03:17:12 - mkk_comic - app.py:582 - INFO - 正在下载第 050/194 页...
2026-01-09 03:17:12 - mkk_comic - app.py:582 - INFO - 正在下载第 051/194 页...
2026-01-09 03:17:13 - mkk_comic - app.py:582 - INFO - 正在下载第 052/194 页...
2026-01-09 03:17:13 - mkk_comic - app.py:582 - INFO - 正在下载第 053/194 页...
2026-01-09 03:17:13 - mkk_comic - app.py:582 - INFO - 正在下载第 054/194 页...
2026-01-09 03:17:13 - mkk_comic - app.py:582 - INFO - 正在下载第 055/194 页...
2026-01-09 03:17:13 - mkk_comic - app.py:582 - INFO - 正在下载第 056/194 页...
2026-01-09 03:17:13 - mkk_comic - app.py:582 - INFO - 正在下载第 057/194 页...
2026-01-09 03:17:13 - mkk_comic - app.py:582 - INFO - 正在下载第 058/194 页...
2026-01-09 03:17:13 - mkk_comic - app.py:582 - INFO - 正在下载第 059/194 页...
2026-01-09 03:17:13 - mkk_comic - app.py:582 - INFO - 正在下载第 060/194 页...
2026-01-09 03:17:13 - mkk_comic - app.py:582 - INFO - 正在下载第 061/194 页...
2026-01-09 03:17:13 - mkk_comic - app.py:582 - INFO - 正在下载第 062/194 页...
2026-01-09 03:17:13 - mkk_comic - app.py:582 - INFO - 正在下载第 063/194 页...
2026-01-09 03:17:13 - mkk_comic - app.py:582 - INFO - 正在下载第 064/194 页...
2026-01-09 03:17:13 - mkk_comic - app.py:582 - INFO - 正在下载第 065/194 页...
2026-01-09 03:17:13 - mkk_comic - app.py:582 - INFO - 正在下载第 066/194 页...
2026-01-09 03:17:13 - mkk_comic - app.py:582 - INFO - 正在下载第 067/194 页...
2026-01-09 03:17:13 - mkk_comic - app.py:582 - INFO - 正在下载第 068/194 页...
2026-01-09 03:17:13 - mkk_comic - app.py:582 - INFO - 正在下载第 069/194 页...
2026-01-09 03:17:13 - mkk_comic - app.py:582 - INFO - 正在下载第 070/194 页...
2026-01-09 03:17:13 - mkk_comic - app.py:582 - INFO - 正在下载第 071/194 页...
2026-01-09 03:17:13 - mkk_comic - app.py:582 - INFO - 正在下载第 072/194 页...
2026-01-09 03:17:13 - mkk_comic - app.py:582 - INFO - 正在下载第 073/194 页...
2026-01-09 03:17:13 - mkk_comic - app.py:582 - INFO - 正在下载第 074/194 页...
2026-01-09 03:17:13 - mkk_comic - app.py:582 - INFO - 正在下载第 075/194 页...
2026-01-09 03:17:13 - mkk_comic - app.py:582 - INFO - 正在下载第 076/194 页...
2026-01-09 03:17:13 - mkk_comic - app.py:582 - INFO - 正在下载第 077/194 页...
2026-01-09 03:17:13 - mkk_comic - app.py:582 - INFO - 正在下载第 078/194 页...
2026-01-09 03:17:13 - mkk_comic - app.py:582 - INFO - 正在下载第 079/194 页...
2026-01-09 03:17:13 - mkk_comic - app.py:582 - INFO - 正在下载第 080/194 页...
2026-01-09 03:17:13 - mkk_comic - app.py:582 - INFO - 正在下载第 081/194 页...
2026-01-09 03:17:13 - mkk_comic - app.py:582 - INFO - 正在下载第 082/194 页...
2026-01-09 03:17:13 - mkk_comic - app.py:582 - INFO - 正在下载第 083/194 页...
2026-01-09 03:17:13 - mkk_comic - app.py:582 - INFO - 正在下载第 084/194 页...
2026-01-09 03:17:14 - mkk_comic - app.py:582 - INFO - 正在下载第 085/194 页...
2026-01-09 03:17:14 - mkk_comic - app.py:582 - INFO - 正在下载第 086/194 页...
2026-01-09 03:17:14 - mkk_comic - app.py:582 - INFO - 正在下载第 087/194 页...
2026-01-09 03:17:14 - mkk_comic - app.py:582 - INFO - 正在下载第 088/194 页...
2026-01-09 03:17:14 - mkk_comic - app.py:582 - INFO - 正在下载第 089/194 页...
2026-01-09 03:17:14 - mkk_comic - app.py:582 - INFO - 正在下载第 090/194 页...
2026-01-09 03:17:14 - mkk_comic - app.py:582 - INFO - 正在下载第 091/194 页...
2026-01-09 03:17:14 - mkk_comic - app.py:582 - INFO - 正在下载第 092/194 页...
2026-01-09 03:17:14 - mkk_comic - app.py:582 - INFO - 正在下载第 093/194 页...
2026-01-09 03:17:14 - mkk_comic - app.py:582 - INFO - 正在下载第 094/194 页...
2026-01-09 03:17:14 - mkk_comic - app.py:582 - INFO - 正在下载第 095/194 页...
2026-01-09 03:17:14 - mkk_comic - app.py:582 - INFO - 正在下载第 096/194 页...
2026-01-09 03:17:14 - mkk_comic - app.py:582 - INFO - 正在下载第 097/194 页...
2026-01-09 03:17:14 - mkk_comic - app.py:582 - INFO - 正在下载第 098/194 页...
2026-01-09 03:17:14 - mkk_comic - app.py:582 - INFO - 正在下载第 099/194 页...
2026-01-09 03:17:14 - mkk_comic - app.py:582 - INFO - 正在下载第 100/194 页...
2026-01-09 03:17:14 - mkk_comic - app.py:582 - INFO - 正在下载第 101/194 页...
2026-01-09 03:17:14 - mkk_comic - app.py:582 - INFO - 正在下载第 102/194 页...
2026-01-09 03:17:14 - mkk_comic - app.py:582 - INFO - 正在下载第 103/194 页...
2026-01-09 03:17:14 - mkk_comic - app.py:582 - INFO - 正在下载第 104/194 页...
2026-01-09 03:17:14 - mkk_comic - app.py:582 - INFO - 正在下载第 105/194 页...
2026-01-09 03:17:14 - mkk_comic - app.py:582 - INFO - 正在下载第 106/194 页...
2026-01-09 03:17:14 - mkk_comic - app.py:582 - INFO - 正在下载第 107/194 页...
2026-01-09 03:17:14 - mkk_comic - app.py:582 - INFO - 正在下载第 108/194 页...
2026-01-09 03:17:14 - mkk_comic - app.py:582 - INFO - 正在下载第 109/194 页...
2026-01-09 03:17:14 - mkk_comic - app.py:582 - INFO - 正在下载第 110/194 页...
2026-01-09 03:17:14 - mkk_comic - app.py:582 - INFO - 正在下载第 111/194 页...
2026-01-09 03:17:14 - mkk_comic - app.py:582 - INFO - 正在下载第 112/194 页...
2026-01-09 03:17:14 - mkk_comic - app.py:582 - INFO - 正在下载第 113/194 页...
2026-01-09 03:17:14 - mkk_comic - app.py:582 - INFO - 正在下载第 114/194 页...
2026-01-09 03:17:14 - mkk_comic - app.py:582 - INFO - 正在下载第 115/194 页...
2026-01-09 03:17:14 - mkk_comic - app.py:582 - INFO - 正在下载第 116/194 页...
2026-01-09 03:17:14 - mkk_comic - app.py:582 - INFO - 正在下载第 117/194 页...
2026-01-09 03:17:14 - mkk_comic - app.py:582 - INFO - 正在下载第 118/194 页...
2026-01-09 03:17:14 - mkk_comic - app.py:582 - INFO - 正在下载第 119/194 页...
2026-01-09 03:17:14 - mkk_comic - app.py:582 - INFO - 正在下载第 120/194 页...
2026-01-09 03:17:15 - mkk_comic - app.py:582 - INFO - 正在下载第 121/194 页...
2026-01-09 03:17:15 - mkk_comic - app.py:582 - INFO - 正在下载第 122/194 页...
2026-01-09 03:17:15 - mkk_comic - app.py:582 - INFO - 正在下载第 123/194 页...
2026-01-09 03:17:15 - mkk_comic - app.py:582 - INFO - 正在下载第 124/194 页...
2026-01-09 03:17:15 - mkk_comic - app.py:582 - INFO - 正在下载第 125/194 页...
2026-01-09 03:17:15 - mkk_comic - app.py:582 - INFO - 正在下载第 126/194 页...
2026-01-09 03:17:15 - mkk_comic - app.py:582 - INFO - 正在下载第 127/194 页...
2026-01-09 03:17:15 - mkk_comic - app.py:582 - INFO - 正在下载第 128/194 页...
2026-01-09 03:17:15 - mkk_comic - app.py:582 - INFO - 正在下载第 129/194 页...
2026-01-09 03:17:15 - mkk_comic - app.py:582 - INFO - 正在下载第 130/194 页...
2026-01-09 03:17:15 - mkk_comic - app.py:582 - INFO - 正在下载第 131/194 页...
2026-01-09 03:17:15 - mkk_comic - app.py:582 - INFO - 正在下载第 132/194 页...
2026-01-09 03:17:15 - mkk_comic - app.py:582 - INFO - 正在下载第 133/194 页...
2026-01-09 03:17:15 - mkk_comic - app.py:582 - INFO - 正在下载第 134/194 页...
2026-01-09 03:17:15 - mkk_comic - app.py:582 - INFO - 正在下载第 135/194 页...
2026-01-09 03:17:15 - mkk_comic - app.py:582 - INFO - 正在下载第 136/194 页...
2026-01-09 03:17:15 - mkk_comic - app.py:582 - INFO - 正在下载第 137/194 页...
2026-01-09 03:17:15 - mkk_comic - app.py:582 - INFO - 正在下载第 138/194 页...
2026-01-09 03:17:15 - mkk_comic - app.py:582 - INFO - 正在下载第 139/194 页...
2026-01-09 03:17:15 - mkk_comic - app.py:582 - INFO - 正在下载第 140/194 页...
2026-01-09 03:17:15 - mkk_comic - app.py:582 - INFO - 正在下载第 141/194 页...
2026-01-09 03:17:15 - mkk_comic - app.py:582 - INFO - 正在下载第 142/194 页...
2026-01-09 03:17:15 - mkk_comic - app.py:582 - INFO - 正在下载第 143/194 页...
2026-01-09 03:17:15 - mkk_comic - app.py:582 - INFO - 正在下载第 144/194 页...
2026-01-09 03:17:15 - mkk_comic - app.py:582 - INFO - 正在下载第 145/194 页...
2026-01-09 03:17:15 - mkk_comic - app.py:582 - INFO - 正在下载第 146/194 页...
2026-01-09 03:17:15 - mkk_comic - app.py:582 - INFO - 正在下载第 147/194 页...
2026-01-09 03:17:15 - mkk_comic - app.py:582 - INFO - 正在下载第 148/194 页...
2026-01-09 03:17:15 - mkk_comic - app.py:582 - INFO - 正在下载第 149/194 页...
2026-01-09 03:17:15 - mkk_comic - app.py:582 - INFO - 正在下载第 150/194 页...
2026-01-09 03:17:15 - mkk_comic - app.py:582 - INFO - 正在下载第 151/194 页...
2026-01-09 03:17:15 - mkk_comic - app.py:582 - INFO - 正在下载第 152/194 页...
2026-01-09 03:17:15 - mkk_comic - app.py:582 - INFO - 正在下载第 153/194 页...
2026-01-09 03:17:15 - mkk_comic - app.py:582 - INFO - 正在下载第 154/194 页...
2026-01-09 03:17:15 - mkk_comic - app.py:582 - INFO - 正在下载第 155/194 页...
2026-01-09 03:17:15 - mkk_comic - app.py:582 - INFO - 正在下载第 156/194 页...
2026-01-09 03:17:16 - mkk_comic - app.py:582 - INFO - 正在下载第 157/194 页...
2026-01-09 03:17:16 - mkk_comic - app.py:582 - INFO - 正在下载第 158/194 页...
2026-01-09 03:17:16 - mkk_comic - app.py:582 - INFO - 正在下载第 159/194 页...
2026-01-09 03:17:16 - mkk_comic - app.py:582 - INFO - 正在下载第 160/194 页...
2026-01-09 03:17:16 - mkk_comic - app.py:582 - INFO - 正在下载第 161/194 页...
2026-01-09 03:17:16 - mkk_comic - app.py:582 - INFO - 正在下载第 162/194 页...
2026-01-09 03:17:16 - mkk_comic - app.py:582 - INFO - 正在下载第 163/194 页...
2026-01-09 03:17:16 - mkk_comic - app.py:582 - INFO - 正在下载第 164/194 页...
2026-01-09 03:17:16 - mkk_comic - app.py:582 - INFO - 正在下载第 165/194 页...
2026-01-09 03:17:16 - mkk_comic - app.py:582 - INFO - 正在下载第 166/194 页...
2026-01-09 03:17:16 - mkk_comic - app.py:582 - INFO - 正在下载第 167/194 页...
2026-01-09 03:17:16 - mkk_comic - app.py:582 - INFO - 正在下载第 168/194 页...
2026-01-09 03:17:16 - mkk_comic - app.py:582 - INFO - 正在下载第 169/194 页...
2026-01-09 03:17:16 - mkk_comic - app.py:582 - INFO - 正在下载第 170/194 页...
2026-01-09 03:17:16 - mkk_comic - app.py:582 - INFO - 正在下载第 171/194 页...
2026-01-09 03:17:16 - mkk_comic - app.py:582 - INFO - 正在下载第 172/194 页...
2026-01-09 03:17:16 - mkk_comic - app.py:582 - INFO - 正在下载第 173/194 页...
2026-01-09 03:17:16 - mkk_comic - app.py:582 - INFO - 正在下载第 174/194 页...
2026-01-09 03:17:16 - mkk_comic - app.py:582 - INFO - 正在下载第 175/194 页...
2026-01-09 03:17:16 - mkk_comic - app.py:582 - INFO - 正在下载第 176/194 页...
2026-01-09 03:17:16 - mkk_comic - app.py:582 - INFO - 正在下载第 177/194 页...
2026-01-09 03:17:16 - mkk_comic - app.py:582 - INFO - 正在下载第 178/194 页...
2026-01-09 03:17:16 - mkk_comic - app.py:582 - INFO - 正在下载第 179/194 页...
2026-01-09 03:17:16 - mkk_comic - app.py:582 - INFO - 正在下载第 180/194 页...
2026-01-09 03:17:16 - mkk_comic - app.py:582 - INFO - 正在下载第 181/194 页...
2026-01-09 03:17:16 - mkk_comic - app.py:582 - INFO - 正在下载第 182/194 页...
2026-01-09 03:17:16 - mkk_comic - app.py:582 - INFO - 正在下载第 183/194 页...
2026-01-09 03:17:16 - mkk_comic - app.py:582 - INFO - 正在下载第 184/194 页...
2026-01-09 03:17:16 - mkk_comic - app.py:582 - INFO - 正在下载第 185/194 页...
2026-01-09 03:17:16 - mkk_comic - app.py:582 - INFO - 正在下载第 186/194 页...
2026-01-09 03:17:16 - mkk_comic - app.py:582 - INFO - 正在下载第 187/194 页...
2026-01-09 03:17:16 - mkk_comic - app.py:582 - INFO - 正在下载第 188/194 页...
2026-01-09 03:17:16 - mkk_comic - app.py:582 - INFO - 正在下载第 189/194 页...
2026-01-09 03:17:16 - mkk_comic - app.py:582 - INFO - 正在下载第 190/194 页...
2026-01-09 03:17:16 - mkk_comic - app.py:582 - INFO - 正在下载第 191/194 页...
2026-01-09 03:17:17 - mkk_comic - app.py:582 - INFO - 正在下载第 192/194 页...
2026-01-09 03:17:17 - mkk_comic - app.py:582 - INFO - 正在下载第 193/194 页...
2026-01-09 03:17:17 - mkk_comic - app.py:582 - INFO - 正在下载第 194/194 页...
2026-01-09 03:17:17 - mkk_comic - app.py:511 - INFO - 下载完成!
2026-01-09 03:17:17 - mkk_comic - app.py:512 - INFO - 成功下载: 194/194 页
2026-01-09 03:17:17 - mkk_comic - app.py:858 - INFO - ===== 检查更新完成 =====

