2026-01-13 03:15:35 - mkk_comic - app.py:863 - INFO - 运行环境：GitHub Actions（自动化模式）
2026-01-13 03:15:35 - mkk_comic - app.py:820 - INFO - ===== 开始检查更新=====
2026-01-13 03:15:35 - mkk_comic - app.py:838 - INFO - 【名侦探柯南】上次下载至第41章
2026-01-13 03:15:36 - mkk_comic - app.py:845 - INFO - 【名侦探柯南】检测到更新！最新：272章
2026-01-13 03:15:36 - mkk_comic - app.py:848 - INFO - 【名侦探柯南】最大下载限制为2章-需下载42~43章）
2026-01-13 03:15:37 - mkk_comic - app.py:494 - INFO - 正在下载第42章: 第42卷    UUID:d763d96b-c85e-11e8-8859-024352452ce0
2026-01-13 03:15:38 - mkk_comic - app.py:502 - INFO - 创建目录: ./out/名偵探柯南/第42卷
2026-01-13 03:15:38 - mkk_comic - app.py:505 - INFO - 开始下载: 名偵探柯南 - 第42卷
2026-01-13 03:15:38 - mkk_comic - app.py:506 - INFO - 总页数: 196
2026-01-13 03:15:38 - mkk_comic - app.py:582 - INFO - 正在下载第 001/196 页...
2026-01-13 03:15:38 - mkk_comic - app.py:582 - INFO - 正在下载第 002/196 页...
2026-01-13 03:15:38 - mkk_comic - app.py:582 - INFO - 正在下载第 003/196 页...
2026-01-13 03:15:38 - mkk_comic - app.py:582 - INFO - 正在下载第 004/196 页...
2026-01-13 03:15:38 - mkk_comic - app.py:582 - INFO - 正在下载第 005/196 页...
2026-01-13 03:15:38 - mkk_comic - app.py:582 - INFO - 正在下载第 006/196 页...
2026-01-13 03:15:38 - mkk_comic - app.py:582 - INFO - 正在下载第 007/196 页...
2026-01-13 03:15:38 - mkk_comic - app.py:582 - INFO - 正在下载第 008/196 页...
2026-01-13 03:15:38 - mkk_comic - app.py:582 - INFO - 正在下载第 009/196 页...
2026-01-13 03:15:38 - mkk_comic - app.py:582 - INFO - 正在下载第 010/196 页...
2026-01-13 03:15:38 - mkk_comic - app.py:582 - INFO - 正在下载第 011/196 页...
2026-01-13 03:15:38 - mkk_comic - app.py:582 - INFO - 正在下载第 012/196 页...
2026-01-13 03:15:38 - mkk_comic - app.py:582 - INFO - 正在下载第 013/196 页...
2026-01-13 03:15:38 - mkk_comic - app.py:582 - INFO - 正在下载第 014/196 页...
2026-01-13 03:15:38 - mkk_comic - app.py:582 - INFO - 正在下载第 015/196 页...
2026-01-13 03:15:38 - mkk_comic - app.py:582 - INFO - 正在下载第 016/196 页...
2026-01-13 03:15:38 - mkk_comic - app.py:582 - INFO - 正在下载第 017/196 页...
2026-01-13 03:15:38 - mkk_comic - app.py:582 - INFO - 正在下载第 018/196 页...
2026-01-13 03:15:38 - mkk_comic - app.py:582 - INFO - 正在下载第 019/196 页...
2026-01-13 03:15:38 - mkk_comic - app.py:582 - INFO - 正在下载第 020/196 页...
2026-01-13 03:15:38 - mkk_comic - app.py:582 - INFO - 正在下载第 021/196 页...
2026-01-13 03:15:38 - mkk_comic - app.py:582 - INFO - 正在下载第 022/196 页...
2026-01-13 03:15:39 - mkk_comic - app.py:582 - INFO - 正在下载第 023/196 页...
2026-01-13 03:15:39 - mkk_comic - app.py:582 - INFO - 正在下载第 024/196 页...
2026-01-13 03:15:39 - mkk_comic - app.py:582 - INFO - 正在下载第 025/196 页...
2026-01-13 03:15:39 - mkk_comic - app.py:582 - INFO - 正在下载第 026/196 页...
2026-01-13 03:15:39 - mkk_comic - app.py:582 - INFO - 正在下载第 027/196 页...
2026-01-13 03:15:39 - mkk_comic - app.py:582 - INFO - 正在下载第 028/196 页...
2026-01-13 03:15:39 - mkk_comic - app.py:582 - INFO - 正在下载第 029/196 页...
2026-01-13 03:15:39 - mkk_comic - app.py:582 - INFO - 正在下载第 030/196 页...
2026-01-13 03:15:39 - mkk_comic - app.py:582 - INFO - 正在下载第 031/196 页...
2026-01-13 03:15:39 - mkk_comic - app.py:582 - INFO - 正在下载第 032/196 页...
2026-01-13 03:15:39 - mkk_comic - app.py:582 - INFO - 正在下载第 033/196 页...
2026-01-13 03:15:39 - mkk_comic - app.py:582 - INFO - 正在下载第 034/196 页...
2026-01-13 03:15:39 - mkk_comic - app.py:582 - INFO - 正在下载第 035/196 页...
2026-01-13 03:15:39 - mkk_comic - app.py:582 - INFO - 正在下载第 036/196 页...
2026-01-13 03:15:39 - mkk_comic - app.py:582 - INFO - 正在下载第 037/196 页...
2026-01-13 03:15:39 - mkk_comic - app.py:582 - INFO - 正在下载第 038/196 页...
2026-01-13 03:15:39 - mkk_comic - app.py:582 - INFO - 正在下载第 039/196 页...
2026-01-13 03:15:39 - mkk_comic - app.py:582 - INFO - 正在下载第 040/196 页...
2026-01-13 03:15:39 - mkk_comic - app.py:582 - INFO - 正在下载第 041/196 页...
2026-01-13 03:15:39 - mkk_comic - app.py:582 - INFO - 正在下载第 042/196 页...
2026-01-13 03:15:39 - mkk_comic - app.py:582 - INFO - 正在下载第 043/196 页...
2026-01-13 03:15:39 - mkk_comic - app.py:582 - INFO - 正在下载第 044/196 页...
2026-01-13 03:15:39 - mkk_comic - app.py:582 - INFO - 正在下载第 045/196 页...
2026-01-13 03:15:39 - mkk_comic - app.py:582 - INFO - 正在下载第 046/196 页...
2026-01-13 03:15:39 - mkk_comic - app.py:582 - INFO - 正在下载第 047/196 页...
2026-01-13 03:15:39 - mkk_comic - app.py:582 - INFO - 正在下载第 048/196 页...
2026-01-13 03:15:39 - mkk_comic - app.py:582 - INFO - 正在下载第 049/196 页...
2026-01-13 03:15:39 - mkk_comic - app.py:582 - INFO - 正在下载第 050/196 页...
2026-01-13 03:15:39 - mkk_comic - app.py:582 - INFO - 正在下载第 051/196 页...
2026-01-13 03:15:40 - mkk_comic - app.py:582 - INFO - 正在下载第 052/196 页...
2026-01-13 03:15:40 - mkk_comic - app.py:582 - INFO - 正在下载第 053/196 页...
2026-01-13 03:15:40 - mkk_comic - app.py:582 - INFO - 正在下载第 054/196 页...
2026-01-13 03:15:40 - mkk_comic - app.py:582 - INFO - 正在下载第 055/196 页...
2026-01-13 03:15:40 - mkk_comic - app.py:582 - INFO - 正在下载第 056/196 页...
2026-01-13 03:15:40 - mkk_comic - app.py:582 - INFO - 正在下载第 057/196 页...
2026-01-13 03:15:40 - mkk_comic - app.py:582 - INFO - 正在下载第 058/196 页...
2026-01-13 03:15:40 - mkk_comic - app.py:582 - INFO - 正在下载第 059/196 页...
2026-01-13 03:15:40 - mkk_comic - app.py:582 - INFO - 正在下载第 060/196 页...
2026-01-13 03:15:40 - mkk_comic - app.py:582 - INFO - 正在下载第 061/196 页...
2026-01-13 03:15:40 - mkk_comic - app.py:582 - INFO - 正在下载第 062/196 页...
2026-01-13 03:15:40 - mkk_comic - app.py:582 - INFO - 正在下载第 063/196 页...
2026-01-13 03:15:40 - mkk_comic - app.py:582 - INFO - 正在下载第 064/196 页...
2026-01-13 03:15:40 - mkk_comic - app.py:582 - INFO - 正在下载第 065/196 页...
2026-01-13 03:15:40 - mkk_comic - app.py:582 - INFO - 正在下载第 066/196 页...
2026-01-13 03:15:40 - mkk_comic - app.py:582 - INFO - 正在下载第 067/196 页...
2026-01-13 03:15:40 - mkk_comic - app.py:582 - INFO - 正在下载第 068/196 页...
2026-01-13 03:15:40 - mkk_comic - app.py:582 - INFO - 正在下载第 069/196 页...
2026-01-13 03:15:40 - mkk_comic - app.py:582 - INFO - 正在下载第 070/196 页...
2026-01-13 03:15:40 - mkk_comic - app.py:582 - INFO - 正在下载第 071/196 页...
2026-01-13 03:15:40 - mkk_comic - app.py:582 - INFO - 正在下载第 072/196 页...
2026-01-13 03:15:40 - mkk_comic - app.py:582 - INFO - 正在下载第 073/196 页...
2026-01-13 03:15:40 - mkk_comic - app.py:582 - INFO - 正在下载第 074/196 页...
2026-01-13 03:15:40 - mkk_comic - app.py:582 - INFO - 正在下载第 075/196 页...
2026-01-13 03:15:40 - mkk_comic - app.py:582 - INFO - 正在下载第 076/196 页...
2026-01-13 03:15:40 - mkk_comic - app.py:582 - INFO - 正在下载第 077/196 页...
2026-01-13 03:15:40 - mkk_comic - app.py:582 - INFO - 正在下载第 078/196 页...
2026-01-13 03:15:40 - mkk_comic - app.py:582 - INFO - 正在下载第 079/196 页...
2026-01-13 03:15:40 - mkk_comic - app.py:582 - INFO - 正在下载第 080/196 页...
2026-01-13 03:15:40 - mkk_comic - app.py:582 - INFO - 正在下载第 081/196 页...
2026-01-13 03:15:41 - mkk_comic - app.py:582 - INFO - 正在下载第 082/196 页...
2026-01-13 03:15:41 - mkk_comic - app.py:582 - INFO - 正在下载第 083/196 页...
2026-01-13 03:15:41 - mkk_comic - app.py:582 - INFO - 正在下载第 084/196 页...
2026-01-13 03:15:41 - mkk_comic - app.py:582 - INFO - 正在下载第 085/196 页...
2026-01-13 03:15:41 - mkk_comic - app.py:582 - INFO - 正在下载第 086/196 页...
2026-01-13 03:15:41 - mkk_comic - app.py:582 - INFO - 正在下载第 087/196 页...
2026-01-13 03:15:41 - mkk_comic - app.py:582 - INFO - 正在下载第 088/196 页...
2026-01-13 03:15:41 - mkk_comic - app.py:582 - INFO - 正在下载第 089/196 页...
2026-01-13 03:15:41 - mkk_comic - app.py:582 - INFO - 正在下载第 090/196 页...
2026-01-13 03:15:41 - mkk_comic - app.py:582 - INFO - 正在下载第 091/196 页...
2026-01-13 03:15:41 - mkk_comic - app.py:582 - INFO - 正在下载第 092/196 页...
2026-01-13 03:15:41 - mkk_comic - app.py:582 - INFO - 正在下载第 093/196 页...
2026-01-13 03:15:41 - mkk_comic - app.py:582 - INFO - 正在下载第 094/196 页...
2026-01-13 03:15:41 - mkk_comic - app.py:582 - INFO - 正在下载第 095/196 页...
2026-01-13 03:15:41 - mkk_comic - app.py:582 - INFO - 正在下载第 096/196 页...
2026-01-13 03:15:41 - mkk_comic - app.py:582 - INFO - 正在下载第 097/196 页...
2026-01-13 03:15:41 - mkk_comic - app.py:582 - INFO - 正在下载第 098/196 页...
2026-01-13 03:15:41 - mkk_comic - app.py:582 - INFO - 正在下载第 099/196 页...
2026-01-13 03:15:41 - mkk_comic - app.py:582 - INFO - 正在下载第 100/196 页...
2026-01-13 03:15:41 - mkk_comic - app.py:582 - INFO - 正在下载第 101/196 页...
2026-01-13 03:15:41 - mkk_comic - app.py:582 - INFO - 正在下载第 102/196 页...
2026-01-13 03:15:41 - mkk_comic - app.py:582 - INFO - 正在下载第 103/196 页...
2026-01-13 03:15:41 - mkk_comic - app.py:582 - INFO - 正在下载第 104/196 页...
2026-01-13 03:15:41 - mkk_comic - app.py:582 - INFO - 正在下载第 105/196 页...
2026-01-13 03:15:41 - mkk_comic - app.py:582 - INFO - 正在下载第 106/196 页...
2026-01-13 03:15:41 - mkk_comic - app.py:582 - INFO - 正在下载第 107/196 页...
2026-01-13 03:15:41 - mkk_comic - app.py:582 - INFO - 正在下载第 108/196 页...
2026-01-13 03:15:41 - mkk_comic - app.py:582 - INFO - 正在下载第 109/196 页...
2026-01-13 03:15:41 - mkk_comic - app.py:582 - INFO - 正在下载第 110/196 页...
2026-01-13 03:15:41 - mkk_comic - app.py:582 - INFO - 正在下载第 111/196 页...
2026-01-13 03:15:41 - mkk_comic - app.py:582 - INFO - 正在下载第 112/196 页...
2026-01-13 03:15:41 - mkk_comic - app.py:582 - INFO - 正在下载第 113/196 页...
2026-01-13 03:15:41 - mkk_comic - app.py:582 - INFO - 正在下载第 114/196 页...
2026-01-13 03:15:42 - mkk_comic - app.py:582 - INFO - 正在下载第 115/196 页...
2026-01-13 03:15:42 - mkk_comic - app.py:582 - INFO - 正在下载第 116/196 页...
2026-01-13 03:15:42 - mkk_comic - app.py:582 - INFO - 正在下载第 117/196 页...
2026-01-13 03:15:42 - mkk_comic - app.py:582 - INFO - 正在下载第 118/196 页...
2026-01-13 03:15:42 - mkk_comic - app.py:582 - INFO - 正在下载第 119/196 页...
2026-01-13 03:15:42 - mkk_comic - app.py:582 - INFO - 正在下载第 120/196 页...
2026-01-13 03:15:42 - mkk_comic - app.py:582 - INFO - 正在下载第 121/196 页...
2026-01-13 03:15:42 - mkk_comic - app.py:582 - INFO - 正在下载第 122/196 页...
2026-01-13 03:15:42 - mkk_comic - app.py:582 - INFO - 正在下载第 123/196 页...
2026-01-13 03:15:42 - mkk_comic - app.py:582 - INFO - 正在下载第 124/196 页...
2026-01-13 03:15:42 - mkk_comic - app.py:582 - INFO - 正在下载第 125/196 页...
2026-01-13 03:15:42 - mkk_comic - app.py:582 - INFO - 正在下载第 126/196 页...
2026-01-13 03:15:42 - mkk_comic - app.py:582 - INFO - 正在下载第 127/196 页...
2026-01-13 03:15:42 - mkk_comic - app.py:582 - INFO - 正在下载第 128/196 页...
2026-01-13 03:15:42 - mkk_comic - app.py:582 - INFO - 正在下载第 129/196 页...
2026-01-13 03:15:42 - mkk_comic - app.py:582 - INFO - 正在下载第 130/196 页...
2026-01-13 03:15:42 - mkk_comic - app.py:582 - INFO - 正在下载第 131/196 页...
2026-01-13 03:15:42 - mkk_comic - app.py:582 - INFO - 正在下载第 132/196 页...
2026-01-13 03:15:42 - mkk_comic - app.py:582 - INFO - 正在下载第 133/196 页...
2026-01-13 03:15:42 - mkk_comic - app.py:582 - INFO - 正在下载第 134/196 页...
2026-01-13 03:15:42 - mkk_comic - app.py:582 - INFO - 正在下载第 135/196 页...
2026-01-13 03:15:42 - mkk_comic - app.py:582 - INFO - 正在下载第 136/196 页...
2026-01-13 03:15:42 - mkk_comic - app.py:582 - INFO - 正在下载第 137/196 页...
2026-01-13 03:15:42 - mkk_comic - app.py:582 - INFO - 正在下载第 138/196 页...
2026-01-13 03:15:42 - mkk_comic - app.py:582 - INFO - 正在下载第 139/196 页...
2026-01-13 03:15:42 - mkk_comic - app.py:582 - INFO - 正在下载第 140/196 页...
2026-01-13 03:15:42 - mkk_comic - app.py:582 - INFO - 正在下载第 141/196 页...
2026-01-13 03:15:42 - mkk_comic - app.py:582 - INFO - 正在下载第 142/196 页...
2026-01-13 03:15:42 - mkk_comic - app.py:582 - INFO - 正在下载第 143/196 页...
2026-01-13 03:15:43 - mkk_comic - app.py:582 - INFO - 正在下载第 144/196 页...
2026-01-13 03:15:43 - mkk_comic - app.py:582 - INFO - 正在下载第 145/196 页...
2026-01-13 03:15:43 - mkk_comic - app.py:582 - INFO - 正在下载第 146/196 页...
2026-01-13 03:15:43 - mkk_comic - app.py:582 - INFO - 正在下载第 147/196 页...
2026-01-13 03:15:43 - mkk_comic - app.py:582 - INFO - 正在下载第 148/196 页...
2026-01-13 03:15:43 - mkk_comic - app.py:582 - INFO - 正在下载第 149/196 页...
2026-01-13 03:15:43 - mkk_comic - app.py:582 - INFO - 正在下载第 150/196 页...
2026-01-13 03:15:43 - mkk_comic - app.py:582 - INFO - 正在下载第 151/196 页...
2026-01-13 03:15:43 - mkk_comic - app.py:582 - INFO - 正在下载第 152/196 页...
2026-01-13 03:15:43 - mkk_comic - app.py:582 - INFO - 正在下载第 153/196 页...
2026-01-13 03:15:43 - mkk_comic - app.py:582 - INFO - 正在下载第 154/196 页...
2026-01-13 03:15:43 - mkk_comic - app.py:582 - INFO - 正在下载第 155/196 页...
2026-01-13 03:15:43 - mkk_comic - app.py:582 - INFO - 正在下载第 156/196 页...
2026-01-13 03:15:43 - mkk_comic - app.py:582 - INFO - 正在下载第 157/196 页...
2026-01-13 03:15:43 - mkk_comic - app.py:582 - INFO - 正在下载第 158/196 页...
2026-01-13 03:15:43 - mkk_comic - app.py:582 - INFO - 正在下载第 159/196 页...
2026-01-13 03:15:43 - mkk_comic - app.py:582 - INFO - 正在下载第 160/196 页...
2026-01-13 03:15:43 - mkk_comic - app.py:582 - INFO - 正在下载第 161/196 页...
2026-01-13 03:15:43 - mkk_comic - app.py:582 - INFO - 正在下载第 162/196 页...
2026-01-13 03:15:43 - mkk_comic - app.py:582 - INFO - 正在下载第 163/196 页...
2026-01-13 03:15:43 - mkk_comic - app.py:582 - INFO - 正在下载第 164/196 页...
2026-01-13 03:15:43 - mkk_comic - app.py:582 - INFO - 正在下载第 165/196 页...
2026-01-13 03:15:43 - mkk_comic - app.py:582 - INFO - 正在下载第 166/196 页...
2026-01-13 03:15:43 - mkk_comic - app.py:582 - INFO - 正在下载第 167/196 页...
2026-01-13 03:15:43 - mkk_comic - app.py:582 - INFO - 正在下载第 168/196 页...
2026-01-13 03:15:43 - mkk_comic - app.py:582 - INFO - 正在下载第 169/196 页...
2026-01-13 03:15:43 - mkk_comic - app.py:582 - INFO - 正在下载第 170/196 页...
2026-01-13 03:15:43 - mkk_comic - app.py:582 - INFO - 正在下载第 171/196 页...
2026-01-13 03:15:43 - mkk_comic - app.py:582 - INFO - 正在下载第 172/196 页...
2026-01-13 03:15:43 - mkk_comic - app.py:582 - INFO - 正在下载第 173/196 页...
2026-01-13 03:15:43 - mkk_comic - app.py:582 - INFO - 正在下载第 174/196 页...
2026-01-13 03:15:44 - mkk_comic - app.py:582 - INFO - 正在下载第 175/196 页...
2026-01-13 03:15:44 - mkk_comic - app.py:582 - INFO - 正在下载第 176/196 页...
2026-01-13 03:15:44 - mkk_comic - app.py:582 - INFO - 正在下载第 177/196 页...
2026-01-13 03:15:44 - mkk_comic - app.py:582 - INFO - 正在下载第 178/196 页...
2026-01-13 03:15:44 - mkk_comic - app.py:582 - INFO - 正在下载第 179/196 页...
2026-01-13 03:15:44 - mkk_comic - app.py:582 - INFO - 正在下载第 180/196 页...
2026-01-13 03:15:44 - mkk_comic - app.py:582 - INFO - 正在下载第 181/196 页...
2026-01-13 03:15:44 - mkk_comic - app.py:582 - INFO - 正在下载第 182/196 页...
2026-01-13 03:15:44 - mkk_comic - app.py:582 - INFO - 正在下载第 183/196 页...
2026-01-13 03:15:44 - mkk_comic - app.py:582 - INFO - 正在下载第 184/196 页...
2026-01-13 03:15:44 - mkk_comic - app.py:582 - INFO - 正在下载第 185/196 页...
2026-01-13 03:15:44 - mkk_comic - app.py:582 - INFO - 正在下载第 186/196 页...
2026-01-13 03:15:44 - mkk_comic - app.py:582 - INFO - 正在下载第 187/196 页...
2026-01-13 03:15:44 - mkk_comic - app.py:582 - INFO - 正在下载第 188/196 页...
2026-01-13 03:15:44 - mkk_comic - app.py:582 - INFO - 正在下载第 189/196 页...
2026-01-13 03:15:44 - mkk_comic - app.py:582 - INFO - 正在下载第 190/196 页...
2026-01-13 03:15:44 - mkk_comic - app.py:582 - INFO - 正在下载第 191/196 页...
2026-01-13 03:15:44 - mkk_comic - app.py:582 - INFO - 正在下载第 192/196 页...
2026-01-13 03:15:44 - mkk_comic - app.py:582 - INFO - 正在下载第 193/196 页...
2026-01-13 03:15:44 - mkk_comic - app.py:582 - INFO - 正在下载第 194/196 页...
2026-01-13 03:15:44 - mkk_comic - app.py:582 - INFO - 正在下载第 195/196 页...
2026-01-13 03:15:44 - mkk_comic - app.py:582 - INFO - 正在下载第 196/196 页...
2026-01-13 03:15:44 - mkk_comic - app.py:511 - INFO - 下载完成!
2026-01-13 03:15:44 - mkk_comic - app.py:512 - INFO - 成功下载: 196/196 页
2026-01-13 03:15:45 - mkk_comic - app.py:494 - INFO - 正在下载第43章: 第43卷    UUID:079f1d5c-c85f-11e8-8859-024352452ce0
2026-01-13 03:15:46 - mkk_comic - app.py:502 - INFO - 创建目录: ./out/名偵探柯南/第43卷
2026-01-13 03:15:46 - mkk_comic - app.py:505 - INFO - 开始下载: 名偵探柯南 - 第43卷
2026-01-13 03:15:46 - mkk_comic - app.py:506 - INFO - 总页数: 189
2026-01-13 03:15:46 - mkk_comic - app.py:582 - INFO - 正在下载第 001/189 页...
2026-01-13 03:15:46 - mkk_comic - app.py:582 - INFO - 正在下载第 002/189 页...
2026-01-13 03:15:46 - mkk_comic - app.py:582 - INFO - 正在下载第 003/189 页...
2026-01-13 03:15:46 - mkk_comic - app.py:582 - INFO - 正在下载第 004/189 页...
2026-01-13 03:15:46 - mkk_comic - app.py:582 - INFO - 正在下载第 005/189 页...
2026-01-13 03:15:46 - mkk_comic - app.py:582 - INFO - 正在下载第 006/189 页...
2026-01-13 03:15:46 - mkk_comic - app.py:582 - INFO - 正在下载第 007/189 页...
2026-01-13 03:15:46 - mkk_comic - app.py:582 - INFO - 正在下载第 008/189 页...
2026-01-13 03:15:46 - mkk_comic - app.py:582 - INFO - 正在下载第 009/189 页...
2026-01-13 03:15:46 - mkk_comic - app.py:582 - INFO - 正在下载第 010/189 页...
2026-01-13 03:15:46 - mkk_comic - app.py:582 - INFO - 正在下载第 011/189 页...
2026-01-13 03:15:46 - mkk_comic - app.py:582 - INFO - 正在下载第 012/189 页...
2026-01-13 03:15:47 - mkk_comic - app.py:582 - INFO - 正在下载第 013/189 页...
2026-01-13 03:15:47 - mkk_comic - app.py:582 - INFO - 正在下载第 014/189 页...
2026-01-13 03:15:47 - mkk_comic - app.py:582 - INFO - 正在下载第 015/189 页...
2026-01-13 03:15:47 - mkk_comic - app.py:582 - INFO - 正在下载第 016/189 页...
2026-01-13 03:15:47 - mkk_comic - app.py:582 - INFO - 正在下载第 017/189 页...
2026-01-13 03:15:47 - mkk_comic - app.py:582 - INFO - 正在下载第 018/189 页...
2026-01-13 03:15:47 - mkk_comic - app.py:582 - INFO - 正在下载第 019/189 页...
2026-01-13 03:15:47 - mkk_comic - app.py:582 - INFO - 正在下载第 020/189 页...
2026-01-13 03:15:47 - mkk_comic - app.py:582 - INFO - 正在下载第 021/189 页...
2026-01-13 03:15:47 - mkk_comic - app.py:582 - INFO - 正在下载第 022/189 页...
2026-01-13 03:15:47 - mkk_comic - app.py:582 - INFO - 正在下载第 023/189 页...
2026-01-13 03:15:47 - mkk_comic - app.py:582 - INFO - 正在下载第 024/189 页...
2026-01-13 03:15:48 - mkk_comic - app.py:582 - INFO - 正在下载第 025/189 页...
2026-01-13 03:15:48 - mkk_comic - app.py:582 - INFO - 正在下载第 026/189 页...
2026-01-13 03:15:48 - mkk_comic - app.py:582 - INFO - 正在下载第 027/189 页...
2026-01-13 03:15:48 - mkk_comic - app.py:582 - INFO - 正在下载第 028/189 页...
2026-01-13 03:15:48 - mkk_comic - app.py:582 - INFO - 正在下载第 029/189 页...
2026-01-13 03:15:48 - mkk_comic - app.py:582 - INFO - 正在下载第 030/189 页...
2026-01-13 03:15:48 - mkk_comic - app.py:582 - INFO - 正在下载第 031/189 页...
2026-01-13 03:15:48 - mkk_comic - app.py:582 - INFO - 正在下载第 032/189 页...
2026-01-13 03:15:48 - mkk_comic - app.py:582 - INFO - 正在下载第 033/189 页...
2026-01-13 03:15:48 - mkk_comic - app.py:582 - INFO - 正在下载第 034/189 页...
2026-01-13 03:15:48 - mkk_comic - app.py:582 - INFO - 正在下载第 035/189 页...
2026-01-13 03:15:48 - mkk_comic - app.py:582 - INFO - 正在下载第 036/189 页...
2026-01-13 03:15:48 - mkk_comic - app.py:582 - INFO - 正在下载第 037/189 页...
2026-01-13 03:15:48 - mkk_comic - app.py:582 - INFO - 正在下载第 038/189 页...
2026-01-13 03:15:48 - mkk_comic - app.py:582 - INFO - 正在下载第 039/189 页...
2026-01-13 03:15:48 - mkk_comic - app.py:582 - INFO - 正在下载第 040/189 页...
2026-01-13 03:15:48 - mkk_comic - app.py:582 - INFO - 正在下载第 041/189 页...
2026-01-13 03:15:48 - mkk_comic - app.py:582 - INFO - 正在下载第 042/189 页...
2026-01-13 03:15:48 - mkk_comic - app.py:582 - INFO - 正在下载第 043/189 页...
2026-01-13 03:15:48 - mkk_comic - app.py:582 - INFO - 正在下载第 044/189 页...
2026-01-13 03:15:48 - mkk_comic - app.py:582 - INFO - 正在下载第 045/189 页...
2026-01-13 03:15:48 - mkk_comic - app.py:582 - INFO - 正在下载第 046/189 页...
2026-01-13 03:15:48 - mkk_comic - app.py:582 - INFO - 正在下载第 047/189 页...
2026-01-13 03:15:48 - mkk_comic - app.py:582 - INFO - 正在下载第 048/189 页...
2026-01-13 03:15:48 - mkk_comic - app.py:582 - INFO - 正在下载第 049/189 页...
2026-01-13 03:15:48 - mkk_comic - app.py:582 - INFO - 正在下载第 050/189 页...
2026-01-13 03:15:48 - mkk_comic - app.py:582 - INFO - 正在下载第 051/189 页...
2026-01-13 03:15:48 - mkk_comic - app.py:582 - INFO - 正在下载第 052/189 页...
2026-01-13 03:15:48 - mkk_comic - app.py:582 - INFO - 正在下载第 053/189 页...
2026-01-13 03:15:48 - mkk_comic - app.py:582 - INFO - 正在下载第 054/189 页...
2026-01-13 03:15:48 - mkk_comic - app.py:582 - INFO - 正在下载第 055/189 页...
2026-01-13 03:15:48 - mkk_comic - app.py:582 - INFO - 正在下载第 056/189 页...
2026-01-13 03:15:48 - mkk_comic - app.py:582 - INFO - 正在下载第 057/189 页...
2026-01-13 03:15:48 - mkk_comic - app.py:582 - INFO - 正在下载第 058/189 页...
2026-01-13 03:15:49 - mkk_comic - app.py:582 - INFO - 正在下载第 059/189 页...
2026-01-13 03:15:49 - mkk_comic - app.py:582 - INFO - 正在下载第 060/189 页...
2026-01-13 03:15:49 - mkk_comic - app.py:582 - INFO - 正在下载第 061/189 页...
2026-01-13 03:15:49 - mkk_comic - app.py:582 - INFO - 正在下载第 062/189 页...
2026-01-13 03:15:49 - mkk_comic - app.py:582 - INFO - 正在下载第 063/189 页...
2026-01-13 03:15:49 - mkk_comic - app.py:582 - INFO - 正在下载第 064/189 页...
2026-01-13 03:15:49 - mkk_comic - app.py:582 - INFO - 正在下载第 065/189 页...
2026-01-13 03:15:49 - mkk_comic - app.py:582 - INFO - 正在下载第 066/189 页...
2026-01-13 03:15:49 - mkk_comic - app.py:582 - INFO - 正在下载第 067/189 页...
2026-01-13 03:15:49 - mkk_comic - app.py:582 - INFO - 正在下载第 068/189 页...
2026-01-13 03:15:49 - mkk_comic - app.py:582 - INFO - 正在下载第 069/189 页...
2026-01-13 03:15:49 - mkk_comic - app.py:582 - INFO - 正在下载第 070/189 页...
2026-01-13 03:15:49 - mkk_comic - app.py:582 - INFO - 正在下载第 071/189 页...
2026-01-13 03:15:49 - mkk_comic - app.py:582 - INFO - 正在下载第 072/189 页...
2026-01-13 03:15:49 - mkk_comic - app.py:582 - INFO - 正在下载第 073/189 页...
2026-01-13 03:15:49 - mkk_comic - app.py:582 - INFO - 正在下载第 074/189 页...
2026-01-13 03:15:49 - mkk_comic - app.py:582 - INFO - 正在下载第 075/189 页...
2026-01-13 03:15:49 - mkk_comic - app.py:582 - INFO - 正在下载第 076/189 页...
2026-01-13 03:15:49 - mkk_comic - app.py:582 - INFO - 正在下载第 077/189 页...
2026-01-13 03:15:49 - mkk_comic - app.py:582 - INFO - 正在下载第 078/189 页...
2026-01-13 03:15:49 - mkk_comic - app.py:582 - INFO - 正在下载第 079/189 页...
2026-01-13 03:15:49 - mkk_comic - app.py:582 - INFO - 正在下载第 080/189 页...
2026-01-13 03:15:49 - mkk_comic - app.py:582 - INFO - 正在下载第 081/189 页...
2026-01-13 03:15:49 - mkk_comic - app.py:582 - INFO - 正在下载第 082/189 页...
2026-01-13 03:15:49 - mkk_comic - app.py:582 - INFO - 正在下载第 083/189 页...
2026-01-13 03:15:49 - mkk_comic - app.py:582 - INFO - 正在下载第 084/189 页...
2026-01-13 03:15:49 - mkk_comic - app.py:582 - INFO - 正在下载第 085/189 页...
2026-01-13 03:15:49 - mkk_comic - app.py:582 - INFO - 正在下载第 086/189 页...
2026-01-13 03:15:49 - mkk_comic - app.py:582 - INFO - 正在下载第 087/189 页...
2026-01-13 03:15:49 - mkk_comic - app.py:582 - INFO - 正在下载第 088/189 页...
2026-01-13 03:15:49 - mkk_comic - app.py:582 - INFO - 正在下载第 089/189 页...
2026-01-13 03:15:49 - mkk_comic - app.py:582 - INFO - 正在下载第 090/189 页...
2026-01-13 03:15:49 - mkk_comic - app.py:582 - INFO - 正在下载第 091/189 页...
2026-01-13 03:15:49 - mkk_comic - app.py:582 - INFO - 正在下载第 092/189 页...
2026-01-13 03:15:49 - mkk_comic - app.py:582 - INFO - 正在下载第 093/189 页...
2026-01-13 03:15:50 - mkk_comic - app.py:582 - INFO - 正在下载第 094/189 页...
2026-01-13 03:15:50 - mkk_comic - app.py:582 - INFO - 正在下载第 095/189 页...
2026-01-13 03:15:50 - mkk_comic - app.py:582 - INFO - 正在下载第 096/189 页...
2026-01-13 03:15:50 - mkk_comic - app.py:582 - INFO - 正在下载第 097/189 页...
2026-01-13 03:15:50 - mkk_comic - app.py:582 - INFO - 正在下载第 098/189 页...
2026-01-13 03:15:50 - mkk_comic - app.py:582 - INFO - 正在下载第 099/189 页...
2026-01-13 03:15:50 - mkk_comic - app.py:582 - INFO - 正在下载第 100/189 页...
2026-01-13 03:15:50 - mkk_comic - app.py:582 - INFO - 正在下载第 101/189 页...
2026-01-13 03:15:50 - mkk_comic - app.py:582 - INFO - 正在下载第 102/189 页...
2026-01-13 03:15:50 - mkk_comic - app.py:582 - INFO - 正在下载第 103/189 页...
2026-01-13 03:15:50 - mkk_comic - app.py:582 - INFO - 正在下载第 104/189 页...
2026-01-13 03:15:50 - mkk_comic - app.py:582 - INFO - 正在下载第 105/189 页...
2026-01-13 03:15:50 - mkk_comic - app.py:582 - INFO - 正在下载第 106/189 页...
2026-01-13 03:15:50 - mkk_comic - app.py:582 - INFO - 正在下载第 107/189 页...
2026-01-13 03:15:50 - mkk_comic - app.py:582 - INFO - 正在下载第 108/189 页...
2026-01-13 03:15:50 - mkk_comic - app.py:582 - INFO - 正在下载第 109/189 页...
2026-01-13 03:15:50 - mkk_comic - app.py:582 - INFO - 正在下载第 110/189 页...
2026-01-13 03:15:50 - mkk_comic - app.py:582 - INFO - 正在下载第 111/189 页...
2026-01-13 03:15:50 - mkk_comic - app.py:582 - INFO - 正在下载第 112/189 页...
2026-01-13 03:15:50 - mkk_comic - app.py:582 - INFO - 正在下载第 113/189 页...
2026-01-13 03:15:50 - mkk_comic - app.py:582 - INFO - 正在下载第 114/189 页...
2026-01-13 03:15:50 - mkk_comic - app.py:582 - INFO - 正在下载第 115/189 页...
2026-01-13 03:15:50 - mkk_comic - app.py:582 - INFO - 正在下载第 116/189 页...
2026-01-13 03:15:50 - mkk_comic - app.py:582 - INFO - 正在下载第 117/189 页...
2026-01-13 03:15:50 - mkk_comic - app.py:582 - INFO - 正在下载第 118/189 页...
2026-01-13 03:15:50 - mkk_comic - app.py:582 - INFO - 正在下载第 119/189 页...
2026-01-13 03:15:50 - mkk_comic - app.py:582 - INFO - 正在下载第 120/189 页...
2026-01-13 03:15:50 - mkk_comic - app.py:582 - INFO - 正在下载第 121/189 页...
2026-01-13 03:15:50 - mkk_comic - app.py:582 - INFO - 正在下载第 122/189 页...
2026-01-13 03:15:50 - mkk_comic - app.py:582 - INFO - 正在下载第 123/189 页...
2026-01-13 03:15:50 - mkk_comic - app.py:582 - INFO - 正在下载第 124/189 页...
2026-01-13 03:15:50 - mkk_comic - app.py:582 - INFO - 正在下载第 125/189 页...
2026-01-13 03:15:51 - mkk_comic - app.py:582 - INFO - 正在下载第 126/189 页...
2026-01-13 03:15:51 - mkk_comic - app.py:582 - INFO - 正在下载第 127/189 页...
2026-01-13 03:15:51 - mkk_comic - app.py:582 - INFO - 正在下载第 128/189 页...
2026-01-13 03:15:51 - mkk_comic - app.py:582 - INFO - 正在下载第 129/189 页...
2026-01-13 03:15:51 - mkk_comic - app.py:582 - INFO - 正在下载第 130/189 页...
2026-01-13 03:15:51 - mkk_comic - app.py:582 - INFO - 正在下载第 131/189 页...
2026-01-13 03:15:51 - mkk_comic - app.py:582 - INFO - 正在下载第 132/189 页...
2026-01-13 03:15:51 - mkk_comic - app.py:582 - INFO - 正在下载第 133/189 页...
2026-01-13 03:15:51 - mkk_comic - app.py:582 - INFO - 正在下载第 134/189 页...
2026-01-13 03:15:51 - mkk_comic - app.py:582 - INFO - 正在下载第 135/189 页...
2026-01-13 03:15:51 - mkk_comic - app.py:582 - INFO - 正在下载第 136/189 页...
2026-01-13 03:15:51 - mkk_comic - app.py:582 - INFO - 正在下载第 137/189 页...
2026-01-13 03:15:51 - mkk_comic - app.py:582 - INFO - 正在下载第 138/189 页...
2026-01-13 03:15:51 - mkk_comic - app.py:582 - INFO - 正在下载第 139/189 页...
2026-01-13 03:15:51 - mkk_comic - app.py:582 - INFO - 正在下载第 140/189 页...
2026-01-13 03:15:51 - mkk_comic - app.py:582 - INFO - 正在下载第 141/189 页...
2026-01-13 03:15:51 - mkk_comic - app.py:582 - INFO - 正在下载第 142/189 页...
2026-01-13 03:15:51 - mkk_comic - app.py:582 - INFO - 正在下载第 143/189 页...
2026-01-13 03:15:51 - mkk_comic - app.py:582 - INFO - 正在下载第 144/189 页...
2026-01-13 03:15:51 - mkk_comic - app.py:582 - INFO - 正在下载第 145/189 页...
2026-01-13 03:15:51 - mkk_comic - app.py:582 - INFO - 正在下载第 146/189 页...
2026-01-13 03:15:51 - mkk_comic - app.py:582 - INFO - 正在下载第 147/189 页...
2026-01-13 03:15:51 - mkk_comic - app.py:582 - INFO - 正在下载第 148/189 页...
2026-01-13 03:15:51 - mkk_comic - app.py:582 - INFO - 正在下载第 149/189 页...
2026-01-13 03:15:51 - mkk_comic - app.py:582 - INFO - 正在下载第 150/189 页...
2026-01-13 03:15:51 - mkk_comic - app.py:582 - INFO - 正在下载第 151/189 页...
2026-01-13 03:15:51 - mkk_comic - app.py:582 - INFO - 正在下载第 152/189 页...
2026-01-13 03:15:51 - mkk_comic - app.py:582 - INFO - 正在下载第 153/189 页...
2026-01-13 03:15:51 - mkk_comic - app.py:582 - INFO - 正在下载第 154/189 页...
2026-01-13 03:15:51 - mkk_comic - app.py:582 - INFO - 正在下载第 155/189 页...
2026-01-13 03:15:51 - mkk_comic - app.py:582 - INFO - 正在下载第 156/189 页...
2026-01-13 03:15:51 - mkk_comic - app.py:582 - INFO - 正在下载第 157/189 页...
2026-01-13 03:15:51 - mkk_comic - app.py:582 - INFO - 正在下载第 158/189 页...
2026-01-13 03:15:51 - mkk_comic - app.py:582 - INFO - 正在下载第 159/189 页...
2026-01-13 03:15:51 - mkk_comic - app.py:582 - INFO - 正在下载第 160/189 页...
2026-01-13 03:15:52 - mkk_comic - app.py:582 - INFO - 正在下载第 161/189 页...
2026-01-13 03:15:52 - mkk_comic - app.py:582 - INFO - 正在下载第 162/189 页...
2026-01-13 03:15:52 - mkk_comic - app.py:582 - INFO - 正在下载第 163/189 页...
2026-01-13 03:15:52 - mkk_comic - app.py:582 - INFO - 正在下载第 164/189 页...
2026-01-13 03:15:52 - mkk_comic - app.py:582 - INFO - 正在下载第 165/189 页...
2026-01-13 03:15:52 - mkk_comic - app.py:582 - INFO - 正在下载第 166/189 页...
2026-01-13 03:15:52 - mkk_comic - app.py:582 - INFO - 正在下载第 167/189 页...
2026-01-13 03:15:52 - mkk_comic - app.py:582 - INFO - 正在下载第 168/189 页...
2026-01-13 03:15:52 - mkk_comic - app.py:582 - INFO - 正在下载第 169/189 页...
2026-01-13 03:15:52 - mkk_comic - app.py:582 - INFO - 正在下载第 170/189 页...
2026-01-13 03:15:52 - mkk_comic - app.py:582 - INFO - 正在下载第 171/189 页...
2026-01-13 03:15:52 - mkk_comic - app.py:582 - INFO - 正在下载第 172/189 页...
2026-01-13 03:15:52 - mkk_comic - app.py:582 - INFO - 正在下载第 173/189 页...
2026-01-13 03:15:52 - mkk_comic - app.py:582 - INFO - 正在下载第 174/189 页...
2026-01-13 03:15:52 - mkk_comic - app.py:582 - INFO - 正在下载第 175/189 页...
2026-01-13 03:15:52 - mkk_comic - app.py:582 - INFO - 正在下载第 176/189 页...
2026-01-13 03:15:52 - mkk_comic - app.py:582 - INFO - 正在下载第 177/189 页...
2026-01-13 03:15:52 - mkk_comic - app.py:582 - INFO - 正在下载第 178/189 页...
2026-01-13 03:15:52 - mkk_comic - app.py:582 - INFO - 正在下载第 179/189 页...
2026-01-13 03:15:52 - mkk_comic - app.py:582 - INFO - 正在下载第 180/189 页...
2026-01-13 03:15:52 - mkk_comic - app.py:582 - INFO - 正在下载第 181/189 页...
2026-01-13 03:15:52 - mkk_comic - app.py:582 - INFO - 正在下载第 182/189 页...
2026-01-13 03:15:52 - mkk_comic - app.py:582 - INFO - 正在下载第 183/189 页...
2026-01-13 03:15:52 - mkk_comic - app.py:582 - INFO - 正在下载第 184/189 页...
2026-01-13 03:15:52 - mkk_comic - app.py:582 - INFO - 正在下载第 185/189 页...
2026-01-13 03:15:52 - mkk_comic - app.py:582 - INFO - 正在下载第 186/189 页...
2026-01-13 03:15:52 - mkk_comic - app.py:582 - INFO - 正在下载第 187/189 页...
2026-01-13 03:15:52 - mkk_comic - app.py:582 - INFO - 正在下载第 188/189 页...
2026-01-13 03:15:52 - mkk_comic - app.py:582 - INFO - 正在下载第 189/189 页...
2026-01-13 03:15:53 - mkk_comic - app.py:511 - INFO - 下载完成!
2026-01-13 03:15:53 - mkk_comic - app.py:512 - INFO - 成功下载: 189/189 页
2026-01-13 03:15:53 - mkk_comic - app.py:858 - INFO - ===== 检查更新完成 =====

