2026-01-29 03:42:35 - mkk_comic - app.py:863 - INFO - 运行环境：GitHub Actions（自动化模式）
2026-01-29 03:42:35 - mkk_comic - app.py:820 - INFO - ===== 开始检查更新=====
2026-01-29 03:42:35 - mkk_comic - app.py:838 - INFO - 【名侦探柯南】上次下载至第49章
2026-01-29 03:42:36 - mkk_comic - app.py:845 - INFO - 【名侦探柯南】检测到更新！最新：272章
2026-01-29 03:42:36 - mkk_comic - app.py:848 - INFO - 【名侦探柯南】最大下载限制为2章-需下载50~51章）
2026-01-29 03:42:36 - mkk_comic - app.py:494 - INFO - 正在下载第50章: 第50卷    UUID:607d4819-c85f-11e8-8859-024352452ce0
2026-01-29 03:42:37 - mkk_comic - app.py:502 - INFO - 创建目录: ./out/名偵探柯南/第50卷
2026-01-29 03:42:37 - mkk_comic - app.py:505 - INFO - 开始下载: 名偵探柯南 - 第50卷
2026-01-29 03:42:37 - mkk_comic - app.py:506 - INFO - 总页数: 191
2026-01-29 03:42:37 - mkk_comic - app.py:582 - INFO - 正在下载第 001/191 页...
2026-01-29 03:42:37 - mkk_comic - app.py:582 - INFO - 正在下载第 002/191 页...
2026-01-29 03:42:37 - mkk_comic - app.py:582 - INFO - 正在下载第 003/191 页...
2026-01-29 03:42:37 - mkk_comic - app.py:582 - INFO - 正在下载第 004/191 页...
2026-01-29 03:42:37 - mkk_comic - app.py:582 - INFO - 正在下载第 005/191 页...
2026-01-29 03:42:37 - mkk_comic - app.py:582 - INFO - 正在下载第 006/191 页...
2026-01-29 03:42:37 - mkk_comic - app.py:582 - INFO - 正在下载第 007/191 页...
2026-01-29 03:42:37 - mkk_comic - app.py:582 - INFO - 正在下载第 008/191 页...
2026-01-29 03:42:37 - mkk_comic - app.py:582 - INFO - 正在下载第 009/191 页...
2026-01-29 03:42:37 - mkk_comic - app.py:582 - INFO - 正在下载第 010/191 页...
2026-01-29 03:42:37 - mkk_comic - app.py:582 - INFO - 正在下载第 011/191 页...
2026-01-29 03:42:37 - mkk_comic - app.py:582 - INFO - 正在下载第 012/191 页...
2026-01-29 03:42:37 - mkk_comic - app.py:582 - INFO - 正在下载第 013/191 页...
2026-01-29 03:42:37 - mkk_comic - app.py:582 - INFO - 正在下载第 014/191 页...
2026-01-29 03:42:37 - mkk_comic - app.py:582 - INFO - 正在下载第 015/191 页...
2026-01-29 03:42:38 - mkk_comic - app.py:582 - INFO - 正在下载第 016/191 页...
2026-01-29 03:42:38 - mkk_comic - app.py:582 - INFO - 正在下载第 017/191 页...
2026-01-29 03:42:38 - mkk_comic - app.py:582 - INFO - 正在下载第 018/191 页...
2026-01-29 03:42:38 - mkk_comic - app.py:582 - INFO - 正在下载第 019/191 页...
2026-01-29 03:42:38 - mkk_comic - app.py:582 - INFO - 正在下载第 020/191 页...
2026-01-29 03:42:38 - mkk_comic - app.py:582 - INFO - 正在下载第 021/191 页...
2026-01-29 03:42:38 - mkk_comic - app.py:582 - INFO - 正在下载第 022/191 页...
2026-01-29 03:42:38 - mkk_comic - app.py:582 - INFO - 正在下载第 023/191 页...
2026-01-29 03:42:38 - mkk_comic - app.py:582 - INFO - 正在下载第 024/191 页...
2026-01-29 03:42:38 - mkk_comic - app.py:582 - INFO - 正在下载第 025/191 页...
2026-01-29 03:42:38 - mkk_comic - app.py:582 - INFO - 正在下载第 026/191 页...
2026-01-29 03:42:38 - mkk_comic - app.py:582 - INFO - 正在下载第 027/191 页...
2026-01-29 03:42:38 - mkk_comic - app.py:582 - INFO - 正在下载第 028/191 页...
2026-01-29 03:42:38 - mkk_comic - app.py:582 - INFO - 正在下载第 029/191 页...
2026-01-29 03:42:38 - mkk_comic - app.py:582 - INFO - 正在下载第 030/191 页...
2026-01-29 03:42:38 - mkk_comic - app.py:582 - INFO - 正在下载第 031/191 页...
2026-01-29 03:42:38 - mkk_comic - app.py:582 - INFO - 正在下载第 032/191 页...
2026-01-29 03:42:38 - mkk_comic - app.py:582 - INFO - 正在下载第 033/191 页...
2026-01-29 03:42:38 - mkk_comic - app.py:582 - INFO - 正在下载第 034/191 页...
2026-01-29 03:42:38 - mkk_comic - app.py:582 - INFO - 正在下载第 035/191 页...
2026-01-29 03:42:38 - mkk_comic - app.py:582 - INFO - 正在下载第 036/191 页...
2026-01-29 03:42:38 - mkk_comic - app.py:582 - INFO - 正在下载第 037/191 页...
2026-01-29 03:42:38 - mkk_comic - app.py:582 - INFO - 正在下载第 038/191 页...
2026-01-29 03:42:38 - mkk_comic - app.py:582 - INFO - 正在下载第 039/191 页...
2026-01-29 03:42:38 - mkk_comic - app.py:582 - INFO - 正在下载第 040/191 页...
2026-01-29 03:42:38 - mkk_comic - app.py:582 - INFO - 正在下载第 041/191 页...
2026-01-29 03:42:38 - mkk_comic - app.py:582 - INFO - 正在下载第 042/191 页...
2026-01-29 03:42:38 - mkk_comic - app.py:582 - INFO - 正在下载第 043/191 页...
2026-01-29 03:42:38 - mkk_comic - app.py:582 - INFO - 正在下载第 044/191 页...
2026-01-29 03:42:38 - mkk_comic - app.py:582 - INFO - 正在下载第 045/191 页...
2026-01-29 03:42:38 - mkk_comic - app.py:582 - INFO - 正在下载第 046/191 页...
2026-01-29 03:42:38 - mkk_comic - app.py:582 - INFO - 正在下载第 047/191 页...
2026-01-29 03:42:38 - mkk_comic - app.py:582 - INFO - 正在下载第 048/191 页...
2026-01-29 03:42:38 - mkk_comic - app.py:582 - INFO - 正在下载第 049/191 页...
2026-01-29 03:42:38 - mkk_comic - app.py:582 - INFO - 正在下载第 050/191 页...
2026-01-29 03:42:38 - mkk_comic - app.py:582 - INFO - 正在下载第 051/191 页...
2026-01-29 03:42:38 - mkk_comic - app.py:582 - INFO - 正在下载第 052/191 页...
2026-01-29 03:42:38 - mkk_comic - app.py:582 - INFO - 正在下载第 053/191 页...
2026-01-29 03:42:38 - mkk_comic - app.py:582 - INFO - 正在下载第 054/191 页...
2026-01-29 03:42:38 - mkk_comic - app.py:582 - INFO - 正在下载第 055/191 页...
2026-01-29 03:42:39 - mkk_comic - app.py:582 - INFO - 正在下载第 056/191 页...
2026-01-29 03:42:39 - mkk_comic - app.py:582 - INFO - 正在下载第 057/191 页...
2026-01-29 03:42:39 - mkk_comic - app.py:582 - INFO - 正在下载第 058/191 页...
2026-01-29 03:42:39 - mkk_comic - app.py:582 - INFO - 正在下载第 059/191 页...
2026-01-29 03:42:39 - mkk_comic - app.py:582 - INFO - 正在下载第 060/191 页...
2026-01-29 03:42:39 - mkk_comic - app.py:582 - INFO - 正在下载第 061/191 页...
2026-01-29 03:42:39 - mkk_comic - app.py:582 - INFO - 正在下载第 062/191 页...
2026-01-29 03:42:39 - mkk_comic - app.py:582 - INFO - 正在下载第 063/191 页...
2026-01-29 03:42:39 - mkk_comic - app.py:582 - INFO - 正在下载第 064/191 页...
2026-01-29 03:42:39 - mkk_comic - app.py:582 - INFO - 正在下载第 065/191 页...
2026-01-29 03:42:39 - mkk_comic - app.py:582 - INFO - 正在下载第 066/191 页...
2026-01-29 03:42:39 - mkk_comic - app.py:582 - INFO - 正在下载第 067/191 页...
2026-01-29 03:42:39 - mkk_comic - app.py:582 - INFO - 正在下载第 068/191 页...
2026-01-29 03:42:39 - mkk_comic - app.py:582 - INFO - 正在下载第 069/191 页...
2026-01-29 03:42:39 - mkk_comic - app.py:582 - INFO - 正在下载第 070/191 页...
2026-01-29 03:42:39 - mkk_comic - app.py:582 - INFO - 正在下载第 071/191 页...
2026-01-29 03:42:39 - mkk_comic - app.py:582 - INFO - 正在下载第 072/191 页...
2026-01-29 03:42:39 - mkk_comic - app.py:582 - INFO - 正在下载第 073/191 页...
2026-01-29 03:42:39 - mkk_comic - app.py:582 - INFO - 正在下载第 074/191 页...
2026-01-29 03:42:39 - mkk_comic - app.py:582 - INFO - 正在下载第 075/191 页...
2026-01-29 03:42:39 - mkk_comic - app.py:582 - INFO - 正在下载第 076/191 页...
2026-01-29 03:42:39 - mkk_comic - app.py:582 - INFO - 正在下载第 077/191 页...
2026-01-29 03:42:39 - mkk_comic - app.py:582 - INFO - 正在下载第 078/191 页...
2026-01-29 03:42:39 - mkk_comic - app.py:582 - INFO - 正在下载第 079/191 页...
2026-01-29 03:42:39 - mkk_comic - app.py:582 - INFO - 正在下载第 080/191 页...
2026-01-29 03:42:39 - mkk_comic - app.py:582 - INFO - 正在下载第 081/191 页...
2026-01-29 03:42:39 - mkk_comic - app.py:582 - INFO - 正在下载第 082/191 页...
2026-01-29 03:42:39 - mkk_comic - app.py:582 - INFO - 正在下载第 083/191 页...
2026-01-29 03:42:39 - mkk_comic - app.py:582 - INFO - 正在下载第 084/191 页...
2026-01-29 03:42:39 - mkk_comic - app.py:582 - INFO - 正在下载第 085/191 页...
2026-01-29 03:42:39 - mkk_comic - app.py:582 - INFO - 正在下载第 086/191 页...
2026-01-29 03:42:39 - mkk_comic - app.py:582 - INFO - 正在下载第 087/191 页...
2026-01-29 03:42:39 - mkk_comic - app.py:582 - INFO - 正在下载第 088/191 页...
2026-01-29 03:42:39 - mkk_comic - app.py:582 - INFO - 正在下载第 089/191 页...
2026-01-29 03:42:39 - mkk_comic - app.py:582 - INFO - 正在下载第 090/191 页...
2026-01-29 03:42:39 - mkk_comic - app.py:582 - INFO - 正在下载第 091/191 页...
2026-01-29 03:42:39 - mkk_comic - app.py:582 - INFO - 正在下载第 092/191 页...
2026-01-29 03:42:40 - mkk_comic - app.py:582 - INFO - 正在下载第 093/191 页...
2026-01-29 03:42:40 - mkk_comic - app.py:582 - INFO - 正在下载第 094/191 页...
2026-01-29 03:42:40 - mkk_comic - app.py:582 - INFO - 正在下载第 095/191 页...
2026-01-29 03:42:40 - mkk_comic - app.py:582 - INFO - 正在下载第 096/191 页...
2026-01-29 03:42:40 - mkk_comic - app.py:582 - INFO - 正在下载第 097/191 页...
2026-01-29 03:42:40 - mkk_comic - app.py:582 - INFO - 正在下载第 098/191 页...
2026-01-29 03:42:40 - mkk_comic - app.py:582 - INFO - 正在下载第 099/191 页...
2026-01-29 03:42:40 - mkk_comic - app.py:582 - INFO - 正在下载第 100/191 页...
2026-01-29 03:42:40 - mkk_comic - app.py:582 - INFO - 正在下载第 101/191 页...
2026-01-29 03:42:40 - mkk_comic - app.py:582 - INFO - 正在下载第 102/191 页...
2026-01-29 03:42:40 - mkk_comic - app.py:582 - INFO - 正在下载第 103/191 页...
2026-01-29 03:42:40 - mkk_comic - app.py:582 - INFO - 正在下载第 104/191 页...
2026-01-29 03:42:40 - mkk_comic - app.py:582 - INFO - 正在下载第 105/191 页...
2026-01-29 03:42:40 - mkk_comic - app.py:582 - INFO - 正在下载第 106/191 页...
2026-01-29 03:42:40 - mkk_comic - app.py:582 - INFO - 正在下载第 107/191 页...
2026-01-29 03:42:40 - mkk_comic - app.py:582 - INFO - 正在下载第 108/191 页...
2026-01-29 03:42:40 - mkk_comic - app.py:582 - INFO - 正在下载第 109/191 页...
2026-01-29 03:42:40 - mkk_comic - app.py:582 - INFO - 正在下载第 110/191 页...
2026-01-29 03:42:40 - mkk_comic - app.py:582 - INFO - 正在下载第 111/191 页...
2026-01-29 03:42:40 - mkk_comic - app.py:582 - INFO - 正在下载第 112/191 页...
2026-01-29 03:42:40 - mkk_comic - app.py:582 - INFO - 正在下载第 113/191 页...
2026-01-29 03:42:40 - mkk_comic - app.py:582 - INFO - 正在下载第 114/191 页...
2026-01-29 03:42:40 - mkk_comic - app.py:582 - INFO - 正在下载第 115/191 页...
2026-01-29 03:42:40 - mkk_comic - app.py:582 - INFO - 正在下载第 116/191 页...
2026-01-29 03:42:40 - mkk_comic - app.py:582 - INFO - 正在下载第 117/191 页...
2026-01-29 03:42:40 - mkk_comic - app.py:582 - INFO - 正在下载第 118/191 页...
2026-01-29 03:42:40 - mkk_comic - app.py:582 - INFO - 正在下载第 119/191 页...
2026-01-29 03:42:40 - mkk_comic - app.py:582 - INFO - 正在下载第 120/191 页...
2026-01-29 03:42:40 - mkk_comic - app.py:582 - INFO - 正在下载第 121/191 页...
2026-01-29 03:42:40 - mkk_comic - app.py:582 - INFO - 正在下载第 122/191 页...
2026-01-29 03:42:40 - mkk_comic - app.py:582 - INFO - 正在下载第 123/191 页...
2026-01-29 03:42:40 - mkk_comic - app.py:582 - INFO - 正在下载第 124/191 页...
2026-01-29 03:42:40 - mkk_comic - app.py:582 - INFO - 正在下载第 125/191 页...
2026-01-29 03:42:40 - mkk_comic - app.py:582 - INFO - 正在下载第 126/191 页...
2026-01-29 03:42:40 - mkk_comic - app.py:582 - INFO - 正在下载第 127/191 页...
2026-01-29 03:42:40 - mkk_comic - app.py:582 - INFO - 正在下载第 128/191 页...
2026-01-29 03:42:40 - mkk_comic - app.py:582 - INFO - 正在下载第 129/191 页...
2026-01-29 03:42:40 - mkk_comic - app.py:582 - INFO - 正在下载第 130/191 页...
2026-01-29 03:42:40 - mkk_comic - app.py:582 - INFO - 正在下载第 131/191 页...
2026-01-29 03:42:41 - mkk_comic - app.py:582 - INFO - 正在下载第 132/191 页...
2026-01-29 03:42:41 - mkk_comic - app.py:582 - INFO - 正在下载第 133/191 页...
2026-01-29 03:42:41 - mkk_comic - app.py:582 - INFO - 正在下载第 134/191 页...
2026-01-29 03:42:41 - mkk_comic - app.py:582 - INFO - 正在下载第 135/191 页...
2026-01-29 03:42:41 - mkk_comic - app.py:582 - INFO - 正在下载第 136/191 页...
2026-01-29 03:42:41 - mkk_comic - app.py:582 - INFO - 正在下载第 137/191 页...
2026-01-29 03:42:41 - mkk_comic - app.py:582 - INFO - 正在下载第 138/191 页...
2026-01-29 03:42:41 - mkk_comic - app.py:582 - INFO - 正在下载第 139/191 页...
2026-01-29 03:42:41 - mkk_comic - app.py:582 - INFO - 正在下载第 140/191 页...
2026-01-29 03:42:41 - mkk_comic - app.py:582 - INFO - 正在下载第 141/191 页...
2026-01-29 03:42:41 - mkk_comic - app.py:582 - INFO - 正在下载第 142/191 页...
2026-01-29 03:42:41 - mkk_comic - app.py:582 - INFO - 正在下载第 143/191 页...
2026-01-29 03:42:41 - mkk_comic - app.py:582 - INFO - 正在下载第 144/191 页...
2026-01-29 03:42:41 - mkk_comic - app.py:582 - INFO - 正在下载第 145/191 页...
2026-01-29 03:42:41 - mkk_comic - app.py:582 - INFO - 正在下载第 146/191 页...
2026-01-29 03:42:41 - mkk_comic - app.py:582 - INFO - 正在下载第 147/191 页...
2026-01-29 03:42:41 - mkk_comic - app.py:582 - INFO - 正在下载第 148/191 页...
2026-01-29 03:42:41 - mkk_comic - app.py:582 - INFO - 正在下载第 149/191 页...
2026-01-29 03:42:41 - mkk_comic - app.py:582 - INFO - 正在下载第 150/191 页...
2026-01-29 03:42:41 - mkk_comic - app.py:582 - INFO - 正在下载第 151/191 页...
2026-01-29 03:42:41 - mkk_comic - app.py:582 - INFO - 正在下载第 152/191 页...
2026-01-29 03:42:41 - mkk_comic - app.py:582 - INFO - 正在下载第 153/191 页...
2026-01-29 03:42:41 - mkk_comic - app.py:582 - INFO - 正在下载第 154/191 页...
2026-01-29 03:42:41 - mkk_comic - app.py:582 - INFO - 正在下载第 155/191 页...
2026-01-29 03:42:41 - mkk_comic - app.py:582 - INFO - 正在下载第 156/191 页...
2026-01-29 03:42:41 - mkk_comic - app.py:582 - INFO - 正在下载第 157/191 页...
2026-01-29 03:42:41 - mkk_comic - app.py:582 - INFO - 正在下载第 158/191 页...
2026-01-29 03:42:41 - mkk_comic - app.py:582 - INFO - 正在下载第 159/191 页...
2026-01-29 03:42:41 - mkk_comic - app.py:582 - INFO - 正在下载第 160/191 页...
2026-01-29 03:42:41 - mkk_comic - app.py:582 - INFO - 正在下载第 161/191 页...
2026-01-29 03:42:41 - mkk_comic - app.py:582 - INFO - 正在下载第 162/191 页...
2026-01-29 03:42:41 - mkk_comic - app.py:582 - INFO - 正在下载第 163/191 页...
2026-01-29 03:42:41 - mkk_comic - app.py:582 - INFO - 正在下载第 164/191 页...
2026-01-29 03:42:41 - mkk_comic - app.py:582 - INFO - 正在下载第 165/191 页...
2026-01-29 03:42:41 - mkk_comic - app.py:582 - INFO - 正在下载第 166/191 页...
2026-01-29 03:42:41 - mkk_comic - app.py:582 - INFO - 正在下载第 167/191 页...
2026-01-29 03:42:41 - mkk_comic - app.py:582 - INFO - 正在下载第 168/191 页...
2026-01-29 03:42:42 - mkk_comic - app.py:582 - INFO - 正在下载第 169/191 页...
2026-01-29 03:42:42 - mkk_comic - app.py:582 - INFO - 正在下载第 170/191 页...
2026-01-29 03:42:42 - mkk_comic - app.py:582 - INFO - 正在下载第 171/191 页...
2026-01-29 03:42:42 - mkk_comic - app.py:582 - INFO - 正在下载第 172/191 页...
2026-01-29 03:42:42 - mkk_comic - app.py:582 - INFO - 正在下载第 173/191 页...
2026-01-29 03:42:42 - mkk_comic - app.py:582 - INFO - 正在下载第 174/191 页...
2026-01-29 03:42:42 - mkk_comic - app.py:582 - INFO - 正在下载第 175/191 页...
2026-01-29 03:42:42 - mkk_comic - app.py:582 - INFO - 正在下载第 176/191 页...
2026-01-29 03:42:42 - mkk_comic - app.py:582 - INFO - 正在下载第 177/191 页...
2026-01-29 03:42:42 - mkk_comic - app.py:582 - INFO - 正在下载第 178/191 页...
2026-01-29 03:42:42 - mkk_comic - app.py:582 - INFO - 正在下载第 179/191 页...
2026-01-29 03:42:42 - mkk_comic - app.py:582 - INFO - 正在下载第 180/191 页...
2026-01-29 03:42:42 - mkk_comic - app.py:582 - INFO - 正在下载第 181/191 页...
2026-01-29 03:42:42 - mkk_comic - app.py:582 - INFO - 正在下载第 182/191 页...
2026-01-29 03:42:42 - mkk_comic - app.py:582 - INFO - 正在下载第 183/191 页...
2026-01-29 03:42:42 - mkk_comic - app.py:582 - INFO - 正在下载第 184/191 页...
2026-01-29 03:42:42 - mkk_comic - app.py:582 - INFO - 正在下载第 185/191 页...
2026-01-29 03:42:42 - mkk_comic - app.py:582 - INFO - 正在下载第 186/191 页...
2026-01-29 03:42:42 - mkk_comic - app.py:582 - INFO - 正在下载第 187/191 页...
2026-01-29 03:42:42 - mkk_comic - app.py:582 - INFO - 正在下载第 188/191 页...
2026-01-29 03:42:42 - mkk_comic - app.py:582 - INFO - 正在下载第 189/191 页...
2026-01-29 03:42:42 - mkk_comic - app.py:582 - INFO - 正在下载第 190/191 页...
2026-01-29 03:42:42 - mkk_comic - app.py:582 - INFO - 正在下载第 191/191 页...
2026-01-29 03:42:42 - mkk_comic - app.py:511 - INFO - 下载完成!
2026-01-29 03:42:42 - mkk_comic - app.py:512 - INFO - 成功下载: 191/191 页
2026-01-29 03:42:43 - mkk_comic - app.py:854 - INFO - 【名侦探柯南】第50章下载失败，终止后续章节下载
2026-01-29 03:42:43 - mkk_comic - app.py:858 - INFO - ===== 检查更新完成 =====

