2026-01-16 03:16:59 - mkk_comic - app.py:863 - INFO - 运行环境：GitHub Actions（自动化模式）
2026-01-16 03:16:59 - mkk_comic - app.py:820 - INFO - ===== 开始检查更新=====
2026-01-16 03:16:59 - mkk_comic - app.py:838 - INFO - 【名侦探柯南】上次下载至第47章
2026-01-16 03:17:00 - mkk_comic - app.py:845 - INFO - 【名侦探柯南】检测到更新！最新：272章
2026-01-16 03:17:00 - mkk_comic - app.py:848 - INFO - 【名侦探柯南】最大下载限制为2章-需下载48~49章）
2026-01-16 03:17:01 - mkk_comic - app.py:494 - INFO - 正在下载第48章: 第48卷    UUID:518b4ed6-c85f-11e8-8859-024352452ce0
2026-01-16 03:17:02 - mkk_comic - app.py:502 - INFO - 创建目录: ./out/名偵探柯南/第48卷
2026-01-16 03:17:02 - mkk_comic - app.py:505 - INFO - 开始下载: 名偵探柯南 - 第48卷
2026-01-16 03:17:02 - mkk_comic - app.py:506 - INFO - 总页数: 180
2026-01-16 03:17:02 - mkk_comic - app.py:582 - INFO - 正在下载第 001/180 页...
2026-01-16 03:17:02 - mkk_comic - app.py:582 - INFO - 正在下载第 002/180 页...
2026-01-16 03:17:02 - mkk_comic - app.py:582 - INFO - 正在下载第 003/180 页...
2026-01-16 03:17:02 - mkk_comic - app.py:582 - INFO - 正在下载第 004/180 页...
2026-01-16 03:17:02 - mkk_comic - app.py:582 - INFO - 正在下载第 005/180 页...
2026-01-16 03:17:02 - mkk_comic - app.py:582 - INFO - 正在下载第 006/180 页...
2026-01-16 03:17:02 - mkk_comic - app.py:582 - INFO - 正在下载第 007/180 页...
2026-01-16 03:17:02 - mkk_comic - app.py:582 - INFO - 正在下载第 008/180 页...
2026-01-16 03:17:02 - mkk_comic - app.py:582 - INFO - 正在下载第 009/180 页...
2026-01-16 03:17:02 - mkk_comic - app.py:582 - INFO - 正在下载第 010/180 页...
2026-01-16 03:17:02 - mkk_comic - app.py:582 - INFO - 正在下载第 011/180 页...
2026-01-16 03:17:02 - mkk_comic - app.py:582 - INFO - 正在下载第 012/180 页...
2026-01-16 03:17:02 - mkk_comic - app.py:582 - INFO - 正在下载第 013/180 页...
2026-01-16 03:17:02 - mkk_comic - app.py:582 - INFO - 正在下载第 014/180 页...
2026-01-16 03:17:02 - mkk_comic - app.py:582 - INFO - 正在下载第 015/180 页...
2026-01-16 03:17:03 - mkk_comic - app.py:582 - INFO - 正在下载第 016/180 页...
2026-01-16 03:17:03 - mkk_comic - app.py:582 - INFO - 正在下载第 017/180 页...
2026-01-16 03:17:03 - mkk_comic - app.py:582 - INFO - 正在下载第 018/180 页...
2026-01-16 03:17:03 - mkk_comic - app.py:582 - INFO - 正在下载第 019/180 页...
2026-01-16 03:17:03 - mkk_comic - app.py:582 - INFO - 正在下载第 020/180 页...
2026-01-16 03:17:03 - mkk_comic - app.py:582 - INFO - 正在下载第 021/180 页...
2026-01-16 03:17:03 - mkk_comic - app.py:582 - INFO - 正在下载第 022/180 页...
2026-01-16 03:17:03 - mkk_comic - app.py:582 - INFO - 正在下载第 023/180 页...
2026-01-16 03:17:03 - mkk_comic - app.py:582 - INFO - 正在下载第 024/180 页...
2026-01-16 03:17:03 - mkk_comic - app.py:582 - INFO - 正在下载第 025/180 页...
2026-01-16 03:17:03 - mkk_comic - app.py:582 - INFO - 正在下载第 026/180 页...
2026-01-16 03:17:03 - mkk_comic - app.py:582 - INFO - 正在下载第 027/180 页...
2026-01-16 03:17:03 - mkk_comic - app.py:582 - INFO - 正在下载第 028/180 页...
2026-01-16 03:17:03 - mkk_comic - app.py:582 - INFO - 正在下载第 029/180 页...
2026-01-16 03:17:03 - mkk_comic - app.py:582 - INFO - 正在下载第 030/180 页...
2026-01-16 03:17:03 - mkk_comic - app.py:582 - INFO - 正在下载第 031/180 页...
2026-01-16 03:17:03 - mkk_comic - app.py:582 - INFO - 正在下载第 032/180 页...
2026-01-16 03:17:03 - mkk_comic - app.py:582 - INFO - 正在下载第 033/180 页...
2026-01-16 03:17:03 - mkk_comic - app.py:582 - INFO - 正在下载第 034/180 页...
2026-01-16 03:17:03 - mkk_comic - app.py:582 - INFO - 正在下载第 035/180 页...
2026-01-16 03:17:03 - mkk_comic - app.py:582 - INFO - 正在下载第 036/180 页...
2026-01-16 03:17:03 - mkk_comic - app.py:582 - INFO - 正在下载第 037/180 页...
2026-01-16 03:17:04 - mkk_comic - app.py:582 - INFO - 正在下载第 038/180 页...
2026-01-16 03:17:04 - mkk_comic - app.py:582 - INFO - 正在下载第 039/180 页...
2026-01-16 03:17:04 - mkk_comic - app.py:582 - INFO - 正在下载第 040/180 页...
2026-01-16 03:17:04 - mkk_comic - app.py:582 - INFO - 正在下载第 041/180 页...
2026-01-16 03:17:04 - mkk_comic - app.py:582 - INFO - 正在下载第 042/180 页...
2026-01-16 03:17:04 - mkk_comic - app.py:582 - INFO - 正在下载第 043/180 页...
2026-01-16 03:17:04 - mkk_comic - app.py:582 - INFO - 正在下载第 044/180 页...
2026-01-16 03:17:04 - mkk_comic - app.py:582 - INFO - 正在下载第 045/180 页...
2026-01-16 03:17:04 - mkk_comic - app.py:582 - INFO - 正在下载第 046/180 页...
2026-01-16 03:17:04 - mkk_comic - app.py:582 - INFO - 正在下载第 047/180 页...
2026-01-16 03:17:04 - mkk_comic - app.py:582 - INFO - 正在下载第 048/180 页...
2026-01-16 03:17:04 - mkk_comic - app.py:582 - INFO - 正在下载第 049/180 页...
2026-01-16 03:17:04 - mkk_comic - app.py:582 - INFO - 正在下载第 050/180 页...
2026-01-16 03:17:04 - mkk_comic - app.py:582 - INFO - 正在下载第 051/180 页...
2026-01-16 03:17:04 - mkk_comic - app.py:582 - INFO - 正在下载第 052/180 页...
2026-01-16 03:17:04 - mkk_comic - app.py:582 - INFO - 正在下载第 053/180 页...
2026-01-16 03:17:04 - mkk_comic - app.py:582 - INFO - 正在下载第 054/180 页...
2026-01-16 03:17:04 - mkk_comic - app.py:582 - INFO - 正在下载第 055/180 页...
2026-01-16 03:17:04 - mkk_comic - app.py:582 - INFO - 正在下载第 056/180 页...
2026-01-16 03:17:04 - mkk_comic - app.py:582 - INFO - 正在下载第 057/180 页...
2026-01-16 03:17:04 - mkk_comic - app.py:582 - INFO - 正在下载第 058/180 页...
2026-01-16 03:17:04 - mkk_comic - app.py:582 - INFO - 正在下载第 059/180 页...
2026-01-16 03:17:05 - mkk_comic - app.py:582 - INFO - 正在下载第 060/180 页...
2026-01-16 03:17:05 - mkk_comic - app.py:582 - INFO - 正在下载第 061/180 页...
2026-01-16 03:17:05 - mkk_comic - app.py:582 - INFO - 正在下载第 062/180 页...
2026-01-16 03:17:05 - mkk_comic - app.py:582 - INFO - 正在下载第 063/180 页...
2026-01-16 03:17:05 - mkk_comic - app.py:582 - INFO - 正在下载第 064/180 页...
2026-01-16 03:17:05 - mkk_comic - app.py:582 - INFO - 正在下载第 065/180 页...
2026-01-16 03:17:05 - mkk_comic - app.py:582 - INFO - 正在下载第 066/180 页...
2026-01-16 03:17:05 - mkk_comic - app.py:582 - INFO - 正在下载第 067/180 页...
2026-01-16 03:17:05 - mkk_comic - app.py:582 - INFO - 正在下载第 068/180 页...
2026-01-16 03:17:05 - mkk_comic - app.py:582 - INFO - 正在下载第 069/180 页...
2026-01-16 03:17:05 - mkk_comic - app.py:582 - INFO - 正在下载第 070/180 页...
2026-01-16 03:17:05 - mkk_comic - app.py:582 - INFO - 正在下载第 071/180 页...
2026-01-16 03:17:05 - mkk_comic - app.py:582 - INFO - 正在下载第 072/180 页...
2026-01-16 03:17:05 - mkk_comic - app.py:582 - INFO - 正在下载第 073/180 页...
2026-01-16 03:17:05 - mkk_comic - app.py:582 - INFO - 正在下载第 074/180 页...
2026-01-16 03:17:05 - mkk_comic - app.py:582 - INFO - 正在下载第 075/180 页...
2026-01-16 03:17:05 - mkk_comic - app.py:582 - INFO - 正在下载第 076/180 页...
2026-01-16 03:17:05 - mkk_comic - app.py:582 - INFO - 正在下载第 077/180 页...
2026-01-16 03:17:05 - mkk_comic - app.py:582 - INFO - 正在下载第 078/180 页...
2026-01-16 03:17:05 - mkk_comic - app.py:582 - INFO - 正在下载第 079/180 页...
2026-01-16 03:17:05 - mkk_comic - app.py:582 - INFO - 正在下载第 080/180 页...
2026-01-16 03:17:05 - mkk_comic - app.py:582 - INFO - 正在下载第 081/180 页...
2026-01-16 03:17:05 - mkk_comic - app.py:582 - INFO - 正在下载第 082/180 页...
2026-01-16 03:17:06 - mkk_comic - app.py:582 - INFO - 正在下载第 083/180 页...
2026-01-16 03:17:06 - mkk_comic - app.py:582 - INFO - 正在下载第 084/180 页...
2026-01-16 03:17:06 - mkk_comic - app.py:582 - INFO - 正在下载第 085/180 页...
2026-01-16 03:17:06 - mkk_comic - app.py:582 - INFO - 正在下载第 086/180 页...
2026-01-16 03:17:06 - mkk_comic - app.py:582 - INFO - 正在下载第 087/180 页...
2026-01-16 03:17:06 - mkk_comic - app.py:582 - INFO - 正在下载第 088/180 页...
2026-01-16 03:17:06 - mkk_comic - app.py:582 - INFO - 正在下载第 089/180 页...
2026-01-16 03:17:06 - mkk_comic - app.py:582 - INFO - 正在下载第 090/180 页...
2026-01-16 03:17:06 - mkk_comic - app.py:582 - INFO - 正在下载第 091/180 页...
2026-01-16 03:17:06 - mkk_comic - app.py:582 - INFO - 正在下载第 092/180 页...
2026-01-16 03:17:06 - mkk_comic - app.py:582 - INFO - 正在下载第 093/180 页...
2026-01-16 03:17:06 - mkk_comic - app.py:582 - INFO - 正在下载第 094/180 页...
2026-01-16 03:17:06 - mkk_comic - app.py:582 - INFO - 正在下载第 095/180 页...
2026-01-16 03:17:06 - mkk_comic - app.py:582 - INFO - 正在下载第 096/180 页...
2026-01-16 03:17:06 - mkk_comic - app.py:582 - INFO - 正在下载第 097/180 页...
2026-01-16 03:17:06 - mkk_comic - app.py:582 - INFO - 正在下载第 098/180 页...
2026-01-16 03:17:06 - mkk_comic - app.py:582 - INFO - 正在下载第 099/180 页...
2026-01-16 03:17:06 - mkk_comic - app.py:582 - INFO - 正在下载第 100/180 页...
2026-01-16 03:17:06 - mkk_comic - app.py:582 - INFO - 正在下载第 101/180 页...
2026-01-16 03:17:06 - mkk_comic - app.py:582 - INFO - 正在下载第 102/180 页...
2026-01-16 03:17:06 - mkk_comic - app.py:582 - INFO - 正在下载第 103/180 页...
2026-01-16 03:17:06 - mkk_comic - app.py:582 - INFO - 正在下载第 104/180 页...
2026-01-16 03:17:06 - mkk_comic - app.py:582 - INFO - 正在下载第 105/180 页...
2026-01-16 03:17:06 - mkk_comic - app.py:582 - INFO - 正在下载第 106/180 页...
2026-01-16 03:17:07 - mkk_comic - app.py:582 - INFO - 正在下载第 107/180 页...
2026-01-16 03:17:07 - mkk_comic - app.py:582 - INFO - 正在下载第 108/180 页...
2026-01-16 03:17:07 - mkk_comic - app.py:582 - INFO - 正在下载第 109/180 页...
2026-01-16 03:17:07 - mkk_comic - app.py:582 - INFO - 正在下载第 110/180 页...
2026-01-16 03:17:07 - mkk_comic - app.py:582 - INFO - 正在下载第 111/180 页...
2026-01-16 03:17:07 - mkk_comic - app.py:582 - INFO - 正在下载第 112/180 页...
2026-01-16 03:17:07 - mkk_comic - app.py:582 - INFO - 正在下载第 113/180 页...
2026-01-16 03:17:07 - mkk_comic - app.py:582 - INFO - 正在下载第 114/180 页...
2026-01-16 03:17:07 - mkk_comic - app.py:582 - INFO - 正在下载第 115/180 页...
2026-01-16 03:17:07 - mkk_comic - app.py:582 - INFO - 正在下载第 116/180 页...
2026-01-16 03:17:07 - mkk_comic - app.py:582 - INFO - 正在下载第 117/180 页...
2026-01-16 03:17:07 - mkk_comic - app.py:582 - INFO - 正在下载第 118/180 页...
2026-01-16 03:17:07 - mkk_comic - app.py:582 - INFO - 正在下载第 119/180 页...
2026-01-16 03:17:07 - mkk_comic - app.py:582 - INFO - 正在下载第 120/180 页...
2026-01-16 03:17:07 - mkk_comic - app.py:582 - INFO - 正在下载第 121/180 页...
2026-01-16 03:17:07 - mkk_comic - app.py:582 - INFO - 正在下载第 122/180 页...
2026-01-16 03:17:07 - mkk_comic - app.py:582 - INFO - 正在下载第 123/180 页...
2026-01-16 03:17:07 - mkk_comic - app.py:582 - INFO - 正在下载第 124/180 页...
2026-01-16 03:17:07 - mkk_comic - app.py:582 - INFO - 正在下载第 125/180 页...
2026-01-16 03:17:07 - mkk_comic - app.py:582 - INFO - 正在下载第 126/180 页...
2026-01-16 03:17:07 - mkk_comic - app.py:582 - INFO - 正在下载第 127/180 页...
2026-01-16 03:17:07 - mkk_comic - app.py:582 - INFO - 正在下载第 128/180 页...
2026-01-16 03:17:07 - mkk_comic - app.py:582 - INFO - 正在下载第 129/180 页...
2026-01-16 03:17:07 - mkk_comic - app.py:582 - INFO - 正在下载第 130/180 页...
2026-01-16 03:17:08 - mkk_comic - app.py:582 - INFO - 正在下载第 131/180 页...
2026-01-16 03:17:08 - mkk_comic - app.py:582 - INFO - 正在下载第 132/180 页...
2026-01-16 03:17:08 - mkk_comic - app.py:582 - INFO - 正在下载第 133/180 页...
2026-01-16 03:17:08 - mkk_comic - app.py:582 - INFO - 正在下载第 134/180 页...
2026-01-16 03:17:08 - mkk_comic - app.py:582 - INFO - 正在下载第 135/180 页...
2026-01-16 03:17:08 - mkk_comic - app.py:582 - INFO - 正在下载第 136/180 页...
2026-01-16 03:17:08 - mkk_comic - app.py:582 - INFO - 正在下载第 137/180 页...
2026-01-16 03:17:08 - mkk_comic - app.py:582 - INFO - 正在下载第 138/180 页...
2026-01-16 03:17:08 - mkk_comic - app.py:582 - INFO - 正在下载第 139/180 页...
2026-01-16 03:17:08 - mkk_comic - app.py:582 - INFO - 正在下载第 140/180 页...
2026-01-16 03:17:08 - mkk_comic - app.py:582 - INFO - 正在下载第 141/180 页...
2026-01-16 03:17:08 - mkk_comic - app.py:582 - INFO - 正在下载第 142/180 页...
2026-01-16 03:17:08 - mkk_comic - app.py:582 - INFO - 正在下载第 143/180 页...
2026-01-16 03:17:08 - mkk_comic - app.py:582 - INFO - 正在下载第 144/180 页...
2026-01-16 03:17:08 - mkk_comic - app.py:582 - INFO - 正在下载第 145/180 页...
2026-01-16 03:17:08 - mkk_comic - app.py:582 - INFO - 正在下载第 146/180 页...
2026-01-16 03:17:08 - mkk_comic - app.py:582 - INFO - 正在下载第 147/180 页...
2026-01-16 03:17:08 - mkk_comic - app.py:582 - INFO - 正在下载第 148/180 页...
2026-01-16 03:17:08 - mkk_comic - app.py:582 - INFO - 正在下载第 149/180 页...
2026-01-16 03:17:08 - mkk_comic - app.py:582 - INFO - 正在下载第 150/180 页...
2026-01-16 03:17:08 - mkk_comic - app.py:582 - INFO - 正在下载第 151/180 页...
2026-01-16 03:17:08 - mkk_comic - app.py:582 - INFO - 正在下载第 152/180 页...
2026-01-16 03:17:08 - mkk_comic - app.py:582 - INFO - 正在下载第 153/180 页...
2026-01-16 03:17:08 - mkk_comic - app.py:582 - INFO - 正在下载第 154/180 页...
2026-01-16 03:17:08 - mkk_comic - app.py:582 - INFO - 正在下载第 155/180 页...
2026-01-16 03:17:09 - mkk_comic - app.py:582 - INFO - 正在下载第 156/180 页...
2026-01-16 03:17:09 - mkk_comic - app.py:582 - INFO - 正在下载第 157/180 页...
2026-01-16 03:17:09 - mkk_comic - app.py:582 - INFO - 正在下载第 158/180 页...
2026-01-16 03:17:09 - mkk_comic - app.py:582 - INFO - 正在下载第 159/180 页...
2026-01-16 03:17:09 - mkk_comic - app.py:582 - INFO - 正在下载第 160/180 页...
2026-01-16 03:17:09 - mkk_comic - app.py:582 - INFO - 正在下载第 161/180 页...
2026-01-16 03:17:09 - mkk_comic - app.py:582 - INFO - 正在下载第 162/180 页...
2026-01-16 03:17:09 - mkk_comic - app.py:582 - INFO - 正在下载第 163/180 页...
2026-01-16 03:17:09 - mkk_comic - app.py:582 - INFO - 正在下载第 164/180 页...
2026-01-16 03:17:09 - mkk_comic - app.py:582 - INFO - 正在下载第 165/180 页...
2026-01-16 03:17:09 - mkk_comic - app.py:582 - INFO - 正在下载第 166/180 页...
2026-01-16 03:17:09 - mkk_comic - app.py:582 - INFO - 正在下载第 167/180 页...
2026-01-16 03:17:09 - mkk_comic - app.py:582 - INFO - 正在下载第 168/180 页...
2026-01-16 03:17:09 - mkk_comic - app.py:582 - INFO - 正在下载第 169/180 页...
2026-01-16 03:17:09 - mkk_comic - app.py:582 - INFO - 正在下载第 170/180 页...
2026-01-16 03:17:09 - mkk_comic - app.py:582 - INFO - 正在下载第 171/180 页...
2026-01-16 03:17:09 - mkk_comic - app.py:582 - INFO - 正在下载第 172/180 页...
2026-01-16 03:17:09 - mkk_comic - app.py:582 - INFO - 正在下载第 173/180 页...
2026-01-16 03:17:09 - mkk_comic - app.py:582 - INFO - 正在下载第 174/180 页...
2026-01-16 03:17:10 - mkk_comic - app.py:582 - INFO - 正在下载第 175/180 页...
2026-01-16 03:17:10 - mkk_comic - app.py:582 - INFO - 正在下载第 176/180 页...
2026-01-16 03:17:10 - mkk_comic - app.py:582 - INFO - 正在下载第 177/180 页...
2026-01-16 03:17:10 - mkk_comic - app.py:582 - INFO - 正在下载第 178/180 页...
2026-01-16 03:17:10 - mkk_comic - app.py:582 - INFO - 正在下载第 179/180 页...
2026-01-16 03:17:10 - mkk_comic - app.py:582 - INFO - 正在下载第 180/180 页...
2026-01-16 03:17:12 - mkk_comic - app.py:511 - INFO - 下载完成!
2026-01-16 03:17:12 - mkk_comic - app.py:512 - INFO - 成功下载: 180/180 页
2026-01-16 03:17:13 - mkk_comic - app.py:494 - INFO - 正在下载第49章: 第49卷    UUID:5952b92c-c85f-11e8-8859-024352452ce0
2026-01-16 03:17:14 - mkk_comic - app.py:502 - INFO - 创建目录: ./out/名偵探柯南/第49卷
2026-01-16 03:17:14 - mkk_comic - app.py:505 - INFO - 开始下载: 名偵探柯南 - 第49卷
2026-01-16 03:17:14 - mkk_comic - app.py:506 - INFO - 总页数: 100
2026-01-16 03:17:14 - mkk_comic - app.py:582 - INFO - 正在下载第 001/100 页...
2026-01-16 03:17:14 - mkk_comic - app.py:582 - INFO - 正在下载第 002/100 页...
2026-01-16 03:17:14 - mkk_comic - app.py:582 - INFO - 正在下载第 003/100 页...
2026-01-16 03:17:14 - mkk_comic - app.py:582 - INFO - 正在下载第 004/100 页...
2026-01-16 03:17:14 - mkk_comic - app.py:582 - INFO - 正在下载第 005/100 页...
2026-01-16 03:17:14 - mkk_comic - app.py:582 - INFO - 正在下载第 006/100 页...
2026-01-16 03:17:14 - mkk_comic - app.py:582 - INFO - 正在下载第 007/100 页...
2026-01-16 03:17:14 - mkk_comic - app.py:582 - INFO - 正在下载第 008/100 页...
2026-01-16 03:17:14 - mkk_comic - app.py:582 - INFO - 正在下载第 009/100 页...
2026-01-16 03:17:14 - mkk_comic - app.py:582 - INFO - 正在下载第 010/100 页...
2026-01-16 03:17:14 - mkk_comic - app.py:582 - INFO - 正在下载第 011/100 页...
2026-01-16 03:17:14 - mkk_comic - app.py:582 - INFO - 正在下载第 012/100 页...
2026-01-16 03:17:14 - mkk_comic - app.py:582 - INFO - 正在下载第 013/100 页...
2026-01-16 03:17:14 - mkk_comic - app.py:582 - INFO - 正在下载第 014/100 页...
2026-01-16 03:17:14 - mkk_comic - app.py:582 - INFO - 正在下载第 015/100 页...
2026-01-16 03:17:14 - mkk_comic - app.py:582 - INFO - 正在下载第 016/100 页...
2026-01-16 03:17:14 - mkk_comic - app.py:582 - INFO - 正在下载第 017/100 页...
2026-01-16 03:17:14 - mkk_comic - app.py:582 - INFO - 正在下载第 018/100 页...
2026-01-16 03:17:14 - mkk_comic - app.py:582 - INFO - 正在下载第 019/100 页...
2026-01-16 03:17:14 - mkk_comic - app.py:582 - INFO - 正在下载第 020/100 页...
2026-01-16 03:17:14 - mkk_comic - app.py:582 - INFO - 正在下载第 021/100 页...
2026-01-16 03:17:15 - mkk_comic - app.py:582 - INFO - 正在下载第 022/100 页...
2026-01-16 03:17:15 - mkk_comic - app.py:582 - INFO - 正在下载第 023/100 页...
2026-01-16 03:17:15 - mkk_comic - app.py:582 - INFO - 正在下载第 024/100 页...
2026-01-16 03:17:15 - mkk_comic - app.py:582 - INFO - 正在下载第 025/100 页...
2026-01-16 03:17:15 - mkk_comic - app.py:582 - INFO - 正在下载第 026/100 页...
2026-01-16 03:17:15 - mkk_comic - app.py:582 - INFO - 正在下载第 027/100 页...
2026-01-16 03:17:15 - mkk_comic - app.py:582 - INFO - 正在下载第 028/100 页...
2026-01-16 03:17:15 - mkk_comic - app.py:582 - INFO - 正在下载第 029/100 页...
2026-01-16 03:17:15 - mkk_comic - app.py:582 - INFO - 正在下载第 030/100 页...
2026-01-16 03:17:15 - mkk_comic - app.py:582 - INFO - 正在下载第 031/100 页...
2026-01-16 03:17:15 - mkk_comic - app.py:582 - INFO - 正在下载第 032/100 页...
2026-01-16 03:17:15 - mkk_comic - app.py:582 - INFO - 正在下载第 033/100 页...
2026-01-16 03:17:15 - mkk_comic - app.py:582 - INFO - 正在下载第 034/100 页...
2026-01-16 03:17:15 - mkk_comic - app.py:582 - INFO - 正在下载第 035/100 页...
2026-01-16 03:17:15 - mkk_comic - app.py:582 - INFO - 正在下载第 036/100 页...
2026-01-16 03:17:15 - mkk_comic - app.py:582 - INFO - 正在下载第 037/100 页...
2026-01-16 03:17:15 - mkk_comic - app.py:582 - INFO - 正在下载第 038/100 页...
2026-01-16 03:17:15 - mkk_comic - app.py:582 - INFO - 正在下载第 039/100 页...
2026-01-16 03:17:15 - mkk_comic - app.py:582 - INFO - 正在下载第 040/100 页...
2026-01-16 03:17:15 - mkk_comic - app.py:582 - INFO - 正在下载第 041/100 页...
2026-01-16 03:17:15 - mkk_comic - app.py:582 - INFO - 正在下载第 042/100 页...
2026-01-16 03:17:15 - mkk_comic - app.py:582 - INFO - 正在下载第 043/100 页...
2026-01-16 03:17:15 - mkk_comic - app.py:582 - INFO - 正在下载第 044/100 页...
2026-01-16 03:17:15 - mkk_comic - app.py:582 - INFO - 正在下载第 045/100 页...
2026-01-16 03:17:16 - mkk_comic - app.py:582 - INFO - 正在下载第 046/100 页...
2026-01-16 03:17:16 - mkk_comic - app.py:582 - INFO - 正在下载第 047/100 页...
2026-01-16 03:17:16 - mkk_comic - app.py:582 - INFO - 正在下载第 048/100 页...
2026-01-16 03:17:16 - mkk_comic - app.py:582 - INFO - 正在下载第 049/100 页...
2026-01-16 03:17:16 - mkk_comic - app.py:582 - INFO - 正在下载第 050/100 页...
2026-01-16 03:17:16 - mkk_comic - app.py:582 - INFO - 正在下载第 051/100 页...
2026-01-16 03:17:16 - mkk_comic - app.py:582 - INFO - 正在下载第 052/100 页...
2026-01-16 03:17:16 - mkk_comic - app.py:582 - INFO - 正在下载第 053/100 页...
2026-01-16 03:17:16 - mkk_comic - app.py:582 - INFO - 正在下载第 054/100 页...
2026-01-16 03:17:16 - mkk_comic - app.py:582 - INFO - 正在下载第 055/100 页...
2026-01-16 03:17:16 - mkk_comic - app.py:582 - INFO - 正在下载第 056/100 页...
2026-01-16 03:17:16 - mkk_comic - app.py:582 - INFO - 正在下载第 057/100 页...
2026-01-16 03:17:16 - mkk_comic - app.py:582 - INFO - 正在下载第 058/100 页...
2026-01-16 03:17:16 - mkk_comic - app.py:582 - INFO - 正在下载第 059/100 页...
2026-01-16 03:17:16 - mkk_comic - app.py:582 - INFO - 正在下载第 060/100 页...
2026-01-16 03:17:16 - mkk_comic - app.py:582 - INFO - 正在下载第 061/100 页...
2026-01-16 03:17:16 - mkk_comic - app.py:582 - INFO - 正在下载第 062/100 页...
2026-01-16 03:17:16 - mkk_comic - app.py:582 - INFO - 正在下载第 063/100 页...
2026-01-16 03:17:16 - mkk_comic - app.py:582 - INFO - 正在下载第 064/100 页...
2026-01-16 03:17:16 - mkk_comic - app.py:582 - INFO - 正在下载第 065/100 页...
2026-01-16 03:17:16 - mkk_comic - app.py:582 - INFO - 正在下载第 066/100 页...
2026-01-16 03:17:16 - mkk_comic - app.py:582 - INFO - 正在下载第 067/100 页...
2026-01-16 03:17:16 - mkk_comic - app.py:582 - INFO - 正在下载第 068/100 页...
2026-01-16 03:17:16 - mkk_comic - app.py:582 - INFO - 正在下载第 069/100 页...
2026-01-16 03:17:16 - mkk_comic - app.py:582 - INFO - 正在下载第 070/100 页...
2026-01-16 03:17:16 - mkk_comic - app.py:582 - INFO - 正在下载第 071/100 页...
2026-01-16 03:17:17 - mkk_comic - app.py:582 - INFO - 正在下载第 072/100 页...
2026-01-16 03:17:17 - mkk_comic - app.py:582 - INFO - 正在下载第 073/100 页...
2026-01-16 03:17:17 - mkk_comic - app.py:582 - INFO - 正在下载第 074/100 页...
2026-01-16 03:17:17 - mkk_comic - app.py:582 - INFO - 正在下载第 075/100 页...
2026-01-16 03:17:17 - mkk_comic - app.py:582 - INFO - 正在下载第 076/100 页...
2026-01-16 03:17:17 - mkk_comic - app.py:582 - INFO - 正在下载第 077/100 页...
2026-01-16 03:17:17 - mkk_comic - app.py:582 - INFO - 正在下载第 078/100 页...
2026-01-16 03:17:17 - mkk_comic - app.py:582 - INFO - 正在下载第 079/100 页...
2026-01-16 03:17:17 - mkk_comic - app.py:582 - INFO - 正在下载第 080/100 页...
2026-01-16 03:17:17 - mkk_comic - app.py:582 - INFO - 正在下载第 081/100 页...
2026-01-16 03:17:17 - mkk_comic - app.py:582 - INFO - 正在下载第 082/100 页...
2026-01-16 03:17:17 - mkk_comic - app.py:582 - INFO - 正在下载第 083/100 页...
2026-01-16 03:17:17 - mkk_comic - app.py:582 - INFO - 正在下载第 084/100 页...
2026-01-16 03:17:17 - mkk_comic - app.py:582 - INFO - 正在下载第 085/100 页...
2026-01-16 03:17:17 - mkk_comic - app.py:582 - INFO - 正在下载第 086/100 页...
2026-01-16 03:17:17 - mkk_comic - app.py:582 - INFO - 正在下载第 087/100 页...
2026-01-16 03:17:17 - mkk_comic - app.py:582 - INFO - 正在下载第 088/100 页...
2026-01-16 03:17:17 - mkk_comic - app.py:582 - INFO - 正在下载第 089/100 页...
2026-01-16 03:17:17 - mkk_comic - app.py:582 - INFO - 正在下载第 090/100 页...
2026-01-16 03:17:17 - mkk_comic - app.py:582 - INFO - 正在下载第 091/100 页...
2026-01-16 03:17:17 - mkk_comic - app.py:582 - INFO - 正在下载第 092/100 页...
2026-01-16 03:17:17 - mkk_comic - app.py:582 - INFO - 正在下载第 093/100 页...
2026-01-16 03:17:17 - mkk_comic - app.py:582 - INFO - 正在下载第 094/100 页...
2026-01-16 03:17:17 - mkk_comic - app.py:582 - INFO - 正在下载第 095/100 页...
2026-01-16 03:17:18 - mkk_comic - app.py:582 - INFO - 正在下载第 096/100 页...
2026-01-16 03:17:18 - mkk_comic - app.py:582 - INFO - 正在下载第 097/100 页...
2026-01-16 03:17:18 - mkk_comic - app.py:582 - INFO - 正在下载第 098/100 页...
2026-01-16 03:17:18 - mkk_comic - app.py:582 - INFO - 正在下载第 099/100 页...
2026-01-16 03:17:18 - mkk_comic - app.py:582 - INFO - 正在下载第 100/100 页...
2026-01-16 03:17:18 - mkk_comic - app.py:511 - INFO - 下载完成!
2026-01-16 03:17:18 - mkk_comic - app.py:512 - INFO - 成功下载: 100/100 页
2026-01-16 03:17:18 - mkk_comic - app.py:858 - INFO - ===== 检查更新完成 =====

