2026-01-07 03:16:07 - mkk_comic - app.py:863 - INFO - 运行环境：GitHub Actions（自动化模式）
2026-01-07 03:16:07 - mkk_comic - app.py:820 - INFO - ===== 开始检查更新=====
2026-01-07 03:16:07 - mkk_comic - app.py:838 - INFO - 【名侦探柯南】上次下载至第29章
2026-01-07 03:16:08 - mkk_comic - app.py:845 - INFO - 【名侦探柯南】检测到更新！最新：272章
2026-01-07 03:16:08 - mkk_comic - app.py:848 - INFO - 【名侦探柯南】最大下载限制为2章-需下载30~31章）
2026-01-07 03:16:09 - mkk_comic - app.py:494 - INFO - 正在下载第30章: 第30卷    UUID:0d477e62-c85e-11e8-8859-024352452ce0
2026-01-07 03:16:10 - mkk_comic - app.py:502 - INFO - 创建目录: ./out/名偵探柯南/第30卷
2026-01-07 03:16:10 - mkk_comic - app.py:505 - INFO - 开始下载: 名偵探柯南 - 第30卷
2026-01-07 03:16:10 - mkk_comic - app.py:506 - INFO - 总页数: 196
2026-01-07 03:16:10 - mkk_comic - app.py:582 - INFO - 正在下载第 001/196 页...
2026-01-07 03:16:10 - mkk_comic - app.py:582 - INFO - 正在下载第 002/196 页...
2026-01-07 03:16:10 - mkk_comic - app.py:582 - INFO - 正在下载第 003/196 页...
2026-01-07 03:16:10 - mkk_comic - app.py:582 - INFO - 正在下载第 004/196 页...
2026-01-07 03:16:10 - mkk_comic - app.py:582 - INFO - 正在下载第 005/196 页...
2026-01-07 03:16:10 - mkk_comic - app.py:582 - INFO - 正在下载第 006/196 页...
2026-01-07 03:16:10 - mkk_comic - app.py:582 - INFO - 正在下载第 007/196 页...
2026-01-07 03:16:10 - mkk_comic - app.py:582 - INFO - 正在下载第 008/196 页...
2026-01-07 03:16:10 - mkk_comic - app.py:582 - INFO - 正在下载第 009/196 页...
2026-01-07 03:16:10 - mkk_comic - app.py:582 - INFO - 正在下载第 010/196 页...
2026-01-07 03:16:10 - mkk_comic - app.py:582 - INFO - 正在下载第 011/196 页...
2026-01-07 03:16:10 - mkk_comic - app.py:582 - INFO - 正在下载第 012/196 页...
2026-01-07 03:16:10 - mkk_comic - app.py:582 - INFO - 正在下载第 013/196 页...
2026-01-07 03:16:10 - mkk_comic - app.py:582 - INFO - 正在下载第 014/196 页...
2026-01-07 03:16:10 - mkk_comic - app.py:582 - INFO - 正在下载第 015/196 页...
2026-01-07 03:16:10 - mkk_comic - app.py:582 - INFO - 正在下载第 016/196 页...
2026-01-07 03:16:10 - mkk_comic - app.py:582 - INFO - 正在下载第 017/196 页...
2026-01-07 03:16:10 - mkk_comic - app.py:582 - INFO - 正在下载第 018/196 页...
2026-01-07 03:16:10 - mkk_comic - app.py:582 - INFO - 正在下载第 019/196 页...
2026-01-07 03:16:10 - mkk_comic - app.py:582 - INFO - 正在下载第 020/196 页...
2026-01-07 03:16:10 - mkk_comic - app.py:582 - INFO - 正在下载第 021/196 页...
2026-01-07 03:16:10 - mkk_comic - app.py:582 - INFO - 正在下载第 022/196 页...
2026-01-07 03:16:10 - mkk_comic - app.py:582 - INFO - 正在下载第 023/196 页...
2026-01-07 03:16:11 - mkk_comic - app.py:582 - INFO - 正在下载第 024/196 页...
2026-01-07 03:16:11 - mkk_comic - app.py:582 - INFO - 正在下载第 025/196 页...
2026-01-07 03:16:11 - mkk_comic - app.py:582 - INFO - 正在下载第 026/196 页...
2026-01-07 03:16:11 - mkk_comic - app.py:582 - INFO - 正在下载第 027/196 页...
2026-01-07 03:16:11 - mkk_comic - app.py:582 - INFO - 正在下载第 028/196 页...
2026-01-07 03:16:11 - mkk_comic - app.py:582 - INFO - 正在下载第 029/196 页...
2026-01-07 03:16:11 - mkk_comic - app.py:582 - INFO - 正在下载第 030/196 页...
2026-01-07 03:16:11 - mkk_comic - app.py:582 - INFO - 正在下载第 031/196 页...
2026-01-07 03:16:11 - mkk_comic - app.py:582 - INFO - 正在下载第 032/196 页...
2026-01-07 03:16:11 - mkk_comic - app.py:582 - INFO - 正在下载第 033/196 页...
2026-01-07 03:16:11 - mkk_comic - app.py:582 - INFO - 正在下载第 034/196 页...
2026-01-07 03:16:11 - mkk_comic - app.py:582 - INFO - 正在下载第 035/196 页...
2026-01-07 03:16:11 - mkk_comic - app.py:582 - INFO - 正在下载第 036/196 页...
2026-01-07 03:16:11 - mkk_comic - app.py:582 - INFO - 正在下载第 037/196 页...
2026-01-07 03:16:11 - mkk_comic - app.py:582 - INFO - 正在下载第 038/196 页...
2026-01-07 03:16:11 - mkk_comic - app.py:582 - INFO - 正在下载第 039/196 页...
2026-01-07 03:16:11 - mkk_comic - app.py:582 - INFO - 正在下载第 040/196 页...
2026-01-07 03:16:11 - mkk_comic - app.py:582 - INFO - 正在下载第 041/196 页...
2026-01-07 03:16:11 - mkk_comic - app.py:582 - INFO - 正在下载第 042/196 页...
2026-01-07 03:16:11 - mkk_comic - app.py:582 - INFO - 正在下载第 043/196 页...
2026-01-07 03:16:11 - mkk_comic - app.py:582 - INFO - 正在下载第 044/196 页...
2026-01-07 03:16:11 - mkk_comic - app.py:582 - INFO - 正在下载第 045/196 页...
2026-01-07 03:16:11 - mkk_comic - app.py:582 - INFO - 正在下载第 046/196 页...
2026-01-07 03:16:11 - mkk_comic - app.py:582 - INFO - 正在下载第 047/196 页...
2026-01-07 03:16:11 - mkk_comic - app.py:582 - INFO - 正在下载第 048/196 页...
2026-01-07 03:16:11 - mkk_comic - app.py:582 - INFO - 正在下载第 049/196 页...
2026-01-07 03:16:11 - mkk_comic - app.py:582 - INFO - 正在下载第 050/196 页...
2026-01-07 03:16:12 - mkk_comic - app.py:582 - INFO - 正在下载第 051/196 页...
2026-01-07 03:16:12 - mkk_comic - app.py:582 - INFO - 正在下载第 052/196 页...
2026-01-07 03:16:12 - mkk_comic - app.py:582 - INFO - 正在下载第 053/196 页...
2026-01-07 03:16:12 - mkk_comic - app.py:582 - INFO - 正在下载第 054/196 页...
2026-01-07 03:16:12 - mkk_comic - app.py:582 - INFO - 正在下载第 055/196 页...
2026-01-07 03:16:12 - mkk_comic - app.py:582 - INFO - 正在下载第 056/196 页...
2026-01-07 03:16:12 - mkk_comic - app.py:582 - INFO - 正在下载第 057/196 页...
2026-01-07 03:16:12 - mkk_comic - app.py:582 - INFO - 正在下载第 058/196 页...
2026-01-07 03:16:12 - mkk_comic - app.py:582 - INFO - 正在下载第 059/196 页...
2026-01-07 03:16:12 - mkk_comic - app.py:582 - INFO - 正在下载第 060/196 页...
2026-01-07 03:16:12 - mkk_comic - app.py:582 - INFO - 正在下载第 061/196 页...
2026-01-07 03:16:12 - mkk_comic - app.py:582 - INFO - 正在下载第 062/196 页...
2026-01-07 03:16:12 - mkk_comic - app.py:582 - INFO - 正在下载第 063/196 页...
2026-01-07 03:16:12 - mkk_comic - app.py:582 - INFO - 正在下载第 064/196 页...
2026-01-07 03:16:12 - mkk_comic - app.py:582 - INFO - 正在下载第 065/196 页...
2026-01-07 03:16:12 - mkk_comic - app.py:582 - INFO - 正在下载第 066/196 页...
2026-01-07 03:16:12 - mkk_comic - app.py:582 - INFO - 正在下载第 067/196 页...
2026-01-07 03:16:12 - mkk_comic - app.py:582 - INFO - 正在下载第 068/196 页...
2026-01-07 03:16:12 - mkk_comic - app.py:582 - INFO - 正在下载第 069/196 页...
2026-01-07 03:16:12 - mkk_comic - app.py:582 - INFO - 正在下载第 070/196 页...
2026-01-07 03:16:12 - mkk_comic - app.py:582 - INFO - 正在下载第 071/196 页...
2026-01-07 03:16:12 - mkk_comic - app.py:582 - INFO - 正在下载第 072/196 页...
2026-01-07 03:16:12 - mkk_comic - app.py:582 - INFO - 正在下载第 073/196 页...
2026-01-07 03:16:12 - mkk_comic - app.py:582 - INFO - 正在下载第 074/196 页...
2026-01-07 03:16:12 - mkk_comic - app.py:582 - INFO - 正在下载第 075/196 页...
2026-01-07 03:16:12 - mkk_comic - app.py:582 - INFO - 正在下载第 076/196 页...
2026-01-07 03:16:12 - mkk_comic - app.py:582 - INFO - 正在下载第 077/196 页...
2026-01-07 03:16:12 - mkk_comic - app.py:582 - INFO - 正在下载第 078/196 页...
2026-01-07 03:16:13 - mkk_comic - app.py:582 - INFO - 正在下载第 079/196 页...
2026-01-07 03:16:13 - mkk_comic - app.py:582 - INFO - 正在下载第 080/196 页...
2026-01-07 03:16:13 - mkk_comic - app.py:582 - INFO - 正在下载第 081/196 页...
2026-01-07 03:16:13 - mkk_comic - app.py:582 - INFO - 正在下载第 082/196 页...
2026-01-07 03:16:13 - mkk_comic - app.py:582 - INFO - 正在下载第 083/196 页...
2026-01-07 03:16:13 - mkk_comic - app.py:582 - INFO - 正在下载第 084/196 页...
2026-01-07 03:16:13 - mkk_comic - app.py:582 - INFO - 正在下载第 085/196 页...
2026-01-07 03:16:13 - mkk_comic - app.py:582 - INFO - 正在下载第 086/196 页...
2026-01-07 03:16:13 - mkk_comic - app.py:582 - INFO - 正在下载第 087/196 页...
2026-01-07 03:16:13 - mkk_comic - app.py:582 - INFO - 正在下载第 088/196 页...
2026-01-07 03:16:13 - mkk_comic - app.py:582 - INFO - 正在下载第 089/196 页...
2026-01-07 03:16:13 - mkk_comic - app.py:582 - INFO - 正在下载第 090/196 页...
2026-01-07 03:16:13 - mkk_comic - app.py:582 - INFO - 正在下载第 091/196 页...
2026-01-07 03:16:13 - mkk_comic - app.py:582 - INFO - 正在下载第 092/196 页...
2026-01-07 03:16:13 - mkk_comic - app.py:582 - INFO - 正在下载第 093/196 页...
2026-01-07 03:16:13 - mkk_comic - app.py:582 - INFO - 正在下载第 094/196 页...
2026-01-07 03:16:13 - mkk_comic - app.py:582 - INFO - 正在下载第 095/196 页...
2026-01-07 03:16:13 - mkk_comic - app.py:582 - INFO - 正在下载第 096/196 页...
2026-01-07 03:16:13 - mkk_comic - app.py:582 - INFO - 正在下载第 097/196 页...
2026-01-07 03:16:13 - mkk_comic - app.py:582 - INFO - 正在下载第 098/196 页...
2026-01-07 03:16:13 - mkk_comic - app.py:582 - INFO - 正在下载第 099/196 页...
2026-01-07 03:16:13 - mkk_comic - app.py:582 - INFO - 正在下载第 100/196 页...
2026-01-07 03:16:13 - mkk_comic - app.py:582 - INFO - 正在下载第 101/196 页...
2026-01-07 03:16:13 - mkk_comic - app.py:582 - INFO - 正在下载第 102/196 页...
2026-01-07 03:16:13 - mkk_comic - app.py:582 - INFO - 正在下载第 103/196 页...
2026-01-07 03:16:13 - mkk_comic - app.py:582 - INFO - 正在下载第 104/196 页...
2026-01-07 03:16:13 - mkk_comic - app.py:582 - INFO - 正在下载第 105/196 页...
2026-01-07 03:16:13 - mkk_comic - app.py:582 - INFO - 正在下载第 106/196 页...
2026-01-07 03:16:13 - mkk_comic - app.py:582 - INFO - 正在下载第 107/196 页...
2026-01-07 03:16:13 - mkk_comic - app.py:582 - INFO - 正在下载第 108/196 页...
2026-01-07 03:16:13 - mkk_comic - app.py:582 - INFO - 正在下载第 109/196 页...
2026-01-07 03:16:13 - mkk_comic - app.py:582 - INFO - 正在下载第 110/196 页...
2026-01-07 03:16:14 - mkk_comic - app.py:582 - INFO - 正在下载第 111/196 页...
2026-01-07 03:16:14 - mkk_comic - app.py:582 - INFO - 正在下载第 112/196 页...
2026-01-07 03:16:14 - mkk_comic - app.py:582 - INFO - 正在下载第 113/196 页...
2026-01-07 03:16:14 - mkk_comic - app.py:582 - INFO - 正在下载第 114/196 页...
2026-01-07 03:16:14 - mkk_comic - app.py:582 - INFO - 正在下载第 115/196 页...
2026-01-07 03:16:14 - mkk_comic - app.py:582 - INFO - 正在下载第 116/196 页...
2026-01-07 03:16:14 - mkk_comic - app.py:582 - INFO - 正在下载第 117/196 页...
2026-01-07 03:16:14 - mkk_comic - app.py:582 - INFO - 正在下载第 118/196 页...
2026-01-07 03:16:14 - mkk_comic - app.py:582 - INFO - 正在下载第 119/196 页...
2026-01-07 03:16:14 - mkk_comic - app.py:582 - INFO - 正在下载第 120/196 页...
2026-01-07 03:16:14 - mkk_comic - app.py:582 - INFO - 正在下载第 121/196 页...
2026-01-07 03:16:14 - mkk_comic - app.py:582 - INFO - 正在下载第 122/196 页...
2026-01-07 03:16:14 - mkk_comic - app.py:582 - INFO - 正在下载第 123/196 页...
2026-01-07 03:16:14 - mkk_comic - app.py:582 - INFO - 正在下载第 124/196 页...
2026-01-07 03:16:14 - mkk_comic - app.py:582 - INFO - 正在下载第 125/196 页...
2026-01-07 03:16:14 - mkk_comic - app.py:582 - INFO - 正在下载第 126/196 页...
2026-01-07 03:16:14 - mkk_comic - app.py:582 - INFO - 正在下载第 127/196 页...
2026-01-07 03:16:14 - mkk_comic - app.py:582 - INFO - 正在下载第 128/196 页...
2026-01-07 03:16:14 - mkk_comic - app.py:582 - INFO - 正在下载第 129/196 页...
2026-01-07 03:16:14 - mkk_comic - app.py:582 - INFO - 正在下载第 130/196 页...
2026-01-07 03:16:14 - mkk_comic - app.py:582 - INFO - 正在下载第 131/196 页...
2026-01-07 03:16:14 - mkk_comic - app.py:582 - INFO - 正在下载第 132/196 页...
2026-01-07 03:16:14 - mkk_comic - app.py:582 - INFO - 正在下载第 133/196 页...
2026-01-07 03:16:14 - mkk_comic - app.py:582 - INFO - 正在下载第 134/196 页...
2026-01-07 03:16:14 - mkk_comic - app.py:582 - INFO - 正在下载第 135/196 页...
2026-01-07 03:16:14 - mkk_comic - app.py:582 - INFO - 正在下载第 136/196 页...
2026-01-07 03:16:14 - mkk_comic - app.py:582 - INFO - 正在下载第 137/196 页...
2026-01-07 03:16:14 - mkk_comic - app.py:582 - INFO - 正在下载第 138/196 页...
2026-01-07 03:16:14 - mkk_comic - app.py:582 - INFO - 正在下载第 139/196 页...
2026-01-07 03:16:14 - mkk_comic - app.py:582 - INFO - 正在下载第 140/196 页...
2026-01-07 03:16:14 - mkk_comic - app.py:582 - INFO - 正在下载第 141/196 页...
2026-01-07 03:16:15 - mkk_comic - app.py:582 - INFO - 正在下载第 142/196 页...
2026-01-07 03:16:15 - mkk_comic - app.py:582 - INFO - 正在下载第 143/196 页...
2026-01-07 03:16:15 - mkk_comic - app.py:582 - INFO - 正在下载第 144/196 页...
2026-01-07 03:16:15 - mkk_comic - app.py:582 - INFO - 正在下载第 145/196 页...
2026-01-07 03:16:15 - mkk_comic - app.py:582 - INFO - 正在下载第 146/196 页...
2026-01-07 03:16:15 - mkk_comic - app.py:582 - INFO - 正在下载第 147/196 页...
2026-01-07 03:16:15 - mkk_comic - app.py:582 - INFO - 正在下载第 148/196 页...
2026-01-07 03:16:15 - mkk_comic - app.py:582 - INFO - 正在下载第 149/196 页...
2026-01-07 03:16:15 - mkk_comic - app.py:582 - INFO - 正在下载第 150/196 页...
2026-01-07 03:16:15 - mkk_comic - app.py:582 - INFO - 正在下载第 151/196 页...
2026-01-07 03:16:15 - mkk_comic - app.py:582 - INFO - 正在下载第 152/196 页...
2026-01-07 03:16:15 - mkk_comic - app.py:582 - INFO - 正在下载第 153/196 页...
2026-01-07 03:16:15 - mkk_comic - app.py:582 - INFO - 正在下载第 154/196 页...
2026-01-07 03:16:15 - mkk_comic - app.py:582 - INFO - 正在下载第 155/196 页...
2026-01-07 03:16:15 - mkk_comic - app.py:582 - INFO - 正在下载第 156/196 页...
2026-01-07 03:16:15 - mkk_comic - app.py:582 - INFO - 正在下载第 157/196 页...
2026-01-07 03:16:15 - mkk_comic - app.py:582 - INFO - 正在下载第 158/196 页...
2026-01-07 03:16:15 - mkk_comic - app.py:582 - INFO - 正在下载第 159/196 页...
2026-01-07 03:16:15 - mkk_comic - app.py:582 - INFO - 正在下载第 160/196 页...
2026-01-07 03:16:15 - mkk_comic - app.py:582 - INFO - 正在下载第 161/196 页...
2026-01-07 03:16:15 - mkk_comic - app.py:582 - INFO - 正在下载第 162/196 页...
2026-01-07 03:16:15 - mkk_comic - app.py:582 - INFO - 正在下载第 163/196 页...
2026-01-07 03:16:15 - mkk_comic - app.py:582 - INFO - 正在下载第 164/196 页...
2026-01-07 03:16:15 - mkk_comic - app.py:582 - INFO - 正在下载第 165/196 页...
2026-01-07 03:16:15 - mkk_comic - app.py:582 - INFO - 正在下载第 166/196 页...
2026-01-07 03:16:15 - mkk_comic - app.py:582 - INFO - 正在下载第 167/196 页...
2026-01-07 03:16:15 - mkk_comic - app.py:582 - INFO - 正在下载第 168/196 页...
2026-01-07 03:16:15 - mkk_comic - app.py:582 - INFO - 正在下载第 169/196 页...
2026-01-07 03:16:15 - mkk_comic - app.py:582 - INFO - 正在下载第 170/196 页...
2026-01-07 03:16:15 - mkk_comic - app.py:582 - INFO - 正在下载第 171/196 页...
2026-01-07 03:16:15 - mkk_comic - app.py:582 - INFO - 正在下载第 172/196 页...
2026-01-07 03:16:16 - mkk_comic - app.py:582 - INFO - 正在下载第 173/196 页...
2026-01-07 03:16:16 - mkk_comic - app.py:582 - INFO - 正在下载第 174/196 页...
2026-01-07 03:16:16 - mkk_comic - app.py:582 - INFO - 正在下载第 175/196 页...
2026-01-07 03:16:16 - mkk_comic - app.py:582 - INFO - 正在下载第 176/196 页...
2026-01-07 03:16:16 - mkk_comic - app.py:582 - INFO - 正在下载第 177/196 页...
2026-01-07 03:16:16 - mkk_comic - app.py:582 - INFO - 正在下载第 178/196 页...
2026-01-07 03:16:16 - mkk_comic - app.py:582 - INFO - 正在下载第 179/196 页...
2026-01-07 03:16:16 - mkk_comic - app.py:582 - INFO - 正在下载第 180/196 页...
2026-01-07 03:16:16 - mkk_comic - app.py:582 - INFO - 正在下载第 181/196 页...
2026-01-07 03:16:16 - mkk_comic - app.py:582 - INFO - 正在下载第 182/196 页...
2026-01-07 03:16:16 - mkk_comic - app.py:582 - INFO - 正在下载第 183/196 页...
2026-01-07 03:16:16 - mkk_comic - app.py:582 - INFO - 正在下载第 184/196 页...
2026-01-07 03:16:16 - mkk_comic - app.py:582 - INFO - 正在下载第 185/196 页...
2026-01-07 03:16:16 - mkk_comic - app.py:582 - INFO - 正在下载第 186/196 页...
2026-01-07 03:16:16 - mkk_comic - app.py:582 - INFO - 正在下载第 187/196 页...
2026-01-07 03:16:16 - mkk_comic - app.py:582 - INFO - 正在下载第 188/196 页...
2026-01-07 03:16:16 - mkk_comic - app.py:582 - INFO - 正在下载第 189/196 页...
2026-01-07 03:16:16 - mkk_comic - app.py:582 - INFO - 正在下载第 190/196 页...
2026-01-07 03:16:16 - mkk_comic - app.py:582 - INFO - 正在下载第 191/196 页...
2026-01-07 03:16:16 - mkk_comic - app.py:582 - INFO - 正在下载第 192/196 页...
2026-01-07 03:16:16 - mkk_comic - app.py:582 - INFO - 正在下载第 193/196 页...
2026-01-07 03:16:16 - mkk_comic - app.py:582 - INFO - 正在下载第 194/196 页...
2026-01-07 03:16:16 - mkk_comic - app.py:582 - INFO - 正在下载第 195/196 页...
2026-01-07 03:16:16 - mkk_comic - app.py:582 - INFO - 正在下载第 196/196 页...
2026-01-07 03:16:16 - mkk_comic - app.py:511 - INFO - 下载完成!
2026-01-07 03:16:16 - mkk_comic - app.py:512 - INFO - 成功下载: 196/196 页
2026-01-07 03:16:17 - mkk_comic - app.py:494 - INFO - 正在下载第31章: 第31卷    UUID:48de426c-c85e-11e8-8859-024352452ce0
2026-01-07 03:16:18 - mkk_comic - app.py:502 - INFO - 创建目录: ./out/名偵探柯南/第31卷
2026-01-07 03:16:18 - mkk_comic - app.py:505 - INFO - 开始下载: 名偵探柯南 - 第31卷
2026-01-07 03:16:18 - mkk_comic - app.py:506 - INFO - 总页数: 198
2026-01-07 03:16:18 - mkk_comic - app.py:582 - INFO - 正在下载第 001/198 页...
2026-01-07 03:16:18 - mkk_comic - app.py:582 - INFO - 正在下载第 002/198 页...
2026-01-07 03:16:18 - mkk_comic - app.py:582 - INFO - 正在下载第 003/198 页...
2026-01-07 03:16:18 - mkk_comic - app.py:582 - INFO - 正在下载第 004/198 页...
2026-01-07 03:16:18 - mkk_comic - app.py:582 - INFO - 正在下载第 005/198 页...
2026-01-07 03:16:18 - mkk_comic - app.py:582 - INFO - 正在下载第 006/198 页...
2026-01-07 03:16:18 - mkk_comic - app.py:582 - INFO - 正在下载第 007/198 页...
2026-01-07 03:16:18 - mkk_comic - app.py:582 - INFO - 正在下载第 008/198 页...
2026-01-07 03:16:18 - mkk_comic - app.py:582 - INFO - 正在下载第 009/198 页...
2026-01-07 03:16:18 - mkk_comic - app.py:582 - INFO - 正在下载第 010/198 页...
2026-01-07 03:16:18 - mkk_comic - app.py:582 - INFO - 正在下载第 011/198 页...
2026-01-07 03:16:18 - mkk_comic - app.py:582 - INFO - 正在下载第 012/198 页...
2026-01-07 03:16:18 - mkk_comic - app.py:582 - INFO - 正在下载第 013/198 页...
2026-01-07 03:16:18 - mkk_comic - app.py:582 - INFO - 正在下载第 014/198 页...
2026-01-07 03:16:19 - mkk_comic - app.py:582 - INFO - 正在下载第 015/198 页...
2026-01-07 03:16:19 - mkk_comic - app.py:582 - INFO - 正在下载第 016/198 页...
2026-01-07 03:16:19 - mkk_comic - app.py:582 - INFO - 正在下载第 017/198 页...
2026-01-07 03:16:19 - mkk_comic - app.py:582 - INFO - 正在下载第 018/198 页...
2026-01-07 03:16:19 - mkk_comic - app.py:582 - INFO - 正在下载第 019/198 页...
2026-01-07 03:16:19 - mkk_comic - app.py:582 - INFO - 正在下载第 020/198 页...
2026-01-07 03:16:19 - mkk_comic - app.py:582 - INFO - 正在下载第 021/198 页...
2026-01-07 03:16:19 - mkk_comic - app.py:582 - INFO - 正在下载第 022/198 页...
2026-01-07 03:16:19 - mkk_comic - app.py:582 - INFO - 正在下载第 023/198 页...
2026-01-07 03:16:19 - mkk_comic - app.py:582 - INFO - 正在下载第 024/198 页...
2026-01-07 03:16:19 - mkk_comic - app.py:582 - INFO - 正在下载第 025/198 页...
2026-01-07 03:16:19 - mkk_comic - app.py:582 - INFO - 正在下载第 026/198 页...
2026-01-07 03:16:19 - mkk_comic - app.py:582 - INFO - 正在下载第 027/198 页...
2026-01-07 03:16:19 - mkk_comic - app.py:582 - INFO - 正在下载第 028/198 页...
2026-01-07 03:16:19 - mkk_comic - app.py:582 - INFO - 正在下载第 029/198 页...
2026-01-07 03:16:19 - mkk_comic - app.py:582 - INFO - 正在下载第 030/198 页...
2026-01-07 03:16:19 - mkk_comic - app.py:582 - INFO - 正在下载第 031/198 页...
2026-01-07 03:16:19 - mkk_comic - app.py:582 - INFO - 正在下载第 032/198 页...
2026-01-07 03:16:19 - mkk_comic - app.py:582 - INFO - 正在下载第 033/198 页...
2026-01-07 03:16:19 - mkk_comic - app.py:582 - INFO - 正在下载第 034/198 页...
2026-01-07 03:16:19 - mkk_comic - app.py:582 - INFO - 正在下载第 035/198 页...
2026-01-07 03:16:19 - mkk_comic - app.py:582 - INFO - 正在下载第 036/198 页...
2026-01-07 03:16:19 - mkk_comic - app.py:582 - INFO - 正在下载第 037/198 页...
2026-01-07 03:16:19 - mkk_comic - app.py:582 - INFO - 正在下载第 038/198 页...
2026-01-07 03:16:19 - mkk_comic - app.py:582 - INFO - 正在下载第 039/198 页...
2026-01-07 03:16:19 - mkk_comic - app.py:582 - INFO - 正在下载第 040/198 页...
2026-01-07 03:16:19 - mkk_comic - app.py:582 - INFO - 正在下载第 041/198 页...
2026-01-07 03:16:19 - mkk_comic - app.py:582 - INFO - 正在下载第 042/198 页...
2026-01-07 03:16:19 - mkk_comic - app.py:582 - INFO - 正在下载第 043/198 页...
2026-01-07 03:16:19 - mkk_comic - app.py:582 - INFO - 正在下载第 044/198 页...
2026-01-07 03:16:19 - mkk_comic - app.py:582 - INFO - 正在下载第 045/198 页...
2026-01-07 03:16:19 - mkk_comic - app.py:582 - INFO - 正在下载第 046/198 页...
2026-01-07 03:16:20 - mkk_comic - app.py:582 - INFO - 正在下载第 047/198 页...
2026-01-07 03:16:20 - mkk_comic - app.py:582 - INFO - 正在下载第 048/198 页...
2026-01-07 03:16:20 - mkk_comic - app.py:582 - INFO - 正在下载第 049/198 页...
2026-01-07 03:16:20 - mkk_comic - app.py:582 - INFO - 正在下载第 050/198 页...
2026-01-07 03:16:20 - mkk_comic - app.py:582 - INFO - 正在下载第 051/198 页...
2026-01-07 03:16:20 - mkk_comic - app.py:582 - INFO - 正在下载第 052/198 页...
2026-01-07 03:16:20 - mkk_comic - app.py:582 - INFO - 正在下载第 053/198 页...
2026-01-07 03:16:20 - mkk_comic - app.py:582 - INFO - 正在下载第 054/198 页...
2026-01-07 03:16:20 - mkk_comic - app.py:582 - INFO - 正在下载第 055/198 页...
2026-01-07 03:16:20 - mkk_comic - app.py:582 - INFO - 正在下载第 056/198 页...
2026-01-07 03:16:20 - mkk_comic - app.py:582 - INFO - 正在下载第 057/198 页...
2026-01-07 03:16:20 - mkk_comic - app.py:582 - INFO - 正在下载第 058/198 页...
2026-01-07 03:16:20 - mkk_comic - app.py:582 - INFO - 正在下载第 059/198 页...
2026-01-07 03:16:20 - mkk_comic - app.py:582 - INFO - 正在下载第 060/198 页...
2026-01-07 03:16:20 - mkk_comic - app.py:582 - INFO - 正在下载第 061/198 页...
2026-01-07 03:16:20 - mkk_comic - app.py:582 - INFO - 正在下载第 062/198 页...
2026-01-07 03:16:20 - mkk_comic - app.py:582 - INFO - 正在下载第 063/198 页...
2026-01-07 03:16:20 - mkk_comic - app.py:582 - INFO - 正在下载第 064/198 页...
2026-01-07 03:16:20 - mkk_comic - app.py:582 - INFO - 正在下载第 065/198 页...
2026-01-07 03:16:20 - mkk_comic - app.py:582 - INFO - 正在下载第 066/198 页...
2026-01-07 03:16:20 - mkk_comic - app.py:582 - INFO - 正在下载第 067/198 页...
2026-01-07 03:16:20 - mkk_comic - app.py:582 - INFO - 正在下载第 068/198 页...
2026-01-07 03:16:20 - mkk_comic - app.py:582 - INFO - 正在下载第 069/198 页...
2026-01-07 03:16:20 - mkk_comic - app.py:582 - INFO - 正在下载第 070/198 页...
2026-01-07 03:16:20 - mkk_comic - app.py:582 - INFO - 正在下载第 071/198 页...
2026-01-07 03:16:20 - mkk_comic - app.py:582 - INFO - 正在下载第 072/198 页...
2026-01-07 03:16:20 - mkk_comic - app.py:582 - INFO - 正在下载第 073/198 页...
2026-01-07 03:16:20 - mkk_comic - app.py:582 - INFO - 正在下载第 074/198 页...
2026-01-07 03:16:20 - mkk_comic - app.py:582 - INFO - 正在下载第 075/198 页...
2026-01-07 03:16:20 - mkk_comic - app.py:582 - INFO - 正在下载第 076/198 页...
2026-01-07 03:16:20 - mkk_comic - app.py:582 - INFO - 正在下载第 077/198 页...
2026-01-07 03:16:20 - mkk_comic - app.py:582 - INFO - 正在下载第 078/198 页...
2026-01-07 03:16:20 - mkk_comic - app.py:582 - INFO - 正在下载第 079/198 页...
2026-01-07 03:16:21 - mkk_comic - app.py:582 - INFO - 正在下载第 080/198 页...
2026-01-07 03:16:21 - mkk_comic - app.py:582 - INFO - 正在下载第 081/198 页...
2026-01-07 03:16:21 - mkk_comic - app.py:582 - INFO - 正在下载第 082/198 页...
2026-01-07 03:16:21 - mkk_comic - app.py:582 - INFO - 正在下载第 083/198 页...
2026-01-07 03:16:21 - mkk_comic - app.py:582 - INFO - 正在下载第 084/198 页...
2026-01-07 03:16:21 - mkk_comic - app.py:582 - INFO - 正在下载第 085/198 页...
2026-01-07 03:16:21 - mkk_comic - app.py:582 - INFO - 正在下载第 086/198 页...
2026-01-07 03:16:21 - mkk_comic - app.py:582 - INFO - 正在下载第 087/198 页...
2026-01-07 03:16:21 - mkk_comic - app.py:582 - INFO - 正在下载第 088/198 页...
2026-01-07 03:16:21 - mkk_comic - app.py:582 - INFO - 正在下载第 089/198 页...
2026-01-07 03:16:21 - mkk_comic - app.py:582 - INFO - 正在下载第 090/198 页...
2026-01-07 03:16:21 - mkk_comic - app.py:582 - INFO - 正在下载第 091/198 页...
2026-01-07 03:16:21 - mkk_comic - app.py:582 - INFO - 正在下载第 092/198 页...
2026-01-07 03:16:21 - mkk_comic - app.py:582 - INFO - 正在下载第 093/198 页...
2026-01-07 03:16:21 - mkk_comic - app.py:582 - INFO - 正在下载第 094/198 页...
2026-01-07 03:16:21 - mkk_comic - app.py:582 - INFO - 正在下载第 095/198 页...
2026-01-07 03:16:21 - mkk_comic - app.py:582 - INFO - 正在下载第 096/198 页...
2026-01-07 03:16:21 - mkk_comic - app.py:582 - INFO - 正在下载第 097/198 页...
2026-01-07 03:16:21 - mkk_comic - app.py:582 - INFO - 正在下载第 098/198 页...
2026-01-07 03:16:21 - mkk_comic - app.py:582 - INFO - 正在下载第 099/198 页...
2026-01-07 03:16:21 - mkk_comic - app.py:582 - INFO - 正在下载第 100/198 页...
2026-01-07 03:16:21 - mkk_comic - app.py:582 - INFO - 正在下载第 101/198 页...
2026-01-07 03:16:21 - mkk_comic - app.py:582 - INFO - 正在下载第 102/198 页...
2026-01-07 03:16:21 - mkk_comic - app.py:582 - INFO - 正在下载第 103/198 页...
2026-01-07 03:16:21 - mkk_comic - app.py:582 - INFO - 正在下载第 104/198 页...
2026-01-07 03:16:21 - mkk_comic - app.py:582 - INFO - 正在下载第 105/198 页...
2026-01-07 03:16:21 - mkk_comic - app.py:582 - INFO - 正在下载第 106/198 页...
2026-01-07 03:16:21 - mkk_comic - app.py:582 - INFO - 正在下载第 107/198 页...
2026-01-07 03:16:21 - mkk_comic - app.py:582 - INFO - 正在下载第 108/198 页...
2026-01-07 03:16:22 - mkk_comic - app.py:582 - INFO - 正在下载第 109/198 页...
2026-01-07 03:16:22 - mkk_comic - app.py:582 - INFO - 正在下载第 110/198 页...
2026-01-07 03:16:22 - mkk_comic - app.py:582 - INFO - 正在下载第 111/198 页...
2026-01-07 03:16:22 - mkk_comic - app.py:582 - INFO - 正在下载第 112/198 页...
2026-01-07 03:16:22 - mkk_comic - app.py:582 - INFO - 正在下载第 113/198 页...
2026-01-07 03:16:22 - mkk_comic - app.py:582 - INFO - 正在下载第 114/198 页...
2026-01-07 03:16:22 - mkk_comic - app.py:582 - INFO - 正在下载第 115/198 页...
2026-01-07 03:16:22 - mkk_comic - app.py:582 - INFO - 正在下载第 116/198 页...
2026-01-07 03:16:22 - mkk_comic - app.py:582 - INFO - 正在下载第 117/198 页...
2026-01-07 03:16:22 - mkk_comic - app.py:582 - INFO - 正在下载第 118/198 页...
2026-01-07 03:16:22 - mkk_comic - app.py:582 - INFO - 正在下载第 119/198 页...
2026-01-07 03:16:22 - mkk_comic - app.py:582 - INFO - 正在下载第 120/198 页...
2026-01-07 03:16:22 - mkk_comic - app.py:582 - INFO - 正在下载第 121/198 页...
2026-01-07 03:16:22 - mkk_comic - app.py:582 - INFO - 正在下载第 122/198 页...
2026-01-07 03:16:22 - mkk_comic - app.py:582 - INFO - 正在下载第 123/198 页...
2026-01-07 03:16:22 - mkk_comic - app.py:582 - INFO - 正在下载第 124/198 页...
2026-01-07 03:16:22 - mkk_comic - app.py:582 - INFO - 正在下载第 125/198 页...
2026-01-07 03:16:22 - mkk_comic - app.py:582 - INFO - 正在下载第 126/198 页...
2026-01-07 03:16:22 - mkk_comic - app.py:582 - INFO - 正在下载第 127/198 页...
2026-01-07 03:16:22 - mkk_comic - app.py:582 - INFO - 正在下载第 128/198 页...
2026-01-07 03:16:22 - mkk_comic - app.py:582 - INFO - 正在下载第 129/198 页...
2026-01-07 03:16:22 - mkk_comic - app.py:582 - INFO - 正在下载第 130/198 页...
2026-01-07 03:16:22 - mkk_comic - app.py:582 - INFO - 正在下载第 131/198 页...
2026-01-07 03:16:22 - mkk_comic - app.py:582 - INFO - 正在下载第 132/198 页...
2026-01-07 03:16:22 - mkk_comic - app.py:582 - INFO - 正在下载第 133/198 页...
2026-01-07 03:16:22 - mkk_comic - app.py:582 - INFO - 正在下载第 134/198 页...
2026-01-07 03:16:22 - mkk_comic - app.py:582 - INFO - 正在下载第 135/198 页...
2026-01-07 03:16:22 - mkk_comic - app.py:582 - INFO - 正在下载第 136/198 页...
2026-01-07 03:16:22 - mkk_comic - app.py:582 - INFO - 正在下载第 137/198 页...
2026-01-07 03:16:22 - mkk_comic - app.py:582 - INFO - 正在下载第 138/198 页...
2026-01-07 03:16:23 - mkk_comic - app.py:582 - INFO - 正在下载第 139/198 页...
2026-01-07 03:16:23 - mkk_comic - app.py:582 - INFO - 正在下载第 140/198 页...
2026-01-07 03:16:23 - mkk_comic - app.py:582 - INFO - 正在下载第 141/198 页...
2026-01-07 03:16:23 - mkk_comic - app.py:582 - INFO - 正在下载第 142/198 页...
2026-01-07 03:16:23 - mkk_comic - app.py:582 - INFO - 正在下载第 143/198 页...
2026-01-07 03:16:23 - mkk_comic - app.py:582 - INFO - 正在下载第 144/198 页...
2026-01-07 03:16:23 - mkk_comic - app.py:582 - INFO - 正在下载第 145/198 页...
2026-01-07 03:16:23 - mkk_comic - app.py:582 - INFO - 正在下载第 146/198 页...
2026-01-07 03:16:23 - mkk_comic - app.py:582 - INFO - 正在下载第 147/198 页...
2026-01-07 03:16:23 - mkk_comic - app.py:582 - INFO - 正在下载第 148/198 页...
2026-01-07 03:16:23 - mkk_comic - app.py:582 - INFO - 正在下载第 149/198 页...
2026-01-07 03:16:23 - mkk_comic - app.py:582 - INFO - 正在下载第 150/198 页...
2026-01-07 03:16:23 - mkk_comic - app.py:582 - INFO - 正在下载第 151/198 页...
2026-01-07 03:16:23 - mkk_comic - app.py:582 - INFO - 正在下载第 152/198 页...
2026-01-07 03:16:23 - mkk_comic - app.py:582 - INFO - 正在下载第 153/198 页...
2026-01-07 03:16:23 - mkk_comic - app.py:582 - INFO - 正在下载第 154/198 页...
2026-01-07 03:16:23 - mkk_comic - app.py:582 - INFO - 正在下载第 155/198 页...
2026-01-07 03:16:23 - mkk_comic - app.py:582 - INFO - 正在下载第 156/198 页...
2026-01-07 03:16:23 - mkk_comic - app.py:582 - INFO - 正在下载第 157/198 页...
2026-01-07 03:16:23 - mkk_comic - app.py:582 - INFO - 正在下载第 158/198 页...
2026-01-07 03:16:23 - mkk_comic - app.py:582 - INFO - 正在下载第 159/198 页...
2026-01-07 03:16:23 - mkk_comic - app.py:582 - INFO - 正在下载第 160/198 页...
2026-01-07 03:16:23 - mkk_comic - app.py:582 - INFO - 正在下载第 161/198 页...
2026-01-07 03:16:23 - mkk_comic - app.py:582 - INFO - 正在下载第 162/198 页...
2026-01-07 03:16:23 - mkk_comic - app.py:582 - INFO - 正在下载第 163/198 页...
2026-01-07 03:16:23 - mkk_comic - app.py:582 - INFO - 正在下载第 164/198 页...
2026-01-07 03:16:23 - mkk_comic - app.py:582 - INFO - 正在下载第 165/198 页...
2026-01-07 03:16:23 - mkk_comic - app.py:582 - INFO - 正在下载第 166/198 页...
2026-01-07 03:16:24 - mkk_comic - app.py:582 - INFO - 正在下载第 167/198 页...
2026-01-07 03:16:24 - mkk_comic - app.py:582 - INFO - 正在下载第 168/198 页...
2026-01-07 03:16:24 - mkk_comic - app.py:582 - INFO - 正在下载第 169/198 页...
2026-01-07 03:16:24 - mkk_comic - app.py:582 - INFO - 正在下载第 170/198 页...
2026-01-07 03:16:24 - mkk_comic - app.py:582 - INFO - 正在下载第 171/198 页...
2026-01-07 03:16:24 - mkk_comic - app.py:582 - INFO - 正在下载第 172/198 页...
2026-01-07 03:16:24 - mkk_comic - app.py:582 - INFO - 正在下载第 173/198 页...
2026-01-07 03:16:24 - mkk_comic - app.py:582 - INFO - 正在下载第 174/198 页...
2026-01-07 03:16:24 - mkk_comic - app.py:582 - INFO - 正在下载第 175/198 页...
2026-01-07 03:16:24 - mkk_comic - app.py:582 - INFO - 正在下载第 176/198 页...
2026-01-07 03:16:24 - mkk_comic - app.py:582 - INFO - 正在下载第 177/198 页...
2026-01-07 03:16:24 - mkk_comic - app.py:582 - INFO - 正在下载第 178/198 页...
2026-01-07 03:16:24 - mkk_comic - app.py:582 - INFO - 正在下载第 179/198 页...
2026-01-07 03:16:24 - mkk_comic - app.py:582 - INFO - 正在下载第 180/198 页...
2026-01-07 03:16:24 - mkk_comic - app.py:582 - INFO - 正在下载第 181/198 页...
2026-01-07 03:16:24 - mkk_comic - app.py:582 - INFO - 正在下载第 182/198 页...
2026-01-07 03:16:24 - mkk_comic - app.py:582 - INFO - 正在下载第 183/198 页...
2026-01-07 03:16:24 - mkk_comic - app.py:582 - INFO - 正在下载第 184/198 页...
2026-01-07 03:16:24 - mkk_comic - app.py:582 - INFO - 正在下载第 185/198 页...
2026-01-07 03:16:24 - mkk_comic - app.py:582 - INFO - 正在下载第 186/198 页...
2026-01-07 03:16:24 - mkk_comic - app.py:582 - INFO - 正在下载第 187/198 页...
2026-01-07 03:16:24 - mkk_comic - app.py:582 - INFO - 正在下载第 188/198 页...
2026-01-07 03:16:24 - mkk_comic - app.py:582 - INFO - 正在下载第 189/198 页...
2026-01-07 03:16:24 - mkk_comic - app.py:582 - INFO - 正在下载第 190/198 页...
2026-01-07 03:16:24 - mkk_comic - app.py:582 - INFO - 正在下载第 191/198 页...
2026-01-07 03:16:24 - mkk_comic - app.py:582 - INFO - 正在下载第 192/198 页...
2026-01-07 03:16:24 - mkk_comic - app.py:582 - INFO - 正在下载第 193/198 页...
2026-01-07 03:16:24 - mkk_comic - app.py:582 - INFO - 正在下载第 194/198 页...
2026-01-07 03:16:24 - mkk_comic - app.py:582 - INFO - 正在下载第 195/198 页...
2026-01-07 03:16:24 - mkk_comic - app.py:582 - INFO - 正在下载第 196/198 页...
2026-01-07 03:16:24 - mkk_comic - app.py:582 - INFO - 正在下载第 197/198 页...
2026-01-07 03:16:24 - mkk_comic - app.py:582 - INFO - 正在下载第 198/198 页...
2026-01-07 03:16:25 - mkk_comic - app.py:511 - INFO - 下载完成!
2026-01-07 03:16:25 - mkk_comic - app.py:512 - INFO - 成功下载: 198/198 页
2026-01-07 03:16:25 - mkk_comic - app.py:858 - INFO - ===== 检查更新完成 =====

