2026-01-06 03:16:10 - mkk_comic - app.py:863 - INFO - 运行环境：GitHub Actions（自动化模式）
2026-01-06 03:16:10 - mkk_comic - app.py:820 - INFO - ===== 开始检查更新=====
2026-01-06 03:16:10 - mkk_comic - app.py:838 - INFO - 【名侦探柯南】上次下载至第27章
2026-01-06 03:16:11 - mkk_comic - app.py:845 - INFO - 【名侦探柯南】检测到更新！最新：272章
2026-01-06 03:16:11 - mkk_comic - app.py:848 - INFO - 【名侦探柯南】最大下载限制为2章-需下载28~29章）
2026-01-06 03:16:12 - mkk_comic - app.py:494 - INFO - 正在下载第28章: 第28卷    UUID:01615875-c85e-11e8-8859-024352452ce0
2026-01-06 03:16:13 - mkk_comic - app.py:502 - INFO - 创建目录: ./out/名偵探柯南/第28卷
2026-01-06 03:16:13 - mkk_comic - app.py:505 - INFO - 开始下载: 名偵探柯南 - 第28卷
2026-01-06 03:16:13 - mkk_comic - app.py:506 - INFO - 总页数: 194
2026-01-06 03:16:13 - mkk_comic - app.py:582 - INFO - 正在下载第 001/194 页...
2026-01-06 03:16:13 - mkk_comic - app.py:582 - INFO - 正在下载第 002/194 页...
2026-01-06 03:16:13 - mkk_comic - app.py:582 - INFO - 正在下载第 003/194 页...
2026-01-06 03:16:13 - mkk_comic - app.py:582 - INFO - 正在下载第 004/194 页...
2026-01-06 03:16:13 - mkk_comic - app.py:582 - INFO - 正在下载第 005/194 页...
2026-01-06 03:16:13 - mkk_comic - app.py:582 - INFO - 正在下载第 006/194 页...
2026-01-06 03:16:13 - mkk_comic - app.py:582 - INFO - 正在下载第 007/194 页...
2026-01-06 03:16:13 - mkk_comic - app.py:582 - INFO - 正在下载第 008/194 页...
2026-01-06 03:16:13 - mkk_comic - app.py:582 - INFO - 正在下载第 009/194 页...
2026-01-06 03:16:13 - mkk_comic - app.py:582 - INFO - 正在下载第 010/194 页...
2026-01-06 03:16:13 - mkk_comic - app.py:582 - INFO - 正在下载第 011/194 页...
2026-01-06 03:16:14 - mkk_comic - app.py:582 - INFO - 正在下载第 012/194 页...
2026-01-06 03:16:14 - mkk_comic - app.py:582 - INFO - 正在下载第 013/194 页...
2026-01-06 03:16:14 - mkk_comic - app.py:582 - INFO - 正在下载第 014/194 页...
2026-01-06 03:16:14 - mkk_comic - app.py:582 - INFO - 正在下载第 015/194 页...
2026-01-06 03:16:14 - mkk_comic - app.py:582 - INFO - 正在下载第 016/194 页...
2026-01-06 03:16:14 - mkk_comic - app.py:582 - INFO - 正在下载第 017/194 页...
2026-01-06 03:16:14 - mkk_comic - app.py:582 - INFO - 正在下载第 018/194 页...
2026-01-06 03:16:14 - mkk_comic - app.py:582 - INFO - 正在下载第 019/194 页...
2026-01-06 03:16:14 - mkk_comic - app.py:582 - INFO - 正在下载第 020/194 页...
2026-01-06 03:16:14 - mkk_comic - app.py:582 - INFO - 正在下载第 021/194 页...
2026-01-06 03:16:14 - mkk_comic - app.py:582 - INFO - 正在下载第 022/194 页...
2026-01-06 03:16:14 - mkk_comic - app.py:582 - INFO - 正在下载第 023/194 页...
2026-01-06 03:16:14 - mkk_comic - app.py:582 - INFO - 正在下载第 024/194 页...
2026-01-06 03:16:14 - mkk_comic - app.py:582 - INFO - 正在下载第 025/194 页...
2026-01-06 03:16:14 - mkk_comic - app.py:582 - INFO - 正在下载第 026/194 页...
2026-01-06 03:16:14 - mkk_comic - app.py:582 - INFO - 正在下载第 027/194 页...
2026-01-06 03:16:14 - mkk_comic - app.py:582 - INFO - 正在下载第 028/194 页...
2026-01-06 03:16:14 - mkk_comic - app.py:582 - INFO - 正在下载第 029/194 页...
2026-01-06 03:16:14 - mkk_comic - app.py:582 - INFO - 正在下载第 030/194 页...
2026-01-06 03:16:14 - mkk_comic - app.py:582 - INFO - 正在下载第 031/194 页...
2026-01-06 03:16:14 - mkk_comic - app.py:582 - INFO - 正在下载第 032/194 页...
2026-01-06 03:16:14 - mkk_comic - app.py:582 - INFO - 正在下载第 033/194 页...
2026-01-06 03:16:14 - mkk_comic - app.py:582 - INFO - 正在下载第 034/194 页...
2026-01-06 03:16:14 - mkk_comic - app.py:582 - INFO - 正在下载第 035/194 页...
2026-01-06 03:16:14 - mkk_comic - app.py:582 - INFO - 正在下载第 036/194 页...
2026-01-06 03:16:14 - mkk_comic - app.py:582 - INFO - 正在下载第 037/194 页...
2026-01-06 03:16:14 - mkk_comic - app.py:582 - INFO - 正在下载第 038/194 页...
2026-01-06 03:16:14 - mkk_comic - app.py:582 - INFO - 正在下载第 039/194 页...
2026-01-06 03:16:14 - mkk_comic - app.py:582 - INFO - 正在下载第 040/194 页...
2026-01-06 03:16:15 - mkk_comic - app.py:582 - INFO - 正在下载第 041/194 页...
2026-01-06 03:16:15 - mkk_comic - app.py:582 - INFO - 正在下载第 042/194 页...
2026-01-06 03:16:15 - mkk_comic - app.py:582 - INFO - 正在下载第 043/194 页...
2026-01-06 03:16:15 - mkk_comic - app.py:582 - INFO - 正在下载第 044/194 页...
2026-01-06 03:16:15 - mkk_comic - app.py:582 - INFO - 正在下载第 045/194 页...
2026-01-06 03:16:15 - mkk_comic - app.py:582 - INFO - 正在下载第 046/194 页...
2026-01-06 03:16:15 - mkk_comic - app.py:582 - INFO - 正在下载第 047/194 页...
2026-01-06 03:16:15 - mkk_comic - app.py:582 - INFO - 正在下载第 048/194 页...
2026-01-06 03:16:15 - mkk_comic - app.py:582 - INFO - 正在下载第 049/194 页...
2026-01-06 03:16:15 - mkk_comic - app.py:582 - INFO - 正在下载第 050/194 页...
2026-01-06 03:16:15 - mkk_comic - app.py:582 - INFO - 正在下载第 051/194 页...
2026-01-06 03:16:15 - mkk_comic - app.py:582 - INFO - 正在下载第 052/194 页...
2026-01-06 03:16:15 - mkk_comic - app.py:582 - INFO - 正在下载第 053/194 页...
2026-01-06 03:16:15 - mkk_comic - app.py:582 - INFO - 正在下载第 054/194 页...
2026-01-06 03:16:15 - mkk_comic - app.py:582 - INFO - 正在下载第 055/194 页...
2026-01-06 03:16:15 - mkk_comic - app.py:582 - INFO - 正在下载第 056/194 页...
2026-01-06 03:16:15 - mkk_comic - app.py:582 - INFO - 正在下载第 057/194 页...
2026-01-06 03:16:15 - mkk_comic - app.py:582 - INFO - 正在下载第 058/194 页...
2026-01-06 03:16:15 - mkk_comic - app.py:582 - INFO - 正在下载第 059/194 页...
2026-01-06 03:16:15 - mkk_comic - app.py:582 - INFO - 正在下载第 060/194 页...
2026-01-06 03:16:15 - mkk_comic - app.py:582 - INFO - 正在下载第 061/194 页...
2026-01-06 03:16:15 - mkk_comic - app.py:582 - INFO - 正在下载第 062/194 页...
2026-01-06 03:16:15 - mkk_comic - app.py:582 - INFO - 正在下载第 063/194 页...
2026-01-06 03:16:15 - mkk_comic - app.py:582 - INFO - 正在下载第 064/194 页...
2026-01-06 03:16:15 - mkk_comic - app.py:582 - INFO - 正在下载第 065/194 页...
2026-01-06 03:16:15 - mkk_comic - app.py:582 - INFO - 正在下载第 066/194 页...
2026-01-06 03:16:15 - mkk_comic - app.py:582 - INFO - 正在下载第 067/194 页...
2026-01-06 03:16:15 - mkk_comic - app.py:582 - INFO - 正在下载第 068/194 页...
2026-01-06 03:16:15 - mkk_comic - app.py:582 - INFO - 正在下载第 069/194 页...
2026-01-06 03:16:15 - mkk_comic - app.py:582 - INFO - 正在下载第 070/194 页...
2026-01-06 03:16:15 - mkk_comic - app.py:582 - INFO - 正在下载第 071/194 页...
2026-01-06 03:16:15 - mkk_comic - app.py:582 - INFO - 正在下载第 072/194 页...
2026-01-06 03:16:15 - mkk_comic - app.py:582 - INFO - 正在下载第 073/194 页...
2026-01-06 03:16:15 - mkk_comic - app.py:582 - INFO - 正在下载第 074/194 页...
2026-01-06 03:16:16 - mkk_comic - app.py:582 - INFO - 正在下载第 075/194 页...
2026-01-06 03:16:16 - mkk_comic - app.py:582 - INFO - 正在下载第 076/194 页...
2026-01-06 03:16:16 - mkk_comic - app.py:582 - INFO - 正在下载第 077/194 页...
2026-01-06 03:16:16 - mkk_comic - app.py:582 - INFO - 正在下载第 078/194 页...
2026-01-06 03:16:16 - mkk_comic - app.py:582 - INFO - 正在下载第 079/194 页...
2026-01-06 03:16:16 - mkk_comic - app.py:582 - INFO - 正在下载第 080/194 页...
2026-01-06 03:16:16 - mkk_comic - app.py:582 - INFO - 正在下载第 081/194 页...
2026-01-06 03:16:16 - mkk_comic - app.py:582 - INFO - 正在下载第 082/194 页...
2026-01-06 03:16:16 - mkk_comic - app.py:582 - INFO - 正在下载第 083/194 页...
2026-01-06 03:16:16 - mkk_comic - app.py:582 - INFO - 正在下载第 084/194 页...
2026-01-06 03:16:16 - mkk_comic - app.py:582 - INFO - 正在下载第 085/194 页...
2026-01-06 03:16:16 - mkk_comic - app.py:582 - INFO - 正在下载第 086/194 页...
2026-01-06 03:16:16 - mkk_comic - app.py:582 - INFO - 正在下载第 087/194 页...
2026-01-06 03:16:16 - mkk_comic - app.py:582 - INFO - 正在下载第 088/194 页...
2026-01-06 03:16:16 - mkk_comic - app.py:582 - INFO - 正在下载第 089/194 页...
2026-01-06 03:16:16 - mkk_comic - app.py:582 - INFO - 正在下载第 090/194 页...
2026-01-06 03:16:16 - mkk_comic - app.py:582 - INFO - 正在下载第 091/194 页...
2026-01-06 03:16:16 - mkk_comic - app.py:582 - INFO - 正在下载第 092/194 页...
2026-01-06 03:16:16 - mkk_comic - app.py:582 - INFO - 正在下载第 093/194 页...
2026-01-06 03:16:16 - mkk_comic - app.py:582 - INFO - 正在下载第 094/194 页...
2026-01-06 03:16:16 - mkk_comic - app.py:582 - INFO - 正在下载第 095/194 页...
2026-01-06 03:16:16 - mkk_comic - app.py:582 - INFO - 正在下载第 096/194 页...
2026-01-06 03:16:16 - mkk_comic - app.py:582 - INFO - 正在下载第 097/194 页...
2026-01-06 03:16:16 - mkk_comic - app.py:582 - INFO - 正在下载第 098/194 页...
2026-01-06 03:16:16 - mkk_comic - app.py:582 - INFO - 正在下载第 099/194 页...
2026-01-06 03:16:16 - mkk_comic - app.py:582 - INFO - 正在下载第 100/194 页...
2026-01-06 03:16:16 - mkk_comic - app.py:582 - INFO - 正在下载第 101/194 页...
2026-01-06 03:16:16 - mkk_comic - app.py:582 - INFO - 正在下载第 102/194 页...
2026-01-06 03:16:16 - mkk_comic - app.py:582 - INFO - 正在下载第 103/194 页...
2026-01-06 03:16:16 - mkk_comic - app.py:582 - INFO - 正在下载第 104/194 页...
2026-01-06 03:16:16 - mkk_comic - app.py:582 - INFO - 正在下载第 105/194 页...
2026-01-06 03:16:16 - mkk_comic - app.py:582 - INFO - 正在下载第 106/194 页...
2026-01-06 03:16:17 - mkk_comic - app.py:582 - INFO - 正在下载第 107/194 页...
2026-01-06 03:16:17 - mkk_comic - app.py:582 - INFO - 正在下载第 108/194 页...
2026-01-06 03:16:17 - mkk_comic - app.py:582 - INFO - 正在下载第 109/194 页...
2026-01-06 03:16:17 - mkk_comic - app.py:582 - INFO - 正在下载第 110/194 页...
2026-01-06 03:16:17 - mkk_comic - app.py:582 - INFO - 正在下载第 111/194 页...
2026-01-06 03:16:17 - mkk_comic - app.py:582 - INFO - 正在下载第 112/194 页...
2026-01-06 03:16:17 - mkk_comic - app.py:582 - INFO - 正在下载第 113/194 页...
2026-01-06 03:16:17 - mkk_comic - app.py:582 - INFO - 正在下载第 114/194 页...
2026-01-06 03:16:17 - mkk_comic - app.py:582 - INFO - 正在下载第 115/194 页...
2026-01-06 03:16:17 - mkk_comic - app.py:582 - INFO - 正在下载第 116/194 页...
2026-01-06 03:16:17 - mkk_comic - app.py:582 - INFO - 正在下载第 117/194 页...
2026-01-06 03:16:17 - mkk_comic - app.py:582 - INFO - 正在下载第 118/194 页...
2026-01-06 03:16:17 - mkk_comic - app.py:582 - INFO - 正在下载第 119/194 页...
2026-01-06 03:16:17 - mkk_comic - app.py:582 - INFO - 正在下载第 120/194 页...
2026-01-06 03:16:17 - mkk_comic - app.py:582 - INFO - 正在下载第 121/194 页...
2026-01-06 03:16:17 - mkk_comic - app.py:582 - INFO - 正在下载第 122/194 页...
2026-01-06 03:16:17 - mkk_comic - app.py:582 - INFO - 正在下载第 123/194 页...
2026-01-06 03:16:17 - mkk_comic - app.py:582 - INFO - 正在下载第 124/194 页...
2026-01-06 03:16:17 - mkk_comic - app.py:582 - INFO - 正在下载第 125/194 页...
2026-01-06 03:16:17 - mkk_comic - app.py:582 - INFO - 正在下载第 126/194 页...
2026-01-06 03:16:17 - mkk_comic - app.py:582 - INFO - 正在下载第 127/194 页...
2026-01-06 03:16:17 - mkk_comic - app.py:582 - INFO - 正在下载第 128/194 页...
2026-01-06 03:16:17 - mkk_comic - app.py:582 - INFO - 正在下载第 129/194 页...
2026-01-06 03:16:17 - mkk_comic - app.py:582 - INFO - 正在下载第 130/194 页...
2026-01-06 03:16:17 - mkk_comic - app.py:582 - INFO - 正在下载第 131/194 页...
2026-01-06 03:16:17 - mkk_comic - app.py:582 - INFO - 正在下载第 132/194 页...
2026-01-06 03:16:17 - mkk_comic - app.py:582 - INFO - 正在下载第 133/194 页...
2026-01-06 03:16:17 - mkk_comic - app.py:582 - INFO - 正在下载第 134/194 页...
2026-01-06 03:16:17 - mkk_comic - app.py:582 - INFO - 正在下载第 135/194 页...
2026-01-06 03:16:17 - mkk_comic - app.py:582 - INFO - 正在下载第 136/194 页...
2026-01-06 03:16:17 - mkk_comic - app.py:582 - INFO - 正在下载第 137/194 页...
2026-01-06 03:16:17 - mkk_comic - app.py:582 - INFO - 正在下载第 138/194 页...
2026-01-06 03:16:17 - mkk_comic - app.py:582 - INFO - 正在下载第 139/194 页...
2026-01-06 03:16:17 - mkk_comic - app.py:582 - INFO - 正在下载第 140/194 页...
2026-01-06 03:16:17 - mkk_comic - app.py:582 - INFO - 正在下载第 141/194 页...
2026-01-06 03:16:18 - mkk_comic - app.py:582 - INFO - 正在下载第 142/194 页...
2026-01-06 03:16:18 - mkk_comic - app.py:582 - INFO - 正在下载第 143/194 页...
2026-01-06 03:16:18 - mkk_comic - app.py:582 - INFO - 正在下载第 144/194 页...
2026-01-06 03:16:18 - mkk_comic - app.py:582 - INFO - 正在下载第 145/194 页...
2026-01-06 03:16:18 - mkk_comic - app.py:582 - INFO - 正在下载第 146/194 页...
2026-01-06 03:16:18 - mkk_comic - app.py:582 - INFO - 正在下载第 147/194 页...
2026-01-06 03:16:18 - mkk_comic - app.py:582 - INFO - 正在下载第 148/194 页...
2026-01-06 03:16:18 - mkk_comic - app.py:582 - INFO - 正在下载第 149/194 页...
2026-01-06 03:16:18 - mkk_comic - app.py:582 - INFO - 正在下载第 150/194 页...
2026-01-06 03:16:18 - mkk_comic - app.py:582 - INFO - 正在下载第 151/194 页...
2026-01-06 03:16:18 - mkk_comic - app.py:582 - INFO - 正在下载第 152/194 页...
2026-01-06 03:16:18 - mkk_comic - app.py:582 - INFO - 正在下载第 153/194 页...
2026-01-06 03:16:18 - mkk_comic - app.py:582 - INFO - 正在下载第 154/194 页...
2026-01-06 03:16:18 - mkk_comic - app.py:582 - INFO - 正在下载第 155/194 页...
2026-01-06 03:16:18 - mkk_comic - app.py:582 - INFO - 正在下载第 156/194 页...
2026-01-06 03:16:18 - mkk_comic - app.py:582 - INFO - 正在下载第 157/194 页...
2026-01-06 03:16:18 - mkk_comic - app.py:582 - INFO - 正在下载第 158/194 页...
2026-01-06 03:16:18 - mkk_comic - app.py:582 - INFO - 正在下载第 159/194 页...
2026-01-06 03:16:18 - mkk_comic - app.py:582 - INFO - 正在下载第 160/194 页...
2026-01-06 03:16:18 - mkk_comic - app.py:582 - INFO - 正在下载第 161/194 页...
2026-01-06 03:16:18 - mkk_comic - app.py:582 - INFO - 正在下载第 162/194 页...
2026-01-06 03:16:18 - mkk_comic - app.py:582 - INFO - 正在下载第 163/194 页...
2026-01-06 03:16:18 - mkk_comic - app.py:582 - INFO - 正在下载第 164/194 页...
2026-01-06 03:16:18 - mkk_comic - app.py:582 - INFO - 正在下载第 165/194 页...
2026-01-06 03:16:18 - mkk_comic - app.py:582 - INFO - 正在下载第 166/194 页...
2026-01-06 03:16:18 - mkk_comic - app.py:582 - INFO - 正在下载第 167/194 页...
2026-01-06 03:16:18 - mkk_comic - app.py:582 - INFO - 正在下载第 168/194 页...
2026-01-06 03:16:18 - mkk_comic - app.py:582 - INFO - 正在下载第 169/194 页...
2026-01-06 03:16:18 - mkk_comic - app.py:582 - INFO - 正在下载第 170/194 页...
2026-01-06 03:16:18 - mkk_comic - app.py:582 - INFO - 正在下载第 171/194 页...
2026-01-06 03:16:18 - mkk_comic - app.py:582 - INFO - 正在下载第 172/194 页...
2026-01-06 03:16:18 - mkk_comic - app.py:582 - INFO - 正在下载第 173/194 页...
2026-01-06 03:16:18 - mkk_comic - app.py:582 - INFO - 正在下载第 174/194 页...
2026-01-06 03:16:18 - mkk_comic - app.py:582 - INFO - 正在下载第 175/194 页...
2026-01-06 03:16:18 - mkk_comic - app.py:582 - INFO - 正在下载第 176/194 页...
2026-01-06 03:16:18 - mkk_comic - app.py:582 - INFO - 正在下载第 177/194 页...
2026-01-06 03:16:19 - mkk_comic - app.py:582 - INFO - 正在下载第 178/194 页...
2026-01-06 03:16:19 - mkk_comic - app.py:582 - INFO - 正在下载第 179/194 页...
2026-01-06 03:16:19 - mkk_comic - app.py:582 - INFO - 正在下载第 180/194 页...
2026-01-06 03:16:19 - mkk_comic - app.py:582 - INFO - 正在下载第 181/194 页...
2026-01-06 03:16:19 - mkk_comic - app.py:582 - INFO - 正在下载第 182/194 页...
2026-01-06 03:16:19 - mkk_comic - app.py:582 - INFO - 正在下载第 183/194 页...
2026-01-06 03:16:19 - mkk_comic - app.py:582 - INFO - 正在下载第 184/194 页...
2026-01-06 03:16:19 - mkk_comic - app.py:582 - INFO - 正在下载第 185/194 页...
2026-01-06 03:16:19 - mkk_comic - app.py:582 - INFO - 正在下载第 186/194 页...
2026-01-06 03:16:19 - mkk_comic - app.py:582 - INFO - 正在下载第 187/194 页...
2026-01-06 03:16:19 - mkk_comic - app.py:582 - INFO - 正在下载第 188/194 页...
2026-01-06 03:16:19 - mkk_comic - app.py:582 - INFO - 正在下载第 189/194 页...
2026-01-06 03:16:19 - mkk_comic - app.py:582 - INFO - 正在下载第 190/194 页...
2026-01-06 03:16:19 - mkk_comic - app.py:582 - INFO - 正在下载第 191/194 页...
2026-01-06 03:16:19 - mkk_comic - app.py:582 - INFO - 正在下载第 192/194 页...
2026-01-06 03:16:19 - mkk_comic - app.py:582 - INFO - 正在下载第 193/194 页...
2026-01-06 03:16:19 - mkk_comic - app.py:582 - INFO - 正在下载第 194/194 页...
2026-01-06 03:16:19 - mkk_comic - app.py:511 - INFO - 下载完成!
2026-01-06 03:16:19 - mkk_comic - app.py:512 - INFO - 成功下载: 194/194 页
2026-01-06 03:16:20 - mkk_comic - app.py:494 - INFO - 正在下载第29章: 第29卷    UUID:07585765-c85e-11e8-8859-024352452ce0
2026-01-06 03:16:21 - mkk_comic - app.py:502 - INFO - 创建目录: ./out/名偵探柯南/第29卷
2026-01-06 03:16:21 - mkk_comic - app.py:505 - INFO - 开始下载: 名偵探柯南 - 第29卷
2026-01-06 03:16:21 - mkk_comic - app.py:506 - INFO - 总页数: 196
2026-01-06 03:16:21 - mkk_comic - app.py:582 - INFO - 正在下载第 001/196 页...
2026-01-06 03:16:21 - mkk_comic - app.py:582 - INFO - 正在下载第 002/196 页...
2026-01-06 03:16:21 - mkk_comic - app.py:582 - INFO - 正在下载第 003/196 页...
2026-01-06 03:16:21 - mkk_comic - app.py:582 - INFO - 正在下载第 004/196 页...
2026-01-06 03:16:21 - mkk_comic - app.py:582 - INFO - 正在下载第 005/196 页...
2026-01-06 03:16:21 - mkk_comic - app.py:582 - INFO - 正在下载第 006/196 页...
2026-01-06 03:16:21 - mkk_comic - app.py:582 - INFO - 正在下载第 007/196 页...
2026-01-06 03:16:21 - mkk_comic - app.py:582 - INFO - 正在下载第 008/196 页...
2026-01-06 03:16:21 - mkk_comic - app.py:582 - INFO - 正在下载第 009/196 页...
2026-01-06 03:16:21 - mkk_comic - app.py:582 - INFO - 正在下载第 010/196 页...
2026-01-06 03:16:21 - mkk_comic - app.py:582 - INFO - 正在下载第 011/196 页...
2026-01-06 03:16:21 - mkk_comic - app.py:582 - INFO - 正在下载第 012/196 页...
2026-01-06 03:16:21 - mkk_comic - app.py:582 - INFO - 正在下载第 013/196 页...
2026-01-06 03:16:21 - mkk_comic - app.py:582 - INFO - 正在下载第 014/196 页...
2026-01-06 03:16:21 - mkk_comic - app.py:582 - INFO - 正在下载第 015/196 页...
2026-01-06 03:16:21 - mkk_comic - app.py:582 - INFO - 正在下载第 016/196 页...
2026-01-06 03:16:21 - mkk_comic - app.py:582 - INFO - 正在下载第 017/196 页...
2026-01-06 03:16:21 - mkk_comic - app.py:582 - INFO - 正在下载第 018/196 页...
2026-01-06 03:16:22 - mkk_comic - app.py:582 - INFO - 正在下载第 019/196 页...
2026-01-06 03:16:22 - mkk_comic - app.py:582 - INFO - 正在下载第 020/196 页...
2026-01-06 03:16:22 - mkk_comic - app.py:582 - INFO - 正在下载第 021/196 页...
2026-01-06 03:16:22 - mkk_comic - app.py:582 - INFO - 正在下载第 022/196 页...
2026-01-06 03:16:22 - mkk_comic - app.py:582 - INFO - 正在下载第 023/196 页...
2026-01-06 03:16:22 - mkk_comic - app.py:582 - INFO - 正在下载第 024/196 页...
2026-01-06 03:16:22 - mkk_comic - app.py:582 - INFO - 正在下载第 025/196 页...
2026-01-06 03:16:22 - mkk_comic - app.py:582 - INFO - 正在下载第 026/196 页...
2026-01-06 03:16:22 - mkk_comic - app.py:582 - INFO - 正在下载第 027/196 页...
2026-01-06 03:16:22 - mkk_comic - app.py:582 - INFO - 正在下载第 028/196 页...
2026-01-06 03:16:22 - mkk_comic - app.py:582 - INFO - 正在下载第 029/196 页...
2026-01-06 03:16:22 - mkk_comic - app.py:582 - INFO - 正在下载第 030/196 页...
2026-01-06 03:16:22 - mkk_comic - app.py:582 - INFO - 正在下载第 031/196 页...
2026-01-06 03:16:22 - mkk_comic - app.py:582 - INFO - 正在下载第 032/196 页...
2026-01-06 03:16:22 - mkk_comic - app.py:582 - INFO - 正在下载第 033/196 页...
2026-01-06 03:16:22 - mkk_comic - app.py:582 - INFO - 正在下载第 034/196 页...
2026-01-06 03:16:22 - mkk_comic - app.py:582 - INFO - 正在下载第 035/196 页...
2026-01-06 03:16:22 - mkk_comic - app.py:582 - INFO - 正在下载第 036/196 页...
2026-01-06 03:16:22 - mkk_comic - app.py:582 - INFO - 正在下载第 037/196 页...
2026-01-06 03:16:22 - mkk_comic - app.py:582 - INFO - 正在下载第 038/196 页...
2026-01-06 03:16:22 - mkk_comic - app.py:582 - INFO - 正在下载第 039/196 页...
2026-01-06 03:16:22 - mkk_comic - app.py:582 - INFO - 正在下载第 040/196 页...
2026-01-06 03:16:22 - mkk_comic - app.py:582 - INFO - 正在下载第 041/196 页...
2026-01-06 03:16:22 - mkk_comic - app.py:582 - INFO - 正在下载第 042/196 页...
2026-01-06 03:16:22 - mkk_comic - app.py:582 - INFO - 正在下载第 043/196 页...
2026-01-06 03:16:22 - mkk_comic - app.py:582 - INFO - 正在下载第 044/196 页...
2026-01-06 03:16:22 - mkk_comic - app.py:582 - INFO - 正在下载第 045/196 页...
2026-01-06 03:16:22 - mkk_comic - app.py:582 - INFO - 正在下载第 046/196 页...
2026-01-06 03:16:22 - mkk_comic - app.py:582 - INFO - 正在下载第 047/196 页...
2026-01-06 03:16:22 - mkk_comic - app.py:582 - INFO - 正在下载第 048/196 页...
2026-01-06 03:16:22 - mkk_comic - app.py:582 - INFO - 正在下载第 049/196 页...
2026-01-06 03:16:22 - mkk_comic - app.py:582 - INFO - 正在下载第 050/196 页...
2026-01-06 03:16:22 - mkk_comic - app.py:582 - INFO - 正在下载第 051/196 页...
2026-01-06 03:16:22 - mkk_comic - app.py:582 - INFO - 正在下载第 052/196 页...
2026-01-06 03:16:22 - mkk_comic - app.py:582 - INFO - 正在下载第 053/196 页...
2026-01-06 03:16:22 - mkk_comic - app.py:582 - INFO - 正在下载第 054/196 页...
2026-01-06 03:16:22 - mkk_comic - app.py:582 - INFO - 正在下载第 055/196 页...
2026-01-06 03:16:23 - mkk_comic - app.py:582 - INFO - 正在下载第 056/196 页...
2026-01-06 03:16:23 - mkk_comic - app.py:582 - INFO - 正在下载第 057/196 页...
2026-01-06 03:16:23 - mkk_comic - app.py:582 - INFO - 正在下载第 058/196 页...
2026-01-06 03:16:23 - mkk_comic - app.py:582 - INFO - 正在下载第 059/196 页...
2026-01-06 03:16:23 - mkk_comic - app.py:582 - INFO - 正在下载第 060/196 页...
2026-01-06 03:16:23 - mkk_comic - app.py:582 - INFO - 正在下载第 061/196 页...
2026-01-06 03:16:23 - mkk_comic - app.py:582 - INFO - 正在下载第 062/196 页...
2026-01-06 03:16:23 - mkk_comic - app.py:582 - INFO - 正在下载第 063/196 页...
2026-01-06 03:16:23 - mkk_comic - app.py:582 - INFO - 正在下载第 064/196 页...
2026-01-06 03:16:23 - mkk_comic - app.py:582 - INFO - 正在下载第 065/196 页...
2026-01-06 03:16:23 - mkk_comic - app.py:582 - INFO - 正在下载第 066/196 页...
2026-01-06 03:16:23 - mkk_comic - app.py:582 - INFO - 正在下载第 067/196 页...
2026-01-06 03:16:23 - mkk_comic - app.py:582 - INFO - 正在下载第 068/196 页...
2026-01-06 03:16:23 - mkk_comic - app.py:582 - INFO - 正在下载第 069/196 页...
2026-01-06 03:16:23 - mkk_comic - app.py:582 - INFO - 正在下载第 070/196 页...
2026-01-06 03:16:23 - mkk_comic - app.py:582 - INFO - 正在下载第 071/196 页...
2026-01-06 03:16:23 - mkk_comic - app.py:582 - INFO - 正在下载第 072/196 页...
2026-01-06 03:16:23 - mkk_comic - app.py:582 - INFO - 正在下载第 073/196 页...
2026-01-06 03:16:23 - mkk_comic - app.py:582 - INFO - 正在下载第 074/196 页...
2026-01-06 03:16:23 - mkk_comic - app.py:582 - INFO - 正在下载第 075/196 页...
2026-01-06 03:16:23 - mkk_comic - app.py:582 - INFO - 正在下载第 076/196 页...
2026-01-06 03:16:23 - mkk_comic - app.py:582 - INFO - 正在下载第 077/196 页...
2026-01-06 03:16:23 - mkk_comic - app.py:582 - INFO - 正在下载第 078/196 页...
2026-01-06 03:16:23 - mkk_comic - app.py:582 - INFO - 正在下载第 079/196 页...
2026-01-06 03:16:23 - mkk_comic - app.py:582 - INFO - 正在下载第 080/196 页...
2026-01-06 03:16:23 - mkk_comic - app.py:582 - INFO - 正在下载第 081/196 页...
2026-01-06 03:16:23 - mkk_comic - app.py:582 - INFO - 正在下载第 082/196 页...
2026-01-06 03:16:23 - mkk_comic - app.py:582 - INFO - 正在下载第 083/196 页...
2026-01-06 03:16:23 - mkk_comic - app.py:582 - INFO - 正在下载第 084/196 页...
2026-01-06 03:16:23 - mkk_comic - app.py:582 - INFO - 正在下载第 085/196 页...
2026-01-06 03:16:23 - mkk_comic - app.py:582 - INFO - 正在下载第 086/196 页...
2026-01-06 03:16:23 - mkk_comic - app.py:582 - INFO - 正在下载第 087/196 页...
2026-01-06 03:16:23 - mkk_comic - app.py:582 - INFO - 正在下载第 088/196 页...
2026-01-06 03:16:23 - mkk_comic - app.py:582 - INFO - 正在下载第 089/196 页...
2026-01-06 03:16:23 - mkk_comic - app.py:582 - INFO - 正在下载第 090/196 页...
2026-01-06 03:16:23 - mkk_comic - app.py:582 - INFO - 正在下载第 091/196 页...
2026-01-06 03:16:24 - mkk_comic - app.py:582 - INFO - 正在下载第 092/196 页...
2026-01-06 03:16:24 - mkk_comic - app.py:582 - INFO - 正在下载第 093/196 页...
2026-01-06 03:16:24 - mkk_comic - app.py:582 - INFO - 正在下载第 094/196 页...
2026-01-06 03:16:24 - mkk_comic - app.py:582 - INFO - 正在下载第 095/196 页...
2026-01-06 03:16:24 - mkk_comic - app.py:582 - INFO - 正在下载第 096/196 页...
2026-01-06 03:16:24 - mkk_comic - app.py:582 - INFO - 正在下载第 097/196 页...
2026-01-06 03:16:24 - mkk_comic - app.py:582 - INFO - 正在下载第 098/196 页...
2026-01-06 03:16:24 - mkk_comic - app.py:582 - INFO - 正在下载第 099/196 页...
2026-01-06 03:16:24 - mkk_comic - app.py:582 - INFO - 正在下载第 100/196 页...
2026-01-06 03:16:24 - mkk_comic - app.py:582 - INFO - 正在下载第 101/196 页...
2026-01-06 03:16:24 - mkk_comic - app.py:582 - INFO - 正在下载第 102/196 页...
2026-01-06 03:16:24 - mkk_comic - app.py:582 - INFO - 正在下载第 103/196 页...
2026-01-06 03:16:24 - mkk_comic - app.py:582 - INFO - 正在下载第 104/196 页...
2026-01-06 03:16:24 - mkk_comic - app.py:582 - INFO - 正在下载第 105/196 页...
2026-01-06 03:16:24 - mkk_comic - app.py:582 - INFO - 正在下载第 106/196 页...
2026-01-06 03:16:24 - mkk_comic - app.py:582 - INFO - 正在下载第 107/196 页...
2026-01-06 03:16:24 - mkk_comic - app.py:582 - INFO - 正在下载第 108/196 页...
2026-01-06 03:16:24 - mkk_comic - app.py:582 - INFO - 正在下载第 109/196 页...
2026-01-06 03:16:24 - mkk_comic - app.py:582 - INFO - 正在下载第 110/196 页...
2026-01-06 03:16:24 - mkk_comic - app.py:582 - INFO - 正在下载第 111/196 页...
2026-01-06 03:16:24 - mkk_comic - app.py:582 - INFO - 正在下载第 112/196 页...
2026-01-06 03:16:24 - mkk_comic - app.py:582 - INFO - 正在下载第 113/196 页...
2026-01-06 03:16:24 - mkk_comic - app.py:582 - INFO - 正在下载第 114/196 页...
2026-01-06 03:16:24 - mkk_comic - app.py:582 - INFO - 正在下载第 115/196 页...
2026-01-06 03:16:24 - mkk_comic - app.py:582 - INFO - 正在下载第 116/196 页...
2026-01-06 03:16:24 - mkk_comic - app.py:582 - INFO - 正在下载第 117/196 页...
2026-01-06 03:16:24 - mkk_comic - app.py:582 - INFO - 正在下载第 118/196 页...
2026-01-06 03:16:24 - mkk_comic - app.py:582 - INFO - 正在下载第 119/196 页...
2026-01-06 03:16:24 - mkk_comic - app.py:582 - INFO - 正在下载第 120/196 页...
2026-01-06 03:16:24 - mkk_comic - app.py:582 - INFO - 正在下载第 121/196 页...
2026-01-06 03:16:24 - mkk_comic - app.py:582 - INFO - 正在下载第 122/196 页...
2026-01-06 03:16:24 - mkk_comic - app.py:582 - INFO - 正在下载第 123/196 页...
2026-01-06 03:16:25 - mkk_comic - app.py:582 - INFO - 正在下载第 124/196 页...
2026-01-06 03:16:25 - mkk_comic - app.py:582 - INFO - 正在下载第 125/196 页...
2026-01-06 03:16:25 - mkk_comic - app.py:582 - INFO - 正在下载第 126/196 页...
2026-01-06 03:16:25 - mkk_comic - app.py:582 - INFO - 正在下载第 127/196 页...
2026-01-06 03:16:25 - mkk_comic - app.py:582 - INFO - 正在下载第 128/196 页...
2026-01-06 03:16:25 - mkk_comic - app.py:582 - INFO - 正在下载第 129/196 页...
2026-01-06 03:16:25 - mkk_comic - app.py:582 - INFO - 正在下载第 130/196 页...
2026-01-06 03:16:25 - mkk_comic - app.py:582 - INFO - 正在下载第 131/196 页...
2026-01-06 03:16:25 - mkk_comic - app.py:582 - INFO - 正在下载第 132/196 页...
2026-01-06 03:16:25 - mkk_comic - app.py:582 - INFO - 正在下载第 133/196 页...
2026-01-06 03:16:25 - mkk_comic - app.py:582 - INFO - 正在下载第 134/196 页...
2026-01-06 03:16:25 - mkk_comic - app.py:582 - INFO - 正在下载第 135/196 页...
2026-01-06 03:16:25 - mkk_comic - app.py:582 - INFO - 正在下载第 136/196 页...
2026-01-06 03:16:25 - mkk_comic - app.py:582 - INFO - 正在下载第 137/196 页...
2026-01-06 03:16:25 - mkk_comic - app.py:582 - INFO - 正在下载第 138/196 页...
2026-01-06 03:16:25 - mkk_comic - app.py:582 - INFO - 正在下载第 139/196 页...
2026-01-06 03:16:25 - mkk_comic - app.py:582 - INFO - 正在下载第 140/196 页...
2026-01-06 03:16:25 - mkk_comic - app.py:582 - INFO - 正在下载第 141/196 页...
2026-01-06 03:16:25 - mkk_comic - app.py:582 - INFO - 正在下载第 142/196 页...
2026-01-06 03:16:25 - mkk_comic - app.py:582 - INFO - 正在下载第 143/196 页...
2026-01-06 03:16:25 - mkk_comic - app.py:582 - INFO - 正在下载第 144/196 页...
2026-01-06 03:16:25 - mkk_comic - app.py:582 - INFO - 正在下载第 145/196 页...
2026-01-06 03:16:25 - mkk_comic - app.py:582 - INFO - 正在下载第 146/196 页...
2026-01-06 03:16:25 - mkk_comic - app.py:582 - INFO - 正在下载第 147/196 页...
2026-01-06 03:16:25 - mkk_comic - app.py:582 - INFO - 正在下载第 148/196 页...
2026-01-06 03:16:25 - mkk_comic - app.py:582 - INFO - 正在下载第 149/196 页...
2026-01-06 03:16:25 - mkk_comic - app.py:582 - INFO - 正在下载第 150/196 页...
2026-01-06 03:16:25 - mkk_comic - app.py:582 - INFO - 正在下载第 151/196 页...
2026-01-06 03:16:25 - mkk_comic - app.py:582 - INFO - 正在下载第 152/196 页...
2026-01-06 03:16:25 - mkk_comic - app.py:582 - INFO - 正在下载第 153/196 页...
2026-01-06 03:16:25 - mkk_comic - app.py:582 - INFO - 正在下载第 154/196 页...
2026-01-06 03:16:25 - mkk_comic - app.py:582 - INFO - 正在下载第 155/196 页...
2026-01-06 03:16:25 - mkk_comic - app.py:582 - INFO - 正在下载第 156/196 页...
2026-01-06 03:16:25 - mkk_comic - app.py:582 - INFO - 正在下载第 157/196 页...
2026-01-06 03:16:25 - mkk_comic - app.py:582 - INFO - 正在下载第 158/196 页...
2026-01-06 03:16:26 - mkk_comic - app.py:582 - INFO - 正在下载第 159/196 页...
2026-01-06 03:16:26 - mkk_comic - app.py:582 - INFO - 正在下载第 160/196 页...
2026-01-06 03:16:26 - mkk_comic - app.py:582 - INFO - 正在下载第 161/196 页...
2026-01-06 03:16:26 - mkk_comic - app.py:582 - INFO - 正在下载第 162/196 页...
2026-01-06 03:16:26 - mkk_comic - app.py:582 - INFO - 正在下载第 163/196 页...
2026-01-06 03:16:26 - mkk_comic - app.py:582 - INFO - 正在下载第 164/196 页...
2026-01-06 03:16:26 - mkk_comic - app.py:582 - INFO - 正在下载第 165/196 页...
2026-01-06 03:16:26 - mkk_comic - app.py:582 - INFO - 正在下载第 166/196 页...
2026-01-06 03:16:26 - mkk_comic - app.py:582 - INFO - 正在下载第 167/196 页...
2026-01-06 03:16:26 - mkk_comic - app.py:582 - INFO - 正在下载第 168/196 页...
2026-01-06 03:16:26 - mkk_comic - app.py:582 - INFO - 正在下载第 169/196 页...
2026-01-06 03:16:26 - mkk_comic - app.py:582 - INFO - 正在下载第 170/196 页...
2026-01-06 03:16:26 - mkk_comic - app.py:582 - INFO - 正在下载第 171/196 页...
2026-01-06 03:16:26 - mkk_comic - app.py:582 - INFO - 正在下载第 172/196 页...
2026-01-06 03:16:26 - mkk_comic - app.py:582 - INFO - 正在下载第 173/196 页...
2026-01-06 03:16:26 - mkk_comic - app.py:582 - INFO - 正在下载第 174/196 页...
2026-01-06 03:16:26 - mkk_comic - app.py:582 - INFO - 正在下载第 175/196 页...
2026-01-06 03:16:26 - mkk_comic - app.py:582 - INFO - 正在下载第 176/196 页...
2026-01-06 03:16:26 - mkk_comic - app.py:582 - INFO - 正在下载第 177/196 页...
2026-01-06 03:16:26 - mkk_comic - app.py:582 - INFO - 正在下载第 178/196 页...
2026-01-06 03:16:26 - mkk_comic - app.py:582 - INFO - 正在下载第 179/196 页...
2026-01-06 03:16:26 - mkk_comic - app.py:582 - INFO - 正在下载第 180/196 页...
2026-01-06 03:16:26 - mkk_comic - app.py:582 - INFO - 正在下载第 181/196 页...
2026-01-06 03:16:26 - mkk_comic - app.py:582 - INFO - 正在下载第 182/196 页...
2026-01-06 03:16:26 - mkk_comic - app.py:582 - INFO - 正在下载第 183/196 页...
2026-01-06 03:16:26 - mkk_comic - app.py:582 - INFO - 正在下载第 184/196 页...
2026-01-06 03:16:26 - mkk_comic - app.py:582 - INFO - 正在下载第 185/196 页...
2026-01-06 03:16:26 - mkk_comic - app.py:582 - INFO - 正在下载第 186/196 页...
2026-01-06 03:16:26 - mkk_comic - app.py:582 - INFO - 正在下载第 187/196 页...
2026-01-06 03:16:26 - mkk_comic - app.py:582 - INFO - 正在下载第 188/196 页...
2026-01-06 03:16:26 - mkk_comic - app.py:582 - INFO - 正在下载第 189/196 页...
2026-01-06 03:16:26 - mkk_comic - app.py:582 - INFO - 正在下载第 190/196 页...
2026-01-06 03:16:26 - mkk_comic - app.py:582 - INFO - 正在下载第 191/196 页...
2026-01-06 03:16:26 - mkk_comic - app.py:582 - INFO - 正在下载第 192/196 页...
2026-01-06 03:16:26 - mkk_comic - app.py:582 - INFO - 正在下载第 193/196 页...
2026-01-06 03:16:26 - mkk_comic - app.py:582 - INFO - 正在下载第 194/196 页...
2026-01-06 03:16:26 - mkk_comic - app.py:582 - INFO - 正在下载第 195/196 页...
2026-01-06 03:16:27 - mkk_comic - app.py:582 - INFO - 正在下载第 196/196 页...
2026-01-06 03:16:27 - mkk_comic - app.py:511 - INFO - 下载完成!
2026-01-06 03:16:27 - mkk_comic - app.py:512 - INFO - 成功下载: 196/196 页
2026-01-06 03:16:27 - mkk_comic - app.py:858 - INFO - ===== 检查更新完成 =====

