2026-01-02 03:16:59 - mkk_comic - app.py:863 - INFO - 运行环境：GitHub Actions（自动化模式）
2026-01-02 03:16:59 - mkk_comic - app.py:820 - INFO - ===== 开始检查更新=====
2026-01-02 03:16:59 - mkk_comic - app.py:838 - INFO - 【名侦探柯南】上次下载至第19章
2026-01-02 03:17:00 - mkk_comic - app.py:845 - INFO - 【名侦探柯南】检测到更新！最新：272章
2026-01-02 03:17:00 - mkk_comic - app.py:848 - INFO - 【名侦探柯南】最大下载限制为2章-需下载20~21章）
2026-01-02 03:17:01 - mkk_comic - app.py:494 - INFO - 正在下载第20章: 第20卷    UUID:5a9ee46a-c85d-11e8-8859-024352452ce0
2026-01-02 03:17:02 - mkk_comic - app.py:502 - INFO - 创建目录: ./out/名偵探柯南/第20卷
2026-01-02 03:17:02 - mkk_comic - app.py:505 - INFO - 开始下载: 名偵探柯南 - 第20卷
2026-01-02 03:17:02 - mkk_comic - app.py:506 - INFO - 总页数: 185
2026-01-02 03:17:02 - mkk_comic - app.py:582 - INFO - 正在下载第 001/185 页...
2026-01-02 03:17:02 - mkk_comic - app.py:582 - INFO - 正在下载第 002/185 页...
2026-01-02 03:17:02 - mkk_comic - app.py:582 - INFO - 正在下载第 003/185 页...
2026-01-02 03:17:02 - mkk_comic - app.py:582 - INFO - 正在下载第 004/185 页...
2026-01-02 03:17:02 - mkk_comic - app.py:582 - INFO - 正在下载第 005/185 页...
2026-01-02 03:17:02 - mkk_comic - app.py:582 - INFO - 正在下载第 006/185 页...
2026-01-02 03:17:02 - mkk_comic - app.py:582 - INFO - 正在下载第 007/185 页...
2026-01-02 03:17:02 - mkk_comic - app.py:582 - INFO - 正在下载第 008/185 页...
2026-01-02 03:17:02 - mkk_comic - app.py:582 - INFO - 正在下载第 009/185 页...
2026-01-02 03:17:02 - mkk_comic - app.py:582 - INFO - 正在下载第 010/185 页...
2026-01-02 03:17:02 - mkk_comic - app.py:582 - INFO - 正在下载第 011/185 页...
2026-01-02 03:17:02 - mkk_comic - app.py:582 - INFO - 正在下载第 012/185 页...
2026-01-02 03:17:02 - mkk_comic - app.py:582 - INFO - 正在下载第 013/185 页...
2026-01-02 03:17:02 - mkk_comic - app.py:582 - INFO - 正在下载第 014/185 页...
2026-01-02 03:17:02 - mkk_comic - app.py:582 - INFO - 正在下载第 015/185 页...
2026-01-02 03:17:02 - mkk_comic - app.py:582 - INFO - 正在下载第 016/185 页...
2026-01-02 03:17:02 - mkk_comic - app.py:582 - INFO - 正在下载第 017/185 页...
2026-01-02 03:17:02 - mkk_comic - app.py:582 - INFO - 正在下载第 018/185 页...
2026-01-02 03:17:02 - mkk_comic - app.py:582 - INFO - 正在下载第 019/185 页...
2026-01-02 03:17:02 - mkk_comic - app.py:582 - INFO - 正在下载第 020/185 页...
2026-01-02 03:17:02 - mkk_comic - app.py:582 - INFO - 正在下载第 021/185 页...
2026-01-02 03:17:02 - mkk_comic - app.py:582 - INFO - 正在下载第 022/185 页...
2026-01-02 03:17:02 - mkk_comic - app.py:582 - INFO - 正在下载第 023/185 页...
2026-01-02 03:17:02 - mkk_comic - app.py:582 - INFO - 正在下载第 024/185 页...
2026-01-02 03:17:02 - mkk_comic - app.py:582 - INFO - 正在下载第 025/185 页...
2026-01-02 03:17:02 - mkk_comic - app.py:582 - INFO - 正在下载第 026/185 页...
2026-01-02 03:17:03 - mkk_comic - app.py:582 - INFO - 正在下载第 027/185 页...
2026-01-02 03:17:03 - mkk_comic - app.py:582 - INFO - 正在下载第 028/185 页...
2026-01-02 03:17:03 - mkk_comic - app.py:582 - INFO - 正在下载第 029/185 页...
2026-01-02 03:17:03 - mkk_comic - app.py:582 - INFO - 正在下载第 030/185 页...
2026-01-02 03:17:03 - mkk_comic - app.py:582 - INFO - 正在下载第 031/185 页...
2026-01-02 03:17:03 - mkk_comic - app.py:582 - INFO - 正在下载第 032/185 页...
2026-01-02 03:17:03 - mkk_comic - app.py:582 - INFO - 正在下载第 033/185 页...
2026-01-02 03:17:03 - mkk_comic - app.py:582 - INFO - 正在下载第 034/185 页...
2026-01-02 03:17:03 - mkk_comic - app.py:582 - INFO - 正在下载第 035/185 页...
2026-01-02 03:17:03 - mkk_comic - app.py:582 - INFO - 正在下载第 036/185 页...
2026-01-02 03:17:03 - mkk_comic - app.py:582 - INFO - 正在下载第 037/185 页...
2026-01-02 03:17:03 - mkk_comic - app.py:582 - INFO - 正在下载第 038/185 页...
2026-01-02 03:17:03 - mkk_comic - app.py:582 - INFO - 正在下载第 039/185 页...
2026-01-02 03:17:03 - mkk_comic - app.py:582 - INFO - 正在下载第 040/185 页...
2026-01-02 03:17:03 - mkk_comic - app.py:582 - INFO - 正在下载第 041/185 页...
2026-01-02 03:17:03 - mkk_comic - app.py:582 - INFO - 正在下载第 042/185 页...
2026-01-02 03:17:03 - mkk_comic - app.py:582 - INFO - 正在下载第 043/185 页...
2026-01-02 03:17:03 - mkk_comic - app.py:582 - INFO - 正在下载第 044/185 页...
2026-01-02 03:17:03 - mkk_comic - app.py:582 - INFO - 正在下载第 045/185 页...
2026-01-02 03:17:03 - mkk_comic - app.py:582 - INFO - 正在下载第 046/185 页...
2026-01-02 03:17:03 - mkk_comic - app.py:582 - INFO - 正在下载第 047/185 页...
2026-01-02 03:17:03 - mkk_comic - app.py:582 - INFO - 正在下载第 048/185 页...
2026-01-02 03:17:03 - mkk_comic - app.py:582 - INFO - 正在下载第 049/185 页...
2026-01-02 03:17:03 - mkk_comic - app.py:582 - INFO - 正在下载第 050/185 页...
2026-01-02 03:17:03 - mkk_comic - app.py:582 - INFO - 正在下载第 051/185 页...
2026-01-02 03:17:03 - mkk_comic - app.py:582 - INFO - 正在下载第 052/185 页...
2026-01-02 03:17:03 - mkk_comic - app.py:582 - INFO - 正在下载第 053/185 页...
2026-01-02 03:17:03 - mkk_comic - app.py:582 - INFO - 正在下载第 054/185 页...
2026-01-02 03:17:03 - mkk_comic - app.py:582 - INFO - 正在下载第 055/185 页...
2026-01-02 03:17:03 - mkk_comic - app.py:582 - INFO - 正在下载第 056/185 页...
2026-01-02 03:17:03 - mkk_comic - app.py:582 - INFO - 正在下载第 057/185 页...
2026-01-02 03:17:04 - mkk_comic - app.py:582 - INFO - 正在下载第 058/185 页...
2026-01-02 03:17:04 - mkk_comic - app.py:582 - INFO - 正在下载第 059/185 页...
2026-01-02 03:17:04 - mkk_comic - app.py:582 - INFO - 正在下载第 060/185 页...
2026-01-02 03:17:04 - mkk_comic - app.py:582 - INFO - 正在下载第 061/185 页...
2026-01-02 03:17:04 - mkk_comic - app.py:582 - INFO - 正在下载第 062/185 页...
2026-01-02 03:17:04 - mkk_comic - app.py:582 - INFO - 正在下载第 063/185 页...
2026-01-02 03:17:04 - mkk_comic - app.py:582 - INFO - 正在下载第 064/185 页...
2026-01-02 03:17:04 - mkk_comic - app.py:582 - INFO - 正在下载第 065/185 页...
2026-01-02 03:17:04 - mkk_comic - app.py:582 - INFO - 正在下载第 066/185 页...
2026-01-02 03:17:04 - mkk_comic - app.py:582 - INFO - 正在下载第 067/185 页...
2026-01-02 03:17:04 - mkk_comic - app.py:582 - INFO - 正在下载第 068/185 页...
2026-01-02 03:17:04 - mkk_comic - app.py:582 - INFO - 正在下载第 069/185 页...
2026-01-02 03:17:04 - mkk_comic - app.py:582 - INFO - 正在下载第 070/185 页...
2026-01-02 03:17:04 - mkk_comic - app.py:582 - INFO - 正在下载第 071/185 页...
2026-01-02 03:17:04 - mkk_comic - app.py:582 - INFO - 正在下载第 072/185 页...
2026-01-02 03:17:04 - mkk_comic - app.py:582 - INFO - 正在下载第 073/185 页...
2026-01-02 03:17:04 - mkk_comic - app.py:582 - INFO - 正在下载第 074/185 页...
2026-01-02 03:17:04 - mkk_comic - app.py:582 - INFO - 正在下载第 075/185 页...
2026-01-02 03:17:04 - mkk_comic - app.py:582 - INFO - 正在下载第 076/185 页...
2026-01-02 03:17:04 - mkk_comic - app.py:582 - INFO - 正在下载第 077/185 页...
2026-01-02 03:17:04 - mkk_comic - app.py:582 - INFO - 正在下载第 078/185 页...
2026-01-02 03:17:04 - mkk_comic - app.py:582 - INFO - 正在下载第 079/185 页...
2026-01-02 03:17:04 - mkk_comic - app.py:582 - INFO - 正在下载第 080/185 页...
2026-01-02 03:17:04 - mkk_comic - app.py:582 - INFO - 正在下载第 081/185 页...
2026-01-02 03:17:04 - mkk_comic - app.py:582 - INFO - 正在下载第 082/185 页...
2026-01-02 03:17:04 - mkk_comic - app.py:582 - INFO - 正在下载第 083/185 页...
2026-01-02 03:17:04 - mkk_comic - app.py:582 - INFO - 正在下载第 084/185 页...
2026-01-02 03:17:04 - mkk_comic - app.py:582 - INFO - 正在下载第 085/185 页...
2026-01-02 03:17:04 - mkk_comic - app.py:582 - INFO - 正在下载第 086/185 页...
2026-01-02 03:17:04 - mkk_comic - app.py:582 - INFO - 正在下载第 087/185 页...
2026-01-02 03:17:04 - mkk_comic - app.py:582 - INFO - 正在下载第 088/185 页...
2026-01-02 03:17:04 - mkk_comic - app.py:582 - INFO - 正在下载第 089/185 页...
2026-01-02 03:17:04 - mkk_comic - app.py:582 - INFO - 正在下载第 090/185 页...
2026-01-02 03:17:04 - mkk_comic - app.py:582 - INFO - 正在下载第 091/185 页...
2026-01-02 03:17:04 - mkk_comic - app.py:582 - INFO - 正在下载第 092/185 页...
2026-01-02 03:17:04 - mkk_comic - app.py:582 - INFO - 正在下载第 093/185 页...
2026-01-02 03:17:04 - mkk_comic - app.py:582 - INFO - 正在下载第 094/185 页...
2026-01-02 03:17:04 - mkk_comic - app.py:582 - INFO - 正在下载第 095/185 页...
2026-01-02 03:17:05 - mkk_comic - app.py:582 - INFO - 正在下载第 096/185 页...
2026-01-02 03:17:05 - mkk_comic - app.py:582 - INFO - 正在下载第 097/185 页...
2026-01-02 03:17:05 - mkk_comic - app.py:582 - INFO - 正在下载第 098/185 页...
2026-01-02 03:17:05 - mkk_comic - app.py:582 - INFO - 正在下载第 099/185 页...
2026-01-02 03:17:05 - mkk_comic - app.py:582 - INFO - 正在下载第 100/185 页...
2026-01-02 03:17:05 - mkk_comic - app.py:582 - INFO - 正在下载第 101/185 页...
2026-01-02 03:17:05 - mkk_comic - app.py:582 - INFO - 正在下载第 102/185 页...
2026-01-02 03:17:05 - mkk_comic - app.py:582 - INFO - 正在下载第 103/185 页...
2026-01-02 03:17:05 - mkk_comic - app.py:582 - INFO - 正在下载第 104/185 页...
2026-01-02 03:17:05 - mkk_comic - app.py:582 - INFO - 正在下载第 105/185 页...
2026-01-02 03:17:05 - mkk_comic - app.py:582 - INFO - 正在下载第 106/185 页...
2026-01-02 03:17:05 - mkk_comic - app.py:582 - INFO - 正在下载第 107/185 页...
2026-01-02 03:17:05 - mkk_comic - app.py:582 - INFO - 正在下载第 108/185 页...
2026-01-02 03:17:05 - mkk_comic - app.py:582 - INFO - 正在下载第 109/185 页...
2026-01-02 03:17:05 - mkk_comic - app.py:582 - INFO - 正在下载第 110/185 页...
2026-01-02 03:17:05 - mkk_comic - app.py:582 - INFO - 正在下载第 111/185 页...
2026-01-02 03:17:05 - mkk_comic - app.py:582 - INFO - 正在下载第 112/185 页...
2026-01-02 03:17:05 - mkk_comic - app.py:582 - INFO - 正在下载第 113/185 页...
2026-01-02 03:17:05 - mkk_comic - app.py:582 - INFO - 正在下载第 114/185 页...
2026-01-02 03:17:05 - mkk_comic - app.py:582 - INFO - 正在下载第 115/185 页...
2026-01-02 03:17:05 - mkk_comic - app.py:582 - INFO - 正在下载第 116/185 页...
2026-01-02 03:17:05 - mkk_comic - app.py:582 - INFO - 正在下载第 117/185 页...
2026-01-02 03:17:05 - mkk_comic - app.py:582 - INFO - 正在下载第 118/185 页...
2026-01-02 03:17:05 - mkk_comic - app.py:582 - INFO - 正在下载第 119/185 页...
2026-01-02 03:17:05 - mkk_comic - app.py:582 - INFO - 正在下载第 120/185 页...
2026-01-02 03:17:05 - mkk_comic - app.py:582 - INFO - 正在下载第 121/185 页...
2026-01-02 03:17:05 - mkk_comic - app.py:582 - INFO - 正在下载第 122/185 页...
2026-01-02 03:17:05 - mkk_comic - app.py:582 - INFO - 正在下载第 123/185 页...
2026-01-02 03:17:05 - mkk_comic - app.py:582 - INFO - 正在下载第 124/185 页...
2026-01-02 03:17:05 - mkk_comic - app.py:582 - INFO - 正在下载第 125/185 页...
2026-01-02 03:17:05 - mkk_comic - app.py:582 - INFO - 正在下载第 126/185 页...
2026-01-02 03:17:05 - mkk_comic - app.py:582 - INFO - 正在下载第 127/185 页...
2026-01-02 03:17:05 - mkk_comic - app.py:582 - INFO - 正在下载第 128/185 页...
2026-01-02 03:17:06 - mkk_comic - app.py:582 - INFO - 正在下载第 129/185 页...
2026-01-02 03:17:06 - mkk_comic - app.py:582 - INFO - 正在下载第 130/185 页...
2026-01-02 03:17:06 - mkk_comic - app.py:582 - INFO - 正在下载第 131/185 页...
2026-01-02 03:17:06 - mkk_comic - app.py:582 - INFO - 正在下载第 132/185 页...
2026-01-02 03:17:06 - mkk_comic - app.py:582 - INFO - 正在下载第 133/185 页...
2026-01-02 03:17:06 - mkk_comic - app.py:582 - INFO - 正在下载第 134/185 页...
2026-01-02 03:17:06 - mkk_comic - app.py:582 - INFO - 正在下载第 135/185 页...
2026-01-02 03:17:06 - mkk_comic - app.py:582 - INFO - 正在下载第 136/185 页...
2026-01-02 03:17:06 - mkk_comic - app.py:582 - INFO - 正在下载第 137/185 页...
2026-01-02 03:17:06 - mkk_comic - app.py:582 - INFO - 正在下载第 138/185 页...
2026-01-02 03:17:06 - mkk_comic - app.py:582 - INFO - 正在下载第 139/185 页...
2026-01-02 03:17:06 - mkk_comic - app.py:582 - INFO - 正在下载第 140/185 页...
2026-01-02 03:17:06 - mkk_comic - app.py:582 - INFO - 正在下载第 141/185 页...
2026-01-02 03:17:06 - mkk_comic - app.py:582 - INFO - 正在下载第 142/185 页...
2026-01-02 03:17:06 - mkk_comic - app.py:582 - INFO - 正在下载第 143/185 页...
2026-01-02 03:17:06 - mkk_comic - app.py:582 - INFO - 正在下载第 144/185 页...
2026-01-02 03:17:06 - mkk_comic - app.py:582 - INFO - 正在下载第 145/185 页...
2026-01-02 03:17:06 - mkk_comic - app.py:582 - INFO - 正在下载第 146/185 页...
2026-01-02 03:17:06 - mkk_comic - app.py:582 - INFO - 正在下载第 147/185 页...
2026-01-02 03:17:06 - mkk_comic - app.py:582 - INFO - 正在下载第 148/185 页...
2026-01-02 03:17:06 - mkk_comic - app.py:582 - INFO - 正在下载第 149/185 页...
2026-01-02 03:17:06 - mkk_comic - app.py:582 - INFO - 正在下载第 150/185 页...
2026-01-02 03:17:06 - mkk_comic - app.py:582 - INFO - 正在下载第 151/185 页...
2026-01-02 03:17:06 - mkk_comic - app.py:582 - INFO - 正在下载第 152/185 页...
2026-01-02 03:17:06 - mkk_comic - app.py:582 - INFO - 正在下载第 153/185 页...
2026-01-02 03:17:06 - mkk_comic - app.py:582 - INFO - 正在下载第 154/185 页...
2026-01-02 03:17:06 - mkk_comic - app.py:582 - INFO - 正在下载第 155/185 页...
2026-01-02 03:17:06 - mkk_comic - app.py:582 - INFO - 正在下载第 156/185 页...
2026-01-02 03:17:06 - mkk_comic - app.py:582 - INFO - 正在下载第 157/185 页...
2026-01-02 03:17:06 - mkk_comic - app.py:582 - INFO - 正在下载第 158/185 页...
2026-01-02 03:17:06 - mkk_comic - app.py:582 - INFO - 正在下载第 159/185 页...
2026-01-02 03:17:06 - mkk_comic - app.py:582 - INFO - 正在下载第 160/185 页...
2026-01-02 03:17:06 - mkk_comic - app.py:582 - INFO - 正在下载第 161/185 页...
2026-01-02 03:17:06 - mkk_comic - app.py:582 - INFO - 正在下载第 162/185 页...
2026-01-02 03:17:06 - mkk_comic - app.py:582 - INFO - 正在下载第 163/185 页...
2026-01-02 03:17:07 - mkk_comic - app.py:582 - INFO - 正在下载第 164/185 页...
2026-01-02 03:17:07 - mkk_comic - app.py:582 - INFO - 正在下载第 165/185 页...
2026-01-02 03:17:07 - mkk_comic - app.py:582 - INFO - 正在下载第 166/185 页...
2026-01-02 03:17:07 - mkk_comic - app.py:582 - INFO - 正在下载第 167/185 页...
2026-01-02 03:17:07 - mkk_comic - app.py:582 - INFO - 正在下载第 168/185 页...
2026-01-02 03:17:07 - mkk_comic - app.py:582 - INFO - 正在下载第 169/185 页...
2026-01-02 03:17:07 - mkk_comic - app.py:582 - INFO - 正在下载第 170/185 页...
2026-01-02 03:17:07 - mkk_comic - app.py:582 - INFO - 正在下载第 171/185 页...
2026-01-02 03:17:07 - mkk_comic - app.py:582 - INFO - 正在下载第 172/185 页...
2026-01-02 03:17:07 - mkk_comic - app.py:582 - INFO - 正在下载第 173/185 页...
2026-01-02 03:17:07 - mkk_comic - app.py:582 - INFO - 正在下载第 174/185 页...
2026-01-02 03:17:07 - mkk_comic - app.py:582 - INFO - 正在下载第 175/185 页...
2026-01-02 03:17:07 - mkk_comic - app.py:582 - INFO - 正在下载第 176/185 页...
2026-01-02 03:17:07 - mkk_comic - app.py:582 - INFO - 正在下载第 177/185 页...
2026-01-02 03:17:07 - mkk_comic - app.py:582 - INFO - 正在下载第 178/185 页...
2026-01-02 03:17:07 - mkk_comic - app.py:582 - INFO - 正在下载第 179/185 页...
2026-01-02 03:17:07 - mkk_comic - app.py:582 - INFO - 正在下载第 180/185 页...
2026-01-02 03:17:07 - mkk_comic - app.py:582 - INFO - 正在下载第 181/185 页...
2026-01-02 03:17:07 - mkk_comic - app.py:582 - INFO - 正在下载第 182/185 页...
2026-01-02 03:17:07 - mkk_comic - app.py:582 - INFO - 正在下载第 183/185 页...
2026-01-02 03:17:07 - mkk_comic - app.py:582 - INFO - 正在下载第 184/185 页...
2026-01-02 03:17:07 - mkk_comic - app.py:582 - INFO - 正在下载第 185/185 页...
2026-01-02 03:17:07 - mkk_comic - app.py:511 - INFO - 下载完成!
2026-01-02 03:17:07 - mkk_comic - app.py:512 - INFO - 成功下载: 185/185 页
2026-01-02 03:17:08 - mkk_comic - app.py:494 - INFO - 正在下载第21章: 第21卷    UUID:6ebbe929-c85d-11e8-8859-024352452ce0
2026-01-02 03:17:09 - mkk_comic - app.py:502 - INFO - 创建目录: ./out/名偵探柯南/第21卷
2026-01-02 03:17:09 - mkk_comic - app.py:505 - INFO - 开始下载: 名偵探柯南 - 第21卷
2026-01-02 03:17:09 - mkk_comic - app.py:506 - INFO - 总页数: 194
2026-01-02 03:17:09 - mkk_comic - app.py:582 - INFO - 正在下载第 001/194 页...
2026-01-02 03:17:09 - mkk_comic - app.py:582 - INFO - 正在下载第 002/194 页...
2026-01-02 03:17:09 - mkk_comic - app.py:582 - INFO - 正在下载第 003/194 页...
2026-01-02 03:17:09 - mkk_comic - app.py:582 - INFO - 正在下载第 004/194 页...
2026-01-02 03:17:09 - mkk_comic - app.py:582 - INFO - 正在下载第 005/194 页...
2026-01-02 03:17:09 - mkk_comic - app.py:582 - INFO - 正在下载第 006/194 页...
2026-01-02 03:17:09 - mkk_comic - app.py:582 - INFO - 正在下载第 007/194 页...
2026-01-02 03:17:09 - mkk_comic - app.py:582 - INFO - 正在下载第 008/194 页...
2026-01-02 03:17:09 - mkk_comic - app.py:582 - INFO - 正在下载第 009/194 页...
2026-01-02 03:17:09 - mkk_comic - app.py:582 - INFO - 正在下载第 010/194 页...
2026-01-02 03:17:09 - mkk_comic - app.py:582 - INFO - 正在下载第 011/194 页...
2026-01-02 03:17:09 - mkk_comic - app.py:582 - INFO - 正在下载第 012/194 页...
2026-01-02 03:17:09 - mkk_comic - app.py:582 - INFO - 正在下载第 013/194 页...
2026-01-02 03:17:09 - mkk_comic - app.py:582 - INFO - 正在下载第 014/194 页...
2026-01-02 03:17:09 - mkk_comic - app.py:582 - INFO - 正在下载第 015/194 页...
2026-01-02 03:17:09 - mkk_comic - app.py:582 - INFO - 正在下载第 016/194 页...
2026-01-02 03:17:09 - mkk_comic - app.py:582 - INFO - 正在下载第 017/194 页...
2026-01-02 03:17:09 - mkk_comic - app.py:582 - INFO - 正在下载第 018/194 页...
2026-01-02 03:17:09 - mkk_comic - app.py:582 - INFO - 正在下载第 019/194 页...
2026-01-02 03:17:09 - mkk_comic - app.py:582 - INFO - 正在下载第 020/194 页...
2026-01-02 03:17:09 - mkk_comic - app.py:582 - INFO - 正在下载第 021/194 页...
2026-01-02 03:17:09 - mkk_comic - app.py:582 - INFO - 正在下载第 022/194 页...
2026-01-02 03:17:09 - mkk_comic - app.py:582 - INFO - 正在下载第 023/194 页...
2026-01-02 03:17:09 - mkk_comic - app.py:582 - INFO - 正在下载第 024/194 页...
2026-01-02 03:17:09 - mkk_comic - app.py:582 - INFO - 正在下载第 025/194 页...
2026-01-02 03:17:09 - mkk_comic - app.py:582 - INFO - 正在下载第 026/194 页...
2026-01-02 03:17:10 - mkk_comic - app.py:582 - INFO - 正在下载第 027/194 页...
2026-01-02 03:17:10 - mkk_comic - app.py:582 - INFO - 正在下载第 028/194 页...
2026-01-02 03:17:10 - mkk_comic - app.py:582 - INFO - 正在下载第 029/194 页...
2026-01-02 03:17:10 - mkk_comic - app.py:582 - INFO - 正在下载第 030/194 页...
2026-01-02 03:17:10 - mkk_comic - app.py:582 - INFO - 正在下载第 031/194 页...
2026-01-02 03:17:10 - mkk_comic - app.py:582 - INFO - 正在下载第 032/194 页...
2026-01-02 03:17:10 - mkk_comic - app.py:582 - INFO - 正在下载第 033/194 页...
2026-01-02 03:17:10 - mkk_comic - app.py:582 - INFO - 正在下载第 034/194 页...
2026-01-02 03:17:10 - mkk_comic - app.py:582 - INFO - 正在下载第 035/194 页...
2026-01-02 03:17:10 - mkk_comic - app.py:582 - INFO - 正在下载第 036/194 页...
2026-01-02 03:17:10 - mkk_comic - app.py:582 - INFO - 正在下载第 037/194 页...
2026-01-02 03:17:10 - mkk_comic - app.py:582 - INFO - 正在下载第 038/194 页...
2026-01-02 03:17:10 - mkk_comic - app.py:582 - INFO - 正在下载第 039/194 页...
2026-01-02 03:17:10 - mkk_comic - app.py:582 - INFO - 正在下载第 040/194 页...
2026-01-02 03:17:10 - mkk_comic - app.py:582 - INFO - 正在下载第 041/194 页...
2026-01-02 03:17:10 - mkk_comic - app.py:582 - INFO - 正在下载第 042/194 页...
2026-01-02 03:17:10 - mkk_comic - app.py:582 - INFO - 正在下载第 043/194 页...
2026-01-02 03:17:10 - mkk_comic - app.py:582 - INFO - 正在下载第 044/194 页...
2026-01-02 03:17:10 - mkk_comic - app.py:582 - INFO - 正在下载第 045/194 页...
2026-01-02 03:17:10 - mkk_comic - app.py:582 - INFO - 正在下载第 046/194 页...
2026-01-02 03:17:10 - mkk_comic - app.py:582 - INFO - 正在下载第 047/194 页...
2026-01-02 03:17:10 - mkk_comic - app.py:582 - INFO - 正在下载第 048/194 页...
2026-01-02 03:17:10 - mkk_comic - app.py:582 - INFO - 正在下载第 049/194 页...
2026-01-02 03:17:10 - mkk_comic - app.py:582 - INFO - 正在下载第 050/194 页...
2026-01-02 03:17:10 - mkk_comic - app.py:582 - INFO - 正在下载第 051/194 页...
2026-01-02 03:17:10 - mkk_comic - app.py:582 - INFO - 正在下载第 052/194 页...
2026-01-02 03:17:10 - mkk_comic - app.py:582 - INFO - 正在下载第 053/194 页...
2026-01-02 03:17:10 - mkk_comic - app.py:582 - INFO - 正在下载第 054/194 页...
2026-01-02 03:17:10 - mkk_comic - app.py:582 - INFO - 正在下载第 055/194 页...
2026-01-02 03:17:10 - mkk_comic - app.py:582 - INFO - 正在下载第 056/194 页...
2026-01-02 03:17:10 - mkk_comic - app.py:582 - INFO - 正在下载第 057/194 页...
2026-01-02 03:17:10 - mkk_comic - app.py:582 - INFO - 正在下载第 058/194 页...
2026-01-02 03:17:10 - mkk_comic - app.py:582 - INFO - 正在下载第 059/194 页...
2026-01-02 03:17:10 - mkk_comic - app.py:582 - INFO - 正在下载第 060/194 页...
2026-01-02 03:17:10 - mkk_comic - app.py:582 - INFO - 正在下载第 061/194 页...
2026-01-02 03:17:10 - mkk_comic - app.py:582 - INFO - 正在下载第 062/194 页...
2026-01-02 03:17:10 - mkk_comic - app.py:582 - INFO - 正在下载第 063/194 页...
2026-01-02 03:17:11 - mkk_comic - app.py:582 - INFO - 正在下载第 064/194 页...
2026-01-02 03:17:11 - mkk_comic - app.py:582 - INFO - 正在下载第 065/194 页...
2026-01-02 03:17:11 - mkk_comic - app.py:582 - INFO - 正在下载第 066/194 页...
2026-01-02 03:17:11 - mkk_comic - app.py:582 - INFO - 正在下载第 067/194 页...
2026-01-02 03:17:11 - mkk_comic - app.py:582 - INFO - 正在下载第 068/194 页...
2026-01-02 03:17:11 - mkk_comic - app.py:582 - INFO - 正在下载第 069/194 页...
2026-01-02 03:17:11 - mkk_comic - app.py:582 - INFO - 正在下载第 070/194 页...
2026-01-02 03:17:11 - mkk_comic - app.py:582 - INFO - 正在下载第 071/194 页...
2026-01-02 03:17:11 - mkk_comic - app.py:582 - INFO - 正在下载第 072/194 页...
2026-01-02 03:17:11 - mkk_comic - app.py:582 - INFO - 正在下载第 073/194 页...
2026-01-02 03:17:11 - mkk_comic - app.py:582 - INFO - 正在下载第 074/194 页...
2026-01-02 03:17:11 - mkk_comic - app.py:582 - INFO - 正在下载第 075/194 页...
2026-01-02 03:17:11 - mkk_comic - app.py:582 - INFO - 正在下载第 076/194 页...
2026-01-02 03:17:11 - mkk_comic - app.py:582 - INFO - 正在下载第 077/194 页...
2026-01-02 03:17:11 - mkk_comic - app.py:582 - INFO - 正在下载第 078/194 页...
2026-01-02 03:17:11 - mkk_comic - app.py:582 - INFO - 正在下载第 079/194 页...
2026-01-02 03:17:11 - mkk_comic - app.py:582 - INFO - 正在下载第 080/194 页...
2026-01-02 03:17:11 - mkk_comic - app.py:582 - INFO - 正在下载第 081/194 页...
2026-01-02 03:17:11 - mkk_comic - app.py:582 - INFO - 正在下载第 082/194 页...
2026-01-02 03:17:11 - mkk_comic - app.py:582 - INFO - 正在下载第 083/194 页...
2026-01-02 03:17:11 - mkk_comic - app.py:582 - INFO - 正在下载第 084/194 页...
2026-01-02 03:17:11 - mkk_comic - app.py:582 - INFO - 正在下载第 085/194 页...
2026-01-02 03:17:11 - mkk_comic - app.py:582 - INFO - 正在下载第 086/194 页...
2026-01-02 03:17:11 - mkk_comic - app.py:582 - INFO - 正在下载第 087/194 页...
2026-01-02 03:17:11 - mkk_comic - app.py:582 - INFO - 正在下载第 088/194 页...
2026-01-02 03:17:11 - mkk_comic - app.py:582 - INFO - 正在下载第 089/194 页...
2026-01-02 03:17:11 - mkk_comic - app.py:582 - INFO - 正在下载第 090/194 页...
2026-01-02 03:17:11 - mkk_comic - app.py:582 - INFO - 正在下载第 091/194 页...
2026-01-02 03:17:11 - mkk_comic - app.py:582 - INFO - 正在下载第 092/194 页...
2026-01-02 03:17:11 - mkk_comic - app.py:582 - INFO - 正在下载第 093/194 页...
2026-01-02 03:17:11 - mkk_comic - app.py:582 - INFO - 正在下载第 094/194 页...
2026-01-02 03:17:11 - mkk_comic - app.py:582 - INFO - 正在下载第 095/194 页...
2026-01-02 03:17:11 - mkk_comic - app.py:582 - INFO - 正在下载第 096/194 页...
2026-01-02 03:17:11 - mkk_comic - app.py:582 - INFO - 正在下载第 097/194 页...
2026-01-02 03:17:11 - mkk_comic - app.py:582 - INFO - 正在下载第 098/194 页...
2026-01-02 03:17:11 - mkk_comic - app.py:582 - INFO - 正在下载第 099/194 页...
2026-01-02 03:17:11 - mkk_comic - app.py:582 - INFO - 正在下载第 100/194 页...
2026-01-02 03:17:11 - mkk_comic - app.py:582 - INFO - 正在下载第 101/194 页...
2026-01-02 03:17:12 - mkk_comic - app.py:582 - INFO - 正在下载第 102/194 页...
2026-01-02 03:17:12 - mkk_comic - app.py:582 - INFO - 正在下载第 103/194 页...
2026-01-02 03:17:12 - mkk_comic - app.py:582 - INFO - 正在下载第 104/194 页...
2026-01-02 03:17:12 - mkk_comic - app.py:582 - INFO - 正在下载第 105/194 页...
2026-01-02 03:17:12 - mkk_comic - app.py:582 - INFO - 正在下载第 106/194 页...
2026-01-02 03:17:12 - mkk_comic - app.py:582 - INFO - 正在下载第 107/194 页...
2026-01-02 03:17:12 - mkk_comic - app.py:582 - INFO - 正在下载第 108/194 页...
2026-01-02 03:17:12 - mkk_comic - app.py:582 - INFO - 正在下载第 109/194 页...
2026-01-02 03:17:12 - mkk_comic - app.py:582 - INFO - 正在下载第 110/194 页...
2026-01-02 03:17:12 - mkk_comic - app.py:582 - INFO - 正在下载第 111/194 页...
2026-01-02 03:17:12 - mkk_comic - app.py:582 - INFO - 正在下载第 112/194 页...
2026-01-02 03:17:12 - mkk_comic - app.py:582 - INFO - 正在下载第 113/194 页...
2026-01-02 03:17:12 - mkk_comic - app.py:582 - INFO - 正在下载第 114/194 页...
2026-01-02 03:17:12 - mkk_comic - app.py:582 - INFO - 正在下载第 115/194 页...
2026-01-02 03:17:12 - mkk_comic - app.py:582 - INFO - 正在下载第 116/194 页...
2026-01-02 03:17:12 - mkk_comic - app.py:582 - INFO - 正在下载第 117/194 页...
2026-01-02 03:17:12 - mkk_comic - app.py:582 - INFO - 正在下载第 118/194 页...
2026-01-02 03:17:12 - mkk_comic - app.py:582 - INFO - 正在下载第 119/194 页...
2026-01-02 03:17:12 - mkk_comic - app.py:582 - INFO - 正在下载第 120/194 页...
2026-01-02 03:17:12 - mkk_comic - app.py:582 - INFO - 正在下载第 121/194 页...
2026-01-02 03:17:12 - mkk_comic - app.py:582 - INFO - 正在下载第 122/194 页...
2026-01-02 03:17:12 - mkk_comic - app.py:582 - INFO - 正在下载第 123/194 页...
2026-01-02 03:17:12 - mkk_comic - app.py:582 - INFO - 正在下载第 124/194 页...
2026-01-02 03:17:12 - mkk_comic - app.py:582 - INFO - 正在下载第 125/194 页...
2026-01-02 03:17:12 - mkk_comic - app.py:582 - INFO - 正在下载第 126/194 页...
2026-01-02 03:17:12 - mkk_comic - app.py:582 - INFO - 正在下载第 127/194 页...
2026-01-02 03:17:12 - mkk_comic - app.py:582 - INFO - 正在下载第 128/194 页...
2026-01-02 03:17:12 - mkk_comic - app.py:582 - INFO - 正在下载第 129/194 页...
2026-01-02 03:17:12 - mkk_comic - app.py:582 - INFO - 正在下载第 130/194 页...
2026-01-02 03:17:12 - mkk_comic - app.py:582 - INFO - 正在下载第 131/194 页...
2026-01-02 03:17:12 - mkk_comic - app.py:582 - INFO - 正在下载第 132/194 页...
2026-01-02 03:17:12 - mkk_comic - app.py:582 - INFO - 正在下载第 133/194 页...
2026-01-02 03:17:12 - mkk_comic - app.py:582 - INFO - 正在下载第 134/194 页...
2026-01-02 03:17:12 - mkk_comic - app.py:582 - INFO - 正在下载第 135/194 页...
2026-01-02 03:17:12 - mkk_comic - app.py:582 - INFO - 正在下载第 136/194 页...
2026-01-02 03:17:13 - mkk_comic - app.py:582 - INFO - 正在下载第 137/194 页...
2026-01-02 03:17:13 - mkk_comic - app.py:582 - INFO - 正在下载第 138/194 页...
2026-01-02 03:17:13 - mkk_comic - app.py:582 - INFO - 正在下载第 139/194 页...
2026-01-02 03:17:13 - mkk_comic - app.py:582 - INFO - 正在下载第 140/194 页...
2026-01-02 03:17:13 - mkk_comic - app.py:582 - INFO - 正在下载第 141/194 页...
2026-01-02 03:17:13 - mkk_comic - app.py:582 - INFO - 正在下载第 142/194 页...
2026-01-02 03:17:13 - mkk_comic - app.py:582 - INFO - 正在下载第 143/194 页...
2026-01-02 03:17:13 - mkk_comic - app.py:582 - INFO - 正在下载第 144/194 页...
2026-01-02 03:17:13 - mkk_comic - app.py:582 - INFO - 正在下载第 145/194 页...
2026-01-02 03:17:13 - mkk_comic - app.py:582 - INFO - 正在下载第 146/194 页...
2026-01-02 03:17:13 - mkk_comic - app.py:582 - INFO - 正在下载第 147/194 页...
2026-01-02 03:17:13 - mkk_comic - app.py:582 - INFO - 正在下载第 148/194 页...
2026-01-02 03:17:13 - mkk_comic - app.py:582 - INFO - 正在下载第 149/194 页...
2026-01-02 03:17:13 - mkk_comic - app.py:582 - INFO - 正在下载第 150/194 页...
2026-01-02 03:17:13 - mkk_comic - app.py:582 - INFO - 正在下载第 151/194 页...
2026-01-02 03:17:13 - mkk_comic - app.py:582 - INFO - 正在下载第 152/194 页...
2026-01-02 03:17:13 - mkk_comic - app.py:582 - INFO - 正在下载第 153/194 页...
2026-01-02 03:17:13 - mkk_comic - app.py:582 - INFO - 正在下载第 154/194 页...
2026-01-02 03:17:13 - mkk_comic - app.py:582 - INFO - 正在下载第 155/194 页...
2026-01-02 03:17:13 - mkk_comic - app.py:582 - INFO - 正在下载第 156/194 页...
2026-01-02 03:17:13 - mkk_comic - app.py:582 - INFO - 正在下载第 157/194 页...
2026-01-02 03:17:13 - mkk_comic - app.py:582 - INFO - 正在下载第 158/194 页...
2026-01-02 03:17:13 - mkk_comic - app.py:582 - INFO - 正在下载第 159/194 页...
2026-01-02 03:17:13 - mkk_comic - app.py:582 - INFO - 正在下载第 160/194 页...
2026-01-02 03:17:13 - mkk_comic - app.py:582 - INFO - 正在下载第 161/194 页...
2026-01-02 03:17:13 - mkk_comic - app.py:582 - INFO - 正在下载第 162/194 页...
2026-01-02 03:17:13 - mkk_comic - app.py:582 - INFO - 正在下载第 163/194 页...
2026-01-02 03:17:13 - mkk_comic - app.py:582 - INFO - 正在下载第 164/194 页...
2026-01-02 03:17:13 - mkk_comic - app.py:582 - INFO - 正在下载第 165/194 页...
2026-01-02 03:17:13 - mkk_comic - app.py:582 - INFO - 正在下载第 166/194 页...
2026-01-02 03:17:13 - mkk_comic - app.py:582 - INFO - 正在下载第 167/194 页...
2026-01-02 03:17:13 - mkk_comic - app.py:582 - INFO - 正在下载第 168/194 页...
2026-01-02 03:17:13 - mkk_comic - app.py:582 - INFO - 正在下载第 169/194 页...
2026-01-02 03:17:13 - mkk_comic - app.py:582 - INFO - 正在下载第 170/194 页...
2026-01-02 03:17:13 - mkk_comic - app.py:582 - INFO - 正在下载第 171/194 页...
2026-01-02 03:17:14 - mkk_comic - app.py:582 - INFO - 正在下载第 172/194 页...
2026-01-02 03:17:14 - mkk_comic - app.py:582 - INFO - 正在下载第 173/194 页...
2026-01-02 03:17:14 - mkk_comic - app.py:582 - INFO - 正在下载第 174/194 页...
2026-01-02 03:17:14 - mkk_comic - app.py:582 - INFO - 正在下载第 175/194 页...
2026-01-02 03:17:14 - mkk_comic - app.py:582 - INFO - 正在下载第 176/194 页...
2026-01-02 03:17:14 - mkk_comic - app.py:582 - INFO - 正在下载第 177/194 页...
2026-01-02 03:17:14 - mkk_comic - app.py:582 - INFO - 正在下载第 178/194 页...
2026-01-02 03:17:14 - mkk_comic - app.py:582 - INFO - 正在下载第 179/194 页...
2026-01-02 03:17:14 - mkk_comic - app.py:582 - INFO - 正在下载第 180/194 页...
2026-01-02 03:17:14 - mkk_comic - app.py:582 - INFO - 正在下载第 181/194 页...
2026-01-02 03:17:14 - mkk_comic - app.py:582 - INFO - 正在下载第 182/194 页...
2026-01-02 03:17:14 - mkk_comic - app.py:582 - INFO - 正在下载第 183/194 页...
2026-01-02 03:17:14 - mkk_comic - app.py:582 - INFO - 正在下载第 184/194 页...
2026-01-02 03:17:14 - mkk_comic - app.py:582 - INFO - 正在下载第 185/194 页...
2026-01-02 03:17:14 - mkk_comic - app.py:582 - INFO - 正在下载第 186/194 页...
2026-01-02 03:17:14 - mkk_comic - app.py:582 - INFO - 正在下载第 187/194 页...
2026-01-02 03:17:14 - mkk_comic - app.py:582 - INFO - 正在下载第 188/194 页...
2026-01-02 03:17:14 - mkk_comic - app.py:582 - INFO - 正在下载第 189/194 页...
2026-01-02 03:17:14 - mkk_comic - app.py:582 - INFO - 正在下载第 190/194 页...
2026-01-02 03:17:14 - mkk_comic - app.py:582 - INFO - 正在下载第 191/194 页...
2026-01-02 03:17:14 - mkk_comic - app.py:582 - INFO - 正在下载第 192/194 页...
2026-01-02 03:17:14 - mkk_comic - app.py:582 - INFO - 正在下载第 193/194 页...
2026-01-02 03:17:14 - mkk_comic - app.py:582 - INFO - 正在下载第 194/194 页...
2026-01-02 03:17:14 - mkk_comic - app.py:511 - INFO - 下载完成!
2026-01-02 03:17:14 - mkk_comic - app.py:512 - INFO - 成功下载: 194/194 页
2026-01-02 03:17:14 - mkk_comic - app.py:858 - INFO - ===== 检查更新完成 =====

