2025-12-30 03:14:44 - mkk_comic - app.py:863 - INFO - 运行环境：GitHub Actions（自动化模式）
2025-12-30 03:14:44 - mkk_comic - app.py:820 - INFO - ===== 开始检查更新=====
2025-12-30 03:14:44 - mkk_comic - app.py:838 - INFO - 【名侦探柯南】上次下载至第13章
2025-12-30 03:14:45 - mkk_comic - app.py:845 - INFO - 【名侦探柯南】检测到更新！最新：272章
2025-12-30 03:14:45 - mkk_comic - app.py:848 - INFO - 【名侦探柯南】最大下载限制为2章-需下载14~15章）
2025-12-30 03:14:46 - mkk_comic - app.py:494 - INFO - 正在下载第14章: 第14卷    UUID:eccb36b0-c85c-11e8-8859-024352452ce0
2025-12-30 03:14:47 - mkk_comic - app.py:502 - INFO - 创建目录: ./out/名偵探柯南/第14卷
2025-12-30 03:14:47 - mkk_comic - app.py:505 - INFO - 开始下载: 名偵探柯南 - 第14卷
2025-12-30 03:14:47 - mkk_comic - app.py:506 - INFO - 总页数: 183
2025-12-30 03:14:47 - mkk_comic - app.py:582 - INFO - 正在下载第 001/183 页...
2025-12-30 03:14:47 - mkk_comic - app.py:582 - INFO - 正在下载第 002/183 页...
2025-12-30 03:14:47 - mkk_comic - app.py:582 - INFO - 正在下载第 003/183 页...
2025-12-30 03:14:47 - mkk_comic - app.py:582 - INFO - 正在下载第 004/183 页...
2025-12-30 03:14:47 - mkk_comic - app.py:582 - INFO - 正在下载第 005/183 页...
2025-12-30 03:14:47 - mkk_comic - app.py:582 - INFO - 正在下载第 006/183 页...
2025-12-30 03:14:47 - mkk_comic - app.py:582 - INFO - 正在下载第 007/183 页...
2025-12-30 03:14:47 - mkk_comic - app.py:582 - INFO - 正在下载第 008/183 页...
2025-12-30 03:14:47 - mkk_comic - app.py:582 - INFO - 正在下载第 009/183 页...
2025-12-30 03:14:47 - mkk_comic - app.py:582 - INFO - 正在下载第 010/183 页...
2025-12-30 03:14:47 - mkk_comic - app.py:582 - INFO - 正在下载第 011/183 页...
2025-12-30 03:14:47 - mkk_comic - app.py:582 - INFO - 正在下载第 012/183 页...
2025-12-30 03:14:47 - mkk_comic - app.py:582 - INFO - 正在下载第 013/183 页...
2025-12-30 03:14:47 - mkk_comic - app.py:582 - INFO - 正在下载第 014/183 页...
2025-12-30 03:14:47 - mkk_comic - app.py:582 - INFO - 正在下载第 015/183 页...
2025-12-30 03:14:47 - mkk_comic - app.py:582 - INFO - 正在下载第 016/183 页...
2025-12-30 03:14:48 - mkk_comic - app.py:582 - INFO - 正在下载第 017/183 页...
2025-12-30 03:14:48 - mkk_comic - app.py:582 - INFO - 正在下载第 018/183 页...
2025-12-30 03:14:48 - mkk_comic - app.py:582 - INFO - 正在下载第 019/183 页...
2025-12-30 03:14:48 - mkk_comic - app.py:582 - INFO - 正在下载第 020/183 页...
2025-12-30 03:14:48 - mkk_comic - app.py:582 - INFO - 正在下载第 021/183 页...
2025-12-30 03:14:48 - mkk_comic - app.py:582 - INFO - 正在下载第 022/183 页...
2025-12-30 03:14:48 - mkk_comic - app.py:582 - INFO - 正在下载第 023/183 页...
2025-12-30 03:14:48 - mkk_comic - app.py:582 - INFO - 正在下载第 024/183 页...
2025-12-30 03:14:48 - mkk_comic - app.py:582 - INFO - 正在下载第 025/183 页...
2025-12-30 03:14:48 - mkk_comic - app.py:582 - INFO - 正在下载第 026/183 页...
2025-12-30 03:14:48 - mkk_comic - app.py:582 - INFO - 正在下载第 027/183 页...
2025-12-30 03:14:48 - mkk_comic - app.py:582 - INFO - 正在下载第 028/183 页...
2025-12-30 03:14:48 - mkk_comic - app.py:582 - INFO - 正在下载第 029/183 页...
2025-12-30 03:14:48 - mkk_comic - app.py:582 - INFO - 正在下载第 030/183 页...
2025-12-30 03:14:48 - mkk_comic - app.py:582 - INFO - 正在下载第 031/183 页...
2025-12-30 03:14:48 - mkk_comic - app.py:582 - INFO - 正在下载第 032/183 页...
2025-12-30 03:14:48 - mkk_comic - app.py:582 - INFO - 正在下载第 033/183 页...
2025-12-30 03:14:48 - mkk_comic - app.py:582 - INFO - 正在下载第 034/183 页...
2025-12-30 03:14:48 - mkk_comic - app.py:582 - INFO - 正在下载第 035/183 页...
2025-12-30 03:14:49 - mkk_comic - app.py:582 - INFO - 正在下载第 036/183 页...
2025-12-30 03:14:49 - mkk_comic - app.py:582 - INFO - 正在下载第 037/183 页...
2025-12-30 03:14:49 - mkk_comic - app.py:582 - INFO - 正在下载第 038/183 页...
2025-12-30 03:14:49 - mkk_comic - app.py:582 - INFO - 正在下载第 039/183 页...
2025-12-30 03:14:49 - mkk_comic - app.py:582 - INFO - 正在下载第 040/183 页...
2025-12-30 03:14:49 - mkk_comic - app.py:582 - INFO - 正在下载第 041/183 页...
2025-12-30 03:14:49 - mkk_comic - app.py:582 - INFO - 正在下载第 042/183 页...
2025-12-30 03:14:49 - mkk_comic - app.py:582 - INFO - 正在下载第 043/183 页...
2025-12-30 03:14:49 - mkk_comic - app.py:582 - INFO - 正在下载第 044/183 页...
2025-12-30 03:14:49 - mkk_comic - app.py:582 - INFO - 正在下载第 045/183 页...
2025-12-30 03:14:49 - mkk_comic - app.py:582 - INFO - 正在下载第 046/183 页...
2025-12-30 03:14:49 - mkk_comic - app.py:582 - INFO - 正在下载第 047/183 页...
2025-12-30 03:14:49 - mkk_comic - app.py:582 - INFO - 正在下载第 048/183 页...
2025-12-30 03:14:49 - mkk_comic - app.py:582 - INFO - 正在下载第 049/183 页...
2025-12-30 03:14:49 - mkk_comic - app.py:582 - INFO - 正在下载第 050/183 页...
2025-12-30 03:14:49 - mkk_comic - app.py:582 - INFO - 正在下载第 051/183 页...
2025-12-30 03:14:49 - mkk_comic - app.py:582 - INFO - 正在下载第 052/183 页...
2025-12-30 03:14:49 - mkk_comic - app.py:582 - INFO - 正在下载第 053/183 页...
2025-12-30 03:14:49 - mkk_comic - app.py:582 - INFO - 正在下载第 054/183 页...
2025-12-30 03:14:49 - mkk_comic - app.py:582 - INFO - 正在下载第 055/183 页...
2025-12-30 03:14:50 - mkk_comic - app.py:582 - INFO - 正在下载第 056/183 页...
2025-12-30 03:14:50 - mkk_comic - app.py:582 - INFO - 正在下载第 057/183 页...
2025-12-30 03:14:50 - mkk_comic - app.py:582 - INFO - 正在下载第 058/183 页...
2025-12-30 03:14:50 - mkk_comic - app.py:582 - INFO - 正在下载第 059/183 页...
2025-12-30 03:14:50 - mkk_comic - app.py:582 - INFO - 正在下载第 060/183 页...
2025-12-30 03:14:50 - mkk_comic - app.py:582 - INFO - 正在下载第 061/183 页...
2025-12-30 03:14:50 - mkk_comic - app.py:582 - INFO - 正在下载第 062/183 页...
2025-12-30 03:14:50 - mkk_comic - app.py:582 - INFO - 正在下载第 063/183 页...
2025-12-30 03:14:50 - mkk_comic - app.py:582 - INFO - 正在下载第 064/183 页...
2025-12-30 03:14:50 - mkk_comic - app.py:582 - INFO - 正在下载第 065/183 页...
2025-12-30 03:14:50 - mkk_comic - app.py:582 - INFO - 正在下载第 066/183 页...
2025-12-30 03:14:50 - mkk_comic - app.py:582 - INFO - 正在下载第 067/183 页...
2025-12-30 03:14:50 - mkk_comic - app.py:582 - INFO - 正在下载第 068/183 页...
2025-12-30 03:14:50 - mkk_comic - app.py:582 - INFO - 正在下载第 069/183 页...
2025-12-30 03:14:50 - mkk_comic - app.py:582 - INFO - 正在下载第 070/183 页...
2025-12-30 03:14:50 - mkk_comic - app.py:582 - INFO - 正在下载第 071/183 页...
2025-12-30 03:14:50 - mkk_comic - app.py:582 - INFO - 正在下载第 072/183 页...
2025-12-30 03:14:50 - mkk_comic - app.py:582 - INFO - 正在下载第 073/183 页...
2025-12-30 03:14:50 - mkk_comic - app.py:582 - INFO - 正在下载第 074/183 页...
2025-12-30 03:14:50 - mkk_comic - app.py:582 - INFO - 正在下载第 075/183 页...
2025-12-30 03:14:50 - mkk_comic - app.py:582 - INFO - 正在下载第 076/183 页...
2025-12-30 03:14:50 - mkk_comic - app.py:582 - INFO - 正在下载第 077/183 页...
2025-12-30 03:14:50 - mkk_comic - app.py:582 - INFO - 正在下载第 078/183 页...
2025-12-30 03:14:51 - mkk_comic - app.py:582 - INFO - 正在下载第 079/183 页...
2025-12-30 03:14:51 - mkk_comic - app.py:582 - INFO - 正在下载第 080/183 页...
2025-12-30 03:14:51 - mkk_comic - app.py:582 - INFO - 正在下载第 081/183 页...
2025-12-30 03:14:51 - mkk_comic - app.py:582 - INFO - 正在下载第 082/183 页...
2025-12-30 03:14:51 - mkk_comic - app.py:582 - INFO - 正在下载第 083/183 页...
2025-12-30 03:14:51 - mkk_comic - app.py:582 - INFO - 正在下载第 084/183 页...
2025-12-30 03:14:51 - mkk_comic - app.py:582 - INFO - 正在下载第 085/183 页...
2025-12-30 03:14:51 - mkk_comic - app.py:582 - INFO - 正在下载第 086/183 页...
2025-12-30 03:14:51 - mkk_comic - app.py:582 - INFO - 正在下载第 087/183 页...
2025-12-30 03:14:51 - mkk_comic - app.py:582 - INFO - 正在下载第 088/183 页...
2025-12-30 03:14:51 - mkk_comic - app.py:582 - INFO - 正在下载第 089/183 页...
2025-12-30 03:14:51 - mkk_comic - app.py:582 - INFO - 正在下载第 090/183 页...
2025-12-30 03:14:51 - mkk_comic - app.py:582 - INFO - 正在下载第 091/183 页...
2025-12-30 03:14:51 - mkk_comic - app.py:582 - INFO - 正在下载第 092/183 页...
2025-12-30 03:14:51 - mkk_comic - app.py:582 - INFO - 正在下载第 093/183 页...
2025-12-30 03:14:51 - mkk_comic - app.py:582 - INFO - 正在下载第 094/183 页...
2025-12-30 03:14:51 - mkk_comic - app.py:582 - INFO - 正在下载第 095/183 页...
2025-12-30 03:14:51 - mkk_comic - app.py:582 - INFO - 正在下载第 096/183 页...
2025-12-30 03:14:51 - mkk_comic - app.py:582 - INFO - 正在下载第 097/183 页...
2025-12-30 03:14:52 - mkk_comic - app.py:582 - INFO - 正在下载第 098/183 页...
2025-12-30 03:14:52 - mkk_comic - app.py:582 - INFO - 正在下载第 099/183 页...
2025-12-30 03:14:52 - mkk_comic - app.py:582 - INFO - 正在下载第 100/183 页...
2025-12-30 03:14:52 - mkk_comic - app.py:582 - INFO - 正在下载第 101/183 页...
2025-12-30 03:14:52 - mkk_comic - app.py:582 - INFO - 正在下载第 102/183 页...
2025-12-30 03:14:52 - mkk_comic - app.py:582 - INFO - 正在下载第 103/183 页...
2025-12-30 03:14:52 - mkk_comic - app.py:582 - INFO - 正在下载第 104/183 页...
2025-12-30 03:14:52 - mkk_comic - app.py:582 - INFO - 正在下载第 105/183 页...
2025-12-30 03:14:52 - mkk_comic - app.py:582 - INFO - 正在下载第 106/183 页...
2025-12-30 03:14:52 - mkk_comic - app.py:582 - INFO - 正在下载第 107/183 页...
2025-12-30 03:14:52 - mkk_comic - app.py:582 - INFO - 正在下载第 108/183 页...
2025-12-30 03:14:52 - mkk_comic - app.py:582 - INFO - 正在下载第 109/183 页...
2025-12-30 03:14:52 - mkk_comic - app.py:582 - INFO - 正在下载第 110/183 页...
2025-12-30 03:14:52 - mkk_comic - app.py:582 - INFO - 正在下载第 111/183 页...
2025-12-30 03:14:52 - mkk_comic - app.py:582 - INFO - 正在下载第 112/183 页...
2025-12-30 03:14:52 - mkk_comic - app.py:582 - INFO - 正在下载第 113/183 页...
2025-12-30 03:14:52 - mkk_comic - app.py:582 - INFO - 正在下载第 114/183 页...
2025-12-30 03:14:52 - mkk_comic - app.py:582 - INFO - 正在下载第 115/183 页...
2025-12-30 03:14:52 - mkk_comic - app.py:582 - INFO - 正在下载第 116/183 页...
2025-12-30 03:14:53 - mkk_comic - app.py:582 - INFO - 正在下载第 117/183 页...
2025-12-30 03:14:53 - mkk_comic - app.py:582 - INFO - 正在下载第 118/183 页...
2025-12-30 03:14:53 - mkk_comic - app.py:582 - INFO - 正在下载第 119/183 页...
2025-12-30 03:14:53 - mkk_comic - app.py:582 - INFO - 正在下载第 120/183 页...
2025-12-30 03:14:53 - mkk_comic - app.py:582 - INFO - 正在下载第 121/183 页...
2025-12-30 03:14:53 - mkk_comic - app.py:582 - INFO - 正在下载第 122/183 页...
2025-12-30 03:14:53 - mkk_comic - app.py:582 - INFO - 正在下载第 123/183 页...
2025-12-30 03:14:53 - mkk_comic - app.py:582 - INFO - 正在下载第 124/183 页...
2025-12-30 03:14:53 - mkk_comic - app.py:582 - INFO - 正在下载第 125/183 页...
2025-12-30 03:14:53 - mkk_comic - app.py:582 - INFO - 正在下载第 126/183 页...
2025-12-30 03:14:53 - mkk_comic - app.py:582 - INFO - 正在下载第 127/183 页...
2025-12-30 03:14:53 - mkk_comic - app.py:582 - INFO - 正在下载第 128/183 页...
2025-12-30 03:14:53 - mkk_comic - app.py:582 - INFO - 正在下载第 129/183 页...
2025-12-30 03:14:53 - mkk_comic - app.py:582 - INFO - 正在下载第 130/183 页...
2025-12-30 03:14:53 - mkk_comic - app.py:582 - INFO - 正在下载第 131/183 页...
2025-12-30 03:14:53 - mkk_comic - app.py:582 - INFO - 正在下载第 132/183 页...
2025-12-30 03:14:53 - mkk_comic - app.py:582 - INFO - 正在下载第 133/183 页...
2025-12-30 03:14:53 - mkk_comic - app.py:582 - INFO - 正在下载第 134/183 页...
2025-12-30 03:14:53 - mkk_comic - app.py:582 - INFO - 正在下载第 135/183 页...
2025-12-30 03:14:53 - mkk_comic - app.py:582 - INFO - 正在下载第 136/183 页...
2025-12-30 03:14:54 - mkk_comic - app.py:582 - INFO - 正在下载第 137/183 页...
2025-12-30 03:14:54 - mkk_comic - app.py:582 - INFO - 正在下载第 138/183 页...
2025-12-30 03:14:54 - mkk_comic - app.py:582 - INFO - 正在下载第 139/183 页...
2025-12-30 03:14:54 - mkk_comic - app.py:582 - INFO - 正在下载第 140/183 页...
2025-12-30 03:14:54 - mkk_comic - app.py:582 - INFO - 正在下载第 141/183 页...
2025-12-30 03:14:54 - mkk_comic - app.py:582 - INFO - 正在下载第 142/183 页...
2025-12-30 03:14:54 - mkk_comic - app.py:582 - INFO - 正在下载第 143/183 页...
2025-12-30 03:14:54 - mkk_comic - app.py:582 - INFO - 正在下载第 144/183 页...
2025-12-30 03:14:54 - mkk_comic - app.py:582 - INFO - 正在下载第 145/183 页...
2025-12-30 03:14:54 - mkk_comic - app.py:582 - INFO - 正在下载第 146/183 页...
2025-12-30 03:14:54 - mkk_comic - app.py:582 - INFO - 正在下载第 147/183 页...
2025-12-30 03:14:54 - mkk_comic - app.py:582 - INFO - 正在下载第 148/183 页...
2025-12-30 03:14:54 - mkk_comic - app.py:582 - INFO - 正在下载第 149/183 页...
2025-12-30 03:14:54 - mkk_comic - app.py:582 - INFO - 正在下载第 150/183 页...
2025-12-30 03:14:54 - mkk_comic - app.py:582 - INFO - 正在下载第 151/183 页...
2025-12-30 03:14:54 - mkk_comic - app.py:582 - INFO - 正在下载第 152/183 页...
2025-12-30 03:14:54 - mkk_comic - app.py:582 - INFO - 正在下载第 153/183 页...
2025-12-30 03:14:54 - mkk_comic - app.py:582 - INFO - 正在下载第 154/183 页...
2025-12-30 03:14:54 - mkk_comic - app.py:582 - INFO - 正在下载第 155/183 页...
2025-12-30 03:14:55 - mkk_comic - app.py:582 - INFO - 正在下载第 156/183 页...
2025-12-30 03:14:55 - mkk_comic - app.py:582 - INFO - 正在下载第 157/183 页...
2025-12-30 03:14:55 - mkk_comic - app.py:582 - INFO - 正在下载第 158/183 页...
2025-12-30 03:14:55 - mkk_comic - app.py:582 - INFO - 正在下载第 159/183 页...
2025-12-30 03:14:55 - mkk_comic - app.py:582 - INFO - 正在下载第 160/183 页...
2025-12-30 03:14:55 - mkk_comic - app.py:582 - INFO - 正在下载第 161/183 页...
2025-12-30 03:14:55 - mkk_comic - app.py:582 - INFO - 正在下载第 162/183 页...
2025-12-30 03:14:55 - mkk_comic - app.py:582 - INFO - 正在下载第 163/183 页...
2025-12-30 03:14:55 - mkk_comic - app.py:582 - INFO - 正在下载第 164/183 页...
2025-12-30 03:14:55 - mkk_comic - app.py:582 - INFO - 正在下载第 165/183 页...
2025-12-30 03:14:55 - mkk_comic - app.py:582 - INFO - 正在下载第 166/183 页...
2025-12-30 03:14:55 - mkk_comic - app.py:582 - INFO - 正在下载第 167/183 页...
2025-12-30 03:14:55 - mkk_comic - app.py:582 - INFO - 正在下载第 168/183 页...
2025-12-30 03:14:55 - mkk_comic - app.py:582 - INFO - 正在下载第 169/183 页...
2025-12-30 03:14:55 - mkk_comic - app.py:582 - INFO - 正在下载第 170/183 页...
2025-12-30 03:14:55 - mkk_comic - app.py:582 - INFO - 正在下载第 171/183 页...
2025-12-30 03:14:55 - mkk_comic - app.py:582 - INFO - 正在下载第 172/183 页...
2025-12-30 03:14:55 - mkk_comic - app.py:582 - INFO - 正在下载第 173/183 页...
2025-12-30 03:14:55 - mkk_comic - app.py:582 - INFO - 正在下载第 174/183 页...
2025-12-30 03:14:55 - mkk_comic - app.py:582 - INFO - 正在下载第 175/183 页...
2025-12-30 03:14:55 - mkk_comic - app.py:582 - INFO - 正在下载第 176/183 页...
2025-12-30 03:14:55 - mkk_comic - app.py:582 - INFO - 正在下载第 177/183 页...
2025-12-30 03:14:56 - mkk_comic - app.py:582 - INFO - 正在下载第 178/183 页...
2025-12-30 03:14:56 - mkk_comic - app.py:582 - INFO - 正在下载第 179/183 页...
2025-12-30 03:14:56 - mkk_comic - app.py:582 - INFO - 正在下载第 180/183 页...
2025-12-30 03:14:56 - mkk_comic - app.py:582 - INFO - 正在下载第 181/183 页...
2025-12-30 03:14:56 - mkk_comic - app.py:582 - INFO - 正在下载第 182/183 页...
2025-12-30 03:14:56 - mkk_comic - app.py:582 - INFO - 正在下载第 183/183 页...
2025-12-30 03:14:56 - mkk_comic - app.py:511 - INFO - 下载完成!
2025-12-30 03:14:56 - mkk_comic - app.py:512 - INFO - 成功下载: 183/183 页
2025-12-30 03:14:57 - mkk_comic - app.py:494 - INFO - 正在下载第15章: 第15卷    UUID:f48b187e-c85c-11e8-8859-024352452ce0
2025-12-30 03:14:58 - mkk_comic - app.py:502 - INFO - 创建目录: ./out/名偵探柯南/第15卷
2025-12-30 03:14:58 - mkk_comic - app.py:505 - INFO - 开始下载: 名偵探柯南 - 第15卷
2025-12-30 03:14:58 - mkk_comic - app.py:506 - INFO - 总页数: 181
2025-12-30 03:14:58 - mkk_comic - app.py:582 - INFO - 正在下载第 001/181 页...
2025-12-30 03:14:58 - mkk_comic - app.py:582 - INFO - 正在下载第 002/181 页...
2025-12-30 03:14:58 - mkk_comic - app.py:582 - INFO - 正在下载第 003/181 页...
2025-12-30 03:14:58 - mkk_comic - app.py:582 - INFO - 正在下载第 004/181 页...
2025-12-30 03:14:58 - mkk_comic - app.py:582 - INFO - 正在下载第 005/181 页...
2025-12-30 03:14:58 - mkk_comic - app.py:582 - INFO - 正在下载第 006/181 页...
2025-12-30 03:14:58 - mkk_comic - app.py:582 - INFO - 正在下载第 007/181 页...
2025-12-30 03:14:58 - mkk_comic - app.py:582 - INFO - 正在下载第 008/181 页...
2025-12-30 03:14:58 - mkk_comic - app.py:582 - INFO - 正在下载第 009/181 页...
2025-12-30 03:14:58 - mkk_comic - app.py:582 - INFO - 正在下载第 010/181 页...
2025-12-30 03:14:58 - mkk_comic - app.py:582 - INFO - 正在下载第 011/181 页...
2025-12-30 03:14:58 - mkk_comic - app.py:582 - INFO - 正在下载第 012/181 页...
2025-12-30 03:14:58 - mkk_comic - app.py:582 - INFO - 正在下载第 013/181 页...
2025-12-30 03:14:58 - mkk_comic - app.py:582 - INFO - 正在下载第 014/181 页...
2025-12-30 03:14:58 - mkk_comic - app.py:582 - INFO - 正在下载第 015/181 页...
2025-12-30 03:14:58 - mkk_comic - app.py:582 - INFO - 正在下载第 016/181 页...
2025-12-30 03:14:58 - mkk_comic - app.py:582 - INFO - 正在下载第 017/181 页...
2025-12-30 03:14:58 - mkk_comic - app.py:582 - INFO - 正在下载第 018/181 页...
2025-12-30 03:14:59 - mkk_comic - app.py:582 - INFO - 正在下载第 019/181 页...
2025-12-30 03:14:59 - mkk_comic - app.py:582 - INFO - 正在下载第 020/181 页...
2025-12-30 03:14:59 - mkk_comic - app.py:582 - INFO - 正在下载第 021/181 页...
2025-12-30 03:14:59 - mkk_comic - app.py:582 - INFO - 正在下载第 022/181 页...
2025-12-30 03:14:59 - mkk_comic - app.py:582 - INFO - 正在下载第 023/181 页...
2025-12-30 03:14:59 - mkk_comic - app.py:582 - INFO - 正在下载第 024/181 页...
2025-12-30 03:14:59 - mkk_comic - app.py:582 - INFO - 正在下载第 025/181 页...
2025-12-30 03:14:59 - mkk_comic - app.py:582 - INFO - 正在下载第 026/181 页...
2025-12-30 03:14:59 - mkk_comic - app.py:582 - INFO - 正在下载第 027/181 页...
2025-12-30 03:14:59 - mkk_comic - app.py:582 - INFO - 正在下载第 028/181 页...
2025-12-30 03:14:59 - mkk_comic - app.py:582 - INFO - 正在下载第 029/181 页...
2025-12-30 03:14:59 - mkk_comic - app.py:582 - INFO - 正在下载第 030/181 页...
2025-12-30 03:14:59 - mkk_comic - app.py:582 - INFO - 正在下载第 031/181 页...
2025-12-30 03:14:59 - mkk_comic - app.py:582 - INFO - 正在下载第 032/181 页...
2025-12-30 03:14:59 - mkk_comic - app.py:582 - INFO - 正在下载第 033/181 页...
2025-12-30 03:14:59 - mkk_comic - app.py:582 - INFO - 正在下载第 034/181 页...
2025-12-30 03:14:59 - mkk_comic - app.py:582 - INFO - 正在下载第 035/181 页...
2025-12-30 03:14:59 - mkk_comic - app.py:582 - INFO - 正在下载第 036/181 页...
2025-12-30 03:14:59 - mkk_comic - app.py:582 - INFO - 正在下载第 037/181 页...
2025-12-30 03:14:59 - mkk_comic - app.py:582 - INFO - 正在下载第 038/181 页...
2025-12-30 03:15:00 - mkk_comic - app.py:582 - INFO - 正在下载第 039/181 页...
2025-12-30 03:15:00 - mkk_comic - app.py:582 - INFO - 正在下载第 040/181 页...
2025-12-30 03:15:00 - mkk_comic - app.py:582 - INFO - 正在下载第 041/181 页...
2025-12-30 03:15:00 - mkk_comic - app.py:582 - INFO - 正在下载第 042/181 页...
2025-12-30 03:15:00 - mkk_comic - app.py:582 - INFO - 正在下载第 043/181 页...
2025-12-30 03:15:00 - mkk_comic - app.py:582 - INFO - 正在下载第 044/181 页...
2025-12-30 03:15:00 - mkk_comic - app.py:582 - INFO - 正在下载第 045/181 页...
2025-12-30 03:15:00 - mkk_comic - app.py:582 - INFO - 正在下载第 046/181 页...
2025-12-30 03:15:00 - mkk_comic - app.py:582 - INFO - 正在下载第 047/181 页...
2025-12-30 03:15:00 - mkk_comic - app.py:582 - INFO - 正在下载第 048/181 页...
2025-12-30 03:15:00 - mkk_comic - app.py:582 - INFO - 正在下载第 049/181 页...
2025-12-30 03:15:00 - mkk_comic - app.py:582 - INFO - 正在下载第 050/181 页...
2025-12-30 03:15:00 - mkk_comic - app.py:582 - INFO - 正在下载第 051/181 页...
2025-12-30 03:15:00 - mkk_comic - app.py:582 - INFO - 正在下载第 052/181 页...
2025-12-30 03:15:00 - mkk_comic - app.py:582 - INFO - 正在下载第 053/181 页...
2025-12-30 03:15:00 - mkk_comic - app.py:582 - INFO - 正在下载第 054/181 页...
2025-12-30 03:15:00 - mkk_comic - app.py:582 - INFO - 正在下载第 055/181 页...
2025-12-30 03:15:00 - mkk_comic - app.py:582 - INFO - 正在下载第 056/181 页...
2025-12-30 03:15:00 - mkk_comic - app.py:582 - INFO - 正在下载第 057/181 页...
2025-12-30 03:15:00 - mkk_comic - app.py:582 - INFO - 正在下载第 058/181 页...
2025-12-30 03:15:01 - mkk_comic - app.py:582 - INFO - 正在下载第 059/181 页...
2025-12-30 03:15:01 - mkk_comic - app.py:582 - INFO - 正在下载第 060/181 页...
2025-12-30 03:15:01 - mkk_comic - app.py:582 - INFO - 正在下载第 061/181 页...
2025-12-30 03:15:01 - mkk_comic - app.py:582 - INFO - 正在下载第 062/181 页...
2025-12-30 03:15:01 - mkk_comic - app.py:582 - INFO - 正在下载第 063/181 页...
2025-12-30 03:15:01 - mkk_comic - app.py:582 - INFO - 正在下载第 064/181 页...
2025-12-30 03:15:01 - mkk_comic - app.py:582 - INFO - 正在下载第 065/181 页...
2025-12-30 03:15:01 - mkk_comic - app.py:582 - INFO - 正在下载第 066/181 页...
2025-12-30 03:15:01 - mkk_comic - app.py:582 - INFO - 正在下载第 067/181 页...
2025-12-30 03:15:01 - mkk_comic - app.py:582 - INFO - 正在下载第 068/181 页...
2025-12-30 03:15:01 - mkk_comic - app.py:582 - INFO - 正在下载第 069/181 页...
2025-12-30 03:15:01 - mkk_comic - app.py:582 - INFO - 正在下载第 070/181 页...
2025-12-30 03:15:01 - mkk_comic - app.py:582 - INFO - 正在下载第 071/181 页...
2025-12-30 03:15:01 - mkk_comic - app.py:582 - INFO - 正在下载第 072/181 页...
2025-12-30 03:15:01 - mkk_comic - app.py:582 - INFO - 正在下载第 073/181 页...
2025-12-30 03:15:01 - mkk_comic - app.py:582 - INFO - 正在下载第 074/181 页...
2025-12-30 03:15:01 - mkk_comic - app.py:582 - INFO - 正在下载第 075/181 页...
2025-12-30 03:15:01 - mkk_comic - app.py:582 - INFO - 正在下载第 076/181 页...
2025-12-30 03:15:02 - mkk_comic - app.py:582 - INFO - 正在下载第 077/181 页...
2025-12-30 03:15:02 - mkk_comic - app.py:582 - INFO - 正在下载第 078/181 页...
2025-12-30 03:15:02 - mkk_comic - app.py:582 - INFO - 正在下载第 079/181 页...
2025-12-30 03:15:02 - mkk_comic - app.py:582 - INFO - 正在下载第 080/181 页...
2025-12-30 03:15:02 - mkk_comic - app.py:582 - INFO - 正在下载第 081/181 页...
2025-12-30 03:15:02 - mkk_comic - app.py:582 - INFO - 正在下载第 082/181 页...
2025-12-30 03:15:02 - mkk_comic - app.py:582 - INFO - 正在下载第 083/181 页...
2025-12-30 03:15:02 - mkk_comic - app.py:582 - INFO - 正在下载第 084/181 页...
2025-12-30 03:15:02 - mkk_comic - app.py:582 - INFO - 正在下载第 085/181 页...
2025-12-30 03:15:02 - mkk_comic - app.py:582 - INFO - 正在下载第 086/181 页...
2025-12-30 03:15:02 - mkk_comic - app.py:582 - INFO - 正在下载第 087/181 页...
2025-12-30 03:15:02 - mkk_comic - app.py:582 - INFO - 正在下载第 088/181 页...
2025-12-30 03:15:02 - mkk_comic - app.py:582 - INFO - 正在下载第 089/181 页...
2025-12-30 03:15:02 - mkk_comic - app.py:582 - INFO - 正在下载第 090/181 页...
2025-12-30 03:15:02 - mkk_comic - app.py:582 - INFO - 正在下载第 091/181 页...
2025-12-30 03:15:02 - mkk_comic - app.py:582 - INFO - 正在下载第 092/181 页...
2025-12-30 03:15:02 - mkk_comic - app.py:582 - INFO - 正在下载第 093/181 页...
2025-12-30 03:15:02 - mkk_comic - app.py:582 - INFO - 正在下载第 094/181 页...
2025-12-30 03:15:02 - mkk_comic - app.py:582 - INFO - 正在下载第 095/181 页...
2025-12-30 03:15:02 - mkk_comic - app.py:582 - INFO - 正在下载第 096/181 页...
2025-12-30 03:15:02 - mkk_comic - app.py:582 - INFO - 正在下载第 097/181 页...
2025-12-30 03:15:02 - mkk_comic - app.py:582 - INFO - 正在下载第 098/181 页...
2025-12-30 03:15:03 - mkk_comic - app.py:582 - INFO - 正在下载第 099/181 页...
2025-12-30 03:15:03 - mkk_comic - app.py:582 - INFO - 正在下载第 100/181 页...
2025-12-30 03:15:03 - mkk_comic - app.py:582 - INFO - 正在下载第 101/181 页...
2025-12-30 03:15:03 - mkk_comic - app.py:582 - INFO - 正在下载第 102/181 页...
2025-12-30 03:15:03 - mkk_comic - app.py:582 - INFO - 正在下载第 103/181 页...
2025-12-30 03:15:03 - mkk_comic - app.py:582 - INFO - 正在下载第 104/181 页...
2025-12-30 03:15:03 - mkk_comic - app.py:582 - INFO - 正在下载第 105/181 页...
2025-12-30 03:15:03 - mkk_comic - app.py:582 - INFO - 正在下载第 106/181 页...
2025-12-30 03:15:03 - mkk_comic - app.py:582 - INFO - 正在下载第 107/181 页...
2025-12-30 03:15:03 - mkk_comic - app.py:582 - INFO - 正在下载第 108/181 页...
2025-12-30 03:15:03 - mkk_comic - app.py:582 - INFO - 正在下载第 109/181 页...
2025-12-30 03:15:03 - mkk_comic - app.py:582 - INFO - 正在下载第 110/181 页...
2025-12-30 03:15:03 - mkk_comic - app.py:582 - INFO - 正在下载第 111/181 页...
2025-12-30 03:15:03 - mkk_comic - app.py:582 - INFO - 正在下载第 112/181 页...
2025-12-30 03:15:03 - mkk_comic - app.py:582 - INFO - 正在下载第 113/181 页...
2025-12-30 03:15:03 - mkk_comic - app.py:582 - INFO - 正在下载第 114/181 页...
2025-12-30 03:15:03 - mkk_comic - app.py:582 - INFO - 正在下载第 115/181 页...
2025-12-30 03:15:03 - mkk_comic - app.py:582 - INFO - 正在下载第 116/181 页...
2025-12-30 03:15:03 - mkk_comic - app.py:582 - INFO - 正在下载第 117/181 页...
2025-12-30 03:15:03 - mkk_comic - app.py:582 - INFO - 正在下载第 118/181 页...
2025-12-30 03:15:03 - mkk_comic - app.py:582 - INFO - 正在下载第 119/181 页...
2025-12-30 03:15:04 - mkk_comic - app.py:582 - INFO - 正在下载第 120/181 页...
2025-12-30 03:15:04 - mkk_comic - app.py:582 - INFO - 正在下载第 121/181 页...
2025-12-30 03:15:04 - mkk_comic - app.py:582 - INFO - 正在下载第 122/181 页...
2025-12-30 03:15:04 - mkk_comic - app.py:582 - INFO - 正在下载第 123/181 页...
2025-12-30 03:15:04 - mkk_comic - app.py:582 - INFO - 正在下载第 124/181 页...
2025-12-30 03:15:04 - mkk_comic - app.py:582 - INFO - 正在下载第 125/181 页...
2025-12-30 03:15:04 - mkk_comic - app.py:582 - INFO - 正在下载第 126/181 页...
2025-12-30 03:15:04 - mkk_comic - app.py:582 - INFO - 正在下载第 127/181 页...
2025-12-30 03:15:04 - mkk_comic - app.py:582 - INFO - 正在下载第 128/181 页...
2025-12-30 03:15:04 - mkk_comic - app.py:582 - INFO - 正在下载第 129/181 页...
2025-12-30 03:15:04 - mkk_comic - app.py:582 - INFO - 正在下载第 130/181 页...
2025-12-30 03:15:04 - mkk_comic - app.py:582 - INFO - 正在下载第 131/181 页...
2025-12-30 03:15:04 - mkk_comic - app.py:582 - INFO - 正在下载第 132/181 页...
2025-12-30 03:15:04 - mkk_comic - app.py:582 - INFO - 正在下载第 133/181 页...
2025-12-30 03:15:04 - mkk_comic - app.py:582 - INFO - 正在下载第 134/181 页...
2025-12-30 03:15:04 - mkk_comic - app.py:582 - INFO - 正在下载第 135/181 页...
2025-12-30 03:15:04 - mkk_comic - app.py:582 - INFO - 正在下载第 136/181 页...
2025-12-30 03:15:04 - mkk_comic - app.py:582 - INFO - 正在下载第 137/181 页...
2025-12-30 03:15:04 - mkk_comic - app.py:582 - INFO - 正在下载第 138/181 页...
2025-12-30 03:15:05 - mkk_comic - app.py:582 - INFO - 正在下载第 139/181 页...
2025-12-30 03:15:05 - mkk_comic - app.py:582 - INFO - 正在下载第 140/181 页...
2025-12-30 03:15:05 - mkk_comic - app.py:582 - INFO - 正在下载第 141/181 页...
2025-12-30 03:15:05 - mkk_comic - app.py:582 - INFO - 正在下载第 142/181 页...
2025-12-30 03:15:05 - mkk_comic - app.py:582 - INFO - 正在下载第 143/181 页...
2025-12-30 03:15:05 - mkk_comic - app.py:582 - INFO - 正在下载第 144/181 页...
2025-12-30 03:15:05 - mkk_comic - app.py:582 - INFO - 正在下载第 145/181 页...
2025-12-30 03:15:05 - mkk_comic - app.py:582 - INFO - 正在下载第 146/181 页...
2025-12-30 03:15:05 - mkk_comic - app.py:582 - INFO - 正在下载第 147/181 页...
2025-12-30 03:15:05 - mkk_comic - app.py:582 - INFO - 正在下载第 148/181 页...
2025-12-30 03:15:05 - mkk_comic - app.py:582 - INFO - 正在下载第 149/181 页...
2025-12-30 03:15:06 - mkk_comic - app.py:582 - INFO - 正在下载第 150/181 页...
2025-12-30 03:15:06 - mkk_comic - app.py:582 - INFO - 正在下载第 151/181 页...
2025-12-30 03:15:06 - mkk_comic - app.py:582 - INFO - 正在下载第 152/181 页...
2025-12-30 03:15:06 - mkk_comic - app.py:582 - INFO - 正在下载第 153/181 页...
2025-12-30 03:15:06 - mkk_comic - app.py:582 - INFO - 正在下载第 154/181 页...
2025-12-30 03:15:06 - mkk_comic - app.py:582 - INFO - 正在下载第 155/181 页...
2025-12-30 03:15:06 - mkk_comic - app.py:582 - INFO - 正在下载第 156/181 页...
2025-12-30 03:15:06 - mkk_comic - app.py:582 - INFO - 正在下载第 157/181 页...
2025-12-30 03:15:06 - mkk_comic - app.py:582 - INFO - 正在下载第 158/181 页...
2025-12-30 03:15:06 - mkk_comic - app.py:582 - INFO - 正在下载第 159/181 页...
2025-12-30 03:15:07 - mkk_comic - app.py:582 - INFO - 正在下载第 160/181 页...
2025-12-30 03:15:07 - mkk_comic - app.py:582 - INFO - 正在下载第 161/181 页...
2025-12-30 03:15:07 - mkk_comic - app.py:582 - INFO - 正在下载第 162/181 页...
2025-12-30 03:15:07 - mkk_comic - app.py:582 - INFO - 正在下载第 163/181 页...
2025-12-30 03:15:07 - mkk_comic - app.py:582 - INFO - 正在下载第 164/181 页...
2025-12-30 03:15:07 - mkk_comic - app.py:582 - INFO - 正在下载第 165/181 页...
2025-12-30 03:15:07 - mkk_comic - app.py:582 - INFO - 正在下载第 166/181 页...
2025-12-30 03:15:07 - mkk_comic - app.py:582 - INFO - 正在下载第 167/181 页...
2025-12-30 03:15:07 - mkk_comic - app.py:582 - INFO - 正在下载第 168/181 页...
2025-12-30 03:15:07 - mkk_comic - app.py:582 - INFO - 正在下载第 169/181 页...
2025-12-30 03:15:07 - mkk_comic - app.py:582 - INFO - 正在下载第 170/181 页...
2025-12-30 03:15:07 - mkk_comic - app.py:582 - INFO - 正在下载第 171/181 页...
2025-12-30 03:15:07 - mkk_comic - app.py:582 - INFO - 正在下载第 172/181 页...
2025-12-30 03:15:07 - mkk_comic - app.py:582 - INFO - 正在下载第 173/181 页...
2025-12-30 03:15:07 - mkk_comic - app.py:582 - INFO - 正在下载第 174/181 页...
2025-12-30 03:15:07 - mkk_comic - app.py:582 - INFO - 正在下载第 175/181 页...
2025-12-30 03:15:07 - mkk_comic - app.py:582 - INFO - 正在下载第 176/181 页...
2025-12-30 03:15:07 - mkk_comic - app.py:582 - INFO - 正在下载第 177/181 页...
2025-12-30 03:15:07 - mkk_comic - app.py:582 - INFO - 正在下载第 178/181 页...
2025-12-30 03:15:07 - mkk_comic - app.py:582 - INFO - 正在下载第 179/181 页...
2025-12-30 03:15:07 - mkk_comic - app.py:582 - INFO - 正在下载第 180/181 页...
2025-12-30 03:15:07 - mkk_comic - app.py:582 - INFO - 正在下载第 181/181 页...
2025-12-30 03:15:08 - mkk_comic - app.py:511 - INFO - 下载完成!
2025-12-30 03:15:08 - mkk_comic - app.py:512 - INFO - 成功下载: 181/181 页
2025-12-30 03:15:08 - mkk_comic - app.py:858 - INFO - ===== 检查更新完成 =====

