2026-01-12 03:24:21 - mkk_comic - app.py:863 - INFO - 运行环境：GitHub Actions（自动化模式）
2026-01-12 03:24:21 - mkk_comic - app.py:820 - INFO - ===== 开始检查更新=====
2026-01-12 03:24:21 - mkk_comic - app.py:838 - INFO - 【名侦探柯南】上次下载至第39章
2026-01-12 03:24:22 - mkk_comic - app.py:845 - INFO - 【名侦探柯南】检测到更新！最新：272章
2026-01-12 03:24:22 - mkk_comic - app.py:848 - INFO - 【名侦探柯南】最大下载限制为2章-需下载40~41章）
2026-01-12 03:24:23 - mkk_comic - app.py:494 - INFO - 正在下载第40章: 第40卷    UUID:cdcf0c82-c85e-11e8-8859-024352452ce0
2026-01-12 03:24:24 - mkk_comic - app.py:502 - INFO - 创建目录: ./out/名偵探柯南/第40卷
2026-01-12 03:24:24 - mkk_comic - app.py:505 - INFO - 开始下载: 名偵探柯南 - 第40卷
2026-01-12 03:24:24 - mkk_comic - app.py:506 - INFO - 总页数: 181
2026-01-12 03:24:24 - mkk_comic - app.py:582 - INFO - 正在下载第 001/181 页...
2026-01-12 03:24:24 - mkk_comic - app.py:582 - INFO - 正在下载第 002/181 页...
2026-01-12 03:24:24 - mkk_comic - app.py:582 - INFO - 正在下载第 003/181 页...
2026-01-12 03:24:24 - mkk_comic - app.py:582 - INFO - 正在下载第 004/181 页...
2026-01-12 03:24:24 - mkk_comic - app.py:582 - INFO - 正在下载第 005/181 页...
2026-01-12 03:24:24 - mkk_comic - app.py:582 - INFO - 正在下载第 006/181 页...
2026-01-12 03:24:24 - mkk_comic - app.py:582 - INFO - 正在下载第 007/181 页...
2026-01-12 03:24:24 - mkk_comic - app.py:582 - INFO - 正在下载第 008/181 页...
2026-01-12 03:24:24 - mkk_comic - app.py:582 - INFO - 正在下载第 009/181 页...
2026-01-12 03:24:24 - mkk_comic - app.py:582 - INFO - 正在下载第 010/181 页...
2026-01-12 03:24:24 - mkk_comic - app.py:582 - INFO - 正在下载第 011/181 页...
2026-01-12 03:24:24 - mkk_comic - app.py:582 - INFO - 正在下载第 012/181 页...
2026-01-12 03:24:24 - mkk_comic - app.py:582 - INFO - 正在下载第 013/181 页...
2026-01-12 03:24:24 - mkk_comic - app.py:582 - INFO - 正在下载第 014/181 页...
2026-01-12 03:24:24 - mkk_comic - app.py:582 - INFO - 正在下载第 015/181 页...
2026-01-12 03:24:24 - mkk_comic - app.py:582 - INFO - 正在下载第 016/181 页...
2026-01-12 03:24:24 - mkk_comic - app.py:582 - INFO - 正在下载第 017/181 页...
2026-01-12 03:24:24 - mkk_comic - app.py:582 - INFO - 正在下载第 018/181 页...
2026-01-12 03:24:24 - mkk_comic - app.py:582 - INFO - 正在下载第 019/181 页...
2026-01-12 03:24:24 - mkk_comic - app.py:582 - INFO - 正在下载第 020/181 页...
2026-01-12 03:24:24 - mkk_comic - app.py:582 - INFO - 正在下载第 021/181 页...
2026-01-12 03:24:24 - mkk_comic - app.py:582 - INFO - 正在下载第 022/181 页...
2026-01-12 03:24:24 - mkk_comic - app.py:582 - INFO - 正在下载第 023/181 页...
2026-01-12 03:24:24 - mkk_comic - app.py:582 - INFO - 正在下载第 024/181 页...
2026-01-12 03:24:25 - mkk_comic - app.py:582 - INFO - 正在下载第 025/181 页...
2026-01-12 03:24:25 - mkk_comic - app.py:582 - INFO - 正在下载第 026/181 页...
2026-01-12 03:24:25 - mkk_comic - app.py:582 - INFO - 正在下载第 027/181 页...
2026-01-12 03:24:25 - mkk_comic - app.py:582 - INFO - 正在下载第 028/181 页...
2026-01-12 03:24:25 - mkk_comic - app.py:582 - INFO - 正在下载第 029/181 页...
2026-01-12 03:24:25 - mkk_comic - app.py:582 - INFO - 正在下载第 030/181 页...
2026-01-12 03:24:25 - mkk_comic - app.py:582 - INFO - 正在下载第 031/181 页...
2026-01-12 03:24:25 - mkk_comic - app.py:582 - INFO - 正在下载第 032/181 页...
2026-01-12 03:24:25 - mkk_comic - app.py:582 - INFO - 正在下载第 033/181 页...
2026-01-12 03:24:25 - mkk_comic - app.py:582 - INFO - 正在下载第 034/181 页...
2026-01-12 03:24:25 - mkk_comic - app.py:582 - INFO - 正在下载第 035/181 页...
2026-01-12 03:24:25 - mkk_comic - app.py:582 - INFO - 正在下载第 036/181 页...
2026-01-12 03:24:25 - mkk_comic - app.py:582 - INFO - 正在下载第 037/181 页...
2026-01-12 03:24:25 - mkk_comic - app.py:582 - INFO - 正在下载第 038/181 页...
2026-01-12 03:24:25 - mkk_comic - app.py:582 - INFO - 正在下载第 039/181 页...
2026-01-12 03:24:25 - mkk_comic - app.py:582 - INFO - 正在下载第 040/181 页...
2026-01-12 03:24:25 - mkk_comic - app.py:582 - INFO - 正在下载第 041/181 页...
2026-01-12 03:24:25 - mkk_comic - app.py:582 - INFO - 正在下载第 042/181 页...
2026-01-12 03:24:25 - mkk_comic - app.py:582 - INFO - 正在下载第 043/181 页...
2026-01-12 03:24:25 - mkk_comic - app.py:582 - INFO - 正在下载第 044/181 页...
2026-01-12 03:24:25 - mkk_comic - app.py:582 - INFO - 正在下载第 045/181 页...
2026-01-12 03:24:25 - mkk_comic - app.py:582 - INFO - 正在下载第 046/181 页...
2026-01-12 03:24:25 - mkk_comic - app.py:582 - INFO - 正在下载第 047/181 页...
2026-01-12 03:24:25 - mkk_comic - app.py:582 - INFO - 正在下载第 048/181 页...
2026-01-12 03:24:25 - mkk_comic - app.py:582 - INFO - 正在下载第 049/181 页...
2026-01-12 03:24:25 - mkk_comic - app.py:582 - INFO - 正在下载第 050/181 页...
2026-01-12 03:24:25 - mkk_comic - app.py:582 - INFO - 正在下载第 051/181 页...
2026-01-12 03:24:25 - mkk_comic - app.py:582 - INFO - 正在下载第 052/181 页...
2026-01-12 03:24:25 - mkk_comic - app.py:582 - INFO - 正在下载第 053/181 页...
2026-01-12 03:24:26 - mkk_comic - app.py:582 - INFO - 正在下载第 054/181 页...
2026-01-12 03:24:26 - mkk_comic - app.py:582 - INFO - 正在下载第 055/181 页...
2026-01-12 03:24:26 - mkk_comic - app.py:582 - INFO - 正在下载第 056/181 页...
2026-01-12 03:24:26 - mkk_comic - app.py:582 - INFO - 正在下载第 057/181 页...
2026-01-12 03:24:26 - mkk_comic - app.py:582 - INFO - 正在下载第 058/181 页...
2026-01-12 03:24:26 - mkk_comic - app.py:582 - INFO - 正在下载第 059/181 页...
2026-01-12 03:24:26 - mkk_comic - app.py:582 - INFO - 正在下载第 060/181 页...
2026-01-12 03:24:26 - mkk_comic - app.py:582 - INFO - 正在下载第 061/181 页...
2026-01-12 03:24:26 - mkk_comic - app.py:582 - INFO - 正在下载第 062/181 页...
2026-01-12 03:24:26 - mkk_comic - app.py:582 - INFO - 正在下载第 063/181 页...
2026-01-12 03:24:26 - mkk_comic - app.py:582 - INFO - 正在下载第 064/181 页...
2026-01-12 03:24:26 - mkk_comic - app.py:582 - INFO - 正在下载第 065/181 页...
2026-01-12 03:24:26 - mkk_comic - app.py:582 - INFO - 正在下载第 066/181 页...
2026-01-12 03:24:26 - mkk_comic - app.py:582 - INFO - 正在下载第 067/181 页...
2026-01-12 03:24:26 - mkk_comic - app.py:582 - INFO - 正在下载第 068/181 页...
2026-01-12 03:24:26 - mkk_comic - app.py:582 - INFO - 正在下载第 069/181 页...
2026-01-12 03:24:26 - mkk_comic - app.py:582 - INFO - 正在下载第 070/181 页...
2026-01-12 03:24:26 - mkk_comic - app.py:582 - INFO - 正在下载第 071/181 页...
2026-01-12 03:24:26 - mkk_comic - app.py:582 - INFO - 正在下载第 072/181 页...
2026-01-12 03:24:26 - mkk_comic - app.py:582 - INFO - 正在下载第 073/181 页...
2026-01-12 03:24:26 - mkk_comic - app.py:582 - INFO - 正在下载第 074/181 页...
2026-01-12 03:24:26 - mkk_comic - app.py:582 - INFO - 正在下载第 075/181 页...
2026-01-12 03:24:26 - mkk_comic - app.py:582 - INFO - 正在下载第 076/181 页...
2026-01-12 03:24:26 - mkk_comic - app.py:582 - INFO - 正在下载第 077/181 页...
2026-01-12 03:24:26 - mkk_comic - app.py:582 - INFO - 正在下载第 078/181 页...
2026-01-12 03:24:26 - mkk_comic - app.py:582 - INFO - 正在下载第 079/181 页...
2026-01-12 03:24:26 - mkk_comic - app.py:582 - INFO - 正在下载第 080/181 页...
2026-01-12 03:24:26 - mkk_comic - app.py:582 - INFO - 正在下载第 081/181 页...
2026-01-12 03:24:26 - mkk_comic - app.py:582 - INFO - 正在下载第 082/181 页...
2026-01-12 03:24:26 - mkk_comic - app.py:582 - INFO - 正在下载第 083/181 页...
2026-01-12 03:24:26 - mkk_comic - app.py:582 - INFO - 正在下载第 084/181 页...
2026-01-12 03:24:26 - mkk_comic - app.py:582 - INFO - 正在下载第 085/181 页...
2026-01-12 03:24:26 - mkk_comic - app.py:582 - INFO - 正在下载第 086/181 页...
2026-01-12 03:24:26 - mkk_comic - app.py:582 - INFO - 正在下载第 087/181 页...
2026-01-12 03:24:27 - mkk_comic - app.py:582 - INFO - 正在下载第 088/181 页...
2026-01-12 03:24:27 - mkk_comic - app.py:582 - INFO - 正在下载第 089/181 页...
2026-01-12 03:24:27 - mkk_comic - app.py:582 - INFO - 正在下载第 090/181 页...
2026-01-12 03:24:27 - mkk_comic - app.py:582 - INFO - 正在下载第 091/181 页...
2026-01-12 03:24:27 - mkk_comic - app.py:582 - INFO - 正在下载第 092/181 页...
2026-01-12 03:24:27 - mkk_comic - app.py:582 - INFO - 正在下载第 093/181 页...
2026-01-12 03:24:27 - mkk_comic - app.py:582 - INFO - 正在下载第 094/181 页...
2026-01-12 03:24:27 - mkk_comic - app.py:582 - INFO - 正在下载第 095/181 页...
2026-01-12 03:24:27 - mkk_comic - app.py:582 - INFO - 正在下载第 096/181 页...
2026-01-12 03:24:27 - mkk_comic - app.py:582 - INFO - 正在下载第 097/181 页...
2026-01-12 03:24:27 - mkk_comic - app.py:582 - INFO - 正在下载第 098/181 页...
2026-01-12 03:24:27 - mkk_comic - app.py:582 - INFO - 正在下载第 099/181 页...
2026-01-12 03:24:27 - mkk_comic - app.py:582 - INFO - 正在下载第 100/181 页...
2026-01-12 03:24:27 - mkk_comic - app.py:582 - INFO - 正在下载第 101/181 页...
2026-01-12 03:24:27 - mkk_comic - app.py:582 - INFO - 正在下载第 102/181 页...
2026-01-12 03:24:27 - mkk_comic - app.py:582 - INFO - 正在下载第 103/181 页...
2026-01-12 03:24:27 - mkk_comic - app.py:582 - INFO - 正在下载第 104/181 页...
2026-01-12 03:24:27 - mkk_comic - app.py:582 - INFO - 正在下载第 105/181 页...
2026-01-12 03:24:27 - mkk_comic - app.py:582 - INFO - 正在下载第 106/181 页...
2026-01-12 03:24:27 - mkk_comic - app.py:582 - INFO - 正在下载第 107/181 页...
2026-01-12 03:24:27 - mkk_comic - app.py:582 - INFO - 正在下载第 108/181 页...
2026-01-12 03:24:27 - mkk_comic - app.py:582 - INFO - 正在下载第 109/181 页...
2026-01-12 03:24:27 - mkk_comic - app.py:582 - INFO - 正在下载第 110/181 页...
2026-01-12 03:24:27 - mkk_comic - app.py:582 - INFO - 正在下载第 111/181 页...
2026-01-12 03:24:27 - mkk_comic - app.py:582 - INFO - 正在下载第 112/181 页...
2026-01-12 03:24:27 - mkk_comic - app.py:582 - INFO - 正在下载第 113/181 页...
2026-01-12 03:24:27 - mkk_comic - app.py:582 - INFO - 正在下载第 114/181 页...
2026-01-12 03:24:27 - mkk_comic - app.py:582 - INFO - 正在下载第 115/181 页...
2026-01-12 03:24:27 - mkk_comic - app.py:582 - INFO - 正在下载第 116/181 页...
2026-01-12 03:24:27 - mkk_comic - app.py:582 - INFO - 正在下载第 117/181 页...
2026-01-12 03:24:28 - mkk_comic - app.py:582 - INFO - 正在下载第 118/181 页...
2026-01-12 03:24:28 - mkk_comic - app.py:582 - INFO - 正在下载第 119/181 页...
2026-01-12 03:24:28 - mkk_comic - app.py:582 - INFO - 正在下载第 120/181 页...
2026-01-12 03:24:28 - mkk_comic - app.py:582 - INFO - 正在下载第 121/181 页...
2026-01-12 03:24:28 - mkk_comic - app.py:582 - INFO - 正在下载第 122/181 页...
2026-01-12 03:24:28 - mkk_comic - app.py:582 - INFO - 正在下载第 123/181 页...
2026-01-12 03:24:28 - mkk_comic - app.py:582 - INFO - 正在下载第 124/181 页...
2026-01-12 03:24:28 - mkk_comic - app.py:582 - INFO - 正在下载第 125/181 页...
2026-01-12 03:24:28 - mkk_comic - app.py:582 - INFO - 正在下载第 126/181 页...
2026-01-12 03:24:28 - mkk_comic - app.py:582 - INFO - 正在下载第 127/181 页...
2026-01-12 03:24:28 - mkk_comic - app.py:582 - INFO - 正在下载第 128/181 页...
2026-01-12 03:24:28 - mkk_comic - app.py:582 - INFO - 正在下载第 129/181 页...
2026-01-12 03:24:28 - mkk_comic - app.py:582 - INFO - 正在下载第 130/181 页...
2026-01-12 03:24:28 - mkk_comic - app.py:582 - INFO - 正在下载第 131/181 页...
2026-01-12 03:24:28 - mkk_comic - app.py:582 - INFO - 正在下载第 132/181 页...
2026-01-12 03:24:28 - mkk_comic - app.py:582 - INFO - 正在下载第 133/181 页...
2026-01-12 03:24:28 - mkk_comic - app.py:582 - INFO - 正在下载第 134/181 页...
2026-01-12 03:24:28 - mkk_comic - app.py:582 - INFO - 正在下载第 135/181 页...
2026-01-12 03:24:28 - mkk_comic - app.py:582 - INFO - 正在下载第 136/181 页...
2026-01-12 03:24:28 - mkk_comic - app.py:582 - INFO - 正在下载第 137/181 页...
2026-01-12 03:24:28 - mkk_comic - app.py:582 - INFO - 正在下载第 138/181 页...
2026-01-12 03:24:28 - mkk_comic - app.py:582 - INFO - 正在下载第 139/181 页...
2026-01-12 03:24:28 - mkk_comic - app.py:582 - INFO - 正在下载第 140/181 页...
2026-01-12 03:24:28 - mkk_comic - app.py:582 - INFO - 正在下载第 141/181 页...
2026-01-12 03:24:28 - mkk_comic - app.py:582 - INFO - 正在下载第 142/181 页...
2026-01-12 03:24:28 - mkk_comic - app.py:582 - INFO - 正在下载第 143/181 页...
2026-01-12 03:24:28 - mkk_comic - app.py:582 - INFO - 正在下载第 144/181 页...
2026-01-12 03:24:28 - mkk_comic - app.py:582 - INFO - 正在下载第 145/181 页...
2026-01-12 03:24:28 - mkk_comic - app.py:582 - INFO - 正在下载第 146/181 页...
2026-01-12 03:24:28 - mkk_comic - app.py:582 - INFO - 正在下载第 147/181 页...
2026-01-12 03:24:28 - mkk_comic - app.py:582 - INFO - 正在下载第 148/181 页...
2026-01-12 03:24:28 - mkk_comic - app.py:582 - INFO - 正在下载第 149/181 页...
2026-01-12 03:24:29 - mkk_comic - app.py:582 - INFO - 正在下载第 150/181 页...
2026-01-12 03:24:29 - mkk_comic - app.py:582 - INFO - 正在下载第 151/181 页...
2026-01-12 03:24:29 - mkk_comic - app.py:582 - INFO - 正在下载第 152/181 页...
2026-01-12 03:24:29 - mkk_comic - app.py:582 - INFO - 正在下载第 153/181 页...
2026-01-12 03:24:29 - mkk_comic - app.py:582 - INFO - 正在下载第 154/181 页...
2026-01-12 03:24:29 - mkk_comic - app.py:582 - INFO - 正在下载第 155/181 页...
2026-01-12 03:24:29 - mkk_comic - app.py:582 - INFO - 正在下载第 156/181 页...
2026-01-12 03:24:29 - mkk_comic - app.py:582 - INFO - 正在下载第 157/181 页...
2026-01-12 03:24:29 - mkk_comic - app.py:582 - INFO - 正在下载第 158/181 页...
2026-01-12 03:24:29 - mkk_comic - app.py:582 - INFO - 正在下载第 159/181 页...
2026-01-12 03:24:29 - mkk_comic - app.py:582 - INFO - 正在下载第 160/181 页...
2026-01-12 03:24:29 - mkk_comic - app.py:582 - INFO - 正在下载第 161/181 页...
2026-01-12 03:24:29 - mkk_comic - app.py:582 - INFO - 正在下载第 162/181 页...
2026-01-12 03:24:29 - mkk_comic - app.py:582 - INFO - 正在下载第 163/181 页...
2026-01-12 03:24:29 - mkk_comic - app.py:582 - INFO - 正在下载第 164/181 页...
2026-01-12 03:24:29 - mkk_comic - app.py:582 - INFO - 正在下载第 165/181 页...
2026-01-12 03:24:29 - mkk_comic - app.py:582 - INFO - 正在下载第 166/181 页...
2026-01-12 03:24:29 - mkk_comic - app.py:582 - INFO - 正在下载第 167/181 页...
2026-01-12 03:24:29 - mkk_comic - app.py:582 - INFO - 正在下载第 168/181 页...
2026-01-12 03:24:29 - mkk_comic - app.py:582 - INFO - 正在下载第 169/181 页...
2026-01-12 03:24:29 - mkk_comic - app.py:582 - INFO - 正在下载第 170/181 页...
2026-01-12 03:24:29 - mkk_comic - app.py:582 - INFO - 正在下载第 171/181 页...
2026-01-12 03:24:29 - mkk_comic - app.py:582 - INFO - 正在下载第 172/181 页...
2026-01-12 03:24:29 - mkk_comic - app.py:582 - INFO - 正在下载第 173/181 页...
2026-01-12 03:24:29 - mkk_comic - app.py:582 - INFO - 正在下载第 174/181 页...
2026-01-12 03:24:29 - mkk_comic - app.py:582 - INFO - 正在下载第 175/181 页...
2026-01-12 03:24:29 - mkk_comic - app.py:582 - INFO - 正在下载第 176/181 页...
2026-01-12 03:24:29 - mkk_comic - app.py:582 - INFO - 正在下载第 177/181 页...
2026-01-12 03:24:29 - mkk_comic - app.py:582 - INFO - 正在下载第 178/181 页...
2026-01-12 03:24:29 - mkk_comic - app.py:582 - INFO - 正在下载第 179/181 页...
2026-01-12 03:24:29 - mkk_comic - app.py:582 - INFO - 正在下载第 180/181 页...
2026-01-12 03:24:29 - mkk_comic - app.py:582 - INFO - 正在下载第 181/181 页...
2026-01-12 03:24:30 - mkk_comic - app.py:511 - INFO - 下载完成!
2026-01-12 03:24:30 - mkk_comic - app.py:512 - INFO - 成功下载: 181/181 页
2026-01-12 03:24:30 - mkk_comic - app.py:494 - INFO - 正在下载第41章: 第41卷    UUID:d2989830-c85e-11e8-8859-024352452ce0
2026-01-12 03:24:31 - mkk_comic - app.py:502 - INFO - 创建目录: ./out/名偵探柯南/第41卷
2026-01-12 03:24:31 - mkk_comic - app.py:505 - INFO - 开始下载: 名偵探柯南 - 第41卷
2026-01-12 03:24:31 - mkk_comic - app.py:506 - INFO - 总页数: 195
2026-01-12 03:24:31 - mkk_comic - app.py:582 - INFO - 正在下载第 001/195 页...
2026-01-12 03:24:31 - mkk_comic - app.py:582 - INFO - 正在下载第 002/195 页...
2026-01-12 03:24:31 - mkk_comic - app.py:582 - INFO - 正在下载第 003/195 页...
2026-01-12 03:24:31 - mkk_comic - app.py:582 - INFO - 正在下载第 004/195 页...
2026-01-12 03:24:31 - mkk_comic - app.py:582 - INFO - 正在下载第 005/195 页...
2026-01-12 03:24:31 - mkk_comic - app.py:582 - INFO - 正在下载第 006/195 页...
2026-01-12 03:24:31 - mkk_comic - app.py:582 - INFO - 正在下载第 007/195 页...
2026-01-12 03:24:31 - mkk_comic - app.py:582 - INFO - 正在下载第 008/195 页...
2026-01-12 03:24:32 - mkk_comic - app.py:582 - INFO - 正在下载第 009/195 页...
2026-01-12 03:24:32 - mkk_comic - app.py:582 - INFO - 正在下载第 010/195 页...
2026-01-12 03:24:32 - mkk_comic - app.py:582 - INFO - 正在下载第 011/195 页...
2026-01-12 03:24:32 - mkk_comic - app.py:582 - INFO - 正在下载第 012/195 页...
2026-01-12 03:24:32 - mkk_comic - app.py:582 - INFO - 正在下载第 013/195 页...
2026-01-12 03:24:32 - mkk_comic - app.py:582 - INFO - 正在下载第 014/195 页...
2026-01-12 03:24:32 - mkk_comic - app.py:582 - INFO - 正在下载第 015/195 页...
2026-01-12 03:24:32 - mkk_comic - app.py:582 - INFO - 正在下载第 016/195 页...
2026-01-12 03:24:32 - mkk_comic - app.py:582 - INFO - 正在下载第 017/195 页...
2026-01-12 03:24:32 - mkk_comic - app.py:582 - INFO - 正在下载第 018/195 页...
2026-01-12 03:24:32 - mkk_comic - app.py:582 - INFO - 正在下载第 019/195 页...
2026-01-12 03:24:32 - mkk_comic - app.py:582 - INFO - 正在下载第 020/195 页...
2026-01-12 03:24:32 - mkk_comic - app.py:582 - INFO - 正在下载第 021/195 页...
2026-01-12 03:24:32 - mkk_comic - app.py:582 - INFO - 正在下载第 022/195 页...
2026-01-12 03:24:32 - mkk_comic - app.py:582 - INFO - 正在下载第 023/195 页...
2026-01-12 03:24:32 - mkk_comic - app.py:582 - INFO - 正在下载第 024/195 页...
2026-01-12 03:24:32 - mkk_comic - app.py:582 - INFO - 正在下载第 025/195 页...
2026-01-12 03:24:32 - mkk_comic - app.py:582 - INFO - 正在下载第 026/195 页...
2026-01-12 03:24:32 - mkk_comic - app.py:582 - INFO - 正在下载第 027/195 页...
2026-01-12 03:24:32 - mkk_comic - app.py:582 - INFO - 正在下载第 028/195 页...
2026-01-12 03:24:32 - mkk_comic - app.py:582 - INFO - 正在下载第 029/195 页...
2026-01-12 03:24:32 - mkk_comic - app.py:582 - INFO - 正在下载第 030/195 页...
2026-01-12 03:24:32 - mkk_comic - app.py:582 - INFO - 正在下载第 031/195 页...
2026-01-12 03:24:32 - mkk_comic - app.py:582 - INFO - 正在下载第 032/195 页...
2026-01-12 03:24:32 - mkk_comic - app.py:582 - INFO - 正在下载第 033/195 页...
2026-01-12 03:24:32 - mkk_comic - app.py:582 - INFO - 正在下载第 034/195 页...
2026-01-12 03:24:32 - mkk_comic - app.py:582 - INFO - 正在下载第 035/195 页...
2026-01-12 03:24:32 - mkk_comic - app.py:582 - INFO - 正在下载第 036/195 页...
2026-01-12 03:24:32 - mkk_comic - app.py:582 - INFO - 正在下载第 037/195 页...
2026-01-12 03:24:32 - mkk_comic - app.py:582 - INFO - 正在下载第 038/195 页...
2026-01-12 03:24:32 - mkk_comic - app.py:582 - INFO - 正在下载第 039/195 页...
2026-01-12 03:24:32 - mkk_comic - app.py:582 - INFO - 正在下载第 040/195 页...
2026-01-12 03:24:32 - mkk_comic - app.py:582 - INFO - 正在下载第 041/195 页...
2026-01-12 03:24:33 - mkk_comic - app.py:582 - INFO - 正在下载第 042/195 页...
2026-01-12 03:24:33 - mkk_comic - app.py:582 - INFO - 正在下载第 043/195 页...
2026-01-12 03:24:33 - mkk_comic - app.py:582 - INFO - 正在下载第 044/195 页...
2026-01-12 03:24:33 - mkk_comic - app.py:582 - INFO - 正在下载第 045/195 页...
2026-01-12 03:24:33 - mkk_comic - app.py:582 - INFO - 正在下载第 046/195 页...
2026-01-12 03:24:33 - mkk_comic - app.py:582 - INFO - 正在下载第 047/195 页...
2026-01-12 03:24:33 - mkk_comic - app.py:582 - INFO - 正在下载第 048/195 页...
2026-01-12 03:24:33 - mkk_comic - app.py:582 - INFO - 正在下载第 049/195 页...
2026-01-12 03:24:33 - mkk_comic - app.py:582 - INFO - 正在下载第 050/195 页...
2026-01-12 03:24:33 - mkk_comic - app.py:582 - INFO - 正在下载第 051/195 页...
2026-01-12 03:24:33 - mkk_comic - app.py:582 - INFO - 正在下载第 052/195 页...
2026-01-12 03:24:33 - mkk_comic - app.py:582 - INFO - 正在下载第 053/195 页...
2026-01-12 03:24:33 - mkk_comic - app.py:582 - INFO - 正在下载第 054/195 页...
2026-01-12 03:24:33 - mkk_comic - app.py:582 - INFO - 正在下载第 055/195 页...
2026-01-12 03:24:33 - mkk_comic - app.py:582 - INFO - 正在下载第 056/195 页...
2026-01-12 03:24:33 - mkk_comic - app.py:582 - INFO - 正在下载第 057/195 页...
2026-01-12 03:24:33 - mkk_comic - app.py:582 - INFO - 正在下载第 058/195 页...
2026-01-12 03:24:33 - mkk_comic - app.py:582 - INFO - 正在下载第 059/195 页...
2026-01-12 03:24:33 - mkk_comic - app.py:582 - INFO - 正在下载第 060/195 页...
2026-01-12 03:24:33 - mkk_comic - app.py:582 - INFO - 正在下载第 061/195 页...
2026-01-12 03:24:33 - mkk_comic - app.py:582 - INFO - 正在下载第 062/195 页...
2026-01-12 03:24:33 - mkk_comic - app.py:582 - INFO - 正在下载第 063/195 页...
2026-01-12 03:24:33 - mkk_comic - app.py:582 - INFO - 正在下载第 064/195 页...
2026-01-12 03:24:33 - mkk_comic - app.py:582 - INFO - 正在下载第 065/195 页...
2026-01-12 03:24:33 - mkk_comic - app.py:582 - INFO - 正在下载第 066/195 页...
2026-01-12 03:24:33 - mkk_comic - app.py:582 - INFO - 正在下载第 067/195 页...
2026-01-12 03:24:33 - mkk_comic - app.py:582 - INFO - 正在下载第 068/195 页...
2026-01-12 03:24:33 - mkk_comic - app.py:582 - INFO - 正在下载第 069/195 页...
2026-01-12 03:24:33 - mkk_comic - app.py:582 - INFO - 正在下载第 070/195 页...
2026-01-12 03:24:33 - mkk_comic - app.py:582 - INFO - 正在下载第 071/195 页...
2026-01-12 03:24:34 - mkk_comic - app.py:582 - INFO - 正在下载第 072/195 页...
2026-01-12 03:24:34 - mkk_comic - app.py:582 - INFO - 正在下载第 073/195 页...
2026-01-12 03:24:34 - mkk_comic - app.py:582 - INFO - 正在下载第 074/195 页...
2026-01-12 03:24:34 - mkk_comic - app.py:582 - INFO - 正在下载第 075/195 页...
2026-01-12 03:24:34 - mkk_comic - app.py:582 - INFO - 正在下载第 076/195 页...
2026-01-12 03:24:34 - mkk_comic - app.py:582 - INFO - 正在下载第 077/195 页...
2026-01-12 03:24:34 - mkk_comic - app.py:582 - INFO - 正在下载第 078/195 页...
2026-01-12 03:24:34 - mkk_comic - app.py:582 - INFO - 正在下载第 079/195 页...
2026-01-12 03:24:34 - mkk_comic - app.py:582 - INFO - 正在下载第 080/195 页...
2026-01-12 03:24:34 - mkk_comic - app.py:582 - INFO - 正在下载第 081/195 页...
2026-01-12 03:24:34 - mkk_comic - app.py:582 - INFO - 正在下载第 082/195 页...
2026-01-12 03:24:34 - mkk_comic - app.py:582 - INFO - 正在下载第 083/195 页...
2026-01-12 03:24:34 - mkk_comic - app.py:582 - INFO - 正在下载第 084/195 页...
2026-01-12 03:24:34 - mkk_comic - app.py:582 - INFO - 正在下载第 085/195 页...
2026-01-12 03:24:34 - mkk_comic - app.py:582 - INFO - 正在下载第 086/195 页...
2026-01-12 03:24:34 - mkk_comic - app.py:582 - INFO - 正在下载第 087/195 页...
2026-01-12 03:24:34 - mkk_comic - app.py:582 - INFO - 正在下载第 088/195 页...
2026-01-12 03:24:34 - mkk_comic - app.py:582 - INFO - 正在下载第 089/195 页...
2026-01-12 03:24:34 - mkk_comic - app.py:582 - INFO - 正在下载第 090/195 页...
2026-01-12 03:24:34 - mkk_comic - app.py:582 - INFO - 正在下载第 091/195 页...
2026-01-12 03:24:34 - mkk_comic - app.py:582 - INFO - 正在下载第 092/195 页...
2026-01-12 03:24:34 - mkk_comic - app.py:582 - INFO - 正在下载第 093/195 页...
2026-01-12 03:24:34 - mkk_comic - app.py:582 - INFO - 正在下载第 094/195 页...
2026-01-12 03:24:34 - mkk_comic - app.py:582 - INFO - 正在下载第 095/195 页...
2026-01-12 03:24:34 - mkk_comic - app.py:582 - INFO - 正在下载第 096/195 页...
2026-01-12 03:24:34 - mkk_comic - app.py:582 - INFO - 正在下载第 097/195 页...
2026-01-12 03:24:34 - mkk_comic - app.py:582 - INFO - 正在下载第 098/195 页...
2026-01-12 03:24:34 - mkk_comic - app.py:582 - INFO - 正在下载第 099/195 页...
2026-01-12 03:24:34 - mkk_comic - app.py:582 - INFO - 正在下载第 100/195 页...
2026-01-12 03:24:34 - mkk_comic - app.py:582 - INFO - 正在下载第 101/195 页...
2026-01-12 03:24:34 - mkk_comic - app.py:582 - INFO - 正在下载第 102/195 页...
2026-01-12 03:24:35 - mkk_comic - app.py:582 - INFO - 正在下载第 103/195 页...
2026-01-12 03:24:35 - mkk_comic - app.py:582 - INFO - 正在下载第 104/195 页...
2026-01-12 03:24:35 - mkk_comic - app.py:582 - INFO - 正在下载第 105/195 页...
2026-01-12 03:24:35 - mkk_comic - app.py:582 - INFO - 正在下载第 106/195 页...
2026-01-12 03:24:35 - mkk_comic - app.py:582 - INFO - 正在下载第 107/195 页...
2026-01-12 03:24:35 - mkk_comic - app.py:582 - INFO - 正在下载第 108/195 页...
2026-01-12 03:24:35 - mkk_comic - app.py:582 - INFO - 正在下载第 109/195 页...
2026-01-12 03:24:35 - mkk_comic - app.py:582 - INFO - 正在下载第 110/195 页...
2026-01-12 03:24:35 - mkk_comic - app.py:582 - INFO - 正在下载第 111/195 页...
2026-01-12 03:24:35 - mkk_comic - app.py:582 - INFO - 正在下载第 112/195 页...
2026-01-12 03:24:35 - mkk_comic - app.py:582 - INFO - 正在下载第 113/195 页...
2026-01-12 03:24:35 - mkk_comic - app.py:582 - INFO - 正在下载第 114/195 页...
2026-01-12 03:24:35 - mkk_comic - app.py:582 - INFO - 正在下载第 115/195 页...
2026-01-12 03:24:35 - mkk_comic - app.py:582 - INFO - 正在下载第 116/195 页...
2026-01-12 03:24:35 - mkk_comic - app.py:582 - INFO - 正在下载第 117/195 页...
2026-01-12 03:24:35 - mkk_comic - app.py:582 - INFO - 正在下载第 118/195 页...
2026-01-12 03:24:35 - mkk_comic - app.py:582 - INFO - 正在下载第 119/195 页...
2026-01-12 03:24:35 - mkk_comic - app.py:582 - INFO - 正在下载第 120/195 页...
2026-01-12 03:24:35 - mkk_comic - app.py:582 - INFO - 正在下载第 121/195 页...
2026-01-12 03:24:35 - mkk_comic - app.py:582 - INFO - 正在下载第 122/195 页...
2026-01-12 03:24:35 - mkk_comic - app.py:582 - INFO - 正在下载第 123/195 页...
2026-01-12 03:24:35 - mkk_comic - app.py:582 - INFO - 正在下载第 124/195 页...
2026-01-12 03:24:35 - mkk_comic - app.py:582 - INFO - 正在下载第 125/195 页...
2026-01-12 03:24:35 - mkk_comic - app.py:582 - INFO - 正在下载第 126/195 页...
2026-01-12 03:24:35 - mkk_comic - app.py:582 - INFO - 正在下载第 127/195 页...
2026-01-12 03:24:35 - mkk_comic - app.py:582 - INFO - 正在下载第 128/195 页...
2026-01-12 03:24:35 - mkk_comic - app.py:582 - INFO - 正在下载第 129/195 页...
2026-01-12 03:24:35 - mkk_comic - app.py:582 - INFO - 正在下载第 130/195 页...
2026-01-12 03:24:35 - mkk_comic - app.py:582 - INFO - 正在下载第 131/195 页...
2026-01-12 03:24:35 - mkk_comic - app.py:582 - INFO - 正在下载第 132/195 页...
2026-01-12 03:24:35 - mkk_comic - app.py:582 - INFO - 正在下载第 133/195 页...
2026-01-12 03:24:36 - mkk_comic - app.py:582 - INFO - 正在下载第 134/195 页...
2026-01-12 03:24:36 - mkk_comic - app.py:582 - INFO - 正在下载第 135/195 页...
2026-01-12 03:24:36 - mkk_comic - app.py:582 - INFO - 正在下载第 136/195 页...
2026-01-12 03:24:36 - mkk_comic - app.py:582 - INFO - 正在下载第 137/195 页...
2026-01-12 03:24:36 - mkk_comic - app.py:582 - INFO - 正在下载第 138/195 页...
2026-01-12 03:24:36 - mkk_comic - app.py:582 - INFO - 正在下载第 139/195 页...
2026-01-12 03:24:36 - mkk_comic - app.py:582 - INFO - 正在下载第 140/195 页...
2026-01-12 03:24:36 - mkk_comic - app.py:582 - INFO - 正在下载第 141/195 页...
2026-01-12 03:24:36 - mkk_comic - app.py:582 - INFO - 正在下载第 142/195 页...
2026-01-12 03:24:36 - mkk_comic - app.py:582 - INFO - 正在下载第 143/195 页...
2026-01-12 03:24:36 - mkk_comic - app.py:582 - INFO - 正在下载第 144/195 页...
2026-01-12 03:24:36 - mkk_comic - app.py:582 - INFO - 正在下载第 145/195 页...
2026-01-12 03:24:36 - mkk_comic - app.py:582 - INFO - 正在下载第 146/195 页...
2026-01-12 03:24:36 - mkk_comic - app.py:582 - INFO - 正在下载第 147/195 页...
2026-01-12 03:24:36 - mkk_comic - app.py:582 - INFO - 正在下载第 148/195 页...
2026-01-12 03:24:36 - mkk_comic - app.py:582 - INFO - 正在下载第 149/195 页...
2026-01-12 03:24:36 - mkk_comic - app.py:582 - INFO - 正在下载第 150/195 页...
2026-01-12 03:24:36 - mkk_comic - app.py:582 - INFO - 正在下载第 151/195 页...
2026-01-12 03:24:36 - mkk_comic - app.py:582 - INFO - 正在下载第 152/195 页...
2026-01-12 03:24:36 - mkk_comic - app.py:582 - INFO - 正在下载第 153/195 页...
2026-01-12 03:24:36 - mkk_comic - app.py:582 - INFO - 正在下载第 154/195 页...
2026-01-12 03:24:36 - mkk_comic - app.py:582 - INFO - 正在下载第 155/195 页...
2026-01-12 03:24:36 - mkk_comic - app.py:582 - INFO - 正在下载第 156/195 页...
2026-01-12 03:24:36 - mkk_comic - app.py:582 - INFO - 正在下载第 157/195 页...
2026-01-12 03:24:36 - mkk_comic - app.py:582 - INFO - 正在下载第 158/195 页...
2026-01-12 03:24:36 - mkk_comic - app.py:582 - INFO - 正在下载第 159/195 页...
2026-01-12 03:24:36 - mkk_comic - app.py:582 - INFO - 正在下载第 160/195 页...
2026-01-12 03:24:36 - mkk_comic - app.py:582 - INFO - 正在下载第 161/195 页...
2026-01-12 03:24:36 - mkk_comic - app.py:582 - INFO - 正在下载第 162/195 页...
2026-01-12 03:24:36 - mkk_comic - app.py:582 - INFO - 正在下载第 163/195 页...
2026-01-12 03:24:37 - mkk_comic - app.py:582 - INFO - 正在下载第 164/195 页...
2026-01-12 03:24:37 - mkk_comic - app.py:582 - INFO - 正在下载第 165/195 页...
2026-01-12 03:24:37 - mkk_comic - app.py:582 - INFO - 正在下载第 166/195 页...
2026-01-12 03:24:37 - mkk_comic - app.py:582 - INFO - 正在下载第 167/195 页...
2026-01-12 03:24:37 - mkk_comic - app.py:582 - INFO - 正在下载第 168/195 页...
2026-01-12 03:24:37 - mkk_comic - app.py:582 - INFO - 正在下载第 169/195 页...
2026-01-12 03:24:37 - mkk_comic - app.py:582 - INFO - 正在下载第 170/195 页...
2026-01-12 03:24:37 - mkk_comic - app.py:582 - INFO - 正在下载第 171/195 页...
2026-01-12 03:24:37 - mkk_comic - app.py:582 - INFO - 正在下载第 172/195 页...
2026-01-12 03:24:37 - mkk_comic - app.py:582 - INFO - 正在下载第 173/195 页...
2026-01-12 03:24:37 - mkk_comic - app.py:582 - INFO - 正在下载第 174/195 页...
2026-01-12 03:24:37 - mkk_comic - app.py:582 - INFO - 正在下载第 175/195 页...
2026-01-12 03:24:37 - mkk_comic - app.py:582 - INFO - 正在下载第 176/195 页...
2026-01-12 03:24:37 - mkk_comic - app.py:582 - INFO - 正在下载第 177/195 页...
2026-01-12 03:24:37 - mkk_comic - app.py:582 - INFO - 正在下载第 178/195 页...
2026-01-12 03:24:37 - mkk_comic - app.py:582 - INFO - 正在下载第 179/195 页...
2026-01-12 03:24:37 - mkk_comic - app.py:582 - INFO - 正在下载第 180/195 页...
2026-01-12 03:24:37 - mkk_comic - app.py:582 - INFO - 正在下载第 181/195 页...
2026-01-12 03:24:37 - mkk_comic - app.py:582 - INFO - 正在下载第 182/195 页...
2026-01-12 03:24:37 - mkk_comic - app.py:582 - INFO - 正在下载第 183/195 页...
2026-01-12 03:24:37 - mkk_comic - app.py:582 - INFO - 正在下载第 184/195 页...
2026-01-12 03:24:37 - mkk_comic - app.py:582 - INFO - 正在下载第 185/195 页...
2026-01-12 03:24:37 - mkk_comic - app.py:582 - INFO - 正在下载第 186/195 页...
2026-01-12 03:24:37 - mkk_comic - app.py:582 - INFO - 正在下载第 187/195 页...
2026-01-12 03:24:37 - mkk_comic - app.py:582 - INFO - 正在下载第 188/195 页...
2026-01-12 03:24:37 - mkk_comic - app.py:582 - INFO - 正在下载第 189/195 页...
2026-01-12 03:24:37 - mkk_comic - app.py:582 - INFO - 正在下载第 190/195 页...
2026-01-12 03:24:37 - mkk_comic - app.py:582 - INFO - 正在下载第 191/195 页...
2026-01-12 03:24:37 - mkk_comic - app.py:582 - INFO - 正在下载第 192/195 页...
2026-01-12 03:24:38 - mkk_comic - app.py:582 - INFO - 正在下载第 193/195 页...
2026-01-12 03:24:38 - mkk_comic - app.py:582 - INFO - 正在下载第 194/195 页...
2026-01-12 03:24:38 - mkk_comic - app.py:582 - INFO - 正在下载第 195/195 页...
2026-01-12 03:24:38 - mkk_comic - app.py:511 - INFO - 下载完成!
2026-01-12 03:24:38 - mkk_comic - app.py:512 - INFO - 成功下载: 195/195 页
2026-01-12 03:24:38 - mkk_comic - app.py:858 - INFO - ===== 检查更新完成 =====

