2026-01-08 03:16:06 - mkk_comic - app.py:863 - INFO - 运行环境：GitHub Actions（自动化模式）
2026-01-08 03:16:06 - mkk_comic - app.py:820 - INFO - ===== 开始检查更新=====
2026-01-08 03:16:06 - mkk_comic - app.py:838 - INFO - 【名侦探柯南】上次下载至第31章
2026-01-08 03:16:06 - mkk_comic - app.py:845 - INFO - 【名侦探柯南】检测到更新！最新：272章
2026-01-08 03:16:06 - mkk_comic - app.py:848 - INFO - 【名侦探柯南】最大下载限制为2章-需下载32~33章）
2026-01-08 03:16:07 - mkk_comic - app.py:494 - INFO - 正在下载第32章: 第32卷    UUID:4e584436-c85e-11e8-8859-024352452ce0
2026-01-08 03:16:08 - mkk_comic - app.py:502 - INFO - 创建目录: ./out/名偵探柯南/第32卷
2026-01-08 03:16:08 - mkk_comic - app.py:505 - INFO - 开始下载: 名偵探柯南 - 第32卷
2026-01-08 03:16:08 - mkk_comic - app.py:506 - INFO - 总页数: 192
2026-01-08 03:16:08 - mkk_comic - app.py:582 - INFO - 正在下载第 001/192 页...
2026-01-08 03:16:08 - mkk_comic - app.py:582 - INFO - 正在下载第 002/192 页...
2026-01-08 03:16:08 - mkk_comic - app.py:582 - INFO - 正在下载第 003/192 页...
2026-01-08 03:16:08 - mkk_comic - app.py:582 - INFO - 正在下载第 004/192 页...
2026-01-08 03:16:08 - mkk_comic - app.py:582 - INFO - 正在下载第 005/192 页...
2026-01-08 03:16:08 - mkk_comic - app.py:582 - INFO - 正在下载第 006/192 页...
2026-01-08 03:16:08 - mkk_comic - app.py:582 - INFO - 正在下载第 007/192 页...
2026-01-08 03:16:08 - mkk_comic - app.py:582 - INFO - 正在下载第 008/192 页...
2026-01-08 03:16:08 - mkk_comic - app.py:582 - INFO - 正在下载第 009/192 页...
2026-01-08 03:16:08 - mkk_comic - app.py:582 - INFO - 正在下载第 010/192 页...
2026-01-08 03:16:08 - mkk_comic - app.py:582 - INFO - 正在下载第 011/192 页...
2026-01-08 03:16:09 - mkk_comic - app.py:582 - INFO - 正在下载第 012/192 页...
2026-01-08 03:16:09 - mkk_comic - app.py:582 - INFO - 正在下载第 013/192 页...
2026-01-08 03:16:09 - mkk_comic - app.py:582 - INFO - 正在下载第 014/192 页...
2026-01-08 03:16:09 - mkk_comic - app.py:582 - INFO - 正在下载第 015/192 页...
2026-01-08 03:16:09 - mkk_comic - app.py:582 - INFO - 正在下载第 016/192 页...
2026-01-08 03:16:09 - mkk_comic - app.py:582 - INFO - 正在下载第 017/192 页...
2026-01-08 03:16:09 - mkk_comic - app.py:582 - INFO - 正在下载第 018/192 页...
2026-01-08 03:16:09 - mkk_comic - app.py:582 - INFO - 正在下载第 019/192 页...
2026-01-08 03:16:09 - mkk_comic - app.py:582 - INFO - 正在下载第 020/192 页...
2026-01-08 03:16:09 - mkk_comic - app.py:582 - INFO - 正在下载第 021/192 页...
2026-01-08 03:16:09 - mkk_comic - app.py:582 - INFO - 正在下载第 022/192 页...
2026-01-08 03:16:09 - mkk_comic - app.py:582 - INFO - 正在下载第 023/192 页...
2026-01-08 03:16:09 - mkk_comic - app.py:582 - INFO - 正在下载第 024/192 页...
2026-01-08 03:16:09 - mkk_comic - app.py:582 - INFO - 正在下载第 025/192 页...
2026-01-08 03:16:09 - mkk_comic - app.py:582 - INFO - 正在下载第 026/192 页...
2026-01-08 03:16:09 - mkk_comic - app.py:582 - INFO - 正在下载第 027/192 页...
2026-01-08 03:16:09 - mkk_comic - app.py:582 - INFO - 正在下载第 028/192 页...
2026-01-08 03:16:09 - mkk_comic - app.py:582 - INFO - 正在下载第 029/192 页...
2026-01-08 03:16:09 - mkk_comic - app.py:582 - INFO - 正在下载第 030/192 页...
2026-01-08 03:16:09 - mkk_comic - app.py:582 - INFO - 正在下载第 031/192 页...
2026-01-08 03:16:09 - mkk_comic - app.py:582 - INFO - 正在下载第 032/192 页...
2026-01-08 03:16:09 - mkk_comic - app.py:582 - INFO - 正在下载第 033/192 页...
2026-01-08 03:16:09 - mkk_comic - app.py:582 - INFO - 正在下载第 034/192 页...
2026-01-08 03:16:09 - mkk_comic - app.py:582 - INFO - 正在下载第 035/192 页...
2026-01-08 03:16:09 - mkk_comic - app.py:582 - INFO - 正在下载第 036/192 页...
2026-01-08 03:16:09 - mkk_comic - app.py:582 - INFO - 正在下载第 037/192 页...
2026-01-08 03:16:09 - mkk_comic - app.py:582 - INFO - 正在下载第 038/192 页...
2026-01-08 03:16:09 - mkk_comic - app.py:582 - INFO - 正在下载第 039/192 页...
2026-01-08 03:16:09 - mkk_comic - app.py:582 - INFO - 正在下载第 040/192 页...
2026-01-08 03:16:09 - mkk_comic - app.py:582 - INFO - 正在下载第 041/192 页...
2026-01-08 03:16:09 - mkk_comic - app.py:582 - INFO - 正在下载第 042/192 页...
2026-01-08 03:16:10 - mkk_comic - app.py:582 - INFO - 正在下载第 043/192 页...
2026-01-08 03:16:10 - mkk_comic - app.py:582 - INFO - 正在下载第 044/192 页...
2026-01-08 03:16:10 - mkk_comic - app.py:582 - INFO - 正在下载第 045/192 页...
2026-01-08 03:16:10 - mkk_comic - app.py:582 - INFO - 正在下载第 046/192 页...
2026-01-08 03:16:10 - mkk_comic - app.py:582 - INFO - 正在下载第 047/192 页...
2026-01-08 03:16:10 - mkk_comic - app.py:582 - INFO - 正在下载第 048/192 页...
2026-01-08 03:16:10 - mkk_comic - app.py:582 - INFO - 正在下载第 049/192 页...
2026-01-08 03:16:10 - mkk_comic - app.py:582 - INFO - 正在下载第 050/192 页...
2026-01-08 03:16:10 - mkk_comic - app.py:582 - INFO - 正在下载第 051/192 页...
2026-01-08 03:16:10 - mkk_comic - app.py:582 - INFO - 正在下载第 052/192 页...
2026-01-08 03:16:10 - mkk_comic - app.py:582 - INFO - 正在下载第 053/192 页...
2026-01-08 03:16:10 - mkk_comic - app.py:582 - INFO - 正在下载第 054/192 页...
2026-01-08 03:16:10 - mkk_comic - app.py:582 - INFO - 正在下载第 055/192 页...
2026-01-08 03:16:10 - mkk_comic - app.py:582 - INFO - 正在下载第 056/192 页...
2026-01-08 03:16:10 - mkk_comic - app.py:582 - INFO - 正在下载第 057/192 页...
2026-01-08 03:16:10 - mkk_comic - app.py:582 - INFO - 正在下载第 058/192 页...
2026-01-08 03:16:10 - mkk_comic - app.py:582 - INFO - 正在下载第 059/192 页...
2026-01-08 03:16:10 - mkk_comic - app.py:582 - INFO - 正在下载第 060/192 页...
2026-01-08 03:16:10 - mkk_comic - app.py:582 - INFO - 正在下载第 061/192 页...
2026-01-08 03:16:10 - mkk_comic - app.py:582 - INFO - 正在下载第 062/192 页...
2026-01-08 03:16:10 - mkk_comic - app.py:582 - INFO - 正在下载第 063/192 页...
2026-01-08 03:16:10 - mkk_comic - app.py:582 - INFO - 正在下载第 064/192 页...
2026-01-08 03:16:10 - mkk_comic - app.py:582 - INFO - 正在下载第 065/192 页...
2026-01-08 03:16:10 - mkk_comic - app.py:582 - INFO - 正在下载第 066/192 页...
2026-01-08 03:16:10 - mkk_comic - app.py:582 - INFO - 正在下载第 067/192 页...
2026-01-08 03:16:10 - mkk_comic - app.py:582 - INFO - 正在下载第 068/192 页...
2026-01-08 03:16:10 - mkk_comic - app.py:582 - INFO - 正在下载第 069/192 页...
2026-01-08 03:16:10 - mkk_comic - app.py:582 - INFO - 正在下载第 070/192 页...
2026-01-08 03:16:10 - mkk_comic - app.py:582 - INFO - 正在下载第 071/192 页...
2026-01-08 03:16:11 - mkk_comic - app.py:582 - INFO - 正在下载第 072/192 页...
2026-01-08 03:16:11 - mkk_comic - app.py:582 - INFO - 正在下载第 073/192 页...
2026-01-08 03:16:11 - mkk_comic - app.py:582 - INFO - 正在下载第 074/192 页...
2026-01-08 03:16:11 - mkk_comic - app.py:582 - INFO - 正在下载第 075/192 页...
2026-01-08 03:16:11 - mkk_comic - app.py:582 - INFO - 正在下载第 076/192 页...
2026-01-08 03:16:11 - mkk_comic - app.py:582 - INFO - 正在下载第 077/192 页...
2026-01-08 03:16:11 - mkk_comic - app.py:582 - INFO - 正在下载第 078/192 页...
2026-01-08 03:16:11 - mkk_comic - app.py:582 - INFO - 正在下载第 079/192 页...
2026-01-08 03:16:11 - mkk_comic - app.py:582 - INFO - 正在下载第 080/192 页...
2026-01-08 03:16:11 - mkk_comic - app.py:582 - INFO - 正在下载第 081/192 页...
2026-01-08 03:16:11 - mkk_comic - app.py:582 - INFO - 正在下载第 082/192 页...
2026-01-08 03:16:11 - mkk_comic - app.py:582 - INFO - 正在下载第 083/192 页...
2026-01-08 03:16:11 - mkk_comic - app.py:582 - INFO - 正在下载第 084/192 页...
2026-01-08 03:16:11 - mkk_comic - app.py:582 - INFO - 正在下载第 085/192 页...
2026-01-08 03:16:11 - mkk_comic - app.py:582 - INFO - 正在下载第 086/192 页...
2026-01-08 03:16:11 - mkk_comic - app.py:582 - INFO - 正在下载第 087/192 页...
2026-01-08 03:16:11 - mkk_comic - app.py:582 - INFO - 正在下载第 088/192 页...
2026-01-08 03:16:11 - mkk_comic - app.py:582 - INFO - 正在下载第 089/192 页...
2026-01-08 03:16:11 - mkk_comic - app.py:582 - INFO - 正在下载第 090/192 页...
2026-01-08 03:16:11 - mkk_comic - app.py:582 - INFO - 正在下载第 091/192 页...
2026-01-08 03:16:11 - mkk_comic - app.py:582 - INFO - 正在下载第 092/192 页...
2026-01-08 03:16:11 - mkk_comic - app.py:582 - INFO - 正在下载第 093/192 页...
2026-01-08 03:16:11 - mkk_comic - app.py:582 - INFO - 正在下载第 094/192 页...
2026-01-08 03:16:11 - mkk_comic - app.py:582 - INFO - 正在下载第 095/192 页...
2026-01-08 03:16:11 - mkk_comic - app.py:582 - INFO - 正在下载第 096/192 页...
2026-01-08 03:16:11 - mkk_comic - app.py:582 - INFO - 正在下载第 097/192 页...
2026-01-08 03:16:11 - mkk_comic - app.py:582 - INFO - 正在下载第 098/192 页...
2026-01-08 03:16:11 - mkk_comic - app.py:582 - INFO - 正在下载第 099/192 页...
2026-01-08 03:16:11 - mkk_comic - app.py:582 - INFO - 正在下载第 100/192 页...
2026-01-08 03:16:11 - mkk_comic - app.py:582 - INFO - 正在下载第 101/192 页...
2026-01-08 03:16:11 - mkk_comic - app.py:582 - INFO - 正在下载第 102/192 页...
2026-01-08 03:16:12 - mkk_comic - app.py:582 - INFO - 正在下载第 103/192 页...
2026-01-08 03:16:12 - mkk_comic - app.py:582 - INFO - 正在下载第 104/192 页...
2026-01-08 03:16:12 - mkk_comic - app.py:582 - INFO - 正在下载第 105/192 页...
2026-01-08 03:16:12 - mkk_comic - app.py:582 - INFO - 正在下载第 106/192 页...
2026-01-08 03:16:12 - mkk_comic - app.py:582 - INFO - 正在下载第 107/192 页...
2026-01-08 03:16:12 - mkk_comic - app.py:582 - INFO - 正在下载第 108/192 页...
2026-01-08 03:16:12 - mkk_comic - app.py:582 - INFO - 正在下载第 109/192 页...
2026-01-08 03:16:12 - mkk_comic - app.py:582 - INFO - 正在下载第 110/192 页...
2026-01-08 03:16:12 - mkk_comic - app.py:582 - INFO - 正在下载第 111/192 页...
2026-01-08 03:16:12 - mkk_comic - app.py:582 - INFO - 正在下载第 112/192 页...
2026-01-08 03:16:12 - mkk_comic - app.py:582 - INFO - 正在下载第 113/192 页...
2026-01-08 03:16:12 - mkk_comic - app.py:582 - INFO - 正在下载第 114/192 页...
2026-01-08 03:16:12 - mkk_comic - app.py:582 - INFO - 正在下载第 115/192 页...
2026-01-08 03:16:12 - mkk_comic - app.py:582 - INFO - 正在下载第 116/192 页...
2026-01-08 03:16:12 - mkk_comic - app.py:582 - INFO - 正在下载第 117/192 页...
2026-01-08 03:16:12 - mkk_comic - app.py:582 - INFO - 正在下载第 118/192 页...
2026-01-08 03:16:12 - mkk_comic - app.py:582 - INFO - 正在下载第 119/192 页...
2026-01-08 03:16:12 - mkk_comic - app.py:582 - INFO - 正在下载第 120/192 页...
2026-01-08 03:16:12 - mkk_comic - app.py:582 - INFO - 正在下载第 121/192 页...
2026-01-08 03:16:12 - mkk_comic - app.py:582 - INFO - 正在下载第 122/192 页...
2026-01-08 03:16:12 - mkk_comic - app.py:582 - INFO - 正在下载第 123/192 页...
2026-01-08 03:16:12 - mkk_comic - app.py:582 - INFO - 正在下载第 124/192 页...
2026-01-08 03:16:12 - mkk_comic - app.py:582 - INFO - 正在下载第 125/192 页...
2026-01-08 03:16:12 - mkk_comic - app.py:582 - INFO - 正在下载第 126/192 页...
2026-01-08 03:16:12 - mkk_comic - app.py:582 - INFO - 正在下载第 127/192 页...
2026-01-08 03:16:12 - mkk_comic - app.py:582 - INFO - 正在下载第 128/192 页...
2026-01-08 03:16:12 - mkk_comic - app.py:582 - INFO - 正在下载第 129/192 页...
2026-01-08 03:16:12 - mkk_comic - app.py:582 - INFO - 正在下载第 130/192 页...
2026-01-08 03:16:12 - mkk_comic - app.py:582 - INFO - 正在下载第 131/192 页...
2026-01-08 03:16:12 - mkk_comic - app.py:582 - INFO - 正在下载第 132/192 页...
2026-01-08 03:16:13 - mkk_comic - app.py:582 - INFO - 正在下载第 133/192 页...
2026-01-08 03:16:13 - mkk_comic - app.py:582 - INFO - 正在下载第 134/192 页...
2026-01-08 03:16:13 - mkk_comic - app.py:582 - INFO - 正在下载第 135/192 页...
2026-01-08 03:16:13 - mkk_comic - app.py:582 - INFO - 正在下载第 136/192 页...
2026-01-08 03:16:13 - mkk_comic - app.py:582 - INFO - 正在下载第 137/192 页...
2026-01-08 03:16:13 - mkk_comic - app.py:582 - INFO - 正在下载第 138/192 页...
2026-01-08 03:16:13 - mkk_comic - app.py:582 - INFO - 正在下载第 139/192 页...
2026-01-08 03:16:13 - mkk_comic - app.py:582 - INFO - 正在下载第 140/192 页...
2026-01-08 03:16:13 - mkk_comic - app.py:582 - INFO - 正在下载第 141/192 页...
2026-01-08 03:16:13 - mkk_comic - app.py:582 - INFO - 正在下载第 142/192 页...
2026-01-08 03:16:13 - mkk_comic - app.py:582 - INFO - 正在下载第 143/192 页...
2026-01-08 03:16:13 - mkk_comic - app.py:582 - INFO - 正在下载第 144/192 页...
2026-01-08 03:16:13 - mkk_comic - app.py:582 - INFO - 正在下载第 145/192 页...
2026-01-08 03:16:13 - mkk_comic - app.py:582 - INFO - 正在下载第 146/192 页...
2026-01-08 03:16:13 - mkk_comic - app.py:582 - INFO - 正在下载第 147/192 页...
2026-01-08 03:16:13 - mkk_comic - app.py:582 - INFO - 正在下载第 148/192 页...
2026-01-08 03:16:13 - mkk_comic - app.py:582 - INFO - 正在下载第 149/192 页...
2026-01-08 03:16:13 - mkk_comic - app.py:582 - INFO - 正在下载第 150/192 页...
2026-01-08 03:16:13 - mkk_comic - app.py:582 - INFO - 正在下载第 151/192 页...
2026-01-08 03:16:13 - mkk_comic - app.py:582 - INFO - 正在下载第 152/192 页...
2026-01-08 03:16:13 - mkk_comic - app.py:582 - INFO - 正在下载第 153/192 页...
2026-01-08 03:16:13 - mkk_comic - app.py:582 - INFO - 正在下载第 154/192 页...
2026-01-08 03:16:13 - mkk_comic - app.py:582 - INFO - 正在下载第 155/192 页...
2026-01-08 03:16:13 - mkk_comic - app.py:582 - INFO - 正在下载第 156/192 页...
2026-01-08 03:16:13 - mkk_comic - app.py:582 - INFO - 正在下载第 157/192 页...
2026-01-08 03:16:13 - mkk_comic - app.py:582 - INFO - 正在下载第 158/192 页...
2026-01-08 03:16:13 - mkk_comic - app.py:582 - INFO - 正在下载第 159/192 页...
2026-01-08 03:16:13 - mkk_comic - app.py:582 - INFO - 正在下载第 160/192 页...
2026-01-08 03:16:13 - mkk_comic - app.py:582 - INFO - 正在下载第 161/192 页...
2026-01-08 03:16:14 - mkk_comic - app.py:582 - INFO - 正在下载第 162/192 页...
2026-01-08 03:16:14 - mkk_comic - app.py:582 - INFO - 正在下载第 163/192 页...
2026-01-08 03:16:14 - mkk_comic - app.py:582 - INFO - 正在下载第 164/192 页...
2026-01-08 03:16:14 - mkk_comic - app.py:582 - INFO - 正在下载第 165/192 页...
2026-01-08 03:16:14 - mkk_comic - app.py:582 - INFO - 正在下载第 166/192 页...
2026-01-08 03:16:14 - mkk_comic - app.py:582 - INFO - 正在下载第 167/192 页...
2026-01-08 03:16:14 - mkk_comic - app.py:582 - INFO - 正在下载第 168/192 页...
2026-01-08 03:16:14 - mkk_comic - app.py:582 - INFO - 正在下载第 169/192 页...
2026-01-08 03:16:14 - mkk_comic - app.py:582 - INFO - 正在下载第 170/192 页...
2026-01-08 03:16:14 - mkk_comic - app.py:582 - INFO - 正在下载第 171/192 页...
2026-01-08 03:16:14 - mkk_comic - app.py:582 - INFO - 正在下载第 172/192 页...
2026-01-08 03:16:14 - mkk_comic - app.py:582 - INFO - 正在下载第 173/192 页...
2026-01-08 03:16:14 - mkk_comic - app.py:582 - INFO - 正在下载第 174/192 页...
2026-01-08 03:16:14 - mkk_comic - app.py:582 - INFO - 正在下载第 175/192 页...
2026-01-08 03:16:14 - mkk_comic - app.py:582 - INFO - 正在下载第 176/192 页...
2026-01-08 03:16:14 - mkk_comic - app.py:582 - INFO - 正在下载第 177/192 页...
2026-01-08 03:16:14 - mkk_comic - app.py:582 - INFO - 正在下载第 178/192 页...
2026-01-08 03:16:14 - mkk_comic - app.py:582 - INFO - 正在下载第 179/192 页...
2026-01-08 03:16:14 - mkk_comic - app.py:582 - INFO - 正在下载第 180/192 页...
2026-01-08 03:16:14 - mkk_comic - app.py:582 - INFO - 正在下载第 181/192 页...
2026-01-08 03:16:14 - mkk_comic - app.py:582 - INFO - 正在下载第 182/192 页...
2026-01-08 03:16:14 - mkk_comic - app.py:582 - INFO - 正在下载第 183/192 页...
2026-01-08 03:16:14 - mkk_comic - app.py:582 - INFO - 正在下载第 184/192 页...
2026-01-08 03:16:14 - mkk_comic - app.py:582 - INFO - 正在下载第 185/192 页...
2026-01-08 03:16:14 - mkk_comic - app.py:582 - INFO - 正在下载第 186/192 页...
2026-01-08 03:16:14 - mkk_comic - app.py:582 - INFO - 正在下载第 187/192 页...
2026-01-08 03:16:14 - mkk_comic - app.py:582 - INFO - 正在下载第 188/192 页...
2026-01-08 03:16:14 - mkk_comic - app.py:582 - INFO - 正在下载第 189/192 页...
2026-01-08 03:16:14 - mkk_comic - app.py:582 - INFO - 正在下载第 190/192 页...
2026-01-08 03:16:15 - mkk_comic - app.py:582 - INFO - 正在下载第 191/192 页...
2026-01-08 03:16:15 - mkk_comic - app.py:582 - INFO - 正在下载第 192/192 页...
2026-01-08 03:16:15 - mkk_comic - app.py:511 - INFO - 下载完成!
2026-01-08 03:16:15 - mkk_comic - app.py:512 - INFO - 成功下载: 192/192 页
2026-01-08 03:16:16 - mkk_comic - app.py:494 - INFO - 正在下载第33章: 第33卷    UUID:5577271e-c85e-11e8-8859-024352452ce0
2026-01-08 03:16:16 - mkk_comic - app.py:502 - INFO - 创建目录: ./out/名偵探柯南/第33卷
2026-01-08 03:16:16 - mkk_comic - app.py:505 - INFO - 开始下载: 名偵探柯南 - 第33卷
2026-01-08 03:16:16 - mkk_comic - app.py:506 - INFO - 总页数: 193
2026-01-08 03:16:16 - mkk_comic - app.py:582 - INFO - 正在下载第 001/193 页...
2026-01-08 03:16:16 - mkk_comic - app.py:582 - INFO - 正在下载第 002/193 页...
2026-01-08 03:16:16 - mkk_comic - app.py:582 - INFO - 正在下载第 003/193 页...
2026-01-08 03:16:16 - mkk_comic - app.py:582 - INFO - 正在下载第 004/193 页...
2026-01-08 03:16:16 - mkk_comic - app.py:582 - INFO - 正在下载第 005/193 页...
2026-01-08 03:16:17 - mkk_comic - app.py:582 - INFO - 正在下载第 006/193 页...
2026-01-08 03:16:17 - mkk_comic - app.py:582 - INFO - 正在下载第 007/193 页...
2026-01-08 03:16:17 - mkk_comic - app.py:582 - INFO - 正在下载第 008/193 页...
2026-01-08 03:16:17 - mkk_comic - app.py:582 - INFO - 正在下载第 009/193 页...
2026-01-08 03:16:17 - mkk_comic - app.py:582 - INFO - 正在下载第 010/193 页...
2026-01-08 03:16:17 - mkk_comic - app.py:582 - INFO - 正在下载第 011/193 页...
2026-01-08 03:16:17 - mkk_comic - app.py:582 - INFO - 正在下载第 012/193 页...
2026-01-08 03:16:17 - mkk_comic - app.py:582 - INFO - 正在下载第 013/193 页...
2026-01-08 03:16:17 - mkk_comic - app.py:582 - INFO - 正在下载第 014/193 页...
2026-01-08 03:16:17 - mkk_comic - app.py:582 - INFO - 正在下载第 015/193 页...
2026-01-08 03:16:17 - mkk_comic - app.py:582 - INFO - 正在下载第 016/193 页...
2026-01-08 03:16:17 - mkk_comic - app.py:582 - INFO - 正在下载第 017/193 页...
2026-01-08 03:16:17 - mkk_comic - app.py:582 - INFO - 正在下载第 018/193 页...
2026-01-08 03:16:17 - mkk_comic - app.py:582 - INFO - 正在下载第 019/193 页...
2026-01-08 03:16:17 - mkk_comic - app.py:582 - INFO - 正在下载第 020/193 页...
2026-01-08 03:16:17 - mkk_comic - app.py:582 - INFO - 正在下载第 021/193 页...
2026-01-08 03:16:17 - mkk_comic - app.py:582 - INFO - 正在下载第 022/193 页...
2026-01-08 03:16:17 - mkk_comic - app.py:582 - INFO - 正在下载第 023/193 页...
2026-01-08 03:16:17 - mkk_comic - app.py:582 - INFO - 正在下载第 024/193 页...
2026-01-08 03:16:17 - mkk_comic - app.py:582 - INFO - 正在下载第 025/193 页...
2026-01-08 03:16:17 - mkk_comic - app.py:582 - INFO - 正在下载第 026/193 页...
2026-01-08 03:16:17 - mkk_comic - app.py:582 - INFO - 正在下载第 027/193 页...
2026-01-08 03:16:17 - mkk_comic - app.py:582 - INFO - 正在下载第 028/193 页...
2026-01-08 03:16:17 - mkk_comic - app.py:582 - INFO - 正在下载第 029/193 页...
2026-01-08 03:16:17 - mkk_comic - app.py:582 - INFO - 正在下载第 030/193 页...
2026-01-08 03:16:17 - mkk_comic - app.py:582 - INFO - 正在下载第 031/193 页...
2026-01-08 03:16:17 - mkk_comic - app.py:582 - INFO - 正在下载第 032/193 页...
2026-01-08 03:16:17 - mkk_comic - app.py:582 - INFO - 正在下载第 033/193 页...
2026-01-08 03:16:17 - mkk_comic - app.py:582 - INFO - 正在下载第 034/193 页...
2026-01-08 03:16:17 - mkk_comic - app.py:582 - INFO - 正在下载第 035/193 页...
2026-01-08 03:16:17 - mkk_comic - app.py:582 - INFO - 正在下载第 036/193 页...
2026-01-08 03:16:17 - mkk_comic - app.py:582 - INFO - 正在下载第 037/193 页...
2026-01-08 03:16:17 - mkk_comic - app.py:582 - INFO - 正在下载第 038/193 页...
2026-01-08 03:16:18 - mkk_comic - app.py:582 - INFO - 正在下载第 039/193 页...
2026-01-08 03:16:18 - mkk_comic - app.py:582 - INFO - 正在下载第 040/193 页...
2026-01-08 03:16:18 - mkk_comic - app.py:582 - INFO - 正在下载第 041/193 页...
2026-01-08 03:16:18 - mkk_comic - app.py:582 - INFO - 正在下载第 042/193 页...
2026-01-08 03:16:18 - mkk_comic - app.py:582 - INFO - 正在下载第 043/193 页...
2026-01-08 03:16:18 - mkk_comic - app.py:582 - INFO - 正在下载第 044/193 页...
2026-01-08 03:16:18 - mkk_comic - app.py:582 - INFO - 正在下载第 045/193 页...
2026-01-08 03:16:18 - mkk_comic - app.py:582 - INFO - 正在下载第 046/193 页...
2026-01-08 03:16:18 - mkk_comic - app.py:582 - INFO - 正在下载第 047/193 页...
2026-01-08 03:16:18 - mkk_comic - app.py:582 - INFO - 正在下载第 048/193 页...
2026-01-08 03:16:18 - mkk_comic - app.py:582 - INFO - 正在下载第 049/193 页...
2026-01-08 03:16:18 - mkk_comic - app.py:582 - INFO - 正在下载第 050/193 页...
2026-01-08 03:16:18 - mkk_comic - app.py:582 - INFO - 正在下载第 051/193 页...
2026-01-08 03:16:18 - mkk_comic - app.py:582 - INFO - 正在下载第 052/193 页...
2026-01-08 03:16:18 - mkk_comic - app.py:582 - INFO - 正在下载第 053/193 页...
2026-01-08 03:16:18 - mkk_comic - app.py:582 - INFO - 正在下载第 054/193 页...
2026-01-08 03:16:18 - mkk_comic - app.py:582 - INFO - 正在下载第 055/193 页...
2026-01-08 03:16:18 - mkk_comic - app.py:582 - INFO - 正在下载第 056/193 页...
2026-01-08 03:16:18 - mkk_comic - app.py:582 - INFO - 正在下载第 057/193 页...
2026-01-08 03:16:18 - mkk_comic - app.py:582 - INFO - 正在下载第 058/193 页...
2026-01-08 03:16:18 - mkk_comic - app.py:582 - INFO - 正在下载第 059/193 页...
2026-01-08 03:16:18 - mkk_comic - app.py:582 - INFO - 正在下载第 060/193 页...
2026-01-08 03:16:18 - mkk_comic - app.py:582 - INFO - 正在下载第 061/193 页...
2026-01-08 03:16:18 - mkk_comic - app.py:582 - INFO - 正在下载第 062/193 页...
2026-01-08 03:16:18 - mkk_comic - app.py:582 - INFO - 正在下载第 063/193 页...
2026-01-08 03:16:18 - mkk_comic - app.py:582 - INFO - 正在下载第 064/193 页...
2026-01-08 03:16:18 - mkk_comic - app.py:582 - INFO - 正在下载第 065/193 页...
2026-01-08 03:16:18 - mkk_comic - app.py:582 - INFO - 正在下载第 066/193 页...
2026-01-08 03:16:18 - mkk_comic - app.py:582 - INFO - 正在下载第 067/193 页...
2026-01-08 03:16:18 - mkk_comic - app.py:582 - INFO - 正在下载第 068/193 页...
2026-01-08 03:16:19 - mkk_comic - app.py:582 - INFO - 正在下载第 069/193 页...
2026-01-08 03:16:19 - mkk_comic - app.py:582 - INFO - 正在下载第 070/193 页...
2026-01-08 03:16:19 - mkk_comic - app.py:582 - INFO - 正在下载第 071/193 页...
2026-01-08 03:16:19 - mkk_comic - app.py:582 - INFO - 正在下载第 072/193 页...
2026-01-08 03:16:19 - mkk_comic - app.py:582 - INFO - 正在下载第 073/193 页...
2026-01-08 03:16:19 - mkk_comic - app.py:582 - INFO - 正在下载第 074/193 页...
2026-01-08 03:16:19 - mkk_comic - app.py:582 - INFO - 正在下载第 075/193 页...
2026-01-08 03:16:19 - mkk_comic - app.py:582 - INFO - 正在下载第 076/193 页...
2026-01-08 03:16:19 - mkk_comic - app.py:582 - INFO - 正在下载第 077/193 页...
2026-01-08 03:16:19 - mkk_comic - app.py:582 - INFO - 正在下载第 078/193 页...
2026-01-08 03:16:19 - mkk_comic - app.py:582 - INFO - 正在下载第 079/193 页...
2026-01-08 03:16:19 - mkk_comic - app.py:582 - INFO - 正在下载第 080/193 页...
2026-01-08 03:16:19 - mkk_comic - app.py:582 - INFO - 正在下载第 081/193 页...
2026-01-08 03:16:19 - mkk_comic - app.py:582 - INFO - 正在下载第 082/193 页...
2026-01-08 03:16:19 - mkk_comic - app.py:582 - INFO - 正在下载第 083/193 页...
2026-01-08 03:16:19 - mkk_comic - app.py:582 - INFO - 正在下载第 084/193 页...
2026-01-08 03:16:19 - mkk_comic - app.py:582 - INFO - 正在下载第 085/193 页...
2026-01-08 03:16:19 - mkk_comic - app.py:582 - INFO - 正在下载第 086/193 页...
2026-01-08 03:16:19 - mkk_comic - app.py:582 - INFO - 正在下载第 087/193 页...
2026-01-08 03:16:19 - mkk_comic - app.py:582 - INFO - 正在下载第 088/193 页...
2026-01-08 03:16:19 - mkk_comic - app.py:582 - INFO - 正在下载第 089/193 页...
2026-01-08 03:16:19 - mkk_comic - app.py:582 - INFO - 正在下载第 090/193 页...
2026-01-08 03:16:19 - mkk_comic - app.py:582 - INFO - 正在下载第 091/193 页...
2026-01-08 03:16:19 - mkk_comic - app.py:582 - INFO - 正在下载第 092/193 页...
2026-01-08 03:16:19 - mkk_comic - app.py:582 - INFO - 正在下载第 093/193 页...
2026-01-08 03:16:19 - mkk_comic - app.py:582 - INFO - 正在下载第 094/193 页...
2026-01-08 03:16:19 - mkk_comic - app.py:582 - INFO - 正在下载第 095/193 页...
2026-01-08 03:16:19 - mkk_comic - app.py:582 - INFO - 正在下载第 096/193 页...
2026-01-08 03:16:19 - mkk_comic - app.py:582 - INFO - 正在下载第 097/193 页...
2026-01-08 03:16:19 - mkk_comic - app.py:582 - INFO - 正在下载第 098/193 页...
2026-01-08 03:16:19 - mkk_comic - app.py:582 - INFO - 正在下载第 099/193 页...
2026-01-08 03:16:19 - mkk_comic - app.py:582 - INFO - 正在下载第 100/193 页...
2026-01-08 03:16:19 - mkk_comic - app.py:582 - INFO - 正在下载第 101/193 页...
2026-01-08 03:16:19 - mkk_comic - app.py:582 - INFO - 正在下载第 102/193 页...
2026-01-08 03:16:20 - mkk_comic - app.py:582 - INFO - 正在下载第 103/193 页...
2026-01-08 03:16:20 - mkk_comic - app.py:582 - INFO - 正在下载第 104/193 页...
2026-01-08 03:16:20 - mkk_comic - app.py:582 - INFO - 正在下载第 105/193 页...
2026-01-08 03:16:20 - mkk_comic - app.py:582 - INFO - 正在下载第 106/193 页...
2026-01-08 03:16:20 - mkk_comic - app.py:582 - INFO - 正在下载第 107/193 页...
2026-01-08 03:16:20 - mkk_comic - app.py:582 - INFO - 正在下载第 108/193 页...
2026-01-08 03:16:20 - mkk_comic - app.py:582 - INFO - 正在下载第 109/193 页...
2026-01-08 03:16:20 - mkk_comic - app.py:582 - INFO - 正在下载第 110/193 页...
2026-01-08 03:16:20 - mkk_comic - app.py:582 - INFO - 正在下载第 111/193 页...
2026-01-08 03:16:20 - mkk_comic - app.py:582 - INFO - 正在下载第 112/193 页...
2026-01-08 03:16:20 - mkk_comic - app.py:582 - INFO - 正在下载第 113/193 页...
2026-01-08 03:16:20 - mkk_comic - app.py:582 - INFO - 正在下载第 114/193 页...
2026-01-08 03:16:20 - mkk_comic - app.py:582 - INFO - 正在下载第 115/193 页...
2026-01-08 03:16:20 - mkk_comic - app.py:582 - INFO - 正在下载第 116/193 页...
2026-01-08 03:16:20 - mkk_comic - app.py:582 - INFO - 正在下载第 117/193 页...
2026-01-08 03:16:20 - mkk_comic - app.py:582 - INFO - 正在下载第 118/193 页...
2026-01-08 03:16:20 - mkk_comic - app.py:582 - INFO - 正在下载第 119/193 页...
2026-01-08 03:16:20 - mkk_comic - app.py:582 - INFO - 正在下载第 120/193 页...
2026-01-08 03:16:20 - mkk_comic - app.py:582 - INFO - 正在下载第 121/193 页...
2026-01-08 03:16:20 - mkk_comic - app.py:582 - INFO - 正在下载第 122/193 页...
2026-01-08 03:16:20 - mkk_comic - app.py:582 - INFO - 正在下载第 123/193 页...
2026-01-08 03:16:20 - mkk_comic - app.py:582 - INFO - 正在下载第 124/193 页...
2026-01-08 03:16:20 - mkk_comic - app.py:582 - INFO - 正在下载第 125/193 页...
2026-01-08 03:16:20 - mkk_comic - app.py:582 - INFO - 正在下载第 126/193 页...
2026-01-08 03:16:20 - mkk_comic - app.py:582 - INFO - 正在下载第 127/193 页...
2026-01-08 03:16:20 - mkk_comic - app.py:582 - INFO - 正在下载第 128/193 页...
2026-01-08 03:16:20 - mkk_comic - app.py:582 - INFO - 正在下载第 129/193 页...
2026-01-08 03:16:20 - mkk_comic - app.py:582 - INFO - 正在下载第 130/193 页...
2026-01-08 03:16:20 - mkk_comic - app.py:582 - INFO - 正在下载第 131/193 页...
2026-01-08 03:16:20 - mkk_comic - app.py:582 - INFO - 正在下载第 132/193 页...
2026-01-08 03:16:20 - mkk_comic - app.py:582 - INFO - 正在下载第 133/193 页...
2026-01-08 03:16:20 - mkk_comic - app.py:582 - INFO - 正在下载第 134/193 页...
2026-01-08 03:16:20 - mkk_comic - app.py:582 - INFO - 正在下载第 135/193 页...
2026-01-08 03:16:20 - mkk_comic - app.py:582 - INFO - 正在下载第 136/193 页...
2026-01-08 03:16:20 - mkk_comic - app.py:582 - INFO - 正在下载第 137/193 页...
2026-01-08 03:16:20 - mkk_comic - app.py:582 - INFO - 正在下载第 138/193 页...
2026-01-08 03:16:21 - mkk_comic - app.py:582 - INFO - 正在下载第 139/193 页...
2026-01-08 03:16:21 - mkk_comic - app.py:582 - INFO - 正在下载第 140/193 页...
2026-01-08 03:16:21 - mkk_comic - app.py:582 - INFO - 正在下载第 141/193 页...
2026-01-08 03:16:21 - mkk_comic - app.py:582 - INFO - 正在下载第 142/193 页...
2026-01-08 03:16:21 - mkk_comic - app.py:582 - INFO - 正在下载第 143/193 页...
2026-01-08 03:16:21 - mkk_comic - app.py:582 - INFO - 正在下载第 144/193 页...
2026-01-08 03:16:21 - mkk_comic - app.py:582 - INFO - 正在下载第 145/193 页...
2026-01-08 03:16:21 - mkk_comic - app.py:582 - INFO - 正在下载第 146/193 页...
2026-01-08 03:16:21 - mkk_comic - app.py:582 - INFO - 正在下载第 147/193 页...
2026-01-08 03:16:21 - mkk_comic - app.py:582 - INFO - 正在下载第 148/193 页...
2026-01-08 03:16:21 - mkk_comic - app.py:582 - INFO - 正在下载第 149/193 页...
2026-01-08 03:16:21 - mkk_comic - app.py:582 - INFO - 正在下载第 150/193 页...
2026-01-08 03:16:21 - mkk_comic - app.py:582 - INFO - 正在下载第 151/193 页...
2026-01-08 03:16:21 - mkk_comic - app.py:582 - INFO - 正在下载第 152/193 页...
2026-01-08 03:16:21 - mkk_comic - app.py:582 - INFO - 正在下载第 153/193 页...
2026-01-08 03:16:21 - mkk_comic - app.py:582 - INFO - 正在下载第 154/193 页...
2026-01-08 03:16:21 - mkk_comic - app.py:582 - INFO - 正在下载第 155/193 页...
2026-01-08 03:16:21 - mkk_comic - app.py:582 - INFO - 正在下载第 156/193 页...
2026-01-08 03:16:21 - mkk_comic - app.py:582 - INFO - 正在下载第 157/193 页...
2026-01-08 03:16:21 - mkk_comic - app.py:582 - INFO - 正在下载第 158/193 页...
2026-01-08 03:16:21 - mkk_comic - app.py:582 - INFO - 正在下载第 159/193 页...
2026-01-08 03:16:21 - mkk_comic - app.py:582 - INFO - 正在下载第 160/193 页...
2026-01-08 03:16:21 - mkk_comic - app.py:582 - INFO - 正在下载第 161/193 页...
2026-01-08 03:16:21 - mkk_comic - app.py:582 - INFO - 正在下载第 162/193 页...
2026-01-08 03:16:21 - mkk_comic - app.py:582 - INFO - 正在下载第 163/193 页...
2026-01-08 03:16:21 - mkk_comic - app.py:582 - INFO - 正在下载第 164/193 页...
2026-01-08 03:16:21 - mkk_comic - app.py:582 - INFO - 正在下载第 165/193 页...
2026-01-08 03:16:21 - mkk_comic - app.py:582 - INFO - 正在下载第 166/193 页...
2026-01-08 03:16:21 - mkk_comic - app.py:582 - INFO - 正在下载第 167/193 页...
2026-01-08 03:16:22 - mkk_comic - app.py:582 - INFO - 正在下载第 168/193 页...
2026-01-08 03:16:22 - mkk_comic - app.py:582 - INFO - 正在下载第 169/193 页...
2026-01-08 03:16:22 - mkk_comic - app.py:582 - INFO - 正在下载第 170/193 页...
2026-01-08 03:16:22 - mkk_comic - app.py:582 - INFO - 正在下载第 171/193 页...
2026-01-08 03:16:22 - mkk_comic - app.py:582 - INFO - 正在下载第 172/193 页...
2026-01-08 03:16:22 - mkk_comic - app.py:582 - INFO - 正在下载第 173/193 页...
2026-01-08 03:16:22 - mkk_comic - app.py:582 - INFO - 正在下载第 174/193 页...
2026-01-08 03:16:22 - mkk_comic - app.py:582 - INFO - 正在下载第 175/193 页...
2026-01-08 03:16:22 - mkk_comic - app.py:582 - INFO - 正在下载第 176/193 页...
2026-01-08 03:16:22 - mkk_comic - app.py:582 - INFO - 正在下载第 177/193 页...
2026-01-08 03:16:22 - mkk_comic - app.py:582 - INFO - 正在下载第 178/193 页...
2026-01-08 03:16:22 - mkk_comic - app.py:582 - INFO - 正在下载第 179/193 页...
2026-01-08 03:16:22 - mkk_comic - app.py:582 - INFO - 正在下载第 180/193 页...
2026-01-08 03:16:22 - mkk_comic - app.py:582 - INFO - 正在下载第 181/193 页...
2026-01-08 03:16:22 - mkk_comic - app.py:582 - INFO - 正在下载第 182/193 页...
2026-01-08 03:16:22 - mkk_comic - app.py:582 - INFO - 正在下载第 183/193 页...
2026-01-08 03:16:22 - mkk_comic - app.py:582 - INFO - 正在下载第 184/193 页...
2026-01-08 03:16:22 - mkk_comic - app.py:582 - INFO - 正在下载第 185/193 页...
2026-01-08 03:16:22 - mkk_comic - app.py:582 - INFO - 正在下载第 186/193 页...
2026-01-08 03:16:22 - mkk_comic - app.py:582 - INFO - 正在下载第 187/193 页...
2026-01-08 03:16:22 - mkk_comic - app.py:582 - INFO - 正在下载第 188/193 页...
2026-01-08 03:16:22 - mkk_comic - app.py:582 - INFO - 正在下载第 189/193 页...
2026-01-08 03:16:22 - mkk_comic - app.py:582 - INFO - 正在下载第 190/193 页...
2026-01-08 03:16:22 - mkk_comic - app.py:582 - INFO - 正在下载第 191/193 页...
2026-01-08 03:16:22 - mkk_comic - app.py:582 - INFO - 正在下载第 192/193 页...
2026-01-08 03:16:22 - mkk_comic - app.py:582 - INFO - 正在下载第 193/193 页...
2026-01-08 03:16:22 - mkk_comic - app.py:511 - INFO - 下载完成!
2026-01-08 03:16:22 - mkk_comic - app.py:512 - INFO - 成功下载: 193/193 页
2026-01-08 03:16:22 - mkk_comic - app.py:858 - INFO - ===== 检查更新完成 =====

